Shell for /hpcfs/juno/junogpu/xuhangkun/SoftWare/VsCode/.local/share/virtualenvs/tianchi_channel_1-2IKVIXD7 already activated.
No action taken to avoid nested environments.
If the cuda is avaliable ?
True
Start getting data...
Finish getting data ~ v ~
[Info] Training performance will be written to file: ./user_data/model_data/TextRCNN/TextRCNN_train.csv
Namespace(batch_size=128, bert_path='/hpcfs/juno/junogpu/xuhangkun/ML/MyselfProject/Test/tianchi_channel_1/user_data/bert', dropout=0.5, eda_alpha=0.0, epoch=100, fold_index=-1, fold_k=5, frazing_bert_encode=False, hidden_size=256, input='./tcdata/train.csv', label_smoothing=0.0, lr=0.0005, lstm_dropout=0.1, lstm_layer=2, max_len=100, model='TextRCNN', n_aug=0.0, nclass=29, nemb=100, no_word2vec_pretrain=True, ntokens=859, output_dir='./user_data/model_data/TextRCNN', pad_token=858, save_mode='best', save_per_epoch=5, save_start_epoch=5, seed=None, stop_early=False, tokenizer_path='/hpcfs/juno/junogpu/xuhangkun/ML/MyselfProject/Test/tianchi_channel_1/user_data/bert', word2vec_path='/hpcfs/juno/junogpu/xuhangkun/ML/MyselfProject/Test/tianchi_channel_1/user_data/word_pretrain/word2vector.model')
~~~~~~~~~~~~~~~~~~~~~~~~~~~~~
0th fold (total : 5)
Create model...
TextRCNNModel(
  (embed): Embedding(859, 100, padding_idx=858)
  (emb_dropout_layer): Dropout(p=0.5, inplace=False)
  (lstm): LSTM(100, 256, num_layers=2, batch_first=True, dropout=0.1, bidirectional=True)
  (W2): Linear(in_features=612, out_features=512, bias=True)
  (final_dropout_layer): Dropout(p=0.5, inplace=False)
  (fc): Linear(in_features=512, out_features=29, bias=True)
  (sigmoid): Sigmoid()
)
Start training...
[ Epoch 0 ]  - Training     loss : 0.25347 , acc : 0.920 , elapse : 0.23230 min  - Validation   loss : 0.19617 , acc : 0.937 , elapse : 0.03853 min    - [Info] The checkpoint file has been updated.
[ Epoch 1 ]  - Training     loss : 0.18032 , acc : 0.941 , elapse : 0.23070 min  - Validation   loss : 0.15608 , acc : 0.951 , elapse : 0.03973 min    - [Info] The checkpoint file has been updated.
[ Epoch 2 ]  - Training     loss : 0.14071 , acc : 0.953 , elapse : 0.23066 min  - Validation   loss : 0.13243 , acc : 0.956 , elapse : 0.03849 min    - [Info] The checkpoint file has been updated.
[ Epoch 3 ]  - Training     loss : 0.12141 , acc : 0.958 , elapse : 0.23069 min  - Validation   loss : 0.10501 , acc : 0.965 , elapse : 0.03856 min    - [Info] The checkpoint file has been updated.
[ Epoch 4 ]  - Training     loss : 0.10004 , acc : 0.964 , elapse : 0.23118 min  - Validation   loss : 0.09327 , acc : 0.969 , elapse : 0.03861 min    - [Info] The checkpoint file has been updated.
[ Epoch 5 ]  - Training     loss : 0.09095 , acc : 0.968 , elapse : 0.23059 min  - Validation   loss : 0.08905 , acc : 0.970 , elapse : 0.03853 min    - [Info] The checkpoint file has been updated.
[ Epoch 6 ]  - Training     loss : 0.08815 , acc : 0.969 , elapse : 0.23060 min  - Validation   loss : 0.08098 , acc : 0.973 , elapse : 0.03858 min    - [Info] The checkpoint file has been updated.
[ Epoch 7 ]  - Training     loss : 0.07678 , acc : 0.972 , elapse : 0.23071 min  - Validation   loss : 0.07459 , acc : 0.975 , elapse : 0.03854 min    - [Info] The checkpoint file has been updated.
[ Epoch 8 ]  - Training     loss : 0.06864 , acc : 0.975 , elapse : 0.23100 min  - Validation   loss : 0.06788 , acc : 0.977 , elapse : 0.03858 min    - [Info] The checkpoint file has been updated.
[ Epoch 9 ]  - Training     loss : 0.06313 , acc : 0.977 , elapse : 0.23070 min  - Validation   loss : 0.06487 , acc : 0.978 , elapse : 0.03852 min    - [Info] The checkpoint file has been updated.
[ Epoch 10 ]  - Training     loss : 0.05922 , acc : 0.978 , elapse : 0.23034 min  - Validation   loss : 0.06075 , acc : 0.980 , elapse : 0.03858 min    - [Info] The checkpoint file has been updated.
[ Epoch 11 ]  - Training     loss : 0.05727 , acc : 0.978 , elapse : 0.23167 min  - Validation   loss : 0.06025 , acc : 0.980 , elapse : 0.03852 min    - [Info] The checkpoint file has been updated.
[ Epoch 12 ]  - Training     loss : 0.05914 , acc : 0.978 , elapse : 0.23112 min  - Validation   loss : 0.06318 , acc : 0.979 , elapse : 0.03861 min
[ Epoch 13 ]  - Training     loss : 0.05622 , acc : 0.979 , elapse : 0.23074 min  - Validation   loss : 0.05921 , acc : 0.980 , elapse : 0.03861 min
[ Epoch 14 ]  - Training     loss : 0.05088 , acc : 0.980 , elapse : 0.23837 min  - Validation   loss : 0.05686 , acc : 0.982 , elapse : 0.04780 min    - [Info] The checkpoint file has been updated.
[ Epoch 15 ]  - Training     loss : 0.04740 , acc : 0.981 , elapse : 0.27728 min  - Validation   loss : 0.05248 , acc : 0.983 , elapse : 0.04985 min    - [Info] The checkpoint file has been updated.
[ Epoch 16 ]  - Training     loss : 0.04397 , acc : 0.982 , elapse : 0.26885 min  - Validation   loss : 0.05060 , acc : 0.983 , elapse : 0.04794 min    - [Info] The checkpoint file has been updated.
[ Epoch 17 ]  - Training     loss : 0.04031 , acc : 0.983 , elapse : 0.26812 min  - Validation   loss : 0.04780 , acc : 0.985 , elapse : 0.04782 min    - [Info] The checkpoint file has been updated.
[ Epoch 18 ]  - Training     loss : 0.03783 , acc : 0.984 , elapse : 0.27159 min  - Validation   loss : 0.04660 , acc : 0.985 , elapse : 0.04808 min    - [Info] The checkpoint file has been updated.
[ Epoch 19 ]  - Training     loss : 0.03556 , acc : 0.985 , elapse : 0.27103 min  - Validation   loss : 0.04595 , acc : 0.985 , elapse : 0.04672 min    - [Info] The checkpoint file has been updated.
[ Epoch 20 ]  - Training     loss : 0.03376 , acc : 0.986 , elapse : 0.29186 min  - Validation   loss : 0.04477 , acc : 0.986 , elapse : 0.05548 min    - [Info] The checkpoint file has been updated.
[ Epoch 21 ]  - Training     loss : 0.03206 , acc : 0.986 , elapse : 0.30203 min  - Validation   loss : 0.04459 , acc : 0.986 , elapse : 0.05492 min    - [Info] The checkpoint file has been updated.
[ Epoch 22 ]  - Training     loss : 0.03144 , acc : 0.986 , elapse : 0.29802 min  - Validation   loss : 0.04387 , acc : 0.986 , elapse : 0.04735 min    - [Info] The checkpoint file has been updated.
[ Epoch 23 ]  - Training     loss : 0.03081 , acc : 0.987 , elapse : 0.26948 min  - Validation   loss : 0.04363 , acc : 0.986 , elapse : 0.04698 min    - [Info] The checkpoint file has been updated.
[ Epoch 24 ]  - Training     loss : 0.03241 , acc : 0.986 , elapse : 0.26633 min  - Validation   loss : 0.05026 , acc : 0.984 , elapse : 0.04090 min
[ Epoch 25 ]  - Training     loss : 0.03476 , acc : 0.985 , elapse : 0.23156 min  - Validation   loss : 0.04593 , acc : 0.985 , elapse : 0.03853 min
[ Epoch 26 ]  - Training     loss : 0.03175 , acc : 0.986 , elapse : 0.23143 min  - Validation   loss : 0.04613 , acc : 0.985 , elapse : 0.03850 min
[ Epoch 27 ]  - Training     loss : 0.03015 , acc : 0.986 , elapse : 0.23142 min  - Validation   loss : 0.04315 , acc : 0.986 , elapse : 0.03853 min    - [Info] The checkpoint file has been updated.
[ Epoch 28 ]  - Training     loss : 0.02840 , acc : 0.987 , elapse : 0.23153 min  - Validation   loss : 0.04356 , acc : 0.986 , elapse : 0.03858 min
[ Epoch 29 ]  - Training     loss : 0.02703 , acc : 0.988 , elapse : 0.23161 min  - Validation   loss : 0.04310 , acc : 0.987 , elapse : 0.03862 min    - [Info] The checkpoint file has been updated.
[ Epoch 30 ]  - Training     loss : 0.02482 , acc : 0.988 , elapse : 0.23166 min  - Validation   loss : 0.04219 , acc : 0.987 , elapse : 0.03858 min    - [Info] The checkpoint file has been updated.
[ Epoch 31 ]  - Training     loss : 0.02323 , acc : 0.989 , elapse : 0.23149 min  - Validation   loss : 0.04190 , acc : 0.987 , elapse : 0.03861 min    - [Info] The checkpoint file has been updated.
[ Epoch 32 ]  - Training     loss : 0.02178 , acc : 0.989 , elapse : 0.23157 min  - Validation   loss : 0.04135 , acc : 0.988 , elapse : 0.03858 min    - [Info] The checkpoint file has been updated.
[ Epoch 33 ]  - Training     loss : 0.02029 , acc : 0.990 , elapse : 0.23155 min  - Validation   loss : 0.04360 , acc : 0.987 , elapse : 0.03857 min
[ Epoch 34 ]  - Training     loss : 0.01938 , acc : 0.990 , elapse : 0.23149 min  - Validation   loss : 0.03926 , acc : 0.988 , elapse : 0.03857 min    - [Info] The checkpoint file has been updated.
[ Epoch 35 ]  - Training     loss : 0.01806 , acc : 0.991 , elapse : 0.23217 min  - Validation   loss : 0.03859 , acc : 0.988 , elapse : 0.03862 min    - [Info] The checkpoint file has been updated.
[ Epoch 36 ]  - Training     loss : 0.01714 , acc : 0.991 , elapse : 0.23232 min  - Validation   loss : 0.03855 , acc : 0.988 , elapse : 0.03855 min    - [Info] The checkpoint file has been updated.
[ Epoch 37 ]  - Training     loss : 0.01629 , acc : 0.992 , elapse : 0.23176 min  - Validation   loss : 0.03885 , acc : 0.988 , elapse : 0.03853 min
[ Epoch 38 ]  - Training     loss : 0.01539 , acc : 0.992 , elapse : 0.23148 min  - Validation   loss : 0.03915 , acc : 0.989 , elapse : 0.03869 min
[ Epoch 39 ]  - Training     loss : 0.01482 , acc : 0.992 , elapse : 0.23156 min  - Validation   loss : 0.03823 , acc : 0.989 , elapse : 0.03853 min    - [Info] The checkpoint file has been updated.
[ Epoch 40 ]  - Training     loss : 0.01405 , acc : 0.993 , elapse : 0.23174 min  - Validation   loss : 0.03833 , acc : 0.989 , elapse : 0.03862 min
[ Epoch 41 ]  - Training     loss : 0.01345 , acc : 0.993 , elapse : 0.23172 min  - Validation   loss : 0.03780 , acc : 0.988 , elapse : 0.03862 min
[ Epoch 42 ]  - Training     loss : 0.01321 , acc : 0.993 , elapse : 0.23158 min  - Validation   loss : 0.03741 , acc : 0.989 , elapse : 0.03862 min
[ Epoch 43 ]  - Training     loss : 0.01282 , acc : 0.993 , elapse : 0.23171 min  - Validation   loss : 0.03759 , acc : 0.989 , elapse : 0.03856 min
[ Epoch 44 ]  - Training     loss : 0.01217 , acc : 0.994 , elapse : 0.23156 min  - Validation   loss : 0.03760 , acc : 0.989 , elapse : 0.03863 min
[ Epoch 45 ]  - Training     loss : 0.01231 , acc : 0.994 , elapse : 0.23165 min  - Validation   loss : 0.03742 , acc : 0.989 , elapse : 0.03869 min
[ Epoch 46 ]  - Training     loss : 0.01199 , acc : 0.994 , elapse : 0.23166 min  - Validation   loss : 0.03740 , acc : 0.989 , elapse : 0.03857 min    - [Info] The checkpoint file has been updated.
[ Epoch 47 ]  - Training     loss : 0.01205 , acc : 0.994 , elapse : 0.23155 min  - Validation   loss : 0.03737 , acc : 0.989 , elapse : 0.03854 min    - [Info] The checkpoint file has been updated.
[ Epoch 48 ]  - Training     loss : 0.01199 , acc : 0.994 , elapse : 0.23157 min  - Validation   loss : 0.03744 , acc : 0.989 , elapse : 0.03865 min
[ Epoch 49 ]  - Training     loss : 0.01522 , acc : 0.992 , elapse : 0.23155 min  - Validation   loss : 0.04099 , acc : 0.988 , elapse : 0.03877 min
[ Epoch 50 ]  - Training     loss : 0.01580 , acc : 0.992 , elapse : 0.23161 min  - Validation   loss : 0.03979 , acc : 0.988 , elapse : 0.03866 min
[ Epoch 51 ]  - Training     loss : 0.01467 , acc : 0.992 , elapse : 0.23163 min  - Validation   loss : 0.03830 , acc : 0.989 , elapse : 0.03852 min
[ Epoch 52 ]  - Training     loss : 0.01406 , acc : 0.992 , elapse : 0.23143 min  - Validation   loss : 0.03982 , acc : 0.989 , elapse : 0.03865 min
[ Epoch 53 ]  - Training     loss : 0.01346 , acc : 0.993 , elapse : 0.23179 min  - Validation   loss : 0.03849 , acc : 0.989 , elapse : 0.03861 min
[ Epoch 54 ]  - Training     loss : 0.01227 , acc : 0.994 , elapse : 0.23166 min  - Validation   loss : 0.03861 , acc : 0.989 , elapse : 0.03861 min
[ Epoch 55 ]  - Training     loss : 0.01250 , acc : 0.994 , elapse : 0.23254 min  - Validation   loss : 0.04142 , acc : 0.989 , elapse : 0.03859 min
[ Epoch 56 ]  - Training     loss : 0.01152 , acc : 0.994 , elapse : 0.23171 min  - Validation   loss : 0.04020 , acc : 0.989 , elapse : 0.03865 min
[ Epoch 57 ]  - Training     loss : 0.01119 , acc : 0.994 , elapse : 0.23169 min  - Validation   loss : 0.03686 , acc : 0.990 , elapse : 0.03862 min    - [Info] The checkpoint file has been updated.
[ Epoch 58 ]  - Training     loss : 0.00958 , acc : 0.995 , elapse : 0.23174 min  - Validation   loss : 0.03908 , acc : 0.989 , elapse : 0.03861 min
[ Epoch 59 ]  - Training     loss : 0.00927 , acc : 0.995 , elapse : 0.23160 min  - Validation   loss : 0.04056 , acc : 0.989 , elapse : 0.03871 min
[ Epoch 60 ]  - Training     loss : 0.00873 , acc : 0.995 , elapse : 0.23152 min  - Validation   loss : 0.03853 , acc : 0.989 , elapse : 0.03862 min
[ Epoch 61 ]  - Training     loss : 0.00839 , acc : 0.995 , elapse : 0.23151 min  - Validation   loss : 0.03700 , acc : 0.990 , elapse : 0.03861 min
[ Epoch 62 ]  - Training     loss : 0.00784 , acc : 0.996 , elapse : 0.23146 min  - Validation   loss : 0.04007 , acc : 0.990 , elapse : 0.03855 min
[ Epoch 63 ]  - Training     loss : 0.00721 , acc : 0.996 , elapse : 0.23145 min  - Validation   loss : 0.03845 , acc : 0.990 , elapse : 0.03868 min
[ Epoch 64 ]  - Training     loss : 0.00708 , acc : 0.996 , elapse : 0.23151 min  - Validation   loss : 0.03930 , acc : 0.990 , elapse : 0.03859 min
[ Epoch 65 ]  - Training     loss : 0.00660 , acc : 0.996 , elapse : 0.23160 min  - Validation   loss : 0.03802 , acc : 0.990 , elapse : 0.03864 min
[ Epoch 66 ]  - Training     loss : 0.00634 , acc : 0.997 , elapse : 0.23158 min  - Validation   loss : 0.03991 , acc : 0.990 , elapse : 0.03868 min
[ Epoch 67 ]  - Training     loss : 0.00589 , acc : 0.997 , elapse : 0.23166 min  - Validation   loss : 0.03913 , acc : 0.989 , elapse : 0.03862 min
[ Epoch 68 ]  - Training     loss : 0.00549 , acc : 0.997 , elapse : 0.23146 min  - Validation   loss : 0.04165 , acc : 0.990 , elapse : 0.03859 min
[ Epoch 69 ]  - Training     loss : 0.00551 , acc : 0.997 , elapse : 0.23177 min  - Validation   loss : 0.03787 , acc : 0.990 , elapse : 0.03873 min
[ Epoch 70 ]  - Training     loss : 0.00483 , acc : 0.997 , elapse : 0.23156 min  - Validation   loss : 0.04007 , acc : 0.990 , elapse : 0.03866 min
[ Epoch 71 ]  - Training     loss : 0.00475 , acc : 0.997 , elapse : 0.23160 min  - Validation   loss : 0.04069 , acc : 0.990 , elapse : 0.03862 min
[ Epoch 72 ]  - Training     loss : 0.00429 , acc : 0.998 , elapse : 0.23173 min  - Validation   loss : 0.04108 , acc : 0.990 , elapse : 0.03863 min
[ Epoch 73 ]  - Training     loss : 0.00424 , acc : 0.998 , elapse : 0.23224 min  - Validation   loss : 0.04031 , acc : 0.990 , elapse : 0.03870 min
[ Epoch 74 ]  - Training     loss : 0.00393 , acc : 0.998 , elapse : 0.23165 min  - Validation   loss : 0.04104 , acc : 0.990 , elapse : 0.03858 min
[ Epoch 75 ]  - Training     loss : 0.00365 , acc : 0.998 , elapse : 0.23156 min  - Validation   loss : 0.04028 , acc : 0.990 , elapse : 0.03857 min
[ Epoch 76 ]  - Training     loss : 0.00357 , acc : 0.998 , elapse : 0.23163 min  - Validation   loss : 0.04057 , acc : 0.990 , elapse : 0.03866 min
[ Epoch 77 ]  - Training     loss : 0.00349 , acc : 0.998 , elapse : 0.23136 min  - Validation   loss : 0.04118 , acc : 0.990 , elapse : 0.03867 min
[ Epoch 78 ]  - Training     loss : 0.00327 , acc : 0.998 , elapse : 0.23111 min  - Validation   loss : 0.04100 , acc : 0.990 , elapse : 0.03861 min
[ Epoch 79 ]  - Training     loss : 0.00318 , acc : 0.998 , elapse : 0.23094 min  - Validation   loss : 0.04165 , acc : 0.990 , elapse : 0.03866 min
[ Epoch 80 ]  - Training     loss : 0.00305 , acc : 0.998 , elapse : 0.23105 min  - Validation   loss : 0.04128 , acc : 0.990 , elapse : 0.03868 min
[ Epoch 81 ]  - Training     loss : 0.00287 , acc : 0.999 , elapse : 0.23128 min  - Validation   loss : 0.04181 , acc : 0.990 , elapse : 0.03867 min
[ Epoch 82 ]  - Training     loss : 0.00283 , acc : 0.999 , elapse : 0.23114 min  - Validation   loss : 0.04245 , acc : 0.990 , elapse : 0.03864 min
[ Epoch 83 ]  - Training     loss : 0.00266 , acc : 0.999 , elapse : 0.23114 min  - Validation   loss : 0.04248 , acc : 0.990 , elapse : 0.03866 min
[ Epoch 84 ]  - Training     loss : 0.00263 , acc : 0.999 , elapse : 0.23114 min  - Validation   loss : 0.04239 , acc : 0.990 , elapse : 0.03871 min
[ Epoch 85 ]  - Training     loss : 0.00262 , acc : 0.999 , elapse : 0.23125 min  - Validation   loss : 0.04236 , acc : 0.990 , elapse : 0.03869 min
[ Epoch 86 ]  - Training     loss : 0.00246 , acc : 0.999 , elapse : 0.23112 min  - Validation   loss : 0.04222 , acc : 0.990 , elapse : 0.03889 min
[ Epoch 87 ]  - Training     loss : 0.00237 , acc : 0.999 , elapse : 0.28092 min  - Validation   loss : 0.04233 , acc : 0.990 , elapse : 0.05333 min
[ Epoch 88 ]  - Training     loss : 0.00235 , acc : 0.999 , elapse : 0.29218 min  - Validation   loss : 0.04247 , acc : 0.990 , elapse : 0.05345 min
[ Epoch 89 ]  - Training     loss : 0.00234 , acc : 0.999 , elapse : 0.29327 min  - Validation   loss : 0.04288 , acc : 0.990 , elapse : 0.05335 min
[ Epoch 90 ]  - Training     loss : 0.00228 , acc : 0.999 , elapse : 0.30942 min  - Validation   loss : 0.04276 , acc : 0.990 , elapse : 0.05508 min
[ Epoch 91 ]  - Training     loss : 0.00236 , acc : 0.999 , elapse : 0.30722 min  - Validation   loss : 0.04299 , acc : 0.990 , elapse : 0.05514 min
[ Epoch 92 ]  - Training     loss : 0.00229 , acc : 0.999 , elapse : 0.30649 min  - Validation   loss : 0.04303 , acc : 0.990 , elapse : 0.05486 min
[ Epoch 93 ]  - Training     loss : 0.00220 , acc : 0.999 , elapse : 0.30638 min  - Validation   loss : 0.04328 , acc : 0.990 , elapse : 0.05489 min
[ Epoch 94 ]  - Training     loss : 0.00214 , acc : 0.999 , elapse : 0.30807 min  - Validation   loss : 0.04327 , acc : 0.990 , elapse : 0.05501 min
[ Epoch 95 ]  - Training     loss : 0.00214 , acc : 0.999 , elapse : 0.30732 min  - Validation   loss : 0.04320 , acc : 0.990 , elapse : 0.05442 min
[ Epoch 96 ]  - Training     loss : 0.00211 , acc : 0.999 , elapse : 0.30798 min  - Validation   loss : 0.04318 , acc : 0.990 , elapse : 0.05472 min
[ Epoch 97 ]  - Training     loss : 0.00218 , acc : 0.999 , elapse : 0.30762 min  - Validation   loss : 0.04315 , acc : 0.990 , elapse : 0.05495 min
[ Epoch 98 ]  - Training     loss : 0.00335 , acc : 0.998 , elapse : 0.30655 min  - Validation   loss : 0.04900 , acc : 0.989 , elapse : 0.05486 min
[ Epoch 99 ]  - Training     loss : 0.00623 , acc : 0.997 , elapse : 0.30683 min  - Validation   loss : 0.04630 , acc : 0.990 , elapse : 0.05489 min
Finish training ~ v ~
~~~~~~~~~~~~~~~~~~~~~~~~~~~~~
1th fold (total : 5)
Create model...
Start training...
[ Epoch 0 ]  - Training     loss : 0.25937 , acc : 0.916 , elapse : 0.30743 min  - Validation   loss : 0.19860 , acc : 0.933 , elapse : 0.05512 min    - [Info] The checkpoint file has been updated.
[ Epoch 1 ]  - Training     loss : 0.18616 , acc : 0.939 , elapse : 0.30782 min  - Validation   loss : 0.15450 , acc : 0.949 , elapse : 0.05501 min    - [Info] The checkpoint file has been updated.
[ Epoch 2 ]  - Training     loss : 0.14505 , acc : 0.953 , elapse : 0.31008 min  - Validation   loss : 0.13470 , acc : 0.954 , elapse : 0.05451 min    - [Info] The checkpoint file has been updated.
[ Epoch 3 ]  - Training     loss : 0.12416 , acc : 0.958 , elapse : 0.30912 min  - Validation   loss : 0.10395 , acc : 0.963 , elapse : 0.05499 min    - [Info] The checkpoint file has been updated.
[ Epoch 4 ]  - Training     loss : 0.09982 , acc : 0.965 , elapse : 0.30651 min  - Validation   loss : 0.09045 , acc : 0.968 , elapse : 0.05519 min    - [Info] The checkpoint file has been updated.
[ Epoch 5 ]  - Training     loss : 0.08995 , acc : 0.969 , elapse : 0.30628 min  - Validation   loss : 0.08739 , acc : 0.969 , elapse : 0.05501 min    - [Info] The checkpoint file has been updated.
[ Epoch 6 ]  - Training     loss : 0.08851 , acc : 0.969 , elapse : 0.30686 min  - Validation   loss : 0.07935 , acc : 0.971 , elapse : 0.05514 min    - [Info] The checkpoint file has been updated.
[ Epoch 7 ]  - Training     loss : 0.07550 , acc : 0.973 , elapse : 0.30729 min  - Validation   loss : 0.06954 , acc : 0.975 , elapse : 0.05500 min    - [Info] The checkpoint file has been updated.
[ Epoch 8 ]  - Training     loss : 0.06737 , acc : 0.976 , elapse : 0.30826 min  - Validation   loss : 0.06408 , acc : 0.976 , elapse : 0.05523 min    - [Info] The checkpoint file has been updated.
[ Epoch 9 ]  - Training     loss : 0.06173 , acc : 0.977 , elapse : 0.30887 min  - Validation   loss : 0.06075 , acc : 0.977 , elapse : 0.05428 min    - [Info] The checkpoint file has been updated.
[ Epoch 10 ]  - Training     loss : 0.05770 , acc : 0.979 , elapse : 0.30884 min  - Validation   loss : 0.05879 , acc : 0.979 , elapse : 0.05508 min    - [Info] The checkpoint file has been updated.
[ Epoch 11 ]  - Training     loss : 0.05602 , acc : 0.979 , elapse : 0.30817 min  - Validation   loss : 0.05811 , acc : 0.979 , elapse : 0.05505 min    - [Info] The checkpoint file has been updated.
[ Epoch 12 ]  - Training     loss : 0.05731 , acc : 0.979 , elapse : 0.30839 min  - Validation   loss : 0.05768 , acc : 0.979 , elapse : 0.05540 min
[ Epoch 13 ]  - Training     loss : 0.05421 , acc : 0.980 , elapse : 0.30847 min  - Validation   loss : 0.05595 , acc : 0.979 , elapse : 0.05510 min    - [Info] The checkpoint file has been updated.
[ Epoch 14 ]  - Training     loss : 0.05148 , acc : 0.980 , elapse : 0.30822 min  - Validation   loss : 0.05076 , acc : 0.981 , elapse : 0.05510 min    - [Info] The checkpoint file has been updated.
[ Epoch 15 ]  - Training     loss : 0.04637 , acc : 0.982 , elapse : 0.30701 min  - Validation   loss : 0.04864 , acc : 0.982 , elapse : 0.05488 min    - [Info] The checkpoint file has been updated.
[ Epoch 16 ]  - Training     loss : 0.04293 , acc : 0.983 , elapse : 0.30962 min  - Validation   loss : 0.04649 , acc : 0.983 , elapse : 0.05460 min    - [Info] The checkpoint file has been updated.
[ Epoch 17 ]  - Training     loss : 0.03969 , acc : 0.983 , elapse : 0.30878 min  - Validation   loss : 0.04629 , acc : 0.983 , elapse : 0.05504 min
[ Epoch 18 ]  - Training     loss : 0.03777 , acc : 0.984 , elapse : 0.30704 min  - Validation   loss : 0.04424 , acc : 0.983 , elapse : 0.05523 min    - [Info] The checkpoint file has been updated.
[ Epoch 19 ]  - Training     loss : 0.03529 , acc : 0.985 , elapse : 0.30726 min  - Validation   loss : 0.04258 , acc : 0.984 , elapse : 0.05511 min    - [Info] The checkpoint file has been updated.
[ Epoch 20 ]  - Training     loss : 0.03390 , acc : 0.986 , elapse : 0.30734 min  - Validation   loss : 0.04164 , acc : 0.984 , elapse : 0.05497 min    - [Info] The checkpoint file has been updated.
[ Epoch 21 ]  - Training     loss : 0.03264 , acc : 0.986 , elapse : 0.30657 min  - Validation   loss : 0.04105 , acc : 0.985 , elapse : 0.05509 min    - [Info] The checkpoint file has been updated.
[ Epoch 22 ]  - Training     loss : 0.03171 , acc : 0.986 , elapse : 0.30949 min  - Validation   loss : 0.04095 , acc : 0.985 , elapse : 0.05436 min
[ Epoch 23 ]  - Training     loss : 0.03104 , acc : 0.986 , elapse : 0.30827 min  - Validation   loss : 0.04079 , acc : 0.985 , elapse : 0.05497 min
[ Epoch 24 ]  - Training     loss : 0.03267 , acc : 0.986 , elapse : 0.30698 min  - Validation   loss : 0.04339 , acc : 0.984 , elapse : 0.05510 min
[ Epoch 25 ]  - Training     loss : 0.03470 , acc : 0.985 , elapse : 0.30869 min  - Validation   loss : 0.04139 , acc : 0.985 , elapse : 0.05511 min
[ Epoch 26 ]  - Training     loss : 0.03269 , acc : 0.986 , elapse : 0.30838 min  - Validation   loss : 0.04182 , acc : 0.985 , elapse : 0.05497 min
[ Epoch 27 ]  - Training     loss : 0.03090 , acc : 0.986 , elapse : 0.30557 min  - Validation   loss : 0.03921 , acc : 0.985 , elapse : 0.05513 min    - [Info] The checkpoint file has been updated.
[ Epoch 28 ]  - Training     loss : 0.02907 , acc : 0.987 , elapse : 0.30867 min  - Validation   loss : 0.03887 , acc : 0.986 , elapse : 0.05509 min    - [Info] The checkpoint file has been updated.
[ Epoch 29 ]  - Training     loss : 0.02671 , acc : 0.988 , elapse : 0.30991 min  - Validation   loss : 0.03833 , acc : 0.986 , elapse : 0.05428 min    - [Info] The checkpoint file has been updated.
[ Epoch 30 ]  - Training     loss : 0.02522 , acc : 0.988 , elapse : 0.30805 min  - Validation   loss : 0.03774 , acc : 0.986 , elapse : 0.05497 min    - [Info] The checkpoint file has been updated.
[ Epoch 31 ]  - Training     loss : 0.02394 , acc : 0.989 , elapse : 0.30885 min  - Validation   loss : 0.03628 , acc : 0.987 , elapse : 0.05510 min    - [Info] The checkpoint file has been updated.
[ Epoch 32 ]  - Training     loss : 0.02231 , acc : 0.989 , elapse : 0.30887 min  - Validation   loss : 0.03678 , acc : 0.986 , elapse : 0.05493 min
[ Epoch 33 ]  - Training     loss : 0.02083 , acc : 0.990 , elapse : 0.30618 min  - Validation   loss : 0.03690 , acc : 0.987 , elapse : 0.05511 min
[ Epoch 34 ]  - Training     loss : 0.01998 , acc : 0.990 , elapse : 0.30743 min  - Validation   loss : 0.03512 , acc : 0.987 , elapse : 0.05507 min    - [Info] The checkpoint file has been updated.
[ Epoch 35 ]  - Training     loss : 0.01849 , acc : 0.991 , elapse : 0.30840 min  - Validation   loss : 0.03534 , acc : 0.987 , elapse : 0.05482 min
[ Epoch 36 ]  - Training     loss : 0.01770 , acc : 0.991 , elapse : 0.30845 min  - Validation   loss : 0.03471 , acc : 0.988 , elapse : 0.05467 min    - [Info] The checkpoint file has been updated.
[ Epoch 37 ]  - Training     loss : 0.01672 , acc : 0.992 , elapse : 0.30916 min  - Validation   loss : 0.03461 , acc : 0.988 , elapse : 0.05492 min    - [Info] The checkpoint file has been updated.
[ Epoch 38 ]  - Training     loss : 0.01610 , acc : 0.992 , elapse : 0.30827 min  - Validation   loss : 0.03419 , acc : 0.988 , elapse : 0.05502 min    - [Info] The checkpoint file has been updated.
[ Epoch 39 ]  - Training     loss : 0.01516 , acc : 0.992 , elapse : 0.30864 min  - Validation   loss : 0.03407 , acc : 0.988 , elapse : 0.05504 min    - [Info] The checkpoint file has been updated.
[ Epoch 40 ]  - Training     loss : 0.01462 , acc : 0.992 , elapse : 0.30829 min  - Validation   loss : 0.03379 , acc : 0.988 , elapse : 0.05504 min    - [Info] The checkpoint file has been updated.
[ Epoch 41 ]  - Training     loss : 0.01420 , acc : 0.993 , elapse : 0.30870 min  - Validation   loss : 0.03378 , acc : 0.988 , elapse : 0.05497 min
[ Epoch 42 ]  - Training     loss : 0.01374 , acc : 0.993 , elapse : 0.30782 min  - Validation   loss : 0.03338 , acc : 0.988 , elapse : 0.05459 min    - [Info] The checkpoint file has been updated.
[ Epoch 43 ]  - Training     loss : 0.01322 , acc : 0.993 , elapse : 0.31007 min  - Validation   loss : 0.03369 , acc : 0.988 , elapse : 0.05490 min
[ Epoch 44 ]  - Training     loss : 0.01283 , acc : 0.993 , elapse : 0.30619 min  - Validation   loss : 0.03368 , acc : 0.988 , elapse : 0.05510 min
[ Epoch 45 ]  - Training     loss : 0.01279 , acc : 0.993 , elapse : 0.30805 min  - Validation   loss : 0.03350 , acc : 0.988 , elapse : 0.05501 min
[ Epoch 46 ]  - Training     loss : 0.01261 , acc : 0.993 , elapse : 0.30766 min  - Validation   loss : 0.03359 , acc : 0.988 , elapse : 0.05505 min
[ Epoch 47 ]  - Training     loss : 0.01259 , acc : 0.994 , elapse : 0.30823 min  - Validation   loss : 0.03359 , acc : 0.988 , elapse : 0.05498 min
[ Epoch 48 ]  - Training     loss : 0.01239 , acc : 0.994 , elapse : 0.30626 min  - Validation   loss : 0.03362 , acc : 0.988 , elapse : 0.05507 min
[ Epoch 49 ]  - Training     loss : 0.01486 , acc : 0.992 , elapse : 0.30624 min  - Validation   loss : 0.03570 , acc : 0.988 , elapse : 0.05422 min
[ Epoch 50 ]  - Training     loss : 0.01569 , acc : 0.992 , elapse : 0.30795 min  - Validation   loss : 0.03367 , acc : 0.988 , elapse : 0.05505 min
[ Epoch 51 ]  - Training     loss : 0.01507 , acc : 0.992 , elapse : 0.30855 min  - Validation   loss : 0.03559 , acc : 0.988 , elapse : 0.05513 min
[ Epoch 52 ]  - Training     loss : 0.01498 , acc : 0.992 , elapse : 0.30667 min  - Validation   loss : 0.03441 , acc : 0.988 , elapse : 0.05506 min
[ Epoch 53 ]  - Training     loss : 0.01307 , acc : 0.993 , elapse : 0.30681 min  - Validation   loss : 0.03320 , acc : 0.989 , elapse : 0.05522 min    - [Info] The checkpoint file has been updated.
[ Epoch 54 ]  - Training     loss : 0.01278 , acc : 0.993 , elapse : 0.30871 min  - Validation   loss : 0.03385 , acc : 0.989 , elapse : 0.05510 min
[ Epoch 55 ]  - Training     loss : 0.01218 , acc : 0.993 , elapse : 0.30705 min  - Validation   loss : 0.03498 , acc : 0.989 , elapse : 0.05482 min
[ Epoch 56 ]  - Training     loss : 0.01144 , acc : 0.994 , elapse : 0.30666 min  - Validation   loss : 0.03782 , acc : 0.988 , elapse : 0.05468 min
[ Epoch 57 ]  - Training     loss : 0.01113 , acc : 0.994 , elapse : 0.30713 min  - Validation   loss : 0.03370 , acc : 0.989 , elapse : 0.05508 min
[ Epoch 58 ]  - Training     loss : 0.00995 , acc : 0.995 , elapse : 0.30831 min  - Validation   loss : 0.03339 , acc : 0.989 , elapse : 0.05501 min
[ Epoch 59 ]  - Training     loss : 0.00950 , acc : 0.995 , elapse : 0.30799 min  - Validation   loss : 0.03341 , acc : 0.989 , elapse : 0.05558 min
[ Epoch 60 ]  - Training     loss : 0.00901 , acc : 0.995 , elapse : 0.30873 min  - Validation   loss : 0.03447 , acc : 0.989 , elapse : 0.05507 min
[ Epoch 61 ]  - Training     loss : 0.00880 , acc : 0.995 , elapse : 0.30844 min  - Validation   loss : 0.03491 , acc : 0.990 , elapse : 0.05500 min
[ Epoch 62 ]  - Training     loss : 0.00839 , acc : 0.995 , elapse : 0.30937 min  - Validation   loss : 0.03323 , acc : 0.990 , elapse : 0.05473 min
[ Epoch 63 ]  - Training     loss : 0.00767 , acc : 0.996 , elapse : 0.30953 min  - Validation   loss : 0.03417 , acc : 0.990 , elapse : 0.05500 min
[ Epoch 64 ]  - Training     loss : 0.00735 , acc : 0.996 , elapse : 0.30813 min  - Validation   loss : 0.03299 , acc : 0.990 , elapse : 0.05500 min    - [Info] The checkpoint file has been updated.
[ Epoch 65 ]  - Training     loss : 0.00679 , acc : 0.996 , elapse : 0.30809 min  - Validation   loss : 0.03348 , acc : 0.990 , elapse : 0.05503 min
[ Epoch 66 ]  - Training     loss : 0.00647 , acc : 0.997 , elapse : 0.30799 min  - Validation   loss : 0.03454 , acc : 0.990 , elapse : 0.05496 min
[ Epoch 67 ]  - Training     loss : 0.00599 , acc : 0.997 , elapse : 0.30844 min  - Validation   loss : 0.03476 , acc : 0.990 , elapse : 0.05506 min
[ Epoch 68 ]  - Training     loss : 0.00591 , acc : 0.997 , elapse : 0.30774 min  - Validation   loss : 0.03534 , acc : 0.990 , elapse : 0.05499 min
[ Epoch 69 ]  - Training     loss : 0.00520 , acc : 0.997 , elapse : 0.30660 min  - Validation   loss : 0.03623 , acc : 0.990 , elapse : 0.05444 min
[ Epoch 70 ]  - Training     loss : 0.00512 , acc : 0.997 , elapse : 0.30715 min  - Validation   loss : 0.03774 , acc : 0.990 , elapse : 0.05508 min
[ Epoch 71 ]  - Training     loss : 0.00494 , acc : 0.997 , elapse : 0.30684 min  - Validation   loss : 0.03654 , acc : 0.990 , elapse : 0.05517 min
[ Epoch 72 ]  - Training     loss : 0.00456 , acc : 0.998 , elapse : 0.30695 min  - Validation   loss : 0.03799 , acc : 0.990 , elapse : 0.05514 min
[ Epoch 73 ]  - Training     loss : 0.00417 , acc : 0.998 , elapse : 0.30742 min  - Validation   loss : 0.03800 , acc : 0.990 , elapse : 0.05518 min
[ Epoch 74 ]  - Training     loss : 0.00424 , acc : 0.998 , elapse : 0.30691 min  - Validation   loss : 0.03715 , acc : 0.990 , elapse : 0.05499 min
[ Epoch 75 ]  - Training     loss : 0.00385 , acc : 0.998 , elapse : 0.30696 min  - Validation   loss : 0.03778 , acc : 0.990 , elapse : 0.05493 min
[ Epoch 76 ]  - Training     loss : 0.00358 , acc : 0.998 , elapse : 0.30894 min  - Validation   loss : 0.03729 , acc : 0.990 , elapse : 0.05447 min
[ Epoch 77 ]  - Training     loss : 0.00349 , acc : 0.998 , elapse : 0.30813 min  - Validation   loss : 0.03718 , acc : 0.990 , elapse : 0.05505 min
[ Epoch 78 ]  - Training     loss : 0.00334 , acc : 0.998 , elapse : 0.30863 min  - Validation   loss : 0.03755 , acc : 0.991 , elapse : 0.05509 min
[ Epoch 79 ]  - Training     loss : 0.00322 , acc : 0.998 , elapse : 0.30874 min  - Validation   loss : 0.03709 , acc : 0.991 , elapse : 0.05510 min
[ Epoch 80 ]  - Training     loss : 0.00298 , acc : 0.998 , elapse : 0.30865 min  - Validation   loss : 0.03772 , acc : 0.991 , elapse : 0.05512 min
[ Epoch 81 ]  - Training     loss : 0.00300 , acc : 0.998 , elapse : 0.30885 min  - Validation   loss : 0.03759 , acc : 0.991 , elapse : 0.05499 min
[ Epoch 82 ]  - Training     loss : 0.00298 , acc : 0.998 , elapse : 0.30812 min  - Validation   loss : 0.03770 , acc : 0.991 , elapse : 0.05464 min
[ Epoch 83 ]  - Training     loss : 0.00282 , acc : 0.999 , elapse : 0.30780 min  - Validation   loss : 0.03837 , acc : 0.991 , elapse : 0.05478 min
[ Epoch 84 ]  - Training     loss : 0.00262 , acc : 0.999 , elapse : 0.30743 min  - Validation   loss : 0.03820 , acc : 0.991 , elapse : 0.05505 min
[ Epoch 85 ]  - Training     loss : 0.00268 , acc : 0.999 , elapse : 0.30635 min  - Validation   loss : 0.03801 , acc : 0.991 , elapse : 0.05511 min
[ Epoch 86 ]  - Training     loss : 0.00250 , acc : 0.999 , elapse : 0.30646 min  - Validation   loss : 0.03829 , acc : 0.991 , elapse : 0.05510 min
[ Epoch 87 ]  - Training     loss : 0.00243 , acc : 0.999 , elapse : 0.30698 min  - Validation   loss : 0.03804 , acc : 0.991 , elapse : 0.05512 min
[ Epoch 88 ]  - Training     loss : 0.00240 , acc : 0.999 , elapse : 0.30691 min  - Validation   loss : 0.03782 , acc : 0.991 , elapse : 0.05516 min
[ Epoch 89 ]  - Training     loss : 0.00234 , acc : 0.999 , elapse : 0.30745 min  - Validation   loss : 0.03809 , acc : 0.991 , elapse : 0.05404 min
[ Epoch 90 ]  - Training     loss : 0.00234 , acc : 0.999 , elapse : 0.30861 min  - Validation   loss : 0.03806 , acc : 0.991 , elapse : 0.05524 min
[ Epoch 91 ]  - Training     loss : 0.00228 , acc : 0.999 , elapse : 0.30831 min  - Validation   loss : 0.03777 , acc : 0.991 , elapse : 0.05508 min
[ Epoch 92 ]  - Training     loss : 0.00233 , acc : 0.999 , elapse : 0.30600 min  - Validation   loss : 0.03786 , acc : 0.991 , elapse : 0.05516 min
[ Epoch 93 ]  - Training     loss : 0.00223 , acc : 0.999 , elapse : 0.30689 min  - Validation   loss : 0.03779 , acc : 0.991 , elapse : 0.05512 min
[ Epoch 94 ]  - Training     loss : 0.00226 , acc : 0.999 , elapse : 0.30643 min  - Validation   loss : 0.03792 , acc : 0.991 , elapse : 0.05509 min
[ Epoch 95 ]  - Training     loss : 0.00221 , acc : 0.999 , elapse : 0.30785 min  - Validation   loss : 0.03789 , acc : 0.991 , elapse : 0.05497 min
[ Epoch 96 ]  - Training     loss : 0.00229 , acc : 0.999 , elapse : 0.30727 min  - Validation   loss : 0.03791 , acc : 0.991 , elapse : 0.05461 min
[ Epoch 97 ]  - Training     loss : 0.00213 , acc : 0.999 , elapse : 0.30672 min  - Validation   loss : 0.03791 , acc : 0.991 , elapse : 0.05512 min
[ Epoch 98 ]  - Training     loss : 0.00311 , acc : 0.998 , elapse : 0.30610 min  - Validation   loss : 0.04114 , acc : 0.990 , elapse : 0.05510 min
[ Epoch 99 ]  - Training     loss : 0.00421 , acc : 0.998 , elapse : 0.30702 min  - Validation   loss : 0.04040 , acc : 0.990 , elapse : 0.05524 min
Finish training ~ v ~
~~~~~~~~~~~~~~~~~~~~~~~~~~~~~
2th fold (total : 5)
Create model...
Start training...
[ Epoch 0 ]  - Training     loss : 0.25422 , acc : 0.921 , elapse : 0.30911 min  - Validation   loss : 0.19706 , acc : 0.934 , elapse : 0.05489 min    - [Info] The checkpoint file has been updated.
[ Epoch 1 ]  - Training     loss : 0.17913 , acc : 0.942 , elapse : 0.30681 min  - Validation   loss : 0.14954 , acc : 0.951 , elapse : 0.05508 min    - [Info] The checkpoint file has been updated.
[ Epoch 2 ]  - Training     loss : 0.13973 , acc : 0.954 , elapse : 0.30734 min  - Validation   loss : 0.12991 , acc : 0.957 , elapse : 0.05512 min    - [Info] The checkpoint file has been updated.
[ Epoch 3 ]  - Training     loss : 0.12115 , acc : 0.959 , elapse : 0.31080 min  - Validation   loss : 0.10188 , acc : 0.968 , elapse : 0.05416 min    - [Info] The checkpoint file has been updated.
[ Epoch 4 ]  - Training     loss : 0.09733 , acc : 0.967 , elapse : 0.30687 min  - Validation   loss : 0.08942 , acc : 0.971 , elapse : 0.05497 min    - [Info] The checkpoint file has been updated.
[ Epoch 5 ]  - Training     loss : 0.08861 , acc : 0.969 , elapse : 0.30692 min  - Validation   loss : 0.08673 , acc : 0.972 , elapse : 0.05511 min    - [Info] The checkpoint file has been updated.
[ Epoch 6 ]  - Training     loss : 0.08547 , acc : 0.970 , elapse : 0.31051 min  - Validation   loss : 0.08097 , acc : 0.974 , elapse : 0.05487 min    - [Info] The checkpoint file has been updated.
[ Epoch 7 ]  - Training     loss : 0.07521 , acc : 0.974 , elapse : 0.30879 min  - Validation   loss : 0.07069 , acc : 0.976 , elapse : 0.05501 min    - [Info] The checkpoint file has been updated.
[ Epoch 8 ]  - Training     loss : 0.06635 , acc : 0.976 , elapse : 0.30872 min  - Validation   loss : 0.06523 , acc : 0.978 , elapse : 0.05507 min    - [Info] The checkpoint file has been updated.
[ Epoch 9 ]  - Training     loss : 0.06114 , acc : 0.978 , elapse : 0.30932 min  - Validation   loss : 0.06255 , acc : 0.979 , elapse : 0.05469 min    - [Info] The checkpoint file has been updated.
[ Epoch 10 ]  - Training     loss : 0.05784 , acc : 0.979 , elapse : 0.31069 min  - Validation   loss : 0.05978 , acc : 0.980 , elapse : 0.05468 min    - [Info] The checkpoint file has been updated.
[ Epoch 11 ]  - Training     loss : 0.05572 , acc : 0.979 , elapse : 0.30928 min  - Validation   loss : 0.05955 , acc : 0.980 , elapse : 0.05514 min    - [Info] The checkpoint file has been updated.
[ Epoch 12 ]  - Training     loss : 0.05704 , acc : 0.979 , elapse : 0.30874 min  - Validation   loss : 0.06009 , acc : 0.980 , elapse : 0.05502 min
[ Epoch 13 ]  - Training     loss : 0.05313 , acc : 0.980 , elapse : 0.30820 min  - Validation   loss : 0.05625 , acc : 0.981 , elapse : 0.05505 min    - [Info] The checkpoint file has been updated.
[ Epoch 14 ]  - Training     loss : 0.04951 , acc : 0.981 , elapse : 0.30841 min  - Validation   loss : 0.05293 , acc : 0.982 , elapse : 0.05539 min    - [Info] The checkpoint file has been updated.
[ Epoch 15 ]  - Training     loss : 0.04497 , acc : 0.983 , elapse : 0.30896 min  - Validation   loss : 0.05094 , acc : 0.983 , elapse : 0.05512 min    - [Info] The checkpoint file has been updated.
[ Epoch 16 ]  - Training     loss : 0.04102 , acc : 0.984 , elapse : 0.30941 min  - Validation   loss : 0.04986 , acc : 0.983 , elapse : 0.05462 min    - [Info] The checkpoint file has been updated.
[ Epoch 17 ]  - Training     loss : 0.03810 , acc : 0.984 , elapse : 0.30964 min  - Validation   loss : 0.04705 , acc : 0.984 , elapse : 0.05449 min    - [Info] The checkpoint file has been updated.
[ Epoch 18 ]  - Training     loss : 0.03566 , acc : 0.985 , elapse : 0.30771 min  - Validation   loss : 0.04682 , acc : 0.985 , elapse : 0.05507 min    - [Info] The checkpoint file has been updated.
[ Epoch 19 ]  - Training     loss : 0.03360 , acc : 0.986 , elapse : 0.30755 min  - Validation   loss : 0.04538 , acc : 0.985 , elapse : 0.05503 min    - [Info] The checkpoint file has been updated.
[ Epoch 20 ]  - Training     loss : 0.03138 , acc : 0.987 , elapse : 0.30764 min  - Validation   loss : 0.04471 , acc : 0.985 , elapse : 0.05514 min    - [Info] The checkpoint file has been updated.
[ Epoch 21 ]  - Training     loss : 0.03016 , acc : 0.987 , elapse : 0.30800 min  - Validation   loss : 0.04418 , acc : 0.986 , elapse : 0.05497 min    - [Info] The checkpoint file has been updated.
[ Epoch 22 ]  - Training     loss : 0.02973 , acc : 0.987 , elapse : 0.30503 min  - Validation   loss : 0.04417 , acc : 0.986 , elapse : 0.05386 min    - [Info] The checkpoint file has been updated.
[ Epoch 23 ]  - Training     loss : 0.02931 , acc : 0.987 , elapse : 0.30479 min  - Validation   loss : 0.04390 , acc : 0.986 , elapse : 0.05389 min
[ Epoch 24 ]  - Training     loss : 0.02986 , acc : 0.987 , elapse : 0.30636 min  - Validation   loss : 0.04787 , acc : 0.984 , elapse : 0.05410 min
[ Epoch 25 ]  - Training     loss : 0.03252 , acc : 0.986 , elapse : 0.30468 min  - Validation   loss : 0.04677 , acc : 0.985 , elapse : 0.05468 min
[ Epoch 26 ]  - Training     loss : 0.03000 , acc : 0.987 , elapse : 0.30463 min  - Validation   loss : 0.04643 , acc : 0.985 , elapse : 0.05429 min
[ Epoch 27 ]  - Training     loss : 0.02816 , acc : 0.988 , elapse : 0.30412 min  - Validation   loss : 0.04616 , acc : 0.985 , elapse : 0.05434 min
[ Epoch 28 ]  - Training     loss : 0.02686 , acc : 0.988 , elapse : 0.30545 min  - Validation   loss : 0.04456 , acc : 0.986 , elapse : 0.05417 min
[ Epoch 29 ]  - Training     loss : 0.02506 , acc : 0.989 , elapse : 0.30435 min  - Validation   loss : 0.04408 , acc : 0.986 , elapse : 0.05420 min
[ Epoch 30 ]  - Training     loss : 0.02242 , acc : 0.989 , elapse : 0.30433 min  - Validation   loss : 0.04269 , acc : 0.987 , elapse : 0.05403 min    - [Info] The checkpoint file has been updated.
[ Epoch 31 ]  - Training     loss : 0.02171 , acc : 0.990 , elapse : 0.30680 min  - Validation   loss : 0.04230 , acc : 0.987 , elapse : 0.05391 min
[ Epoch 32 ]  - Training     loss : 0.02022 , acc : 0.990 , elapse : 0.30456 min  - Validation   loss : 0.04099 , acc : 0.987 , elapse : 0.05446 min    - [Info] The checkpoint file has been updated.
[ Epoch 33 ]  - Training     loss : 0.01886 , acc : 0.991 , elapse : 0.30487 min  - Validation   loss : 0.04248 , acc : 0.987 , elapse : 0.05420 min
[ Epoch 34 ]  - Training     loss : 0.01771 , acc : 0.991 , elapse : 0.30520 min  - Validation   loss : 0.04115 , acc : 0.988 , elapse : 0.05480 min
[ Epoch 35 ]  - Training     loss : 0.01657 , acc : 0.992 , elapse : 0.30449 min  - Validation   loss : 0.04082 , acc : 0.988 , elapse : 0.05415 min    - [Info] The checkpoint file has been updated.
[ Epoch 36 ]  - Training     loss : 0.01536 , acc : 0.992 , elapse : 0.30472 min  - Validation   loss : 0.04129 , acc : 0.988 , elapse : 0.05457 min
[ Epoch 37 ]  - Training     loss : 0.01479 , acc : 0.993 , elapse : 0.30602 min  - Validation   loss : 0.04084 , acc : 0.988 , elapse : 0.05346 min
[ Epoch 38 ]  - Training     loss : 0.01423 , acc : 0.993 , elapse : 0.30522 min  - Validation   loss : 0.04268 , acc : 0.988 , elapse : 0.05406 min
[ Epoch 39 ]  - Training     loss : 0.01357 , acc : 0.993 , elapse : 0.30472 min  - Validation   loss : 0.04241 , acc : 0.988 , elapse : 0.05445 min
[ Epoch 40 ]  - Training     loss : 0.01260 , acc : 0.994 , elapse : 0.30794 min  - Validation   loss : 0.04132 , acc : 0.988 , elapse : 0.05512 min
[ Epoch 41 ]  - Training     loss : 0.01203 , acc : 0.994 , elapse : 0.30771 min  - Validation   loss : 0.04130 , acc : 0.988 , elapse : 0.05505 min
[ Epoch 42 ]  - Training     loss : 0.01190 , acc : 0.994 , elapse : 0.30846 min  - Validation   loss : 0.04138 , acc : 0.988 , elapse : 0.05509 min
[ Epoch 43 ]  - Training     loss : 0.01149 , acc : 0.994 , elapse : 0.30719 min  - Validation   loss : 0.04118 , acc : 0.988 , elapse : 0.05491 min
[ Epoch 44 ]  - Training     loss : 0.01126 , acc : 0.994 , elapse : 0.30988 min  - Validation   loss : 0.04093 , acc : 0.989 , elapse : 0.05426 min
[ Epoch 45 ]  - Training     loss : 0.01088 , acc : 0.994 , elapse : 0.30764 min  - Validation   loss : 0.04099 , acc : 0.989 , elapse : 0.05490 min
[ Epoch 46 ]  - Training     loss : 0.01088 , acc : 0.994 , elapse : 0.30681 min  - Validation   loss : 0.04097 , acc : 0.989 , elapse : 0.05495 min
[ Epoch 47 ]  - Training     loss : 0.01087 , acc : 0.994 , elapse : 0.30854 min  - Validation   loss : 0.04086 , acc : 0.989 , elapse : 0.05498 min
[ Epoch 48 ]  - Training     loss : 0.01070 , acc : 0.994 , elapse : 0.30797 min  - Validation   loss : 0.04085 , acc : 0.989 , elapse : 0.05510 min
[ Epoch 49 ]  - Training     loss : 0.01351 , acc : 0.993 , elapse : 0.30805 min  - Validation   loss : 0.04345 , acc : 0.988 , elapse : 0.05509 min
[ Epoch 50 ]  - Training     loss : 0.01384 , acc : 0.993 , elapse : 0.30792 min  - Validation   loss : 0.04257 , acc : 0.988 , elapse : 0.05507 min
[ Epoch 51 ]  - Training     loss : 0.01405 , acc : 0.993 , elapse : 0.30896 min  - Validation   loss : 0.04447 , acc : 0.988 , elapse : 0.05442 min
[ Epoch 52 ]  - Training     loss : 0.01314 , acc : 0.993 , elapse : 0.31072 min  - Validation   loss : 0.04179 , acc : 0.988 , elapse : 0.05496 min
[ Epoch 53 ]  - Training     loss : 0.01156 , acc : 0.994 , elapse : 0.30840 min  - Validation   loss : 0.04395 , acc : 0.988 , elapse : 0.05512 min
[ Epoch 54 ]  - Training     loss : 0.01147 , acc : 0.994 , elapse : 0.30774 min  - Validation   loss : 0.04484 , acc : 0.989 , elapse : 0.05496 min
[ Epoch 55 ]  - Training     loss : 0.01093 , acc : 0.994 , elapse : 0.30833 min  - Validation   loss : 0.04192 , acc : 0.989 , elapse : 0.05498 min
[ Epoch 56 ]  - Training     loss : 0.01105 , acc : 0.994 , elapse : 0.30949 min  - Validation   loss : 0.04299 , acc : 0.989 , elapse : 0.05496 min
[ Epoch 57 ]  - Training     loss : 0.00997 , acc : 0.995 , elapse : 0.30870 min  - Validation   loss : 0.04438 , acc : 0.988 , elapse : 0.05515 min
[ Epoch 58 ]  - Training     loss : 0.00890 , acc : 0.995 , elapse : 0.31017 min  - Validation   loss : 0.04331 , acc : 0.989 , elapse : 0.05440 min
[ Epoch 59 ]  - Training     loss : 0.00813 , acc : 0.995 , elapse : 0.30985 min  - Validation   loss : 0.04316 , acc : 0.989 , elapse : 0.05513 min
[ Epoch 60 ]  - Training     loss : 0.00764 , acc : 0.996 , elapse : 0.30845 min  - Validation   loss : 0.04522 , acc : 0.989 , elapse : 0.05503 min
[ Epoch 61 ]  - Training     loss : 0.00747 , acc : 0.996 , elapse : 0.30810 min  - Validation   loss : 0.04584 , acc : 0.989 , elapse : 0.05503 min
[ Epoch 62 ]  - Training     loss : 0.00698 , acc : 0.996 , elapse : 0.30713 min  - Validation   loss : 0.04643 , acc : 0.989 , elapse : 0.05493 min
[ Epoch 63 ]  - Training     loss : 0.00666 , acc : 0.996 , elapse : 0.30790 min  - Validation   loss : 0.04670 , acc : 0.989 , elapse : 0.05483 min
[ Epoch 64 ]  - Training     loss : 0.00616 , acc : 0.997 , elapse : 0.30639 min  - Validation   loss : 0.04675 , acc : 0.989 , elapse : 0.05447 min
[ Epoch 65 ]  - Training     loss : 0.00647 , acc : 0.996 , elapse : 0.30631 min  - Validation   loss : 0.04770 , acc : 0.989 , elapse : 0.05381 min
[ Epoch 66 ]  - Training     loss : 0.00557 , acc : 0.997 , elapse : 0.32278 min  - Validation   loss : 0.04626 , acc : 0.989 , elapse : 0.05486 min
[ Epoch 67 ]  - Training     loss : 0.00524 , acc : 0.997 , elapse : 0.30655 min  - Validation   loss : 0.04804 , acc : 0.989 , elapse : 0.05494 min
[ Epoch 68 ]  - Training     loss : 0.00492 , acc : 0.997 , elapse : 0.30657 min  - Validation   loss : 0.04633 , acc : 0.989 , elapse : 0.05482 min
[ Epoch 69 ]  - Training     loss : 0.00448 , acc : 0.998 , elapse : 0.30575 min  - Validation   loss : 0.04695 , acc : 0.989 , elapse : 0.05478 min
[ Epoch 70 ]  - Training     loss : 0.00436 , acc : 0.998 , elapse : 0.30772 min  - Validation   loss : 0.04770 , acc : 0.989 , elapse : 0.05495 min
[ Epoch 71 ]  - Training     loss : 0.00389 , acc : 0.998 , elapse : 0.30556 min  - Validation   loss : 0.04869 , acc : 0.989 , elapse : 0.05486 min
[ Epoch 72 ]  - Training     loss : 0.00379 , acc : 0.998 , elapse : 0.30700 min  - Validation   loss : 0.04843 , acc : 0.990 , elapse : 0.05408 min
[ Epoch 73 ]  - Training     loss : 0.00355 , acc : 0.998 , elapse : 0.30989 min  - Validation   loss : 0.04874 , acc : 0.990 , elapse : 0.05485 min
[ Epoch 74 ]  - Training     loss : 0.00347 , acc : 0.998 , elapse : 0.30712 min  - Validation   loss : 0.04902 , acc : 0.990 , elapse : 0.05477 min
[ Epoch 75 ]  - Training     loss : 0.00316 , acc : 0.998 , elapse : 0.30677 min  - Validation   loss : 0.04960 , acc : 0.990 , elapse : 0.05466 min
[ Epoch 76 ]  - Training     loss : 0.00325 , acc : 0.998 , elapse : 0.30631 min  - Validation   loss : 0.04919 , acc : 0.990 , elapse : 0.05482 min
[ Epoch 77 ]  - Training     loss : 0.00298 , acc : 0.998 , elapse : 0.30625 min  - Validation   loss : 0.04928 , acc : 0.990 , elapse : 0.05487 min
[ Epoch 78 ]  - Training     loss : 0.00280 , acc : 0.999 , elapse : 0.30855 min  - Validation   loss : 0.05015 , acc : 0.990 , elapse : 0.05482 min
[ Epoch 79 ]  - Training     loss : 0.00258 , acc : 0.999 , elapse : 0.30798 min  - Validation   loss : 0.04946 , acc : 0.990 , elapse : 0.05421 min
[ Epoch 80 ]  - Training     loss : 0.00259 , acc : 0.999 , elapse : 0.30729 min  - Validation   loss : 0.04990 , acc : 0.990 , elapse : 0.05486 min
[ Epoch 81 ]  - Training     loss : 0.00242 , acc : 0.999 , elapse : 0.30688 min  - Validation   loss : 0.05113 , acc : 0.990 , elapse : 0.05490 min
[ Epoch 82 ]  - Training     loss : 0.00231 , acc : 0.999 , elapse : 0.30628 min  - Validation   loss : 0.05114 , acc : 0.990 , elapse : 0.05475 min
[ Epoch 83 ]  - Training     loss : 0.00217 , acc : 0.999 , elapse : 0.30689 min  - Validation   loss : 0.05029 , acc : 0.990 , elapse : 0.05516 min
[ Epoch 84 ]  - Training     loss : 0.00209 , acc : 0.999 , elapse : 0.30640 min  - Validation   loss : 0.05055 , acc : 0.990 , elapse : 0.05479 min
[ Epoch 85 ]  - Training     loss : 0.00211 , acc : 0.999 , elapse : 0.30783 min  - Validation   loss : 0.05156 , acc : 0.990 , elapse : 0.05474 min
[ Epoch 86 ]  - Training     loss : 0.00201 , acc : 0.999 , elapse : 0.30753 min  - Validation   loss : 0.05144 , acc : 0.990 , elapse : 0.05413 min
[ Epoch 87 ]  - Training     loss : 0.00199 , acc : 0.999 , elapse : 0.30795 min  - Validation   loss : 0.05162 , acc : 0.990 , elapse : 0.05482 min
[ Epoch 88 ]  - Training     loss : 0.00193 , acc : 0.999 , elapse : 0.30659 min  - Validation   loss : 0.05148 , acc : 0.990 , elapse : 0.05494 min
[ Epoch 89 ]  - Training     loss : 0.00192 , acc : 0.999 , elapse : 0.30638 min  - Validation   loss : 0.05182 , acc : 0.990 , elapse : 0.05484 min
[ Epoch 90 ]  - Training     loss : 0.00194 , acc : 0.999 , elapse : 0.30641 min  - Validation   loss : 0.05178 , acc : 0.990 , elapse : 0.05494 min
[ Epoch 91 ]  - Training     loss : 0.00187 , acc : 0.999 , elapse : 0.30617 min  - Validation   loss : 0.05165 , acc : 0.990 , elapse : 0.05480 min
[ Epoch 92 ]  - Training     loss : 0.00187 , acc : 0.999 , elapse : 0.30595 min  - Validation   loss : 0.05167 , acc : 0.990 , elapse : 0.05491 min
[ Epoch 93 ]  - Training     loss : 0.00190 , acc : 0.999 , elapse : 0.30949 min  - Validation   loss : 0.05189 , acc : 0.990 , elapse : 0.05428 min
[ Epoch 94 ]  - Training     loss : 0.00185 , acc : 0.999 , elapse : 0.30850 min  - Validation   loss : 0.05181 , acc : 0.990 , elapse : 0.05476 min
[ Epoch 95 ]  - Training     loss : 0.00182 , acc : 0.999 , elapse : 0.30615 min  - Validation   loss : 0.05184 , acc : 0.990 , elapse : 0.05476 min
[ Epoch 96 ]  - Training     loss : 0.00179 , acc : 0.999 , elapse : 0.30645 min  - Validation   loss : 0.05186 , acc : 0.990 , elapse : 0.05474 min
[ Epoch 97 ]  - Training     loss : 0.00172 , acc : 0.999 , elapse : 0.30729 min  - Validation   loss : 0.05186 , acc : 0.990 , elapse : 0.05504 min
[ Epoch 98 ]  - Training     loss : 0.00329 , acc : 0.998 , elapse : 0.30681 min  - Validation   loss : 0.05526 , acc : 0.989 , elapse : 0.05493 min
[ Epoch 99 ]  - Training     loss : 0.00443 , acc : 0.998 , elapse : 0.30623 min  - Validation   loss : 0.05279 , acc : 0.989 , elapse : 0.05475 min
Finish training ~ v ~
~~~~~~~~~~~~~~~~~~~~~~~~~~~~~
3th fold (total : 5)
Create model...
Start training...
[ Epoch 0 ]  - Training     loss : 0.25773 , acc : 0.918 , elapse : 0.30485 min  - Validation   loss : 0.20685 , acc : 0.932 , elapse : 0.05409 min    - [Info] The checkpoint file has been updated.
[ Epoch 1 ]  - Training     loss : 0.18601 , acc : 0.940 , elapse : 0.30729 min  - Validation   loss : 0.16119 , acc : 0.948 , elapse : 0.05460 min    - [Info] The checkpoint file has been updated.
[ Epoch 2 ]  - Training     loss : 0.14574 , acc : 0.952 , elapse : 0.30623 min  - Validation   loss : 0.14205 , acc : 0.953 , elapse : 0.05478 min    - [Info] The checkpoint file has been updated.
[ Epoch 3 ]  - Training     loss : 0.12603 , acc : 0.957 , elapse : 0.31396 min  - Validation   loss : 0.11615 , acc : 0.961 , elapse : 0.05455 min    - [Info] The checkpoint file has been updated.
[ Epoch 4 ]  - Training     loss : 0.10432 , acc : 0.964 , elapse : 0.30495 min  - Validation   loss : 0.10177 , acc : 0.966 , elapse : 0.05473 min    - [Info] The checkpoint file has been updated.
[ Epoch 5 ]  - Training     loss : 0.09433 , acc : 0.967 , elapse : 0.30515 min  - Validation   loss : 0.09799 , acc : 0.968 , elapse : 0.05482 min    - [Info] The checkpoint file has been updated.
[ Epoch 6 ]  - Training     loss : 0.09046 , acc : 0.968 , elapse : 0.30569 min  - Validation   loss : 0.08825 , acc : 0.971 , elapse : 0.05495 min    - [Info] The checkpoint file has been updated.
[ Epoch 7 ]  - Training     loss : 0.07796 , acc : 0.972 , elapse : 0.30825 min  - Validation   loss : 0.07892 , acc : 0.974 , elapse : 0.05456 min    - [Info] The checkpoint file has been updated.
[ Epoch 8 ]  - Training     loss : 0.07009 , acc : 0.975 , elapse : 0.30690 min  - Validation   loss : 0.07197 , acc : 0.976 , elapse : 0.05428 min    - [Info] The checkpoint file has been updated.
[ Epoch 9 ]  - Training     loss : 0.06375 , acc : 0.977 , elapse : 0.30628 min  - Validation   loss : 0.06769 , acc : 0.978 , elapse : 0.05481 min    - [Info] The checkpoint file has been updated.
[ Epoch 10 ]  - Training     loss : 0.06051 , acc : 0.978 , elapse : 0.30579 min  - Validation   loss : 0.06572 , acc : 0.979 , elapse : 0.05481 min    - [Info] The checkpoint file has been updated.
[ Epoch 11 ]  - Training     loss : 0.05860 , acc : 0.978 , elapse : 0.30685 min  - Validation   loss : 0.06501 , acc : 0.980 , elapse : 0.05476 min    - [Info] The checkpoint file has been updated.
[ Epoch 12 ]  - Training     loss : 0.06033 , acc : 0.978 , elapse : 0.30578 min  - Validation   loss : 0.06478 , acc : 0.980 , elapse : 0.05488 min    - [Info] The checkpoint file has been updated.
[ Epoch 13 ]  - Training     loss : 0.05639 , acc : 0.979 , elapse : 0.30640 min  - Validation   loss : 0.06104 , acc : 0.981 , elapse : 0.05465 min    - [Info] The checkpoint file has been updated.
[ Epoch 14 ]  - Training     loss : 0.05141 , acc : 0.981 , elapse : 0.30597 min  - Validation   loss : 0.05834 , acc : 0.982 , elapse : 0.05450 min    - [Info] The checkpoint file has been updated.
[ Epoch 15 ]  - Training     loss : 0.04790 , acc : 0.982 , elapse : 0.30592 min  - Validation   loss : 0.05633 , acc : 0.982 , elapse : 0.05462 min    - [Info] The checkpoint file has been updated.
[ Epoch 16 ]  - Training     loss : 0.04434 , acc : 0.983 , elapse : 0.30852 min  - Validation   loss : 0.05338 , acc : 0.983 , elapse : 0.05494 min    - [Info] The checkpoint file has been updated.
[ Epoch 17 ]  - Training     loss : 0.04090 , acc : 0.984 , elapse : 0.30594 min  - Validation   loss : 0.05180 , acc : 0.984 , elapse : 0.05482 min    - [Info] The checkpoint file has been updated.
[ Epoch 18 ]  - Training     loss : 0.03915 , acc : 0.984 , elapse : 0.30625 min  - Validation   loss : 0.05120 , acc : 0.985 , elapse : 0.05474 min    - [Info] The checkpoint file has been updated.
[ Epoch 19 ]  - Training     loss : 0.03659 , acc : 0.985 , elapse : 0.30604 min  - Validation   loss : 0.04971 , acc : 0.985 , elapse : 0.05489 min    - [Info] The checkpoint file has been updated.
[ Epoch 20 ]  - Training     loss : 0.03456 , acc : 0.986 , elapse : 0.30646 min  - Validation   loss : 0.04775 , acc : 0.985 , elapse : 0.05472 min
[ Epoch 21 ]  - Training     loss : 0.03350 , acc : 0.986 , elapse : 0.30583 min  - Validation   loss : 0.04742 , acc : 0.985 , elapse : 0.05325 min    - [Info] The checkpoint file has been updated.
[ Epoch 22 ]  - Training     loss : 0.03258 , acc : 0.986 , elapse : 0.30528 min  - Validation   loss : 0.04667 , acc : 0.985 , elapse : 0.05469 min    - [Info] The checkpoint file has been updated.
[ Epoch 23 ]  - Training     loss : 0.03225 , acc : 0.986 , elapse : 0.30676 min  - Validation   loss : 0.04677 , acc : 0.986 , elapse : 0.05467 min
[ Epoch 24 ]  - Training     loss : 0.03394 , acc : 0.986 , elapse : 0.30580 min  - Validation   loss : 0.04916 , acc : 0.985 , elapse : 0.05479 min
[ Epoch 25 ]  - Training     loss : 0.03640 , acc : 0.985 , elapse : 0.30633 min  - Validation   loss : 0.04813 , acc : 0.985 , elapse : 0.05486 min
[ Epoch 26 ]  - Training     loss : 0.03329 , acc : 0.986 , elapse : 0.30611 min  - Validation   loss : 0.04821 , acc : 0.986 , elapse : 0.05497 min
[ Epoch 27 ]  - Training     loss : 0.03118 , acc : 0.987 , elapse : 0.30636 min  - Validation   loss : 0.04715 , acc : 0.986 , elapse : 0.05482 min
[ Epoch 28 ]  - Training     loss : 0.02887 , acc : 0.987 , elapse : 0.30862 min  - Validation   loss : 0.04410 , acc : 0.986 , elapse : 0.05418 min    - [Info] The checkpoint file has been updated.
[ Epoch 29 ]  - Training     loss : 0.02664 , acc : 0.988 , elapse : 0.30577 min  - Validation   loss : 0.04457 , acc : 0.986 , elapse : 0.05489 min
[ Epoch 30 ]  - Training     loss : 0.02538 , acc : 0.988 , elapse : 0.30603 min  - Validation   loss : 0.04453 , acc : 0.987 , elapse : 0.05490 min
[ Epoch 31 ]  - Training     loss : 0.02342 , acc : 0.989 , elapse : 0.30547 min  - Validation   loss : 0.04310 , acc : 0.987 , elapse : 0.05463 min    - [Info] The checkpoint file has been updated.
[ Epoch 32 ]  - Training     loss : 0.02254 , acc : 0.989 , elapse : 0.30549 min  - Validation   loss : 0.04215 , acc : 0.987 , elapse : 0.05473 min    - [Info] The checkpoint file has been updated.
[ Epoch 33 ]  - Training     loss : 0.02116 , acc : 0.990 , elapse : 0.30589 min  - Validation   loss : 0.04291 , acc : 0.988 , elapse : 0.05496 min
[ Epoch 34 ]  - Training     loss : 0.01970 , acc : 0.991 , elapse : 0.30545 min  - Validation   loss : 0.04037 , acc : 0.988 , elapse : 0.05493 min    - [Info] The checkpoint file has been updated.
[ Epoch 35 ]  - Training     loss : 0.01837 , acc : 0.991 , elapse : 0.30689 min  - Validation   loss : 0.04172 , acc : 0.988 , elapse : 0.05401 min
[ Epoch 36 ]  - Training     loss : 0.01725 , acc : 0.991 , elapse : 0.30866 min  - Validation   loss : 0.04052 , acc : 0.988 , elapse : 0.05495 min
[ Epoch 37 ]  - Training     loss : 0.01646 , acc : 0.992 , elapse : 0.30564 min  - Validation   loss : 0.04001 , acc : 0.988 , elapse : 0.05481 min    - [Info] The checkpoint file has been updated.
[ Epoch 38 ]  - Training     loss : 0.01599 , acc : 0.992 , elapse : 0.30561 min  - Validation   loss : 0.04025 , acc : 0.988 , elapse : 0.05491 min
[ Epoch 39 ]  - Training     loss : 0.01503 , acc : 0.992 , elapse : 0.30598 min  - Validation   loss : 0.04069 , acc : 0.988 , elapse : 0.05484 min
[ Epoch 40 ]  - Training     loss : 0.01405 , acc : 0.993 , elapse : 0.30573 min  - Validation   loss : 0.03986 , acc : 0.988 , elapse : 0.05495 min    - [Info] The checkpoint file has been updated.
[ Epoch 41 ]  - Training     loss : 0.01391 , acc : 0.993 , elapse : 0.30573 min  - Validation   loss : 0.03983 , acc : 0.989 , elapse : 0.05431 min    - [Info] The checkpoint file has been updated.
[ Epoch 42 ]  - Training     loss : 0.01370 , acc : 0.993 , elapse : 0.30542 min  - Validation   loss : 0.03995 , acc : 0.989 , elapse : 0.05421 min
[ Epoch 43 ]  - Training     loss : 0.01278 , acc : 0.993 , elapse : 0.30537 min  - Validation   loss : 0.03988 , acc : 0.989 , elapse : 0.05472 min
[ Epoch 44 ]  - Training     loss : 0.01262 , acc : 0.994 , elapse : 0.30763 min  - Validation   loss : 0.03990 , acc : 0.989 , elapse : 0.05494 min
[ Epoch 45 ]  - Training     loss : 0.01256 , acc : 0.994 , elapse : 0.30588 min  - Validation   loss : 0.03960 , acc : 0.989 , elapse : 0.05483 min
[ Epoch 46 ]  - Training     loss : 0.01243 , acc : 0.994 , elapse : 0.30518 min  - Validation   loss : 0.03950 , acc : 0.989 , elapse : 0.05487 min
[ Epoch 47 ]  - Training     loss : 0.01212 , acc : 0.994 , elapse : 0.30722 min  - Validation   loss : 0.03947 , acc : 0.989 , elapse : 0.05487 min
[ Epoch 48 ]  - Training     loss : 0.01237 , acc : 0.994 , elapse : 0.30581 min  - Validation   loss : 0.03945 , acc : 0.989 , elapse : 0.05424 min
[ Epoch 49 ]  - Training     loss : 0.01500 , acc : 0.993 , elapse : 0.30885 min  - Validation   loss : 0.04199 , acc : 0.988 , elapse : 0.05451 min
[ Epoch 50 ]  - Training     loss : 0.01660 , acc : 0.992 , elapse : 0.30543 min  - Validation   loss : 0.04261 , acc : 0.988 , elapse : 0.05479 min
[ Epoch 51 ]  - Training     loss : 0.01486 , acc : 0.992 , elapse : 0.30525 min  - Validation   loss : 0.04178 , acc : 0.989 , elapse : 0.05473 min
[ Epoch 52 ]  - Training     loss : 0.01437 , acc : 0.993 , elapse : 0.30645 min  - Validation   loss : 0.04218 , acc : 0.989 , elapse : 0.05477 min
[ Epoch 53 ]  - Training     loss : 0.01334 , acc : 0.993 , elapse : 0.30648 min  - Validation   loss : 0.04128 , acc : 0.989 , elapse : 0.05487 min
[ Epoch 54 ]  - Training     loss : 0.01290 , acc : 0.993 , elapse : 0.30549 min  - Validation   loss : 0.04240 , acc : 0.989 , elapse : 0.05471 min
[ Epoch 55 ]  - Training     loss : 0.01176 , acc : 0.994 , elapse : 0.30526 min  - Validation   loss : 0.04255 , acc : 0.989 , elapse : 0.05411 min
[ Epoch 56 ]  - Training     loss : 0.01097 , acc : 0.994 , elapse : 0.30695 min  - Validation   loss : 0.04195 , acc : 0.989 , elapse : 0.05475 min
[ Epoch 57 ]  - Training     loss : 0.01092 , acc : 0.994 , elapse : 0.30653 min  - Validation   loss : 0.04338 , acc : 0.989 , elapse : 0.05484 min
[ Epoch 58 ]  - Training     loss : 0.01085 , acc : 0.994 , elapse : 0.30585 min  - Validation   loss : 0.04464 , acc : 0.989 , elapse : 0.05487 min
[ Epoch 59 ]  - Training     loss : 0.00983 , acc : 0.995 , elapse : 0.30568 min  - Validation   loss : 0.04362 , acc : 0.989 , elapse : 0.05481 min
[ Epoch 60 ]  - Training     loss : 0.00914 , acc : 0.995 , elapse : 0.30491 min  - Validation   loss : 0.04349 , acc : 0.989 , elapse : 0.05483 min
[ Epoch 61 ]  - Training     loss : 0.00868 , acc : 0.995 , elapse : 0.30427 min  - Validation   loss : 0.04374 , acc : 0.989 , elapse : 0.05481 min
[ Epoch 62 ]  - Training     loss : 0.00827 , acc : 0.996 , elapse : 0.30701 min  - Validation   loss : 0.04544 , acc : 0.990 , elapse : 0.05420 min
[ Epoch 63 ]  - Training     loss : 0.00757 , acc : 0.996 , elapse : 0.30667 min  - Validation   loss : 0.04408 , acc : 0.990 , elapse : 0.05489 min
[ Epoch 64 ]  - Training     loss : 0.00722 , acc : 0.996 , elapse : 0.30593 min  - Validation   loss : 0.04413 , acc : 0.990 , elapse : 0.05493 min
[ Epoch 65 ]  - Training     loss : 0.00656 , acc : 0.996 , elapse : 0.30589 min  - Validation   loss : 0.04383 , acc : 0.990 , elapse : 0.05478 min
[ Epoch 66 ]  - Training     loss : 0.00632 , acc : 0.997 , elapse : 0.30563 min  - Validation   loss : 0.04389 , acc : 0.990 , elapse : 0.05520 min
[ Epoch 67 ]  - Training     loss : 0.00600 , acc : 0.997 , elapse : 0.30632 min  - Validation   loss : 0.04559 , acc : 0.990 , elapse : 0.05483 min
[ Epoch 68 ]  - Training     loss : 0.00554 , acc : 0.997 , elapse : 0.30545 min  - Validation   loss : 0.04695 , acc : 0.990 , elapse : 0.05489 min
[ Epoch 69 ]  - Training     loss : 0.00509 , acc : 0.997 , elapse : 0.30777 min  - Validation   loss : 0.04669 , acc : 0.990 , elapse : 0.05389 min
[ Epoch 70 ]  - Training     loss : 0.00468 , acc : 0.998 , elapse : 0.30649 min  - Validation   loss : 0.04605 , acc : 0.990 , elapse : 0.05465 min
[ Epoch 71 ]  - Training     loss : 0.00461 , acc : 0.997 , elapse : 0.30618 min  - Validation   loss : 0.04593 , acc : 0.990 , elapse : 0.05485 min
[ Epoch 72 ]  - Training     loss : 0.00420 , acc : 0.998 , elapse : 0.30790 min  - Validation   loss : 0.04623 , acc : 0.990 , elapse : 0.05492 min
[ Epoch 73 ]  - Training     loss : 0.00407 , acc : 0.998 , elapse : 0.30612 min  - Validation   loss : 0.04623 , acc : 0.990 , elapse : 0.05490 min
[ Epoch 74 ]  - Training     loss : 0.00406 , acc : 0.998 , elapse : 0.30565 min  - Validation   loss : 0.04687 , acc : 0.990 , elapse : 0.05496 min
[ Epoch 75 ]  - Training     loss : 0.00372 , acc : 0.998 , elapse : 0.30657 min  - Validation   loss : 0.04753 , acc : 0.990 , elapse : 0.05470 min
[ Epoch 76 ]  - Training     loss : 0.00350 , acc : 0.998 , elapse : 0.30664 min  - Validation   loss : 0.04815 , acc : 0.990 , elapse : 0.05419 min
[ Epoch 77 ]  - Training     loss : 0.00338 , acc : 0.998 , elapse : 0.30710 min  - Validation   loss : 0.04849 , acc : 0.990 , elapse : 0.05481 min
[ Epoch 78 ]  - Training     loss : 0.00324 , acc : 0.998 , elapse : 0.30642 min  - Validation   loss : 0.04793 , acc : 0.991 , elapse : 0.05494 min
[ Epoch 79 ]  - Training     loss : 0.00306 , acc : 0.998 , elapse : 0.30756 min  - Validation   loss : 0.04837 , acc : 0.990 , elapse : 0.05473 min
[ Epoch 80 ]  - Training     loss : 0.00288 , acc : 0.999 , elapse : 0.30636 min  - Validation   loss : 0.04886 , acc : 0.991 , elapse : 0.05471 min
[ Epoch 81 ]  - Training     loss : 0.00275 , acc : 0.999 , elapse : 0.30569 min  - Validation   loss : 0.04851 , acc : 0.991 , elapse : 0.05490 min
[ Epoch 82 ]  - Training     loss : 0.00270 , acc : 0.999 , elapse : 0.30657 min  - Validation   loss : 0.04872 , acc : 0.991 , elapse : 0.05472 min
[ Epoch 83 ]  - Training     loss : 0.00259 , acc : 0.999 , elapse : 0.30635 min  - Validation   loss : 0.04868 , acc : 0.991 , elapse : 0.05456 min
[ Epoch 84 ]  - Training     loss : 0.00248 , acc : 0.999 , elapse : 0.30609 min  - Validation   loss : 0.04854 , acc : 0.991 , elapse : 0.05487 min
[ Epoch 85 ]  - Training     loss : 0.00235 , acc : 0.999 , elapse : 0.30825 min  - Validation   loss : 0.04875 , acc : 0.991 , elapse : 0.05491 min
[ Epoch 86 ]  - Training     loss : 0.00240 , acc : 0.999 , elapse : 0.30668 min  - Validation   loss : 0.04847 , acc : 0.991 , elapse : 0.05506 min
[ Epoch 87 ]  - Training     loss : 0.00238 , acc : 0.999 , elapse : 0.30524 min  - Validation   loss : 0.04863 , acc : 0.991 , elapse : 0.05474 min
[ Epoch 88 ]  - Training     loss : 0.00232 , acc : 0.999 , elapse : 0.30704 min  - Validation   loss : 0.04876 , acc : 0.991 , elapse : 0.05471 min
[ Epoch 89 ]  - Training     loss : 0.00222 , acc : 0.999 , elapse : 0.30454 min  - Validation   loss : 0.04919 , acc : 0.991 , elapse : 0.05417 min
[ Epoch 90 ]  - Training     loss : 0.00219 , acc : 0.999 , elapse : 0.30596 min  - Validation   loss : 0.04892 , acc : 0.991 , elapse : 0.05454 min
[ Epoch 91 ]  - Training     loss : 0.00224 , acc : 0.999 , elapse : 0.30611 min  - Validation   loss : 0.04874 , acc : 0.991 , elapse : 0.05488 min
[ Epoch 92 ]  - Training     loss : 0.00219 , acc : 0.999 , elapse : 0.30549 min  - Validation   loss : 0.04897 , acc : 0.991 , elapse : 0.05479 min
[ Epoch 93 ]  - Training     loss : 0.00205 , acc : 0.999 , elapse : 0.30463 min  - Validation   loss : 0.04907 , acc : 0.991 , elapse : 0.05478 min
[ Epoch 94 ]  - Training     loss : 0.00212 , acc : 0.999 , elapse : 0.30750 min  - Validation   loss : 0.04899 , acc : 0.991 , elapse : 0.05497 min
[ Epoch 95 ]  - Training     loss : 0.00204 , acc : 0.999 , elapse : 0.30503 min  - Validation   loss : 0.04895 , acc : 0.991 , elapse : 0.05492 min
[ Epoch 96 ]  - Training     loss : 0.00207 , acc : 0.999 , elapse : 0.30653 min  - Validation   loss : 0.04890 , acc : 0.991 , elapse : 0.05462 min
[ Epoch 97 ]  - Training     loss : 0.00201 , acc : 0.999 , elapse : 0.30677 min  - Validation   loss : 0.04890 , acc : 0.991 , elapse : 0.05477 min
[ Epoch 98 ]  - Training     loss : 0.00278 , acc : 0.999 , elapse : 0.30487 min  - Validation   loss : 0.05135 , acc : 0.990 , elapse : 0.05481 min
[ Epoch 99 ]  - Training     loss : 0.00441 , acc : 0.998 , elapse : 0.30518 min  - Validation   loss : 0.05045 , acc : 0.990 , elapse : 0.05463 min
Finish training ~ v ~
~~~~~~~~~~~~~~~~~~~~~~~~~~~~~
4th fold (total : 5)
Create model...
Start training...
[ Epoch 0 ]  - Training     loss : 0.25447 , acc : 0.921 , elapse : 0.30614 min  - Validation   loss : 0.20284 , acc : 0.937 , elapse : 0.05471 min    - [Info] The checkpoint file has been updated.
[ Epoch 1 ]  - Training     loss : 0.18240 , acc : 0.941 , elapse : 0.30819 min  - Validation   loss : 0.15236 , acc : 0.952 , elapse : 0.05479 min    - [Info] The checkpoint file has been updated.
[ Epoch 2 ]  - Training     loss : 0.14253 , acc : 0.954 , elapse : 0.30625 min  - Validation   loss : 0.13342 , acc : 0.958 , elapse : 0.05478 min    - [Info] The checkpoint file has been updated.
[ Epoch 3 ]  - Training     loss : 0.12095 , acc : 0.960 , elapse : 0.30664 min  - Validation   loss : 0.10435 , acc : 0.968 , elapse : 0.05404 min    - [Info] The checkpoint file has been updated.
[ Epoch 4 ]  - Training     loss : 0.09941 , acc : 0.967 , elapse : 0.30668 min  - Validation   loss : 0.09227 , acc : 0.971 , elapse : 0.05442 min    - [Info] The checkpoint file has been updated.
[ Epoch 5 ]  - Training     loss : 0.09124 , acc : 0.969 , elapse : 0.30822 min  - Validation   loss : 0.08920 , acc : 0.972 , elapse : 0.05473 min    - [Info] The checkpoint file has been updated.
[ Epoch 6 ]  - Training     loss : 0.08725 , acc : 0.970 , elapse : 0.30543 min  - Validation   loss : 0.07967 , acc : 0.974 , elapse : 0.05478 min    - [Info] The checkpoint file has been updated.
[ Epoch 7 ]  - Training     loss : 0.07683 , acc : 0.974 , elapse : 0.30562 min  - Validation   loss : 0.07208 , acc : 0.977 , elapse : 0.05468 min    - [Info] The checkpoint file has been updated.
[ Epoch 8 ]  - Training     loss : 0.06891 , acc : 0.976 , elapse : 0.30646 min  - Validation   loss : 0.06600 , acc : 0.979 , elapse : 0.05464 min    - [Info] The checkpoint file has been updated.
[ Epoch 9 ]  - Training     loss : 0.06311 , acc : 0.978 , elapse : 0.30539 min  - Validation   loss : 0.06322 , acc : 0.979 , elapse : 0.05459 min    - [Info] The checkpoint file has been updated.
[ Epoch 10 ]  - Training     loss : 0.05917 , acc : 0.979 , elapse : 0.30710 min  - Validation   loss : 0.06101 , acc : 0.980 , elapse : 0.05394 min    - [Info] The checkpoint file has been updated.
[ Epoch 11 ]  - Training     loss : 0.05691 , acc : 0.979 , elapse : 0.30726 min  - Validation   loss : 0.06080 , acc : 0.980 , elapse : 0.05455 min    - [Info] The checkpoint file has been updated.
[ Epoch 12 ]  - Training     loss : 0.05912 , acc : 0.978 , elapse : 0.30797 min  - Validation   loss : 0.06029 , acc : 0.981 , elapse : 0.05484 min    - [Info] The checkpoint file has been updated.
[ Epoch 13 ]  - Training     loss : 0.05606 , acc : 0.980 , elapse : 0.30793 min  - Validation   loss : 0.05638 , acc : 0.982 , elapse : 0.05470 min    - [Info] The checkpoint file has been updated.
[ Epoch 14 ]  - Training     loss : 0.05098 , acc : 0.981 , elapse : 0.30758 min  - Validation   loss : 0.05453 , acc : 0.983 , elapse : 0.05482 min    - [Info] The checkpoint file has been updated.
[ Epoch 15 ]  - Training     loss : 0.04750 , acc : 0.982 , elapse : 0.30624 min  - Validation   loss : 0.05246 , acc : 0.984 , elapse : 0.05454 min    - [Info] The checkpoint file has been updated.
[ Epoch 16 ]  - Training     loss : 0.04367 , acc : 0.983 , elapse : 0.30636 min  - Validation   loss : 0.05243 , acc : 0.984 , elapse : 0.05467 min    - [Info] The checkpoint file has been updated.
[ Epoch 17 ]  - Training     loss : 0.04036 , acc : 0.984 , elapse : 0.30781 min  - Validation   loss : 0.04872 , acc : 0.985 , elapse : 0.05408 min    - [Info] The checkpoint file has been updated.
[ Epoch 18 ]  - Training     loss : 0.03797 , acc : 0.985 , elapse : 0.30640 min  - Validation   loss : 0.04826 , acc : 0.985 , elapse : 0.05493 min    - [Info] The checkpoint file has been updated.
[ Epoch 19 ]  - Training     loss : 0.03543 , acc : 0.985 , elapse : 0.30571 min  - Validation   loss : 0.04713 , acc : 0.985 , elapse : 0.05474 min    - [Info] The checkpoint file has been updated.
[ Epoch 20 ]  - Training     loss : 0.03361 , acc : 0.986 , elapse : 0.30659 min  - Validation   loss : 0.04604 , acc : 0.986 , elapse : 0.05474 min    - [Info] The checkpoint file has been updated.
[ Epoch 21 ]  - Training     loss : 0.03264 , acc : 0.986 , elapse : 0.30477 min  - Validation   loss : 0.04559 , acc : 0.986 , elapse : 0.05426 min    - [Info] The checkpoint file has been updated.
[ Epoch 22 ]  - Training     loss : 0.03171 , acc : 0.987 , elapse : 0.30527 min  - Validation   loss : 0.04524 , acc : 0.986 , elapse : 0.05421 min    - [Info] The checkpoint file has been updated.
[ Epoch 23 ]  - Training     loss : 0.03118 , acc : 0.987 , elapse : 0.30423 min  - Validation   loss : 0.04503 , acc : 0.986 , elapse : 0.05392 min    - [Info] The checkpoint file has been updated.
[ Epoch 24 ]  - Training     loss : 0.03270 , acc : 0.986 , elapse : 0.30448 min  - Validation   loss : 0.04830 , acc : 0.986 , elapse : 0.05361 min
[ Epoch 25 ]  - Training     loss : 0.03430 , acc : 0.986 , elapse : 0.30484 min  - Validation   loss : 0.04591 , acc : 0.986 , elapse : 0.05406 min
[ Epoch 26 ]  - Training     loss : 0.03220 , acc : 0.986 , elapse : 0.30358 min  - Validation   loss : 0.04668 , acc : 0.986 , elapse : 0.05413 min
[ Epoch 27 ]  - Training     loss : 0.02971 , acc : 0.987 , elapse : 0.30414 min  - Validation   loss : 0.04526 , acc : 0.987 , elapse : 0.05399 min
[ Epoch 28 ]  - Training     loss : 0.02890 , acc : 0.987 , elapse : 0.30317 min  - Validation   loss : 0.04391 , acc : 0.987 , elapse : 0.05430 min    - [Info] The checkpoint file has been updated.
[ Epoch 29 ]  - Training     loss : 0.02647 , acc : 0.988 , elapse : 0.30398 min  - Validation   loss : 0.04315 , acc : 0.987 , elapse : 0.05410 min    - [Info] The checkpoint file has been updated.
[ Epoch 30 ]  - Training     loss : 0.02478 , acc : 0.989 , elapse : 0.30487 min  - Validation   loss : 0.04176 , acc : 0.987 , elapse : 0.05388 min    - [Info] The checkpoint file has been updated.
[ Epoch 31 ]  - Training     loss : 0.02330 , acc : 0.989 , elapse : 0.30519 min  - Validation   loss : 0.04337 , acc : 0.987 , elapse : 0.05432 min
[ Epoch 32 ]  - Training     loss : 0.02121 , acc : 0.990 , elapse : 0.30607 min  - Validation   loss : 0.04230 , acc : 0.988 , elapse : 0.05437 min
[ Epoch 33 ]  - Training     loss : 0.02038 , acc : 0.991 , elapse : 0.30421 min  - Validation   loss : 0.04058 , acc : 0.988 , elapse : 0.05421 min    - [Info] The checkpoint file has been updated.
[ Epoch 34 ]  - Training     loss : 0.01919 , acc : 0.991 , elapse : 0.30604 min  - Validation   loss : 0.03952 , acc : 0.988 , elapse : 0.05481 min    - [Info] The checkpoint file has been updated.
[ Epoch 35 ]  - Training     loss : 0.01782 , acc : 0.991 , elapse : 0.30764 min  - Validation   loss : 0.04035 , acc : 0.988 , elapse : 0.05486 min
[ Epoch 36 ]  - Training     loss : 0.01706 , acc : 0.992 , elapse : 0.30618 min  - Validation   loss : 0.03954 , acc : 0.988 , elapse : 0.05421 min
[ Epoch 37 ]  - Training     loss : 0.01592 , acc : 0.992 , elapse : 0.30338 min  - Validation   loss : 0.03980 , acc : 0.988 , elapse : 0.05380 min
[ Epoch 38 ]  - Training     loss : 0.01514 , acc : 0.993 , elapse : 0.30538 min  - Validation   loss : 0.04031 , acc : 0.989 , elapse : 0.05424 min
[ Epoch 39 ]  - Training     loss : 0.01440 , acc : 0.993 , elapse : 0.30683 min  - Validation   loss : 0.03958 , acc : 0.989 , elapse : 0.05474 min
[ Epoch 40 ]  - Training     loss : 0.01376 , acc : 0.993 , elapse : 0.30696 min  - Validation   loss : 0.03968 , acc : 0.989 , elapse : 0.05466 min
[ Epoch 41 ]  - Training     loss : 0.01339 , acc : 0.993 , elapse : 0.30634 min  - Validation   loss : 0.04018 , acc : 0.989 , elapse : 0.05478 min
[ Epoch 42 ]  - Training     loss : 0.01289 , acc : 0.994 , elapse : 0.30605 min  - Validation   loss : 0.04027 , acc : 0.989 , elapse : 0.05473 min
[ Epoch 43 ]  - Training     loss : 0.01255 , acc : 0.994 , elapse : 0.30580 min  - Validation   loss : 0.04009 , acc : 0.989 , elapse : 0.05470 min
[ Epoch 44 ]  - Training     loss : 0.01220 , acc : 0.994 , elapse : 0.30613 min  - Validation   loss : 0.03978 , acc : 0.989 , elapse : 0.05383 min
[ Epoch 45 ]  - Training     loss : 0.01194 , acc : 0.994 , elapse : 0.30580 min  - Validation   loss : 0.03999 , acc : 0.989 , elapse : 0.05464 min
[ Epoch 46 ]  - Training     loss : 0.01202 , acc : 0.994 , elapse : 0.30673 min  - Validation   loss : 0.03985 , acc : 0.989 , elapse : 0.05498 min
[ Epoch 47 ]  - Training     loss : 0.01163 , acc : 0.994 , elapse : 0.30604 min  - Validation   loss : 0.03989 , acc : 0.989 , elapse : 0.05467 min
[ Epoch 48 ]  - Training     loss : 0.01161 , acc : 0.994 , elapse : 0.30578 min  - Validation   loss : 0.03987 , acc : 0.989 , elapse : 0.05467 min
[ Epoch 49 ]  - Training     loss : 0.01471 , acc : 0.993 , elapse : 0.30599 min  - Validation   loss : 0.04170 , acc : 0.989 , elapse : 0.05471 min
[ Epoch 50 ]  - Training     loss : 0.01514 , acc : 0.992 , elapse : 0.30578 min  - Validation   loss : 0.04309 , acc : 0.989 , elapse : 0.05455 min
[ Epoch 51 ]  - Training     loss : 0.01432 , acc : 0.993 , elapse : 0.30624 min  - Validation   loss : 0.04297 , acc : 0.989 , elapse : 0.05411 min
[ Epoch 52 ]  - Training     loss : 0.01315 , acc : 0.993 , elapse : 0.30663 min  - Validation   loss : 0.04314 , acc : 0.989 , elapse : 0.05476 min
[ Epoch 53 ]  - Training     loss : 0.01263 , acc : 0.994 , elapse : 0.30598 min  - Validation   loss : 0.04238 , acc : 0.989 , elapse : 0.05441 min
[ Epoch 54 ]  - Training     loss : 0.01221 , acc : 0.994 , elapse : 0.30628 min  - Validation   loss : 0.04388 , acc : 0.989 , elapse : 0.05476 min
[ Epoch 55 ]  - Training     loss : 0.01103 , acc : 0.994 , elapse : 0.30704 min  - Validation   loss : 0.04129 , acc : 0.989 , elapse : 0.05465 min
[ Epoch 56 ]  - Training     loss : 0.01077 , acc : 0.994 , elapse : 0.30549 min  - Validation   loss : 0.04289 , acc : 0.989 , elapse : 0.05446 min
[ Epoch 57 ]  - Training     loss : 0.00997 , acc : 0.995 , elapse : 0.30446 min  - Validation   loss : 0.04395 , acc : 0.989 , elapse : 0.05384 min
[ Epoch 58 ]  - Training     loss : 0.00942 , acc : 0.995 , elapse : 0.30574 min  - Validation   loss : 0.04320 , acc : 0.989 , elapse : 0.05436 min
[ Epoch 59 ]  - Training     loss : 0.00867 , acc : 0.995 , elapse : 0.30596 min  - Validation   loss : 0.04212 , acc : 0.990 , elapse : 0.05470 min
[ Epoch 60 ]  - Training     loss : 0.00790 , acc : 0.996 , elapse : 0.30617 min  - Validation   loss : 0.04380 , acc : 0.989 , elapse : 0.05472 min
[ Epoch 61 ]  - Training     loss : 0.00786 , acc : 0.996 , elapse : 0.30641 min  - Validation   loss : 0.04219 , acc : 0.990 , elapse : 0.05464 min
[ Epoch 62 ]  - Training     loss : 0.00737 , acc : 0.996 , elapse : 0.30534 min  - Validation   loss : 0.04484 , acc : 0.990 , elapse : 0.05456 min
[ Epoch 63 ]  - Training     loss : 0.00733 , acc : 0.996 , elapse : 0.30628 min  - Validation   loss : 0.04483 , acc : 0.990 , elapse : 0.05541 min
[ Epoch 64 ]  - Training     loss : 0.00652 , acc : 0.996 , elapse : 0.30529 min  - Validation   loss : 0.04462 , acc : 0.990 , elapse : 0.05389 min
[ Epoch 65 ]  - Training     loss : 0.00640 , acc : 0.997 , elapse : 0.30609 min  - Validation   loss : 0.04382 , acc : 0.990 , elapse : 0.05465 min
[ Epoch 66 ]  - Training     loss : 0.00561 , acc : 0.997 , elapse : 0.30519 min  - Validation   loss : 0.04350 , acc : 0.990 , elapse : 0.05451 min
[ Epoch 67 ]  - Training     loss : 0.00559 , acc : 0.997 , elapse : 0.30546 min  - Validation   loss : 0.04452 , acc : 0.990 , elapse : 0.05456 min
[ Epoch 68 ]  - Training     loss : 0.00516 , acc : 0.997 , elapse : 0.30558 min  - Validation   loss : 0.04661 , acc : 0.990 , elapse : 0.05465 min
[ Epoch 69 ]  - Training     loss : 0.00470 , acc : 0.998 , elapse : 0.30662 min  - Validation   loss : 0.04772 , acc : 0.990 , elapse : 0.05464 min
[ Epoch 70 ]  - Training     loss : 0.00484 , acc : 0.998 , elapse : 0.30583 min  - Validation   loss : 0.04560 , acc : 0.990 , elapse : 0.05456 min
[ Epoch 71 ]  - Training     loss : 0.00448 , acc : 0.998 , elapse : 0.30853 min  - Validation   loss : 0.04665 , acc : 0.990 , elapse : 0.05373 min
[ Epoch 72 ]  - Training     loss : 0.00408 , acc : 0.998 , elapse : 0.30561 min  - Validation   loss : 0.04658 , acc : 0.990 , elapse : 0.05472 min
[ Epoch 73 ]  - Training     loss : 0.00383 , acc : 0.998 , elapse : 0.30493 min  - Validation   loss : 0.04614 , acc : 0.990 , elapse : 0.05470 min
[ Epoch 74 ]  - Training     loss : 0.00355 , acc : 0.998 , elapse : 0.30628 min  - Validation   loss : 0.04606 , acc : 0.990 , elapse : 0.05476 min
[ Epoch 75 ]  - Training     loss : 0.00339 , acc : 0.998 , elapse : 0.30662 min  - Validation   loss : 0.04813 , acc : 0.990 , elapse : 0.05470 min
[ Epoch 76 ]  - Training     loss : 0.00331 , acc : 0.998 , elapse : 0.30736 min  - Validation   loss : 0.04732 , acc : 0.990 , elapse : 0.05478 min
[ Epoch 77 ]  - Training     loss : 0.00309 , acc : 0.998 , elapse : 0.30562 min  - Validation   loss : 0.04777 , acc : 0.990 , elapse : 0.05425 min
[ Epoch 78 ]  - Training     loss : 0.00276 , acc : 0.999 , elapse : 0.30592 min  - Validation   loss : 0.04753 , acc : 0.990 , elapse : 0.05434 min
[ Epoch 79 ]  - Training     loss : 0.00278 , acc : 0.999 , elapse : 0.30481 min  - Validation   loss : 0.04894 , acc : 0.990 , elapse : 0.05466 min
[ Epoch 80 ]  - Training     loss : 0.00270 , acc : 0.999 , elapse : 0.30543 min  - Validation   loss : 0.04765 , acc : 0.990 , elapse : 0.05479 min
[ Epoch 81 ]  - Training     loss : 0.00255 , acc : 0.999 , elapse : 0.30625 min  - Validation   loss : 0.04926 , acc : 0.990 , elapse : 0.05472 min
[ Epoch 82 ]  - Training     loss : 0.00245 , acc : 0.999 , elapse : 0.30565 min  - Validation   loss : 0.04942 , acc : 0.990 , elapse : 0.05478 min
[ Epoch 83 ]  - Training     loss : 0.00237 , acc : 0.999 , elapse : 0.30526 min  - Validation   loss : 0.05004 , acc : 0.990 , elapse : 0.05471 min
[ Epoch 84 ]  - Training     loss : 0.00220 , acc : 0.999 , elapse : 0.30634 min  - Validation   loss : 0.05013 , acc : 0.990 , elapse : 0.05417 min
[ Epoch 85 ]  - Training     loss : 0.00222 , acc : 0.999 , elapse : 0.30900 min  - Validation   loss : 0.04959 , acc : 0.990 , elapse : 0.05457 min
[ Epoch 86 ]  - Training     loss : 0.00211 , acc : 0.999 , elapse : 0.30567 min  - Validation   loss : 0.04947 , acc : 0.990 , elapse : 0.05471 min
[ Epoch 87 ]  - Training     loss : 0.00207 , acc : 0.999 , elapse : 0.30499 min  - Validation   loss : 0.04927 , acc : 0.990 , elapse : 0.05473 min
[ Epoch 88 ]  - Training     loss : 0.00211 , acc : 0.999 , elapse : 0.30465 min  - Validation   loss : 0.04996 , acc : 0.990 , elapse : 0.05467 min
[ Epoch 89 ]  - Training     loss : 0.00205 , acc : 0.999 , elapse : 0.30539 min  - Validation   loss : 0.04996 , acc : 0.990 , elapse : 0.05474 min
[ Epoch 90 ]  - Training     loss : 0.00200 , acc : 0.999 , elapse : 0.30575 min  - Validation   loss : 0.05060 , acc : 0.990 , elapse : 0.05480 min
[ Epoch 91 ]  - Training     loss : 0.00202 , acc : 0.999 , elapse : 0.30699 min  - Validation   loss : 0.05069 , acc : 0.990 , elapse : 0.05387 min
[ Epoch 92 ]  - Training     loss : 0.00201 , acc : 0.999 , elapse : 0.30635 min  - Validation   loss : 0.05050 , acc : 0.990 , elapse : 0.05472 min
[ Epoch 93 ]  - Training     loss : 0.00192 , acc : 0.999 , elapse : 0.30542 min  - Validation   loss : 0.05031 , acc : 0.990 , elapse : 0.05473 min
[ Epoch 94 ]  - Training     loss : 0.00198 , acc : 0.999 , elapse : 0.30582 min  - Validation   loss : 0.05029 , acc : 0.990 , elapse : 0.05466 min
[ Epoch 95 ]  - Training     loss : 0.00185 , acc : 0.999 , elapse : 0.30582 min  - Validation   loss : 0.05019 , acc : 0.990 , elapse : 0.05455 min
[ Epoch 96 ]  - Training     loss : 0.00198 , acc : 0.999 , elapse : 0.30655 min  - Validation   loss : 0.05027 , acc : 0.990 , elapse : 0.05471 min
[ Epoch 97 ]  - Training     loss : 0.00196 , acc : 0.999 , elapse : 0.30750 min  - Validation   loss : 0.05026 , acc : 0.990 , elapse : 0.05447 min
[ Epoch 98 ]  - Training     loss : 0.00317 , acc : 0.998 , elapse : 0.30637 min  - Validation   loss : 0.05207 , acc : 0.990 , elapse : 0.05416 min
[ Epoch 99 ]  - Training     loss : 0.00378 , acc : 0.998 , elapse : 0.30507 min  - Validation   loss : 0.05111 , acc : 0.990 , elapse : 0.05472 min
Finish training ~ v ~
min losses: [0.03686011285753921, 0.032985357742290944, 0.040821562288329005, 0.03944964939728379, 0.0395215813186951] mean losses: 0.03792765272082761
max accs: [0.9904195851293103, 0.9908405172413797, 0.9901080953663793, 0.9907394935344828, 0.990478515625] mean accs: 0.9905172413793103
Empty DataFrame
Columns: [pred, label]
Index: []
