Shell for /hpcfs/juno/junogpu/xuhangkun/SoftWare/VsCode/.local/share/virtualenvs/tianchi_channel_1-2IKVIXD7 already activated.
No action taken to avoid nested environments.
If the cuda is avaliable ?
True
Start getting data...
Finish getting data ~ v ~
[Info] Training performance will be written to file: ./user_data/model_data/TextRCNN/TextRCNN_train.csv
Namespace(batch_size=128, bert_path='/hpcfs/juno/junogpu/xuhangkun/ML/MyselfProject/Test/tianchi_channel_1/user_data/bert', dropout=0.1, eda_alpha=0.0, epoch=100, fold_index=-1, fold_k=5, frazing_bert_encode=False, hidden_size=256, input='./tcdata/train.csv', label_smoothing=0.0, lr=0.0005, lstm_dropout=0.5, lstm_layer=2, max_len=100, model='TextRCNN', n_aug=0.0, nclass=29, nemb=100, no_word2vec_pretrain=True, ntokens=859, output_dir='./user_data/model_data/TextRCNN', pad_token=858, save_mode='best', save_per_epoch=5, save_start_epoch=5, seed=None, stop_early=False, tokenizer_path='/hpcfs/juno/junogpu/xuhangkun/ML/MyselfProject/Test/tianchi_channel_1/user_data/bert', word2vec_path='/hpcfs/juno/junogpu/xuhangkun/ML/MyselfProject/Test/tianchi_channel_1/user_data/word_pretrain/word2vector.model')
~~~~~~~~~~~~~~~~~~~~~~~~~~~~~
0th fold (total : 5)
Create model...
TextRCNNModel(
  (embed): Embedding(859, 100, padding_idx=858)
  (emb_dropout_layer): Dropout(p=0.1, inplace=False)
  (lstm): LSTM(100, 256, num_layers=2, batch_first=True, dropout=0.5, bidirectional=True)
  (W2): Linear(in_features=612, out_features=512, bias=True)
  (final_dropout_layer): Dropout(p=0.1, inplace=False)
  (fc): Linear(in_features=512, out_features=29, bias=True)
  (sigmoid): Sigmoid()
)
Start training...
[ Epoch 0 ]  - Training     loss : 0.24433 , acc : 0.923 , elapse : 0.26760 min  - Validation   loss : 0.19370 , acc : 0.935 , elapse : 0.04607 min    - [Info] The checkpoint file has been updated.
[ Epoch 1 ]  - Training     loss : 0.16973 , acc : 0.943 , elapse : 0.26819 min  - Validation   loss : 0.14704 , acc : 0.953 , elapse : 0.04602 min    - [Info] The checkpoint file has been updated.
[ Epoch 2 ]  - Training     loss : 0.13042 , acc : 0.956 , elapse : 0.26636 min  - Validation   loss : 0.12662 , acc : 0.958 , elapse : 0.04609 min    - [Info] The checkpoint file has been updated.
[ Epoch 3 ]  - Training     loss : 0.10926 , acc : 0.963 , elapse : 0.26678 min  - Validation   loss : 0.09579 , acc : 0.969 , elapse : 0.04652 min    - [Info] The checkpoint file has been updated.
[ Epoch 4 ]  - Training     loss : 0.08721 , acc : 0.970 , elapse : 0.26921 min  - Validation   loss : 0.08425 , acc : 0.973 , elapse : 0.04607 min    - [Info] The checkpoint file has been updated.
[ Epoch 5 ]  - Training     loss : 0.07986 , acc : 0.973 , elapse : 0.26678 min  - Validation   loss : 0.08192 , acc : 0.974 , elapse : 0.04615 min    - [Info] The checkpoint file has been updated.
[ Epoch 6 ]  - Training     loss : 0.07697 , acc : 0.973 , elapse : 0.26714 min  - Validation   loss : 0.07431 , acc : 0.976 , elapse : 0.04624 min    - [Info] The checkpoint file has been updated.
[ Epoch 7 ]  - Training     loss : 0.06770 , acc : 0.976 , elapse : 0.26787 min  - Validation   loss : 0.06645 , acc : 0.978 , elapse : 0.04624 min    - [Info] The checkpoint file has been updated.
[ Epoch 8 ]  - Training     loss : 0.05985 , acc : 0.978 , elapse : 0.26690 min  - Validation   loss : 0.06207 , acc : 0.980 , elapse : 0.04614 min    - [Info] The checkpoint file has been updated.
[ Epoch 9 ]  - Training     loss : 0.05443 , acc : 0.979 , elapse : 0.26671 min  - Validation   loss : 0.05865 , acc : 0.980 , elapse : 0.04646 min    - [Info] The checkpoint file has been updated.
[ Epoch 10 ]  - Training     loss : 0.05122 , acc : 0.980 , elapse : 0.26918 min  - Validation   loss : 0.05700 , acc : 0.981 , elapse : 0.04618 min    - [Info] The checkpoint file has been updated.
[ Epoch 11 ]  - Training     loss : 0.04969 , acc : 0.981 , elapse : 0.26829 min  - Validation   loss : 0.05669 , acc : 0.981 , elapse : 0.04610 min    - [Info] The checkpoint file has been updated.
[ Epoch 12 ]  - Training     loss : 0.05043 , acc : 0.981 , elapse : 0.26691 min  - Validation   loss : 0.05605 , acc : 0.981 , elapse : 0.04611 min
[ Epoch 13 ]  - Training     loss : 0.04702 , acc : 0.982 , elapse : 0.26875 min  - Validation   loss : 0.05440 , acc : 0.981 , elapse : 0.04616 min    - [Info] The checkpoint file has been updated.
[ Epoch 14 ]  - Training     loss : 0.04314 , acc : 0.983 , elapse : 0.26653 min  - Validation   loss : 0.05071 , acc : 0.983 , elapse : 0.04604 min    - [Info] The checkpoint file has been updated.
[ Epoch 15 ]  - Training     loss : 0.03979 , acc : 0.984 , elapse : 0.26703 min  - Validation   loss : 0.04678 , acc : 0.984 , elapse : 0.04626 min    - [Info] The checkpoint file has been updated.
[ Epoch 16 ]  - Training     loss : 0.03690 , acc : 0.985 , elapse : 0.26896 min  - Validation   loss : 0.04613 , acc : 0.984 , elapse : 0.04615 min    - [Info] The checkpoint file has been updated.
[ Epoch 17 ]  - Training     loss : 0.03367 , acc : 0.985 , elapse : 0.26689 min  - Validation   loss : 0.04395 , acc : 0.985 , elapse : 0.04616 min    - [Info] The checkpoint file has been updated.
[ Epoch 18 ]  - Training     loss : 0.03198 , acc : 0.986 , elapse : 0.26737 min  - Validation   loss : 0.04246 , acc : 0.985 , elapse : 0.04637 min    - [Info] The checkpoint file has been updated.
[ Epoch 19 ]  - Training     loss : 0.03003 , acc : 0.987 , elapse : 0.26840 min  - Validation   loss : 0.04158 , acc : 0.986 , elapse : 0.04606 min    - [Info] The checkpoint file has been updated.
[ Epoch 20 ]  - Training     loss : 0.02885 , acc : 0.987 , elapse : 0.26678 min  - Validation   loss : 0.04058 , acc : 0.986 , elapse : 0.04617 min    - [Info] The checkpoint file has been updated.
[ Epoch 21 ]  - Training     loss : 0.02779 , acc : 0.988 , elapse : 0.26706 min  - Validation   loss : 0.04046 , acc : 0.986 , elapse : 0.04611 min    - [Info] The checkpoint file has been updated.
[ Epoch 22 ]  - Training     loss : 0.02699 , acc : 0.988 , elapse : 0.26918 min  - Validation   loss : 0.04024 , acc : 0.986 , elapse : 0.04619 min
[ Epoch 23 ]  - Training     loss : 0.02650 , acc : 0.988 , elapse : 0.26698 min  - Validation   loss : 0.04021 , acc : 0.986 , elapse : 0.04614 min    - [Info] The checkpoint file has been updated.
[ Epoch 24 ]  - Training     loss : 0.02777 , acc : 0.987 , elapse : 0.26681 min  - Validation   loss : 0.04250 , acc : 0.985 , elapse : 0.04626 min
[ Epoch 25 ]  - Training     loss : 0.02823 , acc : 0.987 , elapse : 0.26825 min  - Validation   loss : 0.04036 , acc : 0.987 , elapse : 0.04612 min
[ Epoch 26 ]  - Training     loss : 0.02625 , acc : 0.988 , elapse : 0.26693 min  - Validation   loss : 0.03973 , acc : 0.986 , elapse : 0.04608 min
[ Epoch 27 ]  - Training     loss : 0.02413 , acc : 0.988 , elapse : 0.26711 min  - Validation   loss : 0.03786 , acc : 0.987 , elapse : 0.04614 min    - [Info] The checkpoint file has been updated.
[ Epoch 28 ]  - Training     loss : 0.02284 , acc : 0.989 , elapse : 0.26886 min  - Validation   loss : 0.03755 , acc : 0.987 , elapse : 0.04601 min    - [Info] The checkpoint file has been updated.
[ Epoch 29 ]  - Training     loss : 0.02073 , acc : 0.990 , elapse : 0.26615 min  - Validation   loss : 0.03735 , acc : 0.987 , elapse : 0.04597 min    - [Info] The checkpoint file has been updated.
[ Epoch 30 ]  - Training     loss : 0.01961 , acc : 0.990 , elapse : 0.26732 min  - Validation   loss : 0.03586 , acc : 0.988 , elapse : 0.04630 min    - [Info] The checkpoint file has been updated.
[ Epoch 31 ]  - Training     loss : 0.01846 , acc : 0.990 , elapse : 0.26848 min  - Validation   loss : 0.03539 , acc : 0.988 , elapse : 0.04615 min    - [Info] The checkpoint file has been updated.
[ Epoch 32 ]  - Training     loss : 0.01708 , acc : 0.991 , elapse : 0.26669 min  - Validation   loss : 0.03508 , acc : 0.988 , elapse : 0.04611 min    - [Info] The checkpoint file has been updated.
[ Epoch 33 ]  - Training     loss : 0.01606 , acc : 0.991 , elapse : 0.26672 min  - Validation   loss : 0.03504 , acc : 0.988 , elapse : 0.04617 min
[ Epoch 34 ]  - Training     loss : 0.01512 , acc : 0.992 , elapse : 0.26831 min  - Validation   loss : 0.03518 , acc : 0.988 , elapse : 0.04614 min
[ Epoch 35 ]  - Training     loss : 0.01443 , acc : 0.992 , elapse : 0.26710 min  - Validation   loss : 0.03454 , acc : 0.989 , elapse : 0.04621 min    - [Info] The checkpoint file has been updated.
[ Epoch 36 ]  - Training     loss : 0.01321 , acc : 0.993 , elapse : 0.26661 min  - Validation   loss : 0.03361 , acc : 0.989 , elapse : 0.04618 min    - [Info] The checkpoint file has been updated.
[ Epoch 37 ]  - Training     loss : 0.01286 , acc : 0.993 , elapse : 0.26812 min  - Validation   loss : 0.03262 , acc : 0.989 , elapse : 0.04618 min    - [Info] The checkpoint file has been updated.
[ Epoch 38 ]  - Training     loss : 0.01212 , acc : 0.993 , elapse : 0.26668 min  - Validation   loss : 0.03226 , acc : 0.989 , elapse : 0.04620 min
[ Epoch 39 ]  - Training     loss : 0.01134 , acc : 0.994 , elapse : 0.26685 min  - Validation   loss : 0.03166 , acc : 0.989 , elapse : 0.04638 min    - [Info] The checkpoint file has been updated.
[ Epoch 40 ]  - Training     loss : 0.01120 , acc : 0.994 , elapse : 0.26862 min  - Validation   loss : 0.03189 , acc : 0.989 , elapse : 0.04612 min
[ Epoch 41 ]  - Training     loss : 0.01073 , acc : 0.994 , elapse : 0.26709 min  - Validation   loss : 0.03164 , acc : 0.989 , elapse : 0.04610 min    - [Info] The checkpoint file has been updated.
[ Epoch 42 ]  - Training     loss : 0.01039 , acc : 0.994 , elapse : 0.26682 min  - Validation   loss : 0.03160 , acc : 0.989 , elapse : 0.04637 min    - [Info] The checkpoint file has been updated.
[ Epoch 43 ]  - Training     loss : 0.01020 , acc : 0.994 , elapse : 0.26822 min  - Validation   loss : 0.03155 , acc : 0.990 , elapse : 0.04618 min    - [Info] The checkpoint file has been updated.
[ Epoch 44 ]  - Training     loss : 0.00992 , acc : 0.994 , elapse : 0.26693 min  - Validation   loss : 0.03186 , acc : 0.990 , elapse : 0.04616 min
[ Epoch 45 ]  - Training     loss : 0.00975 , acc : 0.994 , elapse : 0.26689 min  - Validation   loss : 0.03140 , acc : 0.990 , elapse : 0.04632 min    - [Info] The checkpoint file has been updated.
[ Epoch 46 ]  - Training     loss : 0.00968 , acc : 0.994 , elapse : 0.26859 min  - Validation   loss : 0.03127 , acc : 0.990 , elapse : 0.04615 min
[ Epoch 47 ]  - Training     loss : 0.00967 , acc : 0.994 , elapse : 0.26669 min  - Validation   loss : 0.03127 , acc : 0.990 , elapse : 0.04616 min
[ Epoch 48 ]  - Training     loss : 0.00944 , acc : 0.995 , elapse : 0.26717 min  - Validation   loss : 0.03126 , acc : 0.990 , elapse : 0.04649 min
[ Epoch 49 ]  - Training     loss : 0.01110 , acc : 0.994 , elapse : 0.26760 min  - Validation   loss : 0.03328 , acc : 0.989 , elapse : 0.04610 min
[ Epoch 50 ]  - Training     loss : 0.01134 , acc : 0.993 , elapse : 0.26731 min  - Validation   loss : 0.03510 , acc : 0.989 , elapse : 0.04614 min
[ Epoch 51 ]  - Training     loss : 0.01069 , acc : 0.994 , elapse : 0.26728 min  - Validation   loss : 0.03343 , acc : 0.989 , elapse : 0.04638 min
[ Epoch 52 ]  - Training     loss : 0.00979 , acc : 0.994 , elapse : 0.26808 min  - Validation   loss : 0.03295 , acc : 0.990 , elapse : 0.04619 min
[ Epoch 53 ]  - Training     loss : 0.00963 , acc : 0.994 , elapse : 0.26680 min  - Validation   loss : 0.03269 , acc : 0.990 , elapse : 0.04616 min
[ Epoch 54 ]  - Training     loss : 0.00863 , acc : 0.995 , elapse : 0.26706 min  - Validation   loss : 0.03312 , acc : 0.990 , elapse : 0.04628 min
[ Epoch 55 ]  - Training     loss : 0.00794 , acc : 0.995 , elapse : 0.26920 min  - Validation   loss : 0.03293 , acc : 0.990 , elapse : 0.04602 min
[ Epoch 56 ]  - Training     loss : 0.00792 , acc : 0.995 , elapse : 0.26646 min  - Validation   loss : 0.03321 , acc : 0.990 , elapse : 0.04604 min
[ Epoch 57 ]  - Training     loss : 0.00741 , acc : 0.996 , elapse : 0.26708 min  - Validation   loss : 0.03300 , acc : 0.990 , elapse : 0.04627 min
[ Epoch 58 ]  - Training     loss : 0.00671 , acc : 0.996 , elapse : 0.26843 min  - Validation   loss : 0.03220 , acc : 0.990 , elapse : 0.04620 min
[ Epoch 59 ]  - Training     loss : 0.00616 , acc : 0.996 , elapse : 0.26703 min  - Validation   loss : 0.03280 , acc : 0.990 , elapse : 0.04610 min
[ Epoch 60 ]  - Training     loss : 0.00605 , acc : 0.996 , elapse : 0.26679 min  - Validation   loss : 0.03248 , acc : 0.990 , elapse : 0.04617 min
[ Epoch 61 ]  - Training     loss : 0.00548 , acc : 0.997 , elapse : 0.26874 min  - Validation   loss : 0.03316 , acc : 0.990 , elapse : 0.04614 min
[ Epoch 62 ]  - Training     loss : 0.00515 , acc : 0.997 , elapse : 0.26699 min  - Validation   loss : 0.03372 , acc : 0.991 , elapse : 0.04615 min
[ Epoch 63 ]  - Training     loss : 0.00479 , acc : 0.997 , elapse : 0.26705 min  - Validation   loss : 0.03371 , acc : 0.991 , elapse : 0.04637 min
[ Epoch 64 ]  - Training     loss : 0.00461 , acc : 0.997 , elapse : 0.26854 min  - Validation   loss : 0.03400 , acc : 0.991 , elapse : 0.04621 min
[ Epoch 65 ]  - Training     loss : 0.00457 , acc : 0.997 , elapse : 0.26676 min  - Validation   loss : 0.03383 , acc : 0.991 , elapse : 0.04624 min
[ Epoch 66 ]  - Training     loss : 0.00400 , acc : 0.998 , elapse : 0.26710 min  - Validation   loss : 0.03404 , acc : 0.991 , elapse : 0.04639 min
[ Epoch 67 ]  - Training     loss : 0.00383 , acc : 0.998 , elapse : 0.26936 min  - Validation   loss : 0.03427 , acc : 0.991 , elapse : 0.04619 min
[ Epoch 68 ]  - Training     loss : 0.00364 , acc : 0.998 , elapse : 0.26727 min  - Validation   loss : 0.03524 , acc : 0.990 , elapse : 0.04618 min
[ Epoch 69 ]  - Training     loss : 0.00345 , acc : 0.998 , elapse : 0.26656 min  - Validation   loss : 0.03458 , acc : 0.991 , elapse : 0.04634 min
[ Epoch 70 ]  - Training     loss : 0.00322 , acc : 0.998 , elapse : 0.26756 min  - Validation   loss : 0.03419 , acc : 0.991 , elapse : 0.04622 min
[ Epoch 71 ]  - Training     loss : 0.00309 , acc : 0.998 , elapse : 0.26683 min  - Validation   loss : 0.03598 , acc : 0.991 , elapse : 0.04619 min
[ Epoch 72 ]  - Training     loss : 0.00290 , acc : 0.998 , elapse : 0.26699 min  - Validation   loss : 0.03565 , acc : 0.991 , elapse : 0.04643 min
[ Epoch 73 ]  - Training     loss : 0.00261 , acc : 0.999 , elapse : 0.26885 min  - Validation   loss : 0.03600 , acc : 0.991 , elapse : 0.04627 min
[ Epoch 74 ]  - Training     loss : 0.00255 , acc : 0.999 , elapse : 0.26739 min  - Validation   loss : 0.03526 , acc : 0.991 , elapse : 0.04617 min
[ Epoch 75 ]  - Training     loss : 0.00249 , acc : 0.999 , elapse : 0.26699 min  - Validation   loss : 0.03556 , acc : 0.991 , elapse : 0.04618 min
[ Epoch 76 ]  - Training     loss : 0.00234 , acc : 0.999 , elapse : 0.26816 min  - Validation   loss : 0.03464 , acc : 0.991 , elapse : 0.04617 min
[ Epoch 77 ]  - Training     loss : 0.00218 , acc : 0.999 , elapse : 0.26685 min  - Validation   loss : 0.03592 , acc : 0.991 , elapse : 0.04625 min
[ Epoch 78 ]  - Training     loss : 0.00212 , acc : 0.999 , elapse : 0.26698 min  - Validation   loss : 0.03480 , acc : 0.991 , elapse : 0.04615 min
[ Epoch 79 ]  - Training     loss : 0.00211 , acc : 0.999 , elapse : 0.26894 min  - Validation   loss : 0.03553 , acc : 0.991 , elapse : 0.04618 min
[ Epoch 80 ]  - Training     loss : 0.00195 , acc : 0.999 , elapse : 0.26698 min  - Validation   loss : 0.03592 , acc : 0.991 , elapse : 0.04615 min
[ Epoch 81 ]  - Training     loss : 0.00183 , acc : 0.999 , elapse : 0.26709 min  - Validation   loss : 0.03562 , acc : 0.991 , elapse : 0.04622 min
[ Epoch 82 ]  - Training     loss : 0.00171 , acc : 0.999 , elapse : 0.26869 min  - Validation   loss : 0.03527 , acc : 0.992 , elapse : 0.04606 min
[ Epoch 83 ]  - Training     loss : 0.00171 , acc : 0.999 , elapse : 0.26643 min  - Validation   loss : 0.03546 , acc : 0.992 , elapse : 0.04587 min
[ Epoch 84 ]  - Training     loss : 0.00170 , acc : 0.999 , elapse : 0.26670 min  - Validation   loss : 0.03576 , acc : 0.992 , elapse : 0.04621 min
[ Epoch 85 ]  - Training     loss : 0.00165 , acc : 0.999 , elapse : 0.26876 min  - Validation   loss : 0.03575 , acc : 0.991 , elapse : 0.04599 min
[ Epoch 86 ]  - Training     loss : 0.00159 , acc : 0.999 , elapse : 0.26732 min  - Validation   loss : 0.03565 , acc : 0.991 , elapse : 0.04596 min
[ Epoch 87 ]  - Training     loss : 0.00153 , acc : 0.999 , elapse : 0.26805 min  - Validation   loss : 0.03554 , acc : 0.992 , elapse : 0.04623 min
[ Epoch 88 ]  - Training     loss : 0.00148 , acc : 0.999 , elapse : 0.26971 min  - Validation   loss : 0.03592 , acc : 0.992 , elapse : 0.04609 min
[ Epoch 89 ]  - Training     loss : 0.00150 , acc : 0.999 , elapse : 0.26902 min  - Validation   loss : 0.03603 , acc : 0.991 , elapse : 0.04614 min
[ Epoch 90 ]  - Training     loss : 0.00146 , acc : 0.999 , elapse : 0.26837 min  - Validation   loss : 0.03607 , acc : 0.992 , elapse : 0.04603 min
[ Epoch 91 ]  - Training     loss : 0.00146 , acc : 0.999 , elapse : 0.26988 min  - Validation   loss : 0.03583 , acc : 0.992 , elapse : 0.04592 min
[ Epoch 92 ]  - Training     loss : 0.00144 , acc : 0.999 , elapse : 0.26797 min  - Validation   loss : 0.03575 , acc : 0.992 , elapse : 0.04592 min
[ Epoch 93 ]  - Training     loss : 0.00139 , acc : 0.999 , elapse : 0.26799 min  - Validation   loss : 0.03586 , acc : 0.992 , elapse : 0.04630 min
[ Epoch 94 ]  - Training     loss : 0.00142 , acc : 0.999 , elapse : 0.27006 min  - Validation   loss : 0.03585 , acc : 0.992 , elapse : 0.04597 min
[ Epoch 95 ]  - Training     loss : 0.00138 , acc : 0.999 , elapse : 0.26805 min  - Validation   loss : 0.03579 , acc : 0.992 , elapse : 0.04585 min
[ Epoch 96 ]  - Training     loss : 0.00138 , acc : 0.999 , elapse : 0.26741 min  - Validation   loss : 0.03579 , acc : 0.992 , elapse : 0.04608 min
[ Epoch 97 ]  - Training     loss : 0.00136 , acc : 0.999 , elapse : 0.26989 min  - Validation   loss : 0.03581 , acc : 0.992 , elapse : 0.04611 min
[ Epoch 98 ]  - Training     loss : 0.00185 , acc : 0.999 , elapse : 0.26817 min  - Validation   loss : 0.03660 , acc : 0.991 , elapse : 0.04601 min
[ Epoch 99 ]  - Training     loss : 0.00237 , acc : 0.999 , elapse : 0.26811 min  - Validation   loss : 0.03912 , acc : 0.991 , elapse : 0.04617 min
Finish training ~ v ~
~~~~~~~~~~~~~~~~~~~~~~~~~~~~~
1th fold (total : 5)
Create model...
Start training...
[ Epoch 0 ]  - Training     loss : 0.24764 , acc : 0.923 , elapse : 0.26986 min  - Validation   loss : 0.19011 , acc : 0.935 , elapse : 0.04605 min    - [Info] The checkpoint file has been updated.
[ Epoch 1 ]  - Training     loss : 0.17308 , acc : 0.942 , elapse : 0.26807 min  - Validation   loss : 0.14855 , acc : 0.949 , elapse : 0.04610 min    - [Info] The checkpoint file has been updated.
[ Epoch 2 ]  - Training     loss : 0.13566 , acc : 0.955 , elapse : 0.26923 min  - Validation   loss : 0.13057 , acc : 0.955 , elapse : 0.04613 min    - [Info] The checkpoint file has been updated.
[ Epoch 3 ]  - Training     loss : 0.11712 , acc : 0.960 , elapse : 0.27079 min  - Validation   loss : 0.10118 , acc : 0.964 , elapse : 0.04623 min    - [Info] The checkpoint file has been updated.
[ Epoch 4 ]  - Training     loss : 0.09307 , acc : 0.968 , elapse : 0.26791 min  - Validation   loss : 0.08853 , acc : 0.969 , elapse : 0.04623 min    - [Info] The checkpoint file has been updated.
[ Epoch 5 ]  - Training     loss : 0.08426 , acc : 0.971 , elapse : 0.26781 min  - Validation   loss : 0.08494 , acc : 0.970 , elapse : 0.04637 min    - [Info] The checkpoint file has been updated.
[ Epoch 6 ]  - Training     loss : 0.08060 , acc : 0.972 , elapse : 0.26917 min  - Validation   loss : 0.07554 , acc : 0.973 , elapse : 0.04618 min    - [Info] The checkpoint file has been updated.
[ Epoch 7 ]  - Training     loss : 0.07062 , acc : 0.976 , elapse : 0.26782 min  - Validation   loss : 0.06830 , acc : 0.976 , elapse : 0.04633 min    - [Info] The checkpoint file has been updated.
[ Epoch 8 ]  - Training     loss : 0.06236 , acc : 0.978 , elapse : 0.26770 min  - Validation   loss : 0.06351 , acc : 0.978 , elapse : 0.04657 min    - [Info] The checkpoint file has been updated.
[ Epoch 9 ]  - Training     loss : 0.05724 , acc : 0.979 , elapse : 0.26909 min  - Validation   loss : 0.06093 , acc : 0.978 , elapse : 0.04621 min    - [Info] The checkpoint file has been updated.
[ Epoch 10 ]  - Training     loss : 0.05407 , acc : 0.980 , elapse : 0.26743 min  - Validation   loss : 0.05924 , acc : 0.979 , elapse : 0.04609 min    - [Info] The checkpoint file has been updated.
[ Epoch 11 ]  - Training     loss : 0.05231 , acc : 0.981 , elapse : 0.26682 min  - Validation   loss : 0.05897 , acc : 0.979 , elapse : 0.04646 min    - [Info] The checkpoint file has been updated.
[ Epoch 12 ]  - Training     loss : 0.05337 , acc : 0.980 , elapse : 0.26891 min  - Validation   loss : 0.05684 , acc : 0.979 , elapse : 0.04631 min
[ Epoch 13 ]  - Training     loss : 0.05042 , acc : 0.981 , elapse : 0.26746 min  - Validation   loss : 0.05400 , acc : 0.980 , elapse : 0.04626 min    - [Info] The checkpoint file has been updated.
[ Epoch 14 ]  - Training     loss : 0.04570 , acc : 0.983 , elapse : 0.26782 min  - Validation   loss : 0.05125 , acc : 0.981 , elapse : 0.04645 min    - [Info] The checkpoint file has been updated.
[ Epoch 15 ]  - Training     loss : 0.04171 , acc : 0.984 , elapse : 0.26948 min  - Validation   loss : 0.04869 , acc : 0.982 , elapse : 0.04642 min    - [Info] The checkpoint file has been updated.
[ Epoch 16 ]  - Training     loss : 0.03819 , acc : 0.984 , elapse : 0.26760 min  - Validation   loss : 0.04671 , acc : 0.983 , elapse : 0.04626 min    - [Info] The checkpoint file has been updated.
[ Epoch 17 ]  - Training     loss : 0.03591 , acc : 0.985 , elapse : 0.26771 min  - Validation   loss : 0.04600 , acc : 0.983 , elapse : 0.04651 min    - [Info] The checkpoint file has been updated.
[ Epoch 18 ]  - Training     loss : 0.03378 , acc : 0.986 , elapse : 0.26887 min  - Validation   loss : 0.04458 , acc : 0.984 , elapse : 0.04625 min    - [Info] The checkpoint file has been updated.
[ Epoch 19 ]  - Training     loss : 0.03197 , acc : 0.986 , elapse : 0.26765 min  - Validation   loss : 0.04332 , acc : 0.984 , elapse : 0.04634 min    - [Info] The checkpoint file has been updated.
[ Epoch 20 ]  - Training     loss : 0.03083 , acc : 0.987 , elapse : 0.26793 min  - Validation   loss : 0.04319 , acc : 0.984 , elapse : 0.04638 min    - [Info] The checkpoint file has been updated.
[ Epoch 21 ]  - Training     loss : 0.02961 , acc : 0.987 , elapse : 0.27085 min  - Validation   loss : 0.04277 , acc : 0.984 , elapse : 0.04636 min    - [Info] The checkpoint file has been updated.
[ Epoch 22 ]  - Training     loss : 0.02907 , acc : 0.987 , elapse : 0.26752 min  - Validation   loss : 0.04224 , acc : 0.984 , elapse : 0.04631 min    - [Info] The checkpoint file has been updated.
[ Epoch 23 ]  - Training     loss : 0.02856 , acc : 0.987 , elapse : 0.26778 min  - Validation   loss : 0.04233 , acc : 0.985 , elapse : 0.04650 min
[ Epoch 24 ]  - Training     loss : 0.02956 , acc : 0.987 , elapse : 0.26939 min  - Validation   loss : 0.04407 , acc : 0.984 , elapse : 0.04614 min
[ Epoch 25 ]  - Training     loss : 0.03100 , acc : 0.986 , elapse : 0.26724 min  - Validation   loss : 0.04185 , acc : 0.985 , elapse : 0.04616 min    - [Info] The checkpoint file has been updated.
[ Epoch 26 ]  - Training     loss : 0.02845 , acc : 0.987 , elapse : 0.26768 min  - Validation   loss : 0.04142 , acc : 0.985 , elapse : 0.04640 min    - [Info] The checkpoint file has been updated.
[ Epoch 27 ]  - Training     loss : 0.02666 , acc : 0.988 , elapse : 0.26959 min  - Validation   loss : 0.04046 , acc : 0.985 , elapse : 0.04632 min    - [Info] The checkpoint file has been updated.
[ Epoch 28 ]  - Training     loss : 0.02453 , acc : 0.988 , elapse : 0.26780 min  - Validation   loss : 0.03894 , acc : 0.986 , elapse : 0.04637 min    - [Info] The checkpoint file has been updated.
[ Epoch 29 ]  - Training     loss : 0.02357 , acc : 0.989 , elapse : 0.26731 min  - Validation   loss : 0.03910 , acc : 0.986 , elapse : 0.04642 min
[ Epoch 30 ]  - Training     loss : 0.02154 , acc : 0.989 , elapse : 0.26918 min  - Validation   loss : 0.03730 , acc : 0.986 , elapse : 0.04629 min    - [Info] The checkpoint file has been updated.
[ Epoch 31 ]  - Training     loss : 0.02033 , acc : 0.990 , elapse : 0.26771 min  - Validation   loss : 0.03703 , acc : 0.987 , elapse : 0.04627 min    - [Info] The checkpoint file has been updated.
[ Epoch 32 ]  - Training     loss : 0.01912 , acc : 0.990 , elapse : 0.26767 min  - Validation   loss : 0.03549 , acc : 0.987 , elapse : 0.04650 min    - [Info] The checkpoint file has been updated.
[ Epoch 33 ]  - Training     loss : 0.01768 , acc : 0.991 , elapse : 0.27050 min  - Validation   loss : 0.03514 , acc : 0.987 , elapse : 0.04624 min    - [Info] The checkpoint file has been updated.
[ Epoch 34 ]  - Training     loss : 0.01678 , acc : 0.991 , elapse : 0.26795 min  - Validation   loss : 0.03409 , acc : 0.988 , elapse : 0.04648 min    - [Info] The checkpoint file has been updated.
[ Epoch 35 ]  - Training     loss : 0.01621 , acc : 0.991 , elapse : 0.26780 min  - Validation   loss : 0.03392 , acc : 0.987 , elapse : 0.04628 min
[ Epoch 36 ]  - Training     loss : 0.01536 , acc : 0.992 , elapse : 0.27030 min  - Validation   loss : 0.03451 , acc : 0.988 , elapse : 0.04632 min
[ Epoch 37 ]  - Training     loss : 0.01440 , acc : 0.992 , elapse : 0.26796 min  - Validation   loss : 0.03359 , acc : 0.988 , elapse : 0.04628 min
[ Epoch 38 ]  - Training     loss : 0.01365 , acc : 0.992 , elapse : 0.26775 min  - Validation   loss : 0.03312 , acc : 0.988 , elapse : 0.04637 min    - [Info] The checkpoint file has been updated.
[ Epoch 39 ]  - Training     loss : 0.01330 , acc : 0.993 , elapse : 0.26752 min  - Validation   loss : 0.03283 , acc : 0.988 , elapse : 0.04614 min    - [Info] The checkpoint file has been updated.
[ Epoch 40 ]  - Training     loss : 0.01279 , acc : 0.993 , elapse : 0.26703 min  - Validation   loss : 0.03217 , acc : 0.988 , elapse : 0.04629 min    - [Info] The checkpoint file has been updated.
[ Epoch 41 ]  - Training     loss : 0.01224 , acc : 0.993 , elapse : 0.26795 min  - Validation   loss : 0.03208 , acc : 0.988 , elapse : 0.04636 min    - [Info] The checkpoint file has been updated.
[ Epoch 42 ]  - Training     loss : 0.01175 , acc : 0.993 , elapse : 0.26944 min  - Validation   loss : 0.03160 , acc : 0.989 , elapse : 0.04636 min    - [Info] The checkpoint file has been updated.
[ Epoch 43 ]  - Training     loss : 0.01154 , acc : 0.993 , elapse : 0.26774 min  - Validation   loss : 0.03165 , acc : 0.989 , elapse : 0.04638 min
[ Epoch 44 ]  - Training     loss : 0.01142 , acc : 0.993 , elapse : 0.26773 min  - Validation   loss : 0.03140 , acc : 0.989 , elapse : 0.04655 min    - [Info] The checkpoint file has been updated.
[ Epoch 45 ]  - Training     loss : 0.01115 , acc : 0.994 , elapse : 0.27069 min  - Validation   loss : 0.03131 , acc : 0.989 , elapse : 0.04627 min    - [Info] The checkpoint file has been updated.
[ Epoch 46 ]  - Training     loss : 0.01102 , acc : 0.994 , elapse : 0.26757 min  - Validation   loss : 0.03147 , acc : 0.989 , elapse : 0.04632 min
[ Epoch 47 ]  - Training     loss : 0.01102 , acc : 0.994 , elapse : 0.26798 min  - Validation   loss : 0.03150 , acc : 0.989 , elapse : 0.04648 min
[ Epoch 48 ]  - Training     loss : 0.01098 , acc : 0.994 , elapse : 0.27063 min  - Validation   loss : 0.03150 , acc : 0.989 , elapse : 0.04637 min
[ Epoch 49 ]  - Training     loss : 0.01258 , acc : 0.993 , elapse : 0.26774 min  - Validation   loss : 0.03336 , acc : 0.988 , elapse : 0.04633 min
[ Epoch 50 ]  - Training     loss : 0.01313 , acc : 0.993 , elapse : 0.26779 min  - Validation   loss : 0.03322 , acc : 0.988 , elapse : 0.04649 min
[ Epoch 51 ]  - Training     loss : 0.01187 , acc : 0.993 , elapse : 0.26999 min  - Validation   loss : 0.03276 , acc : 0.989 , elapse : 0.04617 min
[ Epoch 52 ]  - Training     loss : 0.01142 , acc : 0.993 , elapse : 0.26693 min  - Validation   loss : 0.03236 , acc : 0.989 , elapse : 0.04612 min
[ Epoch 53 ]  - Training     loss : 0.01062 , acc : 0.994 , elapse : 0.26767 min  - Validation   loss : 0.03270 , acc : 0.989 , elapse : 0.04642 min
[ Epoch 54 ]  - Training     loss : 0.00982 , acc : 0.994 , elapse : 0.26937 min  - Validation   loss : 0.03162 , acc : 0.989 , elapse : 0.04632 min
[ Epoch 55 ]  - Training     loss : 0.00934 , acc : 0.995 , elapse : 0.26791 min  - Validation   loss : 0.03099 , acc : 0.989 , elapse : 0.04635 min
[ Epoch 56 ]  - Training     loss : 0.00891 , acc : 0.995 , elapse : 0.26783 min  - Validation   loss : 0.03361 , acc : 0.989 , elapse : 0.04645 min
[ Epoch 57 ]  - Training     loss : 0.00883 , acc : 0.995 , elapse : 0.27041 min  - Validation   loss : 0.03132 , acc : 0.989 , elapse : 0.04634 min
[ Epoch 58 ]  - Training     loss : 0.00790 , acc : 0.995 , elapse : 0.26755 min  - Validation   loss : 0.03160 , acc : 0.989 , elapse : 0.04630 min
[ Epoch 59 ]  - Training     loss : 0.00745 , acc : 0.996 , elapse : 0.26796 min  - Validation   loss : 0.03179 , acc : 0.990 , elapse : 0.04647 min
[ Epoch 60 ]  - Training     loss : 0.00687 , acc : 0.996 , elapse : 0.27030 min  - Validation   loss : 0.03254 , acc : 0.989 , elapse : 0.04639 min
[ Epoch 61 ]  - Training     loss : 0.00664 , acc : 0.996 , elapse : 0.26816 min  - Validation   loss : 0.03135 , acc : 0.990 , elapse : 0.04636 min
[ Epoch 62 ]  - Training     loss : 0.00625 , acc : 0.996 , elapse : 0.26776 min  - Validation   loss : 0.03192 , acc : 0.990 , elapse : 0.04651 min
[ Epoch 63 ]  - Training     loss : 0.00577 , acc : 0.997 , elapse : 0.26918 min  - Validation   loss : 0.03331 , acc : 0.990 , elapse : 0.04634 min
[ Epoch 64 ]  - Training     loss : 0.00553 , acc : 0.997 , elapse : 0.26795 min  - Validation   loss : 0.03042 , acc : 0.990 , elapse : 0.04643 min    - [Info] The checkpoint file has been updated.
[ Epoch 65 ]  - Training     loss : 0.00517 , acc : 0.997 , elapse : 0.26731 min  - Validation   loss : 0.03030 , acc : 0.990 , elapse : 0.04618 min
[ Epoch 66 ]  - Training     loss : 0.00492 , acc : 0.997 , elapse : 0.26774 min  - Validation   loss : 0.03190 , acc : 0.990 , elapse : 0.04633 min
[ Epoch 67 ]  - Training     loss : 0.00451 , acc : 0.997 , elapse : 0.26790 min  - Validation   loss : 0.03044 , acc : 0.990 , elapse : 0.04643 min
[ Epoch 68 ]  - Training     loss : 0.00418 , acc : 0.998 , elapse : 0.26797 min  - Validation   loss : 0.03030 , acc : 0.990 , elapse : 0.04642 min
[ Epoch 69 ]  - Training     loss : 0.00413 , acc : 0.998 , elapse : 0.27027 min  - Validation   loss : 0.03072 , acc : 0.990 , elapse : 0.04632 min
[ Epoch 70 ]  - Training     loss : 0.00388 , acc : 0.998 , elapse : 0.26768 min  - Validation   loss : 0.03104 , acc : 0.991 , elapse : 0.04639 min
[ Epoch 71 ]  - Training     loss : 0.00363 , acc : 0.998 , elapse : 0.26776 min  - Validation   loss : 0.03158 , acc : 0.990 , elapse : 0.04664 min
[ Epoch 72 ]  - Training     loss : 0.00341 , acc : 0.998 , elapse : 0.26972 min  - Validation   loss : 0.03118 , acc : 0.991 , elapse : 0.04626 min
[ Epoch 73 ]  - Training     loss : 0.00324 , acc : 0.998 , elapse : 0.26774 min  - Validation   loss : 0.03184 , acc : 0.991 , elapse : 0.04636 min
[ Epoch 74 ]  - Training     loss : 0.00317 , acc : 0.998 , elapse : 0.26801 min  - Validation   loss : 0.03131 , acc : 0.991 , elapse : 0.04630 min
[ Epoch 75 ]  - Training     loss : 0.00291 , acc : 0.998 , elapse : 0.27058 min  - Validation   loss : 0.03169 , acc : 0.991 , elapse : 0.04628 min
[ Epoch 76 ]  - Training     loss : 0.00275 , acc : 0.999 , elapse : 0.26782 min  - Validation   loss : 0.03204 , acc : 0.991 , elapse : 0.04628 min
[ Epoch 77 ]  - Training     loss : 0.00265 , acc : 0.999 , elapse : 0.26792 min  - Validation   loss : 0.03221 , acc : 0.991 , elapse : 0.04638 min
[ Epoch 78 ]  - Training     loss : 0.00257 , acc : 0.999 , elapse : 0.27026 min  - Validation   loss : 0.03122 , acc : 0.991 , elapse : 0.04622 min
[ Epoch 79 ]  - Training     loss : 0.00252 , acc : 0.999 , elapse : 0.26735 min  - Validation   loss : 0.03172 , acc : 0.991 , elapse : 0.04605 min
[ Epoch 80 ]  - Training     loss : 0.00244 , acc : 0.999 , elapse : 0.26749 min  - Validation   loss : 0.03176 , acc : 0.991 , elapse : 0.04626 min
[ Epoch 81 ]  - Training     loss : 0.00225 , acc : 0.999 , elapse : 0.26904 min  - Validation   loss : 0.03112 , acc : 0.991 , elapse : 0.04611 min
[ Epoch 82 ]  - Training     loss : 0.00224 , acc : 0.999 , elapse : 0.26807 min  - Validation   loss : 0.03161 , acc : 0.991 , elapse : 0.04613 min
[ Epoch 83 ]  - Training     loss : 0.00212 , acc : 0.999 , elapse : 0.26801 min  - Validation   loss : 0.03194 , acc : 0.991 , elapse : 0.04614 min
[ Epoch 84 ]  - Training     loss : 0.00210 , acc : 0.999 , elapse : 0.27009 min  - Validation   loss : 0.03218 , acc : 0.991 , elapse : 0.04606 min
[ Epoch 85 ]  - Training     loss : 0.00210 , acc : 0.999 , elapse : 0.26820 min  - Validation   loss : 0.03160 , acc : 0.991 , elapse : 0.04604 min
[ Epoch 86 ]  - Training     loss : 0.00202 , acc : 0.999 , elapse : 0.26812 min  - Validation   loss : 0.03147 , acc : 0.991 , elapse : 0.04601 min
[ Epoch 87 ]  - Training     loss : 0.00194 , acc : 0.999 , elapse : 0.27040 min  - Validation   loss : 0.03141 , acc : 0.991 , elapse : 0.04602 min
[ Epoch 88 ]  - Training     loss : 0.00190 , acc : 0.999 , elapse : 0.26837 min  - Validation   loss : 0.03147 , acc : 0.991 , elapse : 0.04606 min
[ Epoch 89 ]  - Training     loss : 0.00188 , acc : 0.999 , elapse : 0.26827 min  - Validation   loss : 0.03141 , acc : 0.991 , elapse : 0.04603 min
[ Epoch 90 ]  - Training     loss : 0.00184 , acc : 0.999 , elapse : 0.27111 min  - Validation   loss : 0.03163 , acc : 0.991 , elapse : 0.04598 min
[ Epoch 91 ]  - Training     loss : 0.00182 , acc : 0.999 , elapse : 0.26815 min  - Validation   loss : 0.03158 , acc : 0.991 , elapse : 0.04600 min
[ Epoch 92 ]  - Training     loss : 0.00186 , acc : 0.999 , elapse : 0.26814 min  - Validation   loss : 0.03135 , acc : 0.991 , elapse : 0.04634 min
[ Epoch 93 ]  - Training     loss : 0.00182 , acc : 0.999 , elapse : 0.26999 min  - Validation   loss : 0.03144 , acc : 0.991 , elapse : 0.04589 min
[ Epoch 94 ]  - Training     loss : 0.00176 , acc : 0.999 , elapse : 0.26724 min  - Validation   loss : 0.03157 , acc : 0.991 , elapse : 0.04591 min
[ Epoch 95 ]  - Training     loss : 0.00175 , acc : 0.999 , elapse : 0.26768 min  - Validation   loss : 0.03156 , acc : 0.991 , elapse : 0.04636 min
[ Epoch 96 ]  - Training     loss : 0.00178 , acc : 0.999 , elapse : 0.26930 min  - Validation   loss : 0.03157 , acc : 0.991 , elapse : 0.04611 min
[ Epoch 97 ]  - Training     loss : 0.00177 , acc : 0.999 , elapse : 0.26823 min  - Validation   loss : 0.03155 , acc : 0.991 , elapse : 0.04621 min
[ Epoch 98 ]  - Training     loss : 0.00239 , acc : 0.999 , elapse : 0.26813 min  - Validation   loss : 0.03417 , acc : 0.991 , elapse : 0.04648 min
[ Epoch 99 ]  - Training     loss : 0.00321 , acc : 0.998 , elapse : 0.26888 min  - Validation   loss : 0.03793 , acc : 0.990 , elapse : 0.04620 min
Finish training ~ v ~
~~~~~~~~~~~~~~~~~~~~~~~~~~~~~
2th fold (total : 5)
Create model...
Start training...
[ Epoch 0 ]  - Training     loss : 0.25101 , acc : 0.920 , elapse : 0.26886 min  - Validation   loss : 0.19508 , acc : 0.934 , elapse : 0.04630 min    - [Info] The checkpoint file has been updated.
[ Epoch 1 ]  - Training     loss : 0.17246 , acc : 0.944 , elapse : 0.26818 min  - Validation   loss : 0.14764 , acc : 0.952 , elapse : 0.04641 min    - [Info] The checkpoint file has been updated.
[ Epoch 2 ]  - Training     loss : 0.13404 , acc : 0.955 , elapse : 0.26973 min  - Validation   loss : 0.12969 , acc : 0.957 , elapse : 0.04632 min    - [Info] The checkpoint file has been updated.
[ Epoch 3 ]  - Training     loss : 0.11500 , acc : 0.962 , elapse : 0.26760 min  - Validation   loss : 0.10155 , acc : 0.967 , elapse : 0.04632 min    - [Info] The checkpoint file has been updated.
[ Epoch 4 ]  - Training     loss : 0.09274 , acc : 0.969 , elapse : 0.26786 min  - Validation   loss : 0.08929 , acc : 0.971 , elapse : 0.04647 min    - [Info] The checkpoint file has been updated.
[ Epoch 5 ]  - Training     loss : 0.08441 , acc : 0.971 , elapse : 0.27004 min  - Validation   loss : 0.08639 , acc : 0.972 , elapse : 0.04636 min    - [Info] The checkpoint file has been updated.
[ Epoch 6 ]  - Training     loss : 0.08079 , acc : 0.972 , elapse : 0.27364 min  - Validation   loss : 0.07737 , acc : 0.974 , elapse : 0.04634 min    - [Info] The checkpoint file has been updated.
[ Epoch 7 ]  - Training     loss : 0.06980 , acc : 0.976 , elapse : 0.26786 min  - Validation   loss : 0.06887 , acc : 0.977 , elapse : 0.04654 min    - [Info] The checkpoint file has been updated.
[ Epoch 8 ]  - Training     loss : 0.06176 , acc : 0.978 , elapse : 0.26881 min  - Validation   loss : 0.06403 , acc : 0.979 , elapse : 0.04615 min    - [Info] The checkpoint file has been updated.
[ Epoch 9 ]  - Training     loss : 0.05664 , acc : 0.980 , elapse : 0.26695 min  - Validation   loss : 0.06080 , acc : 0.980 , elapse : 0.04628 min    - [Info] The checkpoint file has been updated.
[ Epoch 10 ]  - Training     loss : 0.05330 , acc : 0.981 , elapse : 0.26763 min  - Validation   loss : 0.05885 , acc : 0.980 , elapse : 0.04640 min    - [Info] The checkpoint file has been updated.
[ Epoch 11 ]  - Training     loss : 0.05140 , acc : 0.981 , elapse : 0.26988 min  - Validation   loss : 0.05854 , acc : 0.981 , elapse : 0.04636 min    - [Info] The checkpoint file has been updated.
[ Epoch 12 ]  - Training     loss : 0.05255 , acc : 0.981 , elapse : 0.26784 min  - Validation   loss : 0.05874 , acc : 0.980 , elapse : 0.04637 min
[ Epoch 13 ]  - Training     loss : 0.04877 , acc : 0.982 , elapse : 0.26751 min  - Validation   loss : 0.05529 , acc : 0.982 , elapse : 0.04638 min    - [Info] The checkpoint file has been updated.
[ Epoch 14 ]  - Training     loss : 0.04458 , acc : 0.983 , elapse : 0.27085 min  - Validation   loss : 0.05236 , acc : 0.983 , elapse : 0.04631 min    - [Info] The checkpoint file has been updated.
[ Epoch 15 ]  - Training     loss : 0.04057 , acc : 0.984 , elapse : 0.26785 min  - Validation   loss : 0.05063 , acc : 0.983 , elapse : 0.04631 min    - [Info] The checkpoint file has been updated.
[ Epoch 16 ]  - Training     loss : 0.03730 , acc : 0.985 , elapse : 0.26798 min  - Validation   loss : 0.04926 , acc : 0.984 , elapse : 0.04654 min    - [Info] The checkpoint file has been updated.
[ Epoch 17 ]  - Training     loss : 0.03469 , acc : 0.986 , elapse : 0.26926 min  - Validation   loss : 0.04830 , acc : 0.984 , elapse : 0.04634 min    - [Info] The checkpoint file has been updated.
[ Epoch 18 ]  - Training     loss : 0.03276 , acc : 0.986 , elapse : 0.26771 min  - Validation   loss : 0.04615 , acc : 0.985 , elapse : 0.04635 min    - [Info] The checkpoint file has been updated.
[ Epoch 19 ]  - Training     loss : 0.03095 , acc : 0.987 , elapse : 0.26791 min  - Validation   loss : 0.04560 , acc : 0.985 , elapse : 0.04644 min    - [Info] The checkpoint file has been updated.
[ Epoch 20 ]  - Training     loss : 0.02971 , acc : 0.987 , elapse : 0.26895 min  - Validation   loss : 0.04437 , acc : 0.986 , elapse : 0.04635 min    - [Info] The checkpoint file has been updated.
[ Epoch 21 ]  - Training     loss : 0.02864 , acc : 0.988 , elapse : 0.26785 min  - Validation   loss : 0.04417 , acc : 0.986 , elapse : 0.04633 min    - [Info] The checkpoint file has been updated.
[ Epoch 22 ]  - Training     loss : 0.02770 , acc : 0.988 , elapse : 0.26692 min  - Validation   loss : 0.04382 , acc : 0.986 , elapse : 0.04633 min    - [Info] The checkpoint file has been updated.
[ Epoch 23 ]  - Training     loss : 0.02721 , acc : 0.988 , elapse : 0.26953 min  - Validation   loss : 0.04392 , acc : 0.986 , elapse : 0.04639 min
[ Epoch 24 ]  - Training     loss : 0.02802 , acc : 0.988 , elapse : 0.26759 min  - Validation   loss : 0.04628 , acc : 0.985 , elapse : 0.04633 min
[ Epoch 25 ]  - Training     loss : 0.02926 , acc : 0.987 , elapse : 0.26769 min  - Validation   loss : 0.04537 , acc : 0.986 , elapse : 0.04639 min
[ Epoch 26 ]  - Training     loss : 0.02706 , acc : 0.988 , elapse : 0.26913 min  - Validation   loss : 0.04425 , acc : 0.986 , elapse : 0.04637 min
[ Epoch 27 ]  - Training     loss : 0.02489 , acc : 0.989 , elapse : 0.26758 min  - Validation   loss : 0.04282 , acc : 0.986 , elapse : 0.04628 min    - [Info] The checkpoint file has been updated.
[ Epoch 28 ]  - Training     loss : 0.02344 , acc : 0.989 , elapse : 0.26775 min  - Validation   loss : 0.04312 , acc : 0.986 , elapse : 0.04637 min
[ Epoch 29 ]  - Training     loss : 0.02187 , acc : 0.990 , elapse : 0.27027 min  - Validation   loss : 0.04206 , acc : 0.987 , elapse : 0.04634 min    - [Info] The checkpoint file has been updated.
[ Epoch 30 ]  - Training     loss : 0.02034 , acc : 0.990 , elapse : 0.26766 min  - Validation   loss : 0.04228 , acc : 0.987 , elapse : 0.04636 min
[ Epoch 31 ]  - Training     loss : 0.01901 , acc : 0.990 , elapse : 0.26804 min  - Validation   loss : 0.04095 , acc : 0.987 , elapse : 0.04666 min    - [Info] The checkpoint file has been updated.
[ Epoch 32 ]  - Training     loss : 0.01760 , acc : 0.991 , elapse : 0.26924 min  - Validation   loss : 0.03986 , acc : 0.988 , elapse : 0.04647 min    - [Info] The checkpoint file has been updated.
[ Epoch 33 ]  - Training     loss : 0.01643 , acc : 0.991 , elapse : 0.26779 min  - Validation   loss : 0.03967 , acc : 0.988 , elapse : 0.04642 min    - [Info] The checkpoint file has been updated.
[ Epoch 34 ]  - Training     loss : 0.01543 , acc : 0.992 , elapse : 0.26745 min  - Validation   loss : 0.03967 , acc : 0.988 , elapse : 0.04653 min    - [Info] The checkpoint file has been updated.
[ Epoch 35 ]  - Training     loss : 0.01461 , acc : 0.992 , elapse : 0.26913 min  - Validation   loss : 0.04036 , acc : 0.988 , elapse : 0.04610 min
[ Epoch 36 ]  - Training     loss : 0.01373 , acc : 0.993 , elapse : 0.26783 min  - Validation   loss : 0.04038 , acc : 0.989 , elapse : 0.04639 min
[ Epoch 37 ]  - Training     loss : 0.01324 , acc : 0.993 , elapse : 0.26774 min  - Validation   loss : 0.03905 , acc : 0.989 , elapse : 0.04649 min    - [Info] The checkpoint file has been updated.
[ Epoch 38 ]  - Training     loss : 0.01233 , acc : 0.993 , elapse : 0.26835 min  - Validation   loss : 0.03846 , acc : 0.989 , elapse : 0.04631 min
[ Epoch 39 ]  - Training     loss : 0.01175 , acc : 0.994 , elapse : 0.26839 min  - Validation   loss : 0.03818 , acc : 0.989 , elapse : 0.04630 min
[ Epoch 40 ]  - Training     loss : 0.01152 , acc : 0.994 , elapse : 0.26788 min  - Validation   loss : 0.03764 , acc : 0.989 , elapse : 0.04640 min
[ Epoch 41 ]  - Training     loss : 0.01107 , acc : 0.994 , elapse : 0.26868 min  - Validation   loss : 0.03793 , acc : 0.989 , elapse : 0.04624 min
[ Epoch 42 ]  - Training     loss : 0.01074 , acc : 0.994 , elapse : 0.26773 min  - Validation   loss : 0.03760 , acc : 0.989 , elapse : 0.04635 min    - [Info] The checkpoint file has been updated.
[ Epoch 43 ]  - Training     loss : 0.01039 , acc : 0.994 , elapse : 0.26763 min  - Validation   loss : 0.03744 , acc : 0.989 , elapse : 0.04671 min    - [Info] The checkpoint file has been updated.
[ Epoch 44 ]  - Training     loss : 0.01018 , acc : 0.994 , elapse : 0.27035 min  - Validation   loss : 0.03757 , acc : 0.989 , elapse : 0.04630 min
[ Epoch 45 ]  - Training     loss : 0.00999 , acc : 0.994 , elapse : 0.26790 min  - Validation   loss : 0.03731 , acc : 0.989 , elapse : 0.04640 min
[ Epoch 46 ]  - Training     loss : 0.00993 , acc : 0.994 , elapse : 0.26788 min  - Validation   loss : 0.03724 , acc : 0.989 , elapse : 0.04664 min
[ Epoch 47 ]  - Training     loss : 0.00986 , acc : 0.995 , elapse : 0.26871 min  - Validation   loss : 0.03725 , acc : 0.989 , elapse : 0.04637 min
[ Epoch 48 ]  - Training     loss : 0.00980 , acc : 0.995 , elapse : 0.26781 min  - Validation   loss : 0.03725 , acc : 0.989 , elapse : 0.04646 min
[ Epoch 49 ]  - Training     loss : 0.01200 , acc : 0.993 , elapse : 0.26686 min  - Validation   loss : 0.03913 , acc : 0.989 , elapse : 0.04640 min
[ Epoch 50 ]  - Training     loss : 0.01150 , acc : 0.994 , elapse : 0.26884 min  - Validation   loss : 0.04076 , acc : 0.989 , elapse : 0.04638 min
[ Epoch 51 ]  - Training     loss : 0.01089 , acc : 0.994 , elapse : 0.26802 min  - Validation   loss : 0.04010 , acc : 0.989 , elapse : 0.04635 min
[ Epoch 52 ]  - Training     loss : 0.01032 , acc : 0.994 , elapse : 0.26775 min  - Validation   loss : 0.03921 , acc : 0.989 , elapse : 0.04646 min
[ Epoch 53 ]  - Training     loss : 0.00974 , acc : 0.995 , elapse : 0.26914 min  - Validation   loss : 0.04029 , acc : 0.989 , elapse : 0.04635 min
[ Epoch 54 ]  - Training     loss : 0.00972 , acc : 0.994 , elapse : 0.26797 min  - Validation   loss : 0.04007 , acc : 0.989 , elapse : 0.04645 min
[ Epoch 55 ]  - Training     loss : 0.00891 , acc : 0.995 , elapse : 0.26781 min  - Validation   loss : 0.04054 , acc : 0.989 , elapse : 0.04646 min
[ Epoch 56 ]  - Training     loss : 0.00801 , acc : 0.995 , elapse : 0.27015 min  - Validation   loss : 0.04007 , acc : 0.989 , elapse : 0.04623 min
[ Epoch 57 ]  - Training     loss : 0.00756 , acc : 0.996 , elapse : 0.26778 min  - Validation   loss : 0.04105 , acc : 0.989 , elapse : 0.04635 min
[ Epoch 58 ]  - Training     loss : 0.00746 , acc : 0.996 , elapse : 0.26774 min  - Validation   loss : 0.03934 , acc : 0.989 , elapse : 0.04663 min
[ Epoch 59 ]  - Training     loss : 0.00691 , acc : 0.996 , elapse : 0.26934 min  - Validation   loss : 0.04046 , acc : 0.990 , elapse : 0.04637 min
[ Epoch 60 ]  - Training     loss : 0.00632 , acc : 0.996 , elapse : 0.26762 min  - Validation   loss : 0.04150 , acc : 0.990 , elapse : 0.04629 min
[ Epoch 61 ]  - Training     loss : 0.00580 , acc : 0.997 , elapse : 0.26762 min  - Validation   loss : 0.04028 , acc : 0.990 , elapse : 0.04658 min
[ Epoch 62 ]  - Training     loss : 0.00569 , acc : 0.997 , elapse : 0.26939 min  - Validation   loss : 0.04050 , acc : 0.990 , elapse : 0.04636 min
[ Epoch 63 ]  - Training     loss : 0.00541 , acc : 0.997 , elapse : 0.26782 min  - Validation   loss : 0.04243 , acc : 0.990 , elapse : 0.04641 min
[ Epoch 64 ]  - Training     loss : 0.00531 , acc : 0.997 , elapse : 0.26786 min  - Validation   loss : 0.04156 , acc : 0.990 , elapse : 0.04644 min
[ Epoch 65 ]  - Training     loss : 0.00503 , acc : 0.997 , elapse : 0.26916 min  - Validation   loss : 0.04146 , acc : 0.990 , elapse : 0.04639 min
[ Epoch 66 ]  - Training     loss : 0.00432 , acc : 0.997 , elapse : 0.26784 min  - Validation   loss : 0.04093 , acc : 0.990 , elapse : 0.04641 min
[ Epoch 67 ]  - Training     loss : 0.00404 , acc : 0.998 , elapse : 0.26777 min  - Validation   loss : 0.04137 , acc : 0.990 , elapse : 0.04646 min
[ Epoch 68 ]  - Training     loss : 0.00408 , acc : 0.998 , elapse : 0.26968 min  - Validation   loss : 0.04111 , acc : 0.990 , elapse : 0.04639 min
[ Epoch 69 ]  - Training     loss : 0.00369 , acc : 0.998 , elapse : 0.26799 min  - Validation   loss : 0.04127 , acc : 0.991 , elapse : 0.04632 min
[ Epoch 70 ]  - Training     loss : 0.00350 , acc : 0.998 , elapse : 0.26770 min  - Validation   loss : 0.04280 , acc : 0.990 , elapse : 0.04660 min
[ Epoch 71 ]  - Training     loss : 0.00333 , acc : 0.998 , elapse : 0.27079 min  - Validation   loss : 0.04225 , acc : 0.991 , elapse : 0.04636 min
[ Epoch 72 ]  - Training     loss : 0.00322 , acc : 0.998 , elapse : 0.26786 min  - Validation   loss : 0.04187 , acc : 0.991 , elapse : 0.04637 min
[ Epoch 73 ]  - Training     loss : 0.00302 , acc : 0.998 , elapse : 0.26816 min  - Validation   loss : 0.04278 , acc : 0.991 , elapse : 0.04658 min
[ Epoch 74 ]  - Training     loss : 0.00288 , acc : 0.998 , elapse : 0.26914 min  - Validation   loss : 0.04343 , acc : 0.991 , elapse : 0.04632 min
[ Epoch 75 ]  - Training     loss : 0.00266 , acc : 0.999 , elapse : 0.26801 min  - Validation   loss : 0.04264 , acc : 0.991 , elapse : 0.04644 min
[ Epoch 76 ]  - Training     loss : 0.00260 , acc : 0.999 , elapse : 0.26793 min  - Validation   loss : 0.04145 , acc : 0.991 , elapse : 0.04651 min
[ Epoch 77 ]  - Training     loss : 0.00253 , acc : 0.999 , elapse : 0.26963 min  - Validation   loss : 0.04271 , acc : 0.991 , elapse : 0.04618 min
[ Epoch 78 ]  - Training     loss : 0.00238 , acc : 0.999 , elapse : 0.26789 min  - Validation   loss : 0.04264 , acc : 0.991 , elapse : 0.04610 min
[ Epoch 79 ]  - Training     loss : 0.00222 , acc : 0.999 , elapse : 0.26741 min  - Validation   loss : 0.04213 , acc : 0.991 , elapse : 0.04625 min
[ Epoch 80 ]  - Training     loss : 0.00221 , acc : 0.999 , elapse : 0.26995 min  - Validation   loss : 0.04236 , acc : 0.991 , elapse : 0.04619 min
[ Epoch 81 ]  - Training     loss : 0.00210 , acc : 0.999 , elapse : 0.26823 min  - Validation   loss : 0.04288 , acc : 0.991 , elapse : 0.04618 min
[ Epoch 82 ]  - Training     loss : 0.00203 , acc : 0.999 , elapse : 0.26807 min  - Validation   loss : 0.04177 , acc : 0.991 , elapse : 0.04631 min
[ Epoch 83 ]  - Training     loss : 0.00197 , acc : 0.999 , elapse : 0.26979 min  - Validation   loss : 0.04211 , acc : 0.991 , elapse : 0.04615 min
[ Epoch 84 ]  - Training     loss : 0.00196 , acc : 0.999 , elapse : 0.26833 min  - Validation   loss : 0.04251 , acc : 0.991 , elapse : 0.04609 min
[ Epoch 85 ]  - Training     loss : 0.00193 , acc : 0.999 , elapse : 0.26808 min  - Validation   loss : 0.04240 , acc : 0.991 , elapse : 0.04613 min
[ Epoch 86 ]  - Training     loss : 0.00179 , acc : 0.999 , elapse : 0.27018 min  - Validation   loss : 0.04260 , acc : 0.991 , elapse : 0.04610 min
[ Epoch 87 ]  - Training     loss : 0.00174 , acc : 0.999 , elapse : 0.26850 min  - Validation   loss : 0.04270 , acc : 0.991 , elapse : 0.04601 min
[ Epoch 88 ]  - Training     loss : 0.00172 , acc : 0.999 , elapse : 0.26829 min  - Validation   loss : 0.04291 , acc : 0.991 , elapse : 0.04607 min
[ Epoch 89 ]  - Training     loss : 0.00172 , acc : 0.999 , elapse : 0.27016 min  - Validation   loss : 0.04296 , acc : 0.991 , elapse : 0.04600 min
[ Epoch 90 ]  - Training     loss : 0.00171 , acc : 0.999 , elapse : 0.26827 min  - Validation   loss : 0.04296 , acc : 0.991 , elapse : 0.04606 min
[ Epoch 91 ]  - Training     loss : 0.00168 , acc : 0.999 , elapse : 0.26810 min  - Validation   loss : 0.04278 , acc : 0.991 , elapse : 0.04605 min
[ Epoch 92 ]  - Training     loss : 0.00168 , acc : 0.999 , elapse : 0.27169 min  - Validation   loss : 0.04293 , acc : 0.991 , elapse : 0.04607 min
[ Epoch 93 ]  - Training     loss : 0.00165 , acc : 0.999 , elapse : 0.26797 min  - Validation   loss : 0.04271 , acc : 0.991 , elapse : 0.04596 min
[ Epoch 94 ]  - Training     loss : 0.00163 , acc : 0.999 , elapse : 0.26789 min  - Validation   loss : 0.04275 , acc : 0.991 , elapse : 0.04608 min
[ Epoch 95 ]  - Training     loss : 0.00164 , acc : 0.999 , elapse : 0.27133 min  - Validation   loss : 0.04280 , acc : 0.991 , elapse : 0.04608 min
[ Epoch 96 ]  - Training     loss : 0.00161 , acc : 0.999 , elapse : 0.26855 min  - Validation   loss : 0.04282 , acc : 0.991 , elapse : 0.04617 min
[ Epoch 97 ]  - Training     loss : 0.00165 , acc : 0.999 , elapse : 0.26889 min  - Validation   loss : 0.04283 , acc : 0.991 , elapse : 0.04613 min
[ Epoch 98 ]  - Training     loss : 0.00213 , acc : 0.999 , elapse : 0.27054 min  - Validation   loss : 0.04536 , acc : 0.991 , elapse : 0.04614 min
[ Epoch 99 ]  - Training     loss : 0.00296 , acc : 0.998 , elapse : 0.26796 min  - Validation   loss : 0.04492 , acc : 0.990 , elapse : 0.04618 min
Finish training ~ v ~
~~~~~~~~~~~~~~~~~~~~~~~~~~~~~
3th fold (total : 5)
Create model...
Start training...
[ Epoch 0 ]  - Training     loss : 0.24968 , acc : 0.920 , elapse : 0.26801 min  - Validation   loss : 0.19986 , acc : 0.933 , elapse : 0.04627 min    - [Info] The checkpoint file has been updated.
[ Epoch 1 ]  - Training     loss : 0.17516 , acc : 0.943 , elapse : 0.26941 min  - Validation   loss : 0.15578 , acc : 0.949 , elapse : 0.04617 min    - [Info] The checkpoint file has been updated.
[ Epoch 2 ]  - Training     loss : 0.13923 , acc : 0.954 , elapse : 0.26795 min  - Validation   loss : 0.13940 , acc : 0.954 , elapse : 0.04617 min    - [Info] The checkpoint file has been updated.
[ Epoch 3 ]  - Training     loss : 0.11926 , acc : 0.960 , elapse : 0.27035 min  - Validation   loss : 0.10900 , acc : 0.964 , elapse : 0.04639 min    - [Info] The checkpoint file has been updated.
[ Epoch 4 ]  - Training     loss : 0.09631 , acc : 0.967 , elapse : 0.26880 min  - Validation   loss : 0.09600 , acc : 0.969 , elapse : 0.04640 min    - [Info] The checkpoint file has been updated.
[ Epoch 5 ]  - Training     loss : 0.08728 , acc : 0.970 , elapse : 0.26786 min  - Validation   loss : 0.09258 , acc : 0.971 , elapse : 0.04634 min    - [Info] The checkpoint file has been updated.
[ Epoch 6 ]  - Training     loss : 0.08289 , acc : 0.972 , elapse : 0.26791 min  - Validation   loss : 0.08181 , acc : 0.974 , elapse : 0.04644 min    - [Info] The checkpoint file has been updated.
[ Epoch 7 ]  - Training     loss : 0.07206 , acc : 0.975 , elapse : 0.26880 min  - Validation   loss : 0.07300 , acc : 0.977 , elapse : 0.04618 min    - [Info] The checkpoint file has been updated.
[ Epoch 8 ]  - Training     loss : 0.06417 , acc : 0.977 , elapse : 0.26726 min  - Validation   loss : 0.06807 , acc : 0.978 , elapse : 0.04639 min    - [Info] The checkpoint file has been updated.
[ Epoch 9 ]  - Training     loss : 0.05877 , acc : 0.979 , elapse : 0.26793 min  - Validation   loss : 0.06508 , acc : 0.979 , elapse : 0.04648 min    - [Info] The checkpoint file has been updated.
[ Epoch 10 ]  - Training     loss : 0.05561 , acc : 0.980 , elapse : 0.26924 min  - Validation   loss : 0.06266 , acc : 0.980 , elapse : 0.04637 min    - [Info] The checkpoint file has been updated.
[ Epoch 11 ]  - Training     loss : 0.05374 , acc : 0.980 , elapse : 0.26757 min  - Validation   loss : 0.06211 , acc : 0.980 , elapse : 0.04636 min    - [Info] The checkpoint file has been updated.
[ Epoch 12 ]  - Training     loss : 0.05478 , acc : 0.980 , elapse : 0.26789 min  - Validation   loss : 0.06083 , acc : 0.981 , elapse : 0.04648 min    - [Info] The checkpoint file has been updated.
[ Epoch 13 ]  - Training     loss : 0.05209 , acc : 0.981 , elapse : 0.27097 min  - Validation   loss : 0.05765 , acc : 0.981 , elapse : 0.04636 min    - [Info] The checkpoint file has been updated.
[ Epoch 14 ]  - Training     loss : 0.04814 , acc : 0.982 , elapse : 0.26786 min  - Validation   loss : 0.05503 , acc : 0.983 , elapse : 0.04633 min    - [Info] The checkpoint file has been updated.
[ Epoch 15 ]  - Training     loss : 0.04390 , acc : 0.983 , elapse : 0.26781 min  - Validation   loss : 0.05323 , acc : 0.983 , elapse : 0.04660 min    - [Info] The checkpoint file has been updated.
[ Epoch 16 ]  - Training     loss : 0.04186 , acc : 0.984 , elapse : 0.26960 min  - Validation   loss : 0.05178 , acc : 0.983 , elapse : 0.04629 min    - [Info] The checkpoint file has been updated.
[ Epoch 17 ]  - Training     loss : 0.03874 , acc : 0.984 , elapse : 0.26762 min  - Validation   loss : 0.04997 , acc : 0.984 , elapse : 0.04638 min    - [Info] The checkpoint file has been updated.
[ Epoch 18 ]  - Training     loss : 0.03651 , acc : 0.985 , elapse : 0.26790 min  - Validation   loss : 0.04869 , acc : 0.985 , elapse : 0.04659 min    - [Info] The checkpoint file has been updated.
[ Epoch 19 ]  - Training     loss : 0.03471 , acc : 0.986 , elapse : 0.26987 min  - Validation   loss : 0.04774 , acc : 0.985 , elapse : 0.04620 min    - [Info] The checkpoint file has been updated.
[ Epoch 20 ]  - Training     loss : 0.03336 , acc : 0.986 , elapse : 0.26687 min  - Validation   loss : 0.04690 , acc : 0.985 , elapse : 0.04619 min    - [Info] The checkpoint file has been updated.
[ Epoch 21 ]  - Training     loss : 0.03246 , acc : 0.986 , elapse : 0.26773 min  - Validation   loss : 0.04621 , acc : 0.985 , elapse : 0.04661 min    - [Info] The checkpoint file has been updated.
[ Epoch 22 ]  - Training     loss : 0.03123 , acc : 0.987 , elapse : 0.26997 min  - Validation   loss : 0.04589 , acc : 0.986 , elapse : 0.04627 min    - [Info] The checkpoint file has been updated.
[ Epoch 23 ]  - Training     loss : 0.03101 , acc : 0.987 , elapse : 0.26816 min  - Validation   loss : 0.04582 , acc : 0.986 , elapse : 0.04638 min
[ Epoch 24 ]  - Training     loss : 0.03225 , acc : 0.986 , elapse : 0.26744 min  - Validation   loss : 0.04725 , acc : 0.985 , elapse : 0.04660 min
[ Epoch 25 ]  - Training     loss : 0.03380 , acc : 0.986 , elapse : 0.27099 min  - Validation   loss : 0.04810 , acc : 0.985 , elapse : 0.04636 min
[ Epoch 26 ]  - Training     loss : 0.03154 , acc : 0.986 , elapse : 0.26769 min  - Validation   loss : 0.04551 , acc : 0.985 , elapse : 0.04636 min
[ Epoch 27 ]  - Training     loss : 0.02903 , acc : 0.987 , elapse : 0.26790 min  - Validation   loss : 0.04538 , acc : 0.985 , elapse : 0.04666 min
[ Epoch 28 ]  - Training     loss : 0.02783 , acc : 0.987 , elapse : 0.27163 min  - Validation   loss : 0.04424 , acc : 0.986 , elapse : 0.04633 min    - [Info] The checkpoint file has been updated.
[ Epoch 29 ]  - Training     loss : 0.02626 , acc : 0.988 , elapse : 0.26777 min  - Validation   loss : 0.04278 , acc : 0.986 , elapse : 0.04632 min    - [Info] The checkpoint file has been updated.
[ Epoch 30 ]  - Training     loss : 0.02437 , acc : 0.989 , elapse : 0.26768 min  - Validation   loss : 0.04225 , acc : 0.987 , elapse : 0.04667 min    - [Info] The checkpoint file has been updated.
[ Epoch 31 ]  - Training     loss : 0.02266 , acc : 0.989 , elapse : 0.27013 min  - Validation   loss : 0.04166 , acc : 0.987 , elapse : 0.04644 min    - [Info] The checkpoint file has been updated.
[ Epoch 32 ]  - Training     loss : 0.02171 , acc : 0.989 , elapse : 0.26765 min  - Validation   loss : 0.04073 , acc : 0.987 , elapse : 0.04635 min    - [Info] The checkpoint file has been updated.
[ Epoch 33 ]  - Training     loss : 0.02041 , acc : 0.990 , elapse : 0.26767 min  - Validation   loss : 0.03998 , acc : 0.987 , elapse : 0.04639 min    - [Info] The checkpoint file has been updated.
[ Epoch 34 ]  - Training     loss : 0.01899 , acc : 0.990 , elapse : 0.26811 min  - Validation   loss : 0.04103 , acc : 0.987 , elapse : 0.04616 min
[ Epoch 35 ]  - Training     loss : 0.01798 , acc : 0.991 , elapse : 0.26768 min  - Validation   loss : 0.03867 , acc : 0.988 , elapse : 0.04639 min    - [Info] The checkpoint file has been updated.
[ Epoch 36 ]  - Training     loss : 0.01720 , acc : 0.991 , elapse : 0.26761 min  - Validation   loss : 0.03760 , acc : 0.988 , elapse : 0.04644 min    - [Info] The checkpoint file has been updated.
[ Epoch 37 ]  - Training     loss : 0.01651 , acc : 0.991 , elapse : 0.26950 min  - Validation   loss : 0.03760 , acc : 0.988 , elapse : 0.04638 min    - [Info] The checkpoint file has been updated.
[ Epoch 38 ]  - Training     loss : 0.01577 , acc : 0.992 , elapse : 0.26814 min  - Validation   loss : 0.03759 , acc : 0.988 , elapse : 0.04641 min    - [Info] The checkpoint file has been updated.
[ Epoch 39 ]  - Training     loss : 0.01488 , acc : 0.992 , elapse : 0.26765 min  - Validation   loss : 0.03698 , acc : 0.988 , elapse : 0.04653 min    - [Info] The checkpoint file has been updated.
[ Epoch 40 ]  - Training     loss : 0.01450 , acc : 0.992 , elapse : 0.26904 min  - Validation   loss : 0.03691 , acc : 0.988 , elapse : 0.04628 min    - [Info] The checkpoint file has been updated.
[ Epoch 41 ]  - Training     loss : 0.01397 , acc : 0.993 , elapse : 0.26801 min  - Validation   loss : 0.03686 , acc : 0.989 , elapse : 0.04638 min    - [Info] The checkpoint file has been updated.
[ Epoch 42 ]  - Training     loss : 0.01357 , acc : 0.993 , elapse : 0.26767 min  - Validation   loss : 0.03652 , acc : 0.989 , elapse : 0.04660 min    - [Info] The checkpoint file has been updated.
[ Epoch 43 ]  - Training     loss : 0.01325 , acc : 0.993 , elapse : 0.26913 min  - Validation   loss : 0.03616 , acc : 0.989 , elapse : 0.04635 min    - [Info] The checkpoint file has been updated.
[ Epoch 44 ]  - Training     loss : 0.01316 , acc : 0.993 , elapse : 0.26755 min  - Validation   loss : 0.03630 , acc : 0.989 , elapse : 0.04637 min
[ Epoch 45 ]  - Training     loss : 0.01289 , acc : 0.993 , elapse : 0.26791 min  - Validation   loss : 0.03636 , acc : 0.989 , elapse : 0.04653 min
[ Epoch 46 ]  - Training     loss : 0.01259 , acc : 0.993 , elapse : 0.26875 min  - Validation   loss : 0.03623 , acc : 0.989 , elapse : 0.04637 min
[ Epoch 47 ]  - Training     loss : 0.01267 , acc : 0.993 , elapse : 0.26712 min  - Validation   loss : 0.03616 , acc : 0.989 , elapse : 0.04620 min
[ Epoch 48 ]  - Training     loss : 0.01265 , acc : 0.993 , elapse : 0.26719 min  - Validation   loss : 0.03614 , acc : 0.989 , elapse : 0.04641 min
[ Epoch 49 ]  - Training     loss : 0.01473 , acc : 0.992 , elapse : 0.26917 min  - Validation   loss : 0.03951 , acc : 0.988 , elapse : 0.04640 min
[ Epoch 50 ]  - Training     loss : 0.01448 , acc : 0.992 , elapse : 0.26772 min  - Validation   loss : 0.03722 , acc : 0.989 , elapse : 0.04631 min
[ Epoch 51 ]  - Training     loss : 0.01595 , acc : 0.992 , elapse : 0.26757 min  - Validation   loss : 0.03817 , acc : 0.988 , elapse : 0.04646 min
[ Epoch 52 ]  - Training     loss : 0.01410 , acc : 0.992 , elapse : 0.27044 min  - Validation   loss : 0.03716 , acc : 0.989 , elapse : 0.04640 min
[ Epoch 53 ]  - Training     loss : 0.01247 , acc : 0.993 , elapse : 0.26775 min  - Validation   loss : 0.03700 , acc : 0.988 , elapse : 0.04631 min
[ Epoch 54 ]  - Training     loss : 0.01219 , acc : 0.993 , elapse : 0.26773 min  - Validation   loss : 0.03721 , acc : 0.989 , elapse : 0.04650 min
[ Epoch 55 ]  - Training     loss : 0.01126 , acc : 0.994 , elapse : 0.26892 min  - Validation   loss : 0.03609 , acc : 0.989 , elapse : 0.04638 min
[ Epoch 56 ]  - Training     loss : 0.01071 , acc : 0.994 , elapse : 0.26801 min  - Validation   loss : 0.03603 , acc : 0.989 , elapse : 0.04637 min    - [Info] The checkpoint file has been updated.
[ Epoch 57 ]  - Training     loss : 0.00986 , acc : 0.994 , elapse : 0.26769 min  - Validation   loss : 0.03663 , acc : 0.989 , elapse : 0.04668 min
[ Epoch 58 ]  - Training     loss : 0.01003 , acc : 0.994 , elapse : 0.27061 min  - Validation   loss : 0.03566 , acc : 0.989 , elapse : 0.04636 min
[ Epoch 59 ]  - Training     loss : 0.00886 , acc : 0.995 , elapse : 0.26797 min  - Validation   loss : 0.03605 , acc : 0.990 , elapse : 0.04641 min
[ Epoch 60 ]  - Training     loss : 0.00864 , acc : 0.995 , elapse : 0.26722 min  - Validation   loss : 0.03531 , acc : 0.990 , elapse : 0.04624 min    - [Info] The checkpoint file has been updated.
[ Epoch 61 ]  - Training     loss : 0.00804 , acc : 0.995 , elapse : 0.26830 min  - Validation   loss : 0.03564 , acc : 0.990 , elapse : 0.04629 min
[ Epoch 62 ]  - Training     loss : 0.00772 , acc : 0.995 , elapse : 0.26762 min  - Validation   loss : 0.03597 , acc : 0.990 , elapse : 0.04636 min
[ Epoch 63 ]  - Training     loss : 0.00710 , acc : 0.996 , elapse : 0.26759 min  - Validation   loss : 0.03635 , acc : 0.990 , elapse : 0.04641 min
[ Epoch 64 ]  - Training     loss : 0.00684 , acc : 0.996 , elapse : 0.26897 min  - Validation   loss : 0.03683 , acc : 0.990 , elapse : 0.04639 min
[ Epoch 65 ]  - Training     loss : 0.00624 , acc : 0.996 , elapse : 0.26757 min  - Validation   loss : 0.03611 , acc : 0.990 , elapse : 0.04634 min
[ Epoch 66 ]  - Training     loss : 0.00602 , acc : 0.996 , elapse : 0.26770 min  - Validation   loss : 0.03771 , acc : 0.990 , elapse : 0.04648 min
[ Epoch 67 ]  - Training     loss : 0.00597 , acc : 0.996 , elapse : 0.27006 min  - Validation   loss : 0.03706 , acc : 0.990 , elapse : 0.04641 min
[ Epoch 68 ]  - Training     loss : 0.00539 , acc : 0.997 , elapse : 0.26764 min  - Validation   loss : 0.03737 , acc : 0.990 , elapse : 0.04631 min
[ Epoch 69 ]  - Training     loss : 0.00525 , acc : 0.997 , elapse : 0.26773 min  - Validation   loss : 0.03672 , acc : 0.990 , elapse : 0.04637 min
[ Epoch 70 ]  - Training     loss : 0.00489 , acc : 0.997 , elapse : 0.27030 min  - Validation   loss : 0.03634 , acc : 0.991 , elapse : 0.04642 min
[ Epoch 71 ]  - Training     loss : 0.00472 , acc : 0.997 , elapse : 0.26792 min  - Validation   loss : 0.03554 , acc : 0.991 , elapse : 0.04641 min
[ Epoch 72 ]  - Training     loss : 0.00441 , acc : 0.997 , elapse : 0.26775 min  - Validation   loss : 0.03580 , acc : 0.991 , elapse : 0.04640 min
[ Epoch 73 ]  - Training     loss : 0.00410 , acc : 0.998 , elapse : 0.26993 min  - Validation   loss : 0.03635 , acc : 0.991 , elapse : 0.04623 min
[ Epoch 74 ]  - Training     loss : 0.00421 , acc : 0.998 , elapse : 0.26733 min  - Validation   loss : 0.03656 , acc : 0.991 , elapse : 0.04640 min
[ Epoch 75 ]  - Training     loss : 0.00396 , acc : 0.998 , elapse : 0.26819 min  - Validation   loss : 0.03570 , acc : 0.991 , elapse : 0.04616 min
[ Epoch 76 ]  - Training     loss : 0.00376 , acc : 0.998 , elapse : 0.27000 min  - Validation   loss : 0.03599 , acc : 0.991 , elapse : 0.04622 min
[ Epoch 77 ]  - Training     loss : 0.00362 , acc : 0.998 , elapse : 0.26799 min  - Validation   loss : 0.03576 , acc : 0.991 , elapse : 0.04615 min
[ Epoch 78 ]  - Training     loss : 0.00339 , acc : 0.998 , elapse : 0.26805 min  - Validation   loss : 0.03544 , acc : 0.991 , elapse : 0.04632 min
[ Epoch 79 ]  - Training     loss : 0.00326 , acc : 0.998 , elapse : 0.26909 min  - Validation   loss : 0.03609 , acc : 0.991 , elapse : 0.04610 min
[ Epoch 80 ]  - Training     loss : 0.00315 , acc : 0.998 , elapse : 0.26813 min  - Validation   loss : 0.03580 , acc : 0.991 , elapse : 0.04611 min
[ Epoch 81 ]  - Training     loss : 0.00310 , acc : 0.998 , elapse : 0.26821 min  - Validation   loss : 0.03524 , acc : 0.991 , elapse : 0.04620 min
[ Epoch 82 ]  - Training     loss : 0.00293 , acc : 0.998 , elapse : 0.27124 min  - Validation   loss : 0.03604 , acc : 0.991 , elapse : 0.04598 min
[ Epoch 83 ]  - Training     loss : 0.00282 , acc : 0.998 , elapse : 0.26794 min  - Validation   loss : 0.03553 , acc : 0.991 , elapse : 0.04595 min
[ Epoch 84 ]  - Training     loss : 0.00277 , acc : 0.999 , elapse : 0.26789 min  - Validation   loss : 0.03588 , acc : 0.991 , elapse : 0.04623 min
[ Epoch 85 ]  - Training     loss : 0.00265 , acc : 0.999 , elapse : 0.26994 min  - Validation   loss : 0.03617 , acc : 0.991 , elapse : 0.04592 min
[ Epoch 86 ]  - Training     loss : 0.00258 , acc : 0.999 , elapse : 0.26773 min  - Validation   loss : 0.03601 , acc : 0.991 , elapse : 0.04581 min
[ Epoch 87 ]  - Training     loss : 0.00250 , acc : 0.999 , elapse : 0.26753 min  - Validation   loss : 0.03605 , acc : 0.991 , elapse : 0.04632 min
[ Epoch 88 ]  - Training     loss : 0.00255 , acc : 0.999 , elapse : 0.27042 min  - Validation   loss : 0.03607 , acc : 0.991 , elapse : 0.04608 min
[ Epoch 89 ]  - Training     loss : 0.00252 , acc : 0.999 , elapse : 0.26795 min  - Validation   loss : 0.03591 , acc : 0.991 , elapse : 0.04607 min
[ Epoch 90 ]  - Training     loss : 0.00250 , acc : 0.999 , elapse : 0.26775 min  - Validation   loss : 0.03622 , acc : 0.991 , elapse : 0.04610 min
[ Epoch 91 ]  - Training     loss : 0.00239 , acc : 0.999 , elapse : 0.26959 min  - Validation   loss : 0.03617 , acc : 0.991 , elapse : 0.04624 min
[ Epoch 92 ]  - Training     loss : 0.00239 , acc : 0.999 , elapse : 0.26800 min  - Validation   loss : 0.03626 , acc : 0.991 , elapse : 0.04626 min
[ Epoch 93 ]  - Training     loss : 0.00239 , acc : 0.999 , elapse : 0.26791 min  - Validation   loss : 0.03622 , acc : 0.991 , elapse : 0.04638 min
[ Epoch 94 ]  - Training     loss : 0.00236 , acc : 0.999 , elapse : 0.26974 min  - Validation   loss : 0.03611 , acc : 0.991 , elapse : 0.04619 min
[ Epoch 95 ]  - Training     loss : 0.00237 , acc : 0.999 , elapse : 0.26781 min  - Validation   loss : 0.03607 , acc : 0.991 , elapse : 0.04639 min
[ Epoch 96 ]  - Training     loss : 0.00237 , acc : 0.999 , elapse : 0.26781 min  - Validation   loss : 0.03606 , acc : 0.991 , elapse : 0.04646 min
[ Epoch 97 ]  - Training     loss : 0.00231 , acc : 0.999 , elapse : 0.26936 min  - Validation   loss : 0.03607 , acc : 0.991 , elapse : 0.04629 min
[ Epoch 98 ]  - Training     loss : 0.00300 , acc : 0.998 , elapse : 0.26781 min  - Validation   loss : 0.03829 , acc : 0.991 , elapse : 0.04637 min
[ Epoch 99 ]  - Training     loss : 0.00371 , acc : 0.998 , elapse : 0.26770 min  - Validation   loss : 0.03704 , acc : 0.991 , elapse : 0.04642 min
Finish training ~ v ~
~~~~~~~~~~~~~~~~~~~~~~~~~~~~~
4th fold (total : 5)
Create model...
Start training...
[ Epoch 0 ]  - Training     loss : 0.24872 , acc : 0.923 , elapse : 0.27009 min  - Validation   loss : 0.20130 , acc : 0.937 , elapse : 0.04620 min    - [Info] The checkpoint file has been updated.
[ Epoch 1 ]  - Training     loss : 0.17769 , acc : 0.942 , elapse : 0.26822 min  - Validation   loss : 0.15197 , acc : 0.952 , elapse : 0.04622 min    - [Info] The checkpoint file has been updated.
[ Epoch 2 ]  - Training     loss : 0.13713 , acc : 0.955 , elapse : 0.26747 min  - Validation   loss : 0.13315 , acc : 0.957 , elapse : 0.04666 min    - [Info] The checkpoint file has been updated.
[ Epoch 3 ]  - Training     loss : 0.11576 , acc : 0.961 , elapse : 0.26925 min  - Validation   loss : 0.10053 , acc : 0.968 , elapse : 0.04624 min    - [Info] The checkpoint file has been updated.
[ Epoch 4 ]  - Training     loss : 0.09154 , acc : 0.969 , elapse : 0.26748 min  - Validation   loss : 0.08769 , acc : 0.972 , elapse : 0.04629 min    - [Info] The checkpoint file has been updated.
[ Epoch 5 ]  - Training     loss : 0.08295 , acc : 0.972 , elapse : 0.26780 min  - Validation   loss : 0.08493 , acc : 0.973 , elapse : 0.04670 min    - [Info] The checkpoint file has been updated.
[ Epoch 6 ]  - Training     loss : 0.08016 , acc : 0.973 , elapse : 0.27040 min  - Validation   loss : 0.07684 , acc : 0.976 , elapse : 0.04635 min    - [Info] The checkpoint file has been updated.
[ Epoch 7 ]  - Training     loss : 0.06997 , acc : 0.976 , elapse : 0.26797 min  - Validation   loss : 0.06924 , acc : 0.978 , elapse : 0.04638 min    - [Info] The checkpoint file has been updated.
[ Epoch 8 ]  - Training     loss : 0.06317 , acc : 0.978 , elapse : 0.26796 min  - Validation   loss : 0.06570 , acc : 0.979 , elapse : 0.04640 min    - [Info] The checkpoint file has been updated.
[ Epoch 9 ]  - Training     loss : 0.05859 , acc : 0.979 , elapse : 0.26968 min  - Validation   loss : 0.06213 , acc : 0.981 , elapse : 0.04646 min    - [Info] The checkpoint file has been updated.
[ Epoch 10 ]  - Training     loss : 0.05490 , acc : 0.980 , elapse : 0.26778 min  - Validation   loss : 0.06052 , acc : 0.981 , elapse : 0.04627 min
[ Epoch 11 ]  - Training     loss : 0.05335 , acc : 0.980 , elapse : 0.26772 min  - Validation   loss : 0.06030 , acc : 0.981 , elapse : 0.04656 min    - [Info] The checkpoint file has been updated.
[ Epoch 12 ]  - Training     loss : 0.05450 , acc : 0.980 , elapse : 0.27293 min  - Validation   loss : 0.06026 , acc : 0.981 , elapse : 0.04631 min    - [Info] The checkpoint file has been updated.
[ Epoch 13 ]  - Training     loss : 0.05175 , acc : 0.981 , elapse : 0.26760 min  - Validation   loss : 0.05740 , acc : 0.982 , elapse : 0.04638 min    - [Info] The checkpoint file has been updated.
[ Epoch 14 ]  - Training     loss : 0.04783 , acc : 0.982 , elapse : 0.26823 min  - Validation   loss : 0.05509 , acc : 0.983 , elapse : 0.04653 min    - [Info] The checkpoint file has been updated.
[ Epoch 15 ]  - Training     loss : 0.04372 , acc : 0.983 , elapse : 0.27120 min  - Validation   loss : 0.05199 , acc : 0.984 , elapse : 0.04640 min    - [Info] The checkpoint file has been updated.
[ Epoch 16 ]  - Training     loss : 0.04096 , acc : 0.984 , elapse : 0.26800 min  - Validation   loss : 0.04984 , acc : 0.984 , elapse : 0.04632 min    - [Info] The checkpoint file has been updated.
[ Epoch 17 ]  - Training     loss : 0.03818 , acc : 0.985 , elapse : 0.26830 min  - Validation   loss : 0.04807 , acc : 0.985 , elapse : 0.04669 min    - [Info] The checkpoint file has been updated.
[ Epoch 18 ]  - Training     loss : 0.03598 , acc : 0.986 , elapse : 0.26999 min  - Validation   loss : 0.04683 , acc : 0.985 , elapse : 0.04634 min    - [Info] The checkpoint file has been updated.
[ Epoch 19 ]  - Training     loss : 0.03365 , acc : 0.986 , elapse : 0.26789 min  - Validation   loss : 0.04592 , acc : 0.986 , elapse : 0.04631 min    - [Info] The checkpoint file has been updated.
[ Epoch 20 ]  - Training     loss : 0.03236 , acc : 0.986 , elapse : 0.26796 min  - Validation   loss : 0.04506 , acc : 0.986 , elapse : 0.04642 min    - [Info] The checkpoint file has been updated.
[ Epoch 21 ]  - Training     loss : 0.03099 , acc : 0.987 , elapse : 0.26960 min  - Validation   loss : 0.04443 , acc : 0.986 , elapse : 0.04648 min    - [Info] The checkpoint file has been updated.
[ Epoch 22 ]  - Training     loss : 0.03050 , acc : 0.987 , elapse : 0.26785 min  - Validation   loss : 0.04418 , acc : 0.986 , elapse : 0.04640 min    - [Info] The checkpoint file has been updated.
[ Epoch 23 ]  - Training     loss : 0.03023 , acc : 0.987 , elapse : 0.26785 min  - Validation   loss : 0.04423 , acc : 0.986 , elapse : 0.04704 min
[ Epoch 24 ]  - Training     loss : 0.03117 , acc : 0.987 , elapse : 0.27049 min  - Validation   loss : 0.04547 , acc : 0.986 , elapse : 0.04621 min
[ Epoch 25 ]  - Training     loss : 0.03239 , acc : 0.986 , elapse : 0.26774 min  - Validation   loss : 0.04480 , acc : 0.986 , elapse : 0.04635 min
[ Epoch 26 ]  - Training     loss : 0.03011 , acc : 0.987 , elapse : 0.26809 min  - Validation   loss : 0.04423 , acc : 0.986 , elapse : 0.04639 min
[ Epoch 27 ]  - Training     loss : 0.02851 , acc : 0.987 , elapse : 0.27118 min  - Validation   loss : 0.04193 , acc : 0.987 , elapse : 0.04637 min    - [Info] The checkpoint file has been updated.
[ Epoch 28 ]  - Training     loss : 0.02638 , acc : 0.988 , elapse : 0.26782 min  - Validation   loss : 0.04249 , acc : 0.987 , elapse : 0.04638 min
[ Epoch 29 ]  - Training     loss : 0.02461 , acc : 0.989 , elapse : 0.26815 min  - Validation   loss : 0.04034 , acc : 0.988 , elapse : 0.04728 min    - [Info] The checkpoint file has been updated.
[ Epoch 30 ]  - Training     loss : 0.02303 , acc : 0.989 , elapse : 0.27165 min  - Validation   loss : 0.03932 , acc : 0.987 , elapse : 0.04643 min
[ Epoch 31 ]  - Training     loss : 0.02120 , acc : 0.990 , elapse : 0.26781 min  - Validation   loss : 0.03820 , acc : 0.988 , elapse : 0.04633 min    - [Info] The checkpoint file has been updated.
[ Epoch 32 ]  - Training     loss : 0.02036 , acc : 0.990 , elapse : 0.26801 min  - Validation   loss : 0.03889 , acc : 0.988 , elapse : 0.04663 min
[ Epoch 33 ]  - Training     loss : 0.01906 , acc : 0.991 , elapse : 0.27228 min  - Validation   loss : 0.03779 , acc : 0.988 , elapse : 0.04638 min    - [Info] The checkpoint file has been updated.
[ Epoch 34 ]  - Training     loss : 0.01819 , acc : 0.991 , elapse : 0.26799 min  - Validation   loss : 0.03658 , acc : 0.989 , elapse : 0.04642 min    - [Info] The checkpoint file has been updated.
[ Epoch 35 ]  - Training     loss : 0.01691 , acc : 0.991 , elapse : 0.26803 min  - Validation   loss : 0.03706 , acc : 0.989 , elapse : 0.04663 min
[ Epoch 36 ]  - Training     loss : 0.01578 , acc : 0.992 , elapse : 0.26973 min  - Validation   loss : 0.03635 , acc : 0.989 , elapse : 0.04644 min    - [Info] The checkpoint file has been updated.
[ Epoch 37 ]  - Training     loss : 0.01495 , acc : 0.992 , elapse : 0.26770 min  - Validation   loss : 0.03632 , acc : 0.989 , elapse : 0.04624 min    - [Info] The checkpoint file has been updated.
[ Epoch 38 ]  - Training     loss : 0.01432 , acc : 0.992 , elapse : 0.26741 min  - Validation   loss : 0.03573 , acc : 0.989 , elapse : 0.04621 min    - [Info] The checkpoint file has been updated.
[ Epoch 39 ]  - Training     loss : 0.01371 , acc : 0.993 , elapse : 0.26949 min  - Validation   loss : 0.03541 , acc : 0.989 , elapse : 0.04633 min    - [Info] The checkpoint file has been updated.
[ Epoch 40 ]  - Training     loss : 0.01338 , acc : 0.993 , elapse : 0.26780 min  - Validation   loss : 0.03469 , acc : 0.989 , elapse : 0.04626 min    - [Info] The checkpoint file has been updated.
[ Epoch 41 ]  - Training     loss : 0.01286 , acc : 0.993 , elapse : 0.26938 min  - Validation   loss : 0.03477 , acc : 0.990 , elapse : 0.04683 min
[ Epoch 42 ]  - Training     loss : 0.01249 , acc : 0.993 , elapse : 0.27027 min  - Validation   loss : 0.03444 , acc : 0.990 , elapse : 0.04642 min    - [Info] The checkpoint file has been updated.
[ Epoch 43 ]  - Training     loss : 0.01214 , acc : 0.993 , elapse : 0.26777 min  - Validation   loss : 0.03446 , acc : 0.990 , elapse : 0.04636 min
[ Epoch 44 ]  - Training     loss : 0.01191 , acc : 0.994 , elapse : 0.26866 min  - Validation   loss : 0.03450 , acc : 0.990 , elapse : 0.04680 min
[ Epoch 45 ]  - Training     loss : 0.01179 , acc : 0.994 , elapse : 0.27026 min  - Validation   loss : 0.03423 , acc : 0.990 , elapse : 0.04632 min
[ Epoch 46 ]  - Training     loss : 0.01152 , acc : 0.994 , elapse : 0.26770 min  - Validation   loss : 0.03434 , acc : 0.990 , elapse : 0.04631 min
[ Epoch 47 ]  - Training     loss : 0.01153 , acc : 0.994 , elapse : 0.26782 min  - Validation   loss : 0.03429 , acc : 0.990 , elapse : 0.04649 min
[ Epoch 48 ]  - Training     loss : 0.01142 , acc : 0.994 , elapse : 0.26945 min  - Validation   loss : 0.03429 , acc : 0.990 , elapse : 0.04638 min
[ Epoch 49 ]  - Training     loss : 0.01330 , acc : 0.993 , elapse : 0.26777 min  - Validation   loss : 0.03627 , acc : 0.989 , elapse : 0.04641 min
[ Epoch 50 ]  - Training     loss : 0.01315 , acc : 0.993 , elapse : 0.26786 min  - Validation   loss : 0.03619 , acc : 0.989 , elapse : 0.04667 min
[ Epoch 51 ]  - Training     loss : 0.01282 , acc : 0.993 , elapse : 0.26906 min  - Validation   loss : 0.03467 , acc : 0.990 , elapse : 0.04641 min
[ Epoch 52 ]  - Training     loss : 0.01223 , acc : 0.993 , elapse : 0.26878 min  - Validation   loss : 0.03547 , acc : 0.990 , elapse : 0.04635 min
[ Epoch 53 ]  - Training     loss : 0.01137 , acc : 0.994 , elapse : 0.26775 min  - Validation   loss : 0.03427 , acc : 0.990 , elapse : 0.04648 min
[ Epoch 54 ]  - Training     loss : 0.01045 , acc : 0.994 , elapse : 0.27144 min  - Validation   loss : 0.03383 , acc : 0.990 , elapse : 0.04636 min    - [Info] The checkpoint file has been updated.
[ Epoch 55 ]  - Training     loss : 0.01011 , acc : 0.994 , elapse : 0.26749 min  - Validation   loss : 0.03596 , acc : 0.990 , elapse : 0.04637 min
[ Epoch 56 ]  - Training     loss : 0.00935 , acc : 0.995 , elapse : 0.26892 min  - Validation   loss : 0.03484 , acc : 0.990 , elapse : 0.04687 min
[ Epoch 57 ]  - Training     loss : 0.00904 , acc : 0.995 , elapse : 0.27375 min  - Validation   loss : 0.03317 , acc : 0.990 , elapse : 0.04647 min    - [Info] The checkpoint file has been updated.
[ Epoch 58 ]  - Training     loss : 0.00818 , acc : 0.995 , elapse : 0.26801 min  - Validation   loss : 0.03554 , acc : 0.990 , elapse : 0.04630 min
[ Epoch 59 ]  - Training     loss : 0.00779 , acc : 0.996 , elapse : 0.26804 min  - Validation   loss : 0.03372 , acc : 0.990 , elapse : 0.04684 min
[ Epoch 60 ]  - Training     loss : 0.00742 , acc : 0.996 , elapse : 0.27079 min  - Validation   loss : 0.03589 , acc : 0.990 , elapse : 0.04636 min
[ Epoch 61 ]  - Training     loss : 0.00664 , acc : 0.996 , elapse : 0.26806 min  - Validation   loss : 0.03326 , acc : 0.991 , elapse : 0.04644 min
[ Epoch 62 ]  - Training     loss : 0.00645 , acc : 0.996 , elapse : 0.26813 min  - Validation   loss : 0.03329 , acc : 0.991 , elapse : 0.04635 min
[ Epoch 63 ]  - Training     loss : 0.00594 , acc : 0.997 , elapse : 0.27018 min  - Validation   loss : 0.03330 , acc : 0.991 , elapse : 0.04623 min
[ Epoch 64 ]  - Training     loss : 0.00571 , acc : 0.997 , elapse : 0.26777 min  - Validation   loss : 0.03301 , acc : 0.991 , elapse : 0.04650 min    - [Info] The checkpoint file has been updated.
[ Epoch 65 ]  - Training     loss : 0.00565 , acc : 0.997 , elapse : 0.26823 min  - Validation   loss : 0.03632 , acc : 0.991 , elapse : 0.04646 min
[ Epoch 66 ]  - Training     loss : 0.00504 , acc : 0.997 , elapse : 0.26920 min  - Validation   loss : 0.03411 , acc : 0.991 , elapse : 0.04627 min
[ Epoch 67 ]  - Training     loss : 0.00461 , acc : 0.997 , elapse : 0.26759 min  - Validation   loss : 0.03368 , acc : 0.991 , elapse : 0.04632 min
[ Epoch 68 ]  - Training     loss : 0.00437 , acc : 0.998 , elapse : 0.26944 min  - Validation   loss : 0.03453 , acc : 0.991 , elapse : 0.04680 min
[ Epoch 69 ]  - Training     loss : 0.00427 , acc : 0.998 , elapse : 0.27113 min  - Validation   loss : 0.03554 , acc : 0.991 , elapse : 0.04639 min
[ Epoch 70 ]  - Training     loss : 0.00402 , acc : 0.998 , elapse : 0.26823 min  - Validation   loss : 0.03513 , acc : 0.991 , elapse : 0.04633 min
[ Epoch 71 ]  - Training     loss : 0.00371 , acc : 0.998 , elapse : 0.26827 min  - Validation   loss : 0.03489 , acc : 0.991 , elapse : 0.04709 min
[ Epoch 72 ]  - Training     loss : 0.00361 , acc : 0.998 , elapse : 0.26944 min  - Validation   loss : 0.03514 , acc : 0.991 , elapse : 0.04641 min
[ Epoch 73 ]  - Training     loss : 0.00335 , acc : 0.998 , elapse : 0.26825 min  - Validation   loss : 0.03502 , acc : 0.991 , elapse : 0.04637 min
[ Epoch 74 ]  - Training     loss : 0.00318 , acc : 0.998 , elapse : 0.26813 min  - Validation   loss : 0.03544 , acc : 0.991 , elapse : 0.04657 min
[ Epoch 75 ]  - Training     loss : 0.00312 , acc : 0.998 , elapse : 0.27024 min  - Validation   loss : 0.03501 , acc : 0.991 , elapse : 0.04643 min
[ Epoch 76 ]  - Training     loss : 0.00290 , acc : 0.998 , elapse : 0.26826 min  - Validation   loss : 0.03540 , acc : 0.991 , elapse : 0.04641 min
[ Epoch 77 ]  - Training     loss : 0.00271 , acc : 0.999 , elapse : 0.26754 min  - Validation   loss : 0.03516 , acc : 0.991 , elapse : 0.04662 min
[ Epoch 78 ]  - Training     loss : 0.00259 , acc : 0.999 , elapse : 0.27053 min  - Validation   loss : 0.03410 , acc : 0.991 , elapse : 0.04638 min
[ Epoch 79 ]  - Training     loss : 0.00251 , acc : 0.999 , elapse : 0.26814 min  - Validation   loss : 0.03437 , acc : 0.991 , elapse : 0.04639 min
[ Epoch 80 ]  - Training     loss : 0.00236 , acc : 0.999 , elapse : 0.26931 min  - Validation   loss : 0.03558 , acc : 0.991 , elapse : 0.04681 min
[ Epoch 81 ]  - Training     loss : 0.00230 , acc : 0.999 , elapse : 0.27022 min  - Validation   loss : 0.03489 , acc : 0.991 , elapse : 0.04639 min
[ Epoch 82 ]  - Training     loss : 0.00223 , acc : 0.999 , elapse : 0.26809 min  - Validation   loss : 0.03460 , acc : 0.991 , elapse : 0.04641 min
[ Epoch 83 ]  - Training     loss : 0.00218 , acc : 0.999 , elapse : 0.26865 min  - Validation   loss : 0.03475 , acc : 0.991 , elapse : 0.04647 min
[ Epoch 84 ]  - Training     loss : 0.00230 , acc : 0.999 , elapse : 0.26983 min  - Validation   loss : 0.03365 , acc : 0.991 , elapse : 0.04639 min
[ Epoch 85 ]  - Training     loss : 0.00204 , acc : 0.999 , elapse : 0.26771 min  - Validation   loss : 0.03448 , acc : 0.991 , elapse : 0.04643 min
[ Epoch 86 ]  - Training     loss : 0.00193 , acc : 0.999 , elapse : 0.26845 min  - Validation   loss : 0.03419 , acc : 0.991 , elapse : 0.04647 min
[ Epoch 87 ]  - Training     loss : 0.00197 , acc : 0.999 , elapse : 0.27029 min  - Validation   loss : 0.03374 , acc : 0.991 , elapse : 0.04633 min
[ Epoch 88 ]  - Training     loss : 0.00191 , acc : 0.999 , elapse : 0.26827 min  - Validation   loss : 0.03425 , acc : 0.991 , elapse : 0.04642 min
[ Epoch 89 ]  - Training     loss : 0.00186 , acc : 0.999 , elapse : 0.26774 min  - Validation   loss : 0.03482 , acc : 0.992 , elapse : 0.04648 min
[ Epoch 90 ]  - Training     loss : 0.00182 , acc : 0.999 , elapse : 0.26870 min  - Validation   loss : 0.03434 , acc : 0.992 , elapse : 0.04631 min
[ Epoch 91 ]  - Training     loss : 0.00182 , acc : 0.999 , elapse : 0.26783 min  - Validation   loss : 0.03463 , acc : 0.992 , elapse : 0.04624 min
[ Epoch 92 ]  - Training     loss : 0.00179 , acc : 0.999 , elapse : 0.26781 min  - Validation   loss : 0.03433 , acc : 0.992 , elapse : 0.04639 min
[ Epoch 93 ]  - Training     loss : 0.00175 , acc : 0.999 , elapse : 0.26847 min  - Validation   loss : 0.03454 , acc : 0.992 , elapse : 0.04645 min
[ Epoch 94 ]  - Training     loss : 0.00179 , acc : 0.999 , elapse : 0.27008 min  - Validation   loss : 0.03455 , acc : 0.992 , elapse : 0.04650 min
[ Epoch 95 ]  - Training     loss : 0.00177 , acc : 0.999 , elapse : 0.26810 min  - Validation   loss : 0.03466 , acc : 0.992 , elapse : 0.04636 min
[ Epoch 96 ]  - Training     loss : 0.00178 , acc : 0.999 , elapse : 0.26894 min  - Validation   loss : 0.03468 , acc : 0.992 , elapse : 0.04628 min
[ Epoch 97 ]  - Training     loss : 0.00176 , acc : 0.999 , elapse : 0.26926 min  - Validation   loss : 0.03468 , acc : 0.992 , elapse : 0.04629 min
[ Epoch 98 ]  - Training     loss : 0.00218 , acc : 0.999 , elapse : 0.26840 min  - Validation   loss : 0.03903 , acc : 0.991 , elapse : 0.04633 min
[ Epoch 99 ]  - Training     loss : 0.00310 , acc : 0.998 , elapse : 0.27168 min  - Validation   loss : 0.03774 , acc : 0.991 , elapse : 0.04616 min
Finish training ~ v ~
min losses: [0.03126160241663456, 0.030295474076410756, 0.0372380607877858, 0.03524081251816824, 0.033012183266691864] mean losses: 0.033409626613138246
max accs: [0.9916234509698275, 0.9912614493534483, 0.9910594019396549, 0.9912530307112067, 0.9916318696120688] mean accs: 0.9913658405172413
Empty DataFrame
Columns: [pred, label]
Index: []
