Shell for /hpcfs/juno/junogpu/xuhangkun/SoftWare/VsCode/.local/share/virtualenvs/tianchi_channel_1-2IKVIXD7 already activated.
No action taken to avoid nested environments.
If the cuda is avaliable ?
True
Start getting data...
Finish getting data ~ v ~
[Info] Training performance will be written to file: ./user_data/model_data/TextRCNN/TextRCNN_train.csv
Namespace(batch_size=128, bert_path='/hpcfs/juno/junogpu/xuhangkun/ML/MyselfProject/Test/tianchi_channel_1/user_data/bert', dropout=0.5, eda_alpha=0.0, epoch=100, fold_index=-1, fold_k=5, frazing_bert_encode=False, hidden_size=256, input='./tcdata/train.csv', label_smoothing=0.0, lr=0.0005, lstm_dropout=0.5, lstm_layer=2, max_len=100, model='TextRCNN', n_aug=0.0, nclass=29, nemb=100, no_word2vec_pretrain=True, ntokens=859, output_dir='./user_data/model_data/TextRCNN', pad_token=858, save_mode='best', save_per_epoch=5, save_start_epoch=5, seed=None, stop_early=False, tokenizer_path='/hpcfs/juno/junogpu/xuhangkun/ML/MyselfProject/Test/tianchi_channel_1/user_data/bert', word2vec_path='/hpcfs/juno/junogpu/xuhangkun/ML/MyselfProject/Test/tianchi_channel_1/user_data/word_pretrain/word2vector.model')
~~~~~~~~~~~~~~~~~~~~~~~~~~~~~
0th fold (total : 5)
Create model...
TextRCNNModel(
  (embed): Embedding(859, 100, padding_idx=858)
  (emb_dropout_layer): Dropout(p=0.5, inplace=False)
  (lstm): LSTM(100, 256, num_layers=2, batch_first=True, dropout=0.5, bidirectional=True)
  (W2): Linear(in_features=612, out_features=512, bias=True)
  (final_dropout_layer): Dropout(p=0.5, inplace=False)
  (fc): Linear(in_features=512, out_features=29, bias=True)
  (sigmoid): Sigmoid()
)
Start training...
[ Epoch 0 ]  - Training     loss : 0.25623 , acc : 0.918 , elapse : 0.31556 min  - Validation   loss : 0.21173 , acc : 0.930 , elapse : 0.05617 min    - [Info] The checkpoint file has been updated.
[ Epoch 1 ]  - Training     loss : 0.20388 , acc : 0.934 , elapse : 0.31286 min  - Validation   loss : 0.17512 , acc : 0.944 , elapse : 0.05593 min    - [Info] The checkpoint file has been updated.
[ Epoch 2 ]  - Training     loss : 0.16278 , acc : 0.946 , elapse : 0.31510 min  - Validation   loss : 0.15424 , acc : 0.950 , elapse : 0.05657 min    - [Info] The checkpoint file has been updated.
[ Epoch 3 ]  - Training     loss : 0.14114 , acc : 0.952 , elapse : 0.31489 min  - Validation   loss : 0.11673 , acc : 0.961 , elapse : 0.05629 min    - [Info] The checkpoint file has been updated.
[ Epoch 4 ]  - Training     loss : 0.11718 , acc : 0.959 , elapse : 0.31317 min  - Validation   loss : 0.10339 , acc : 0.966 , elapse : 0.05615 min    - [Info] The checkpoint file has been updated.
[ Epoch 5 ]  - Training     loss : 0.10901 , acc : 0.962 , elapse : 0.31280 min  - Validation   loss : 0.10030 , acc : 0.967 , elapse : 0.05556 min    - [Info] The checkpoint file has been updated.
[ Epoch 6 ]  - Training     loss : 0.10584 , acc : 0.964 , elapse : 0.31498 min  - Validation   loss : 0.08872 , acc : 0.972 , elapse : 0.05525 min    - [Info] The checkpoint file has been updated.
[ Epoch 7 ]  - Training     loss : 0.09279 , acc : 0.968 , elapse : 0.31373 min  - Validation   loss : 0.08051 , acc : 0.974 , elapse : 0.05546 min    - [Info] The checkpoint file has been updated.
[ Epoch 8 ]  - Training     loss : 0.08488 , acc : 0.970 , elapse : 0.31397 min  - Validation   loss : 0.07316 , acc : 0.976 , elapse : 0.05617 min    - [Info] The checkpoint file has been updated.
[ Epoch 9 ]  - Training     loss : 0.07914 , acc : 0.972 , elapse : 0.31244 min  - Validation   loss : 0.07019 , acc : 0.977 , elapse : 0.05581 min    - [Info] The checkpoint file has been updated.
[ Epoch 10 ]  - Training     loss : 0.07692 , acc : 0.973 , elapse : 0.31374 min  - Validation   loss : 0.06806 , acc : 0.978 , elapse : 0.05559 min    - [Info] The checkpoint file has been updated.
[ Epoch 11 ]  - Training     loss : 0.07478 , acc : 0.973 , elapse : 0.31616 min  - Validation   loss : 0.06783 , acc : 0.978 , elapse : 0.05574 min
[ Epoch 12 ]  - Training     loss : 0.07558 , acc : 0.973 , elapse : 0.31286 min  - Validation   loss : 0.06919 , acc : 0.977 , elapse : 0.05582 min
[ Epoch 13 ]  - Training     loss : 0.07213 , acc : 0.974 , elapse : 0.31327 min  - Validation   loss : 0.06316 , acc : 0.979 , elapse : 0.05582 min    - [Info] The checkpoint file has been updated.
[ Epoch 14 ]  - Training     loss : 0.06889 , acc : 0.975 , elapse : 0.31307 min  - Validation   loss : 0.05934 , acc : 0.980 , elapse : 0.05496 min    - [Info] The checkpoint file has been updated.
[ Epoch 15 ]  - Training     loss : 0.06468 , acc : 0.976 , elapse : 0.31471 min  - Validation   loss : 0.05679 , acc : 0.981 , elapse : 0.05605 min    - [Info] The checkpoint file has been updated.
[ Epoch 16 ]  - Training     loss : 0.06068 , acc : 0.977 , elapse : 0.31361 min  - Validation   loss : 0.05388 , acc : 0.982 , elapse : 0.05571 min    - [Info] The checkpoint file has been updated.
[ Epoch 17 ]  - Training     loss : 0.05828 , acc : 0.979 , elapse : 0.31343 min  - Validation   loss : 0.05207 , acc : 0.983 , elapse : 0.05563 min    - [Info] The checkpoint file has been updated.
[ Epoch 18 ]  - Training     loss : 0.05628 , acc : 0.979 , elapse : 0.31353 min  - Validation   loss : 0.05146 , acc : 0.983 , elapse : 0.05550 min    - [Info] The checkpoint file has been updated.
[ Epoch 19 ]  - Training     loss : 0.05405 , acc : 0.980 , elapse : 0.31441 min  - Validation   loss : 0.05062 , acc : 0.983 , elapse : 0.05471 min    - [Info] The checkpoint file has been updated.
[ Epoch 20 ]  - Training     loss : 0.05253 , acc : 0.980 , elapse : 0.31485 min  - Validation   loss : 0.04929 , acc : 0.984 , elapse : 0.05586 min    - [Info] The checkpoint file has been updated.
[ Epoch 21 ]  - Training     loss : 0.05100 , acc : 0.980 , elapse : 0.31350 min  - Validation   loss : 0.04906 , acc : 0.984 , elapse : 0.05606 min
[ Epoch 22 ]  - Training     loss : 0.05050 , acc : 0.981 , elapse : 0.31338 min  - Validation   loss : 0.04886 , acc : 0.984 , elapse : 0.05553 min    - [Info] The checkpoint file has been updated.
[ Epoch 23 ]  - Training     loss : 0.05016 , acc : 0.981 , elapse : 0.31417 min  - Validation   loss : 0.04870 , acc : 0.984 , elapse : 0.05557 min    - [Info] The checkpoint file has been updated.
[ Epoch 24 ]  - Training     loss : 0.05119 , acc : 0.980 , elapse : 0.31414 min  - Validation   loss : 0.04992 , acc : 0.983 , elapse : 0.05580 min
[ Epoch 25 ]  - Training     loss : 0.05320 , acc : 0.980 , elapse : 0.31344 min  - Validation   loss : 0.04806 , acc : 0.984 , elapse : 0.05645 min
[ Epoch 26 ]  - Training     loss : 0.05169 , acc : 0.980 , elapse : 0.31404 min  - Validation   loss : 0.04672 , acc : 0.984 , elapse : 0.05616 min    - [Info] The checkpoint file has been updated.
[ Epoch 27 ]  - Training     loss : 0.04947 , acc : 0.981 , elapse : 0.31380 min  - Validation   loss : 0.04635 , acc : 0.984 , elapse : 0.05640 min    - [Info] The checkpoint file has been updated.
[ Epoch 28 ]  - Training     loss : 0.04777 , acc : 0.981 , elapse : 0.31406 min  - Validation   loss : 0.04437 , acc : 0.985 , elapse : 0.05547 min    - [Info] The checkpoint file has been updated.
[ Epoch 29 ]  - Training     loss : 0.04712 , acc : 0.982 , elapse : 0.31450 min  - Validation   loss : 0.04401 , acc : 0.985 , elapse : 0.05698 min
[ Epoch 30 ]  - Training     loss : 0.04599 , acc : 0.982 , elapse : 0.31411 min  - Validation   loss : 0.04311 , acc : 0.985 , elapse : 0.05542 min    - [Info] The checkpoint file has been updated.
[ Epoch 31 ]  - Training     loss : 0.04311 , acc : 0.983 , elapse : 0.31436 min  - Validation   loss : 0.04118 , acc : 0.986 , elapse : 0.05553 min    - [Info] The checkpoint file has been updated.
[ Epoch 32 ]  - Training     loss : 0.04188 , acc : 0.983 , elapse : 0.31576 min  - Validation   loss : 0.04032 , acc : 0.986 , elapse : 0.05461 min    - [Info] The checkpoint file has been updated.
[ Epoch 33 ]  - Training     loss : 0.04082 , acc : 0.983 , elapse : 0.31389 min  - Validation   loss : 0.04046 , acc : 0.987 , elapse : 0.05636 min
[ Epoch 34 ]  - Training     loss : 0.03906 , acc : 0.984 , elapse : 0.31422 min  - Validation   loss : 0.04032 , acc : 0.987 , elapse : 0.05560 min
[ Epoch 35 ]  - Training     loss : 0.03806 , acc : 0.984 , elapse : 0.31376 min  - Validation   loss : 0.03900 , acc : 0.987 , elapse : 0.05608 min    - [Info] The checkpoint file has been updated.
[ Epoch 36 ]  - Training     loss : 0.03654 , acc : 0.985 , elapse : 0.31412 min  - Validation   loss : 0.03796 , acc : 0.987 , elapse : 0.05529 min    - [Info] The checkpoint file has been updated.
[ Epoch 37 ]  - Training     loss : 0.03622 , acc : 0.985 , elapse : 0.31457 min  - Validation   loss : 0.03748 , acc : 0.987 , elapse : 0.05547 min    - [Info] The checkpoint file has been updated.
[ Epoch 38 ]  - Training     loss : 0.03525 , acc : 0.985 , elapse : 0.31419 min  - Validation   loss : 0.03751 , acc : 0.988 , elapse : 0.05623 min
[ Epoch 39 ]  - Training     loss : 0.03463 , acc : 0.985 , elapse : 0.31354 min  - Validation   loss : 0.03681 , acc : 0.987 , elapse : 0.05546 min
[ Epoch 40 ]  - Training     loss : 0.03325 , acc : 0.985 , elapse : 0.31587 min  - Validation   loss : 0.03644 , acc : 0.988 , elapse : 0.05567 min    - [Info] The checkpoint file has been updated.
[ Epoch 41 ]  - Training     loss : 0.03285 , acc : 0.986 , elapse : 0.31531 min  - Validation   loss : 0.03611 , acc : 0.988 , elapse : 0.05559 min    - [Info] The checkpoint file has been updated.
[ Epoch 42 ]  - Training     loss : 0.03232 , acc : 0.986 , elapse : 0.31610 min  - Validation   loss : 0.03580 , acc : 0.988 , elapse : 0.05594 min    - [Info] The checkpoint file has been updated.
[ Epoch 43 ]  - Training     loss : 0.03178 , acc : 0.986 , elapse : 0.31309 min  - Validation   loss : 0.03563 , acc : 0.988 , elapse : 0.05601 min    - [Info] The checkpoint file has been updated.
[ Epoch 44 ]  - Training     loss : 0.03157 , acc : 0.986 , elapse : 0.31464 min  - Validation   loss : 0.03568 , acc : 0.988 , elapse : 0.05566 min
[ Epoch 45 ]  - Training     loss : 0.03136 , acc : 0.986 , elapse : 0.31601 min  - Validation   loss : 0.03560 , acc : 0.988 , elapse : 0.05478 min
[ Epoch 46 ]  - Training     loss : 0.03088 , acc : 0.986 , elapse : 0.31525 min  - Validation   loss : 0.03551 , acc : 0.988 , elapse : 0.05635 min    - [Info] The checkpoint file has been updated.
[ Epoch 47 ]  - Training     loss : 0.03123 , acc : 0.986 , elapse : 0.31415 min  - Validation   loss : 0.03545 , acc : 0.988 , elapse : 0.05530 min    - [Info] The checkpoint file has been updated.
[ Epoch 48 ]  - Training     loss : 0.03067 , acc : 0.986 , elapse : 0.31429 min  - Validation   loss : 0.03544 , acc : 0.988 , elapse : 0.05585 min    - [Info] The checkpoint file has been updated.
[ Epoch 49 ]  - Training     loss : 0.03408 , acc : 0.985 , elapse : 0.31456 min  - Validation   loss : 0.03772 , acc : 0.988 , elapse : 0.05517 min
[ Epoch 50 ]  - Training     loss : 0.03412 , acc : 0.985 , elapse : 0.31451 min  - Validation   loss : 0.03612 , acc : 0.988 , elapse : 0.05593 min
[ Epoch 51 ]  - Training     loss : 0.03296 , acc : 0.985 , elapse : 0.31344 min  - Validation   loss : 0.03563 , acc : 0.988 , elapse : 0.05548 min
[ Epoch 52 ]  - Training     loss : 0.03232 , acc : 0.986 , elapse : 0.31401 min  - Validation   loss : 0.03522 , acc : 0.988 , elapse : 0.05591 min    - [Info] The checkpoint file has been updated.
[ Epoch 53 ]  - Training     loss : 0.03169 , acc : 0.986 , elapse : 0.31444 min  - Validation   loss : 0.03510 , acc : 0.988 , elapse : 0.05570 min    - [Info] The checkpoint file has been updated.
[ Epoch 54 ]  - Training     loss : 0.03051 , acc : 0.986 , elapse : 0.31549 min  - Validation   loss : 0.03391 , acc : 0.989 , elapse : 0.05569 min    - [Info] The checkpoint file has been updated.
[ Epoch 55 ]  - Training     loss : 0.03034 , acc : 0.986 , elapse : 0.31482 min  - Validation   loss : 0.03430 , acc : 0.989 , elapse : 0.05642 min
[ Epoch 56 ]  - Training     loss : 0.02928 , acc : 0.987 , elapse : 0.31666 min  - Validation   loss : 0.03441 , acc : 0.989 , elapse : 0.05624 min
[ Epoch 57 ]  - Training     loss : 0.02837 , acc : 0.987 , elapse : 0.31466 min  - Validation   loss : 0.03359 , acc : 0.989 , elapse : 0.05574 min
[ Epoch 58 ]  - Training     loss : 0.02747 , acc : 0.987 , elapse : 0.31479 min  - Validation   loss : 0.03431 , acc : 0.989 , elapse : 0.05616 min
[ Epoch 59 ]  - Training     loss : 0.02657 , acc : 0.988 , elapse : 0.31482 min  - Validation   loss : 0.03303 , acc : 0.989 , elapse : 0.05633 min    - [Info] The checkpoint file has been updated.
[ Epoch 60 ]  - Training     loss : 0.02585 , acc : 0.988 , elapse : 0.31478 min  - Validation   loss : 0.03282 , acc : 0.989 , elapse : 0.05612 min    - [Info] The checkpoint file has been updated.
[ Epoch 61 ]  - Training     loss : 0.02523 , acc : 0.988 , elapse : 0.31382 min  - Validation   loss : 0.03204 , acc : 0.989 , elapse : 0.05547 min    - [Info] The checkpoint file has been updated.
[ Epoch 62 ]  - Training     loss : 0.02419 , acc : 0.988 , elapse : 0.31546 min  - Validation   loss : 0.03252 , acc : 0.989 , elapse : 0.05592 min
[ Epoch 63 ]  - Training     loss : 0.02369 , acc : 0.988 , elapse : 0.31563 min  - Validation   loss : 0.03252 , acc : 0.990 , elapse : 0.05493 min
[ Epoch 64 ]  - Training     loss : 0.02335 , acc : 0.989 , elapse : 0.31470 min  - Validation   loss : 0.03140 , acc : 0.990 , elapse : 0.05642 min    - [Info] The checkpoint file has been updated.
[ Epoch 65 ]  - Training     loss : 0.02271 , acc : 0.989 , elapse : 0.31423 min  - Validation   loss : 0.03058 , acc : 0.990 , elapse : 0.05577 min    - [Info] The checkpoint file has been updated.
[ Epoch 66 ]  - Training     loss : 0.02168 , acc : 0.989 , elapse : 0.31362 min  - Validation   loss : 0.02998 , acc : 0.990 , elapse : 0.05558 min
[ Epoch 67 ]  - Training     loss : 0.02127 , acc : 0.989 , elapse : 0.31457 min  - Validation   loss : 0.03014 , acc : 0.990 , elapse : 0.05498 min
[ Epoch 68 ]  - Training     loss : 0.02154 , acc : 0.989 , elapse : 0.31442 min  - Validation   loss : 0.03072 , acc : 0.990 , elapse : 0.05568 min
[ Epoch 69 ]  - Training     loss : 0.02064 , acc : 0.990 , elapse : 0.31619 min  - Validation   loss : 0.03096 , acc : 0.990 , elapse : 0.05623 min
[ Epoch 70 ]  - Training     loss : 0.02003 , acc : 0.990 , elapse : 0.31394 min  - Validation   loss : 0.02985 , acc : 0.990 , elapse : 0.05607 min    - [Info] The checkpoint file has been updated.
[ Epoch 71 ]  - Training     loss : 0.01952 , acc : 0.990 , elapse : 0.31459 min  - Validation   loss : 0.03013 , acc : 0.990 , elapse : 0.05628 min
[ Epoch 72 ]  - Training     loss : 0.01889 , acc : 0.991 , elapse : 0.31475 min  - Validation   loss : 0.03017 , acc : 0.990 , elapse : 0.05520 min
[ Epoch 73 ]  - Training     loss : 0.01896 , acc : 0.990 , elapse : 0.31573 min  - Validation   loss : 0.02947 , acc : 0.990 , elapse : 0.05500 min
[ Epoch 74 ]  - Training     loss : 0.01862 , acc : 0.991 , elapse : 0.31630 min  - Validation   loss : 0.03007 , acc : 0.990 , elapse : 0.05612 min
[ Epoch 75 ]  - Training     loss : 0.01817 , acc : 0.991 , elapse : 0.31498 min  - Validation   loss : 0.02948 , acc : 0.990 , elapse : 0.05629 min
[ Epoch 76 ]  - Training     loss : 0.01741 , acc : 0.991 , elapse : 0.31368 min  - Validation   loss : 0.02904 , acc : 0.991 , elapse : 0.05578 min    - [Info] The checkpoint file has been updated.
[ Epoch 77 ]  - Training     loss : 0.01707 , acc : 0.991 , elapse : 0.31371 min  - Validation   loss : 0.02851 , acc : 0.991 , elapse : 0.05614 min    - [Info] The checkpoint file has been updated.
[ Epoch 78 ]  - Training     loss : 0.01674 , acc : 0.991 , elapse : 0.31574 min  - Validation   loss : 0.02894 , acc : 0.991 , elapse : 0.05484 min
[ Epoch 79 ]  - Training     loss : 0.01691 , acc : 0.991 , elapse : 0.31552 min  - Validation   loss : 0.02925 , acc : 0.991 , elapse : 0.05575 min
[ Epoch 80 ]  - Training     loss : 0.01634 , acc : 0.991 , elapse : 0.31338 min  - Validation   loss : 0.02900 , acc : 0.991 , elapse : 0.05547 min
[ Epoch 81 ]  - Training     loss : 0.01634 , acc : 0.991 , elapse : 0.31330 min  - Validation   loss : 0.02908 , acc : 0.991 , elapse : 0.05576 min
[ Epoch 82 ]  - Training     loss : 0.01601 , acc : 0.991 , elapse : 0.31512 min  - Validation   loss : 0.02887 , acc : 0.991 , elapse : 0.05494 min
[ Epoch 83 ]  - Training     loss : 0.01587 , acc : 0.992 , elapse : 0.31573 min  - Validation   loss : 0.02917 , acc : 0.991 , elapse : 0.05653 min
[ Epoch 84 ]  - Training     loss : 0.01550 , acc : 0.992 , elapse : 0.31451 min  - Validation   loss : 0.02874 , acc : 0.991 , elapse : 0.05583 min
[ Epoch 85 ]  - Training     loss : 0.01529 , acc : 0.992 , elapse : 0.31404 min  - Validation   loss : 0.02840 , acc : 0.991 , elapse : 0.05606 min    - [Info] The checkpoint file has been updated.
[ Epoch 86 ]  - Training     loss : 0.01528 , acc : 0.992 , elapse : 0.31338 min  - Validation   loss : 0.02825 , acc : 0.991 , elapse : 0.05496 min
[ Epoch 87 ]  - Training     loss : 0.01514 , acc : 0.992 , elapse : 0.31389 min  - Validation   loss : 0.02828 , acc : 0.991 , elapse : 0.05624 min
[ Epoch 88 ]  - Training     loss : 0.01473 , acc : 0.992 , elapse : 0.31420 min  - Validation   loss : 0.02851 , acc : 0.991 , elapse : 0.05543 min
[ Epoch 89 ]  - Training     loss : 0.01486 , acc : 0.992 , elapse : 0.31454 min  - Validation   loss : 0.02857 , acc : 0.991 , elapse : 0.05654 min
[ Epoch 90 ]  - Training     loss : 0.01490 , acc : 0.992 , elapse : 0.31369 min  - Validation   loss : 0.02835 , acc : 0.991 , elapse : 0.05546 min
[ Epoch 91 ]  - Training     loss : 0.01472 , acc : 0.992 , elapse : 0.31441 min  - Validation   loss : 0.02840 , acc : 0.991 , elapse : 0.05591 min
[ Epoch 92 ]  - Training     loss : 0.01472 , acc : 0.992 , elapse : 0.31566 min  - Validation   loss : 0.02842 , acc : 0.991 , elapse : 0.05631 min
[ Epoch 93 ]  - Training     loss : 0.01455 , acc : 0.992 , elapse : 0.31415 min  - Validation   loss : 0.02835 , acc : 0.991 , elapse : 0.05607 min
[ Epoch 94 ]  - Training     loss : 0.01444 , acc : 0.992 , elapse : 0.31533 min  - Validation   loss : 0.02839 , acc : 0.991 , elapse : 0.05578 min
[ Epoch 95 ]  - Training     loss : 0.01428 , acc : 0.992 , elapse : 0.31478 min  - Validation   loss : 0.02834 , acc : 0.991 , elapse : 0.05540 min
[ Epoch 96 ]  - Training     loss : 0.01449 , acc : 0.992 , elapse : 0.31531 min  - Validation   loss : 0.02834 , acc : 0.991 , elapse : 0.05602 min
[ Epoch 97 ]  - Training     loss : 0.01447 , acc : 0.992 , elapse : 0.31501 min  - Validation   loss : 0.02835 , acc : 0.991 , elapse : 0.05557 min
[ Epoch 98 ]  - Training     loss : 0.01588 , acc : 0.992 , elapse : 0.31363 min  - Validation   loss : 0.02949 , acc : 0.991 , elapse : 0.05625 min
[ Epoch 99 ]  - Training     loss : 0.01753 , acc : 0.991 , elapse : 0.31510 min  - Validation   loss : 0.02920 , acc : 0.990 , elapse : 0.05574 min
Finish training ~ v ~
~~~~~~~~~~~~~~~~~~~~~~~~~~~~~
1th fold (total : 5)
Create model...
Start training...
[ Epoch 0 ]  - Training     loss : 0.25939 , acc : 0.916 , elapse : 0.31676 min  - Validation   loss : 0.20695 , acc : 0.930 , elapse : 0.05551 min    - [Info] The checkpoint file has been updated.
[ Epoch 1 ]  - Training     loss : 0.20127 , acc : 0.935 , elapse : 0.31567 min  - Validation   loss : 0.16523 , acc : 0.945 , elapse : 0.05603 min    - [Info] The checkpoint file has been updated.
[ Epoch 2 ]  - Training     loss : 0.16134 , acc : 0.948 , elapse : 0.31781 min  - Validation   loss : 0.14884 , acc : 0.950 , elapse : 0.05551 min    - [Info] The checkpoint file has been updated.
[ Epoch 3 ]  - Training     loss : 0.14161 , acc : 0.953 , elapse : 0.31374 min  - Validation   loss : 0.11665 , acc : 0.960 , elapse : 0.05569 min    - [Info] The checkpoint file has been updated.
[ Epoch 4 ]  - Training     loss : 0.11792 , acc : 0.959 , elapse : 0.31463 min  - Validation   loss : 0.10435 , acc : 0.965 , elapse : 0.05544 min    - [Info] The checkpoint file has been updated.
[ Epoch 5 ]  - Training     loss : 0.11045 , acc : 0.962 , elapse : 0.31557 min  - Validation   loss : 0.10156 , acc : 0.966 , elapse : 0.05524 min    - [Info] The checkpoint file has been updated.
[ Epoch 6 ]  - Training     loss : 0.10646 , acc : 0.963 , elapse : 0.31735 min  - Validation   loss : 0.09049 , acc : 0.970 , elapse : 0.05752 min    - [Info] The checkpoint file has been updated.
[ Epoch 7 ]  - Training     loss : 0.09478 , acc : 0.967 , elapse : 0.31671 min  - Validation   loss : 0.08248 , acc : 0.972 , elapse : 0.05584 min    - [Info] The checkpoint file has been updated.
[ Epoch 8 ]  - Training     loss : 0.08707 , acc : 0.970 , elapse : 0.31428 min  - Validation   loss : 0.07630 , acc : 0.974 , elapse : 0.05597 min    - [Info] The checkpoint file has been updated.
[ Epoch 9 ]  - Training     loss : 0.08101 , acc : 0.971 , elapse : 0.31556 min  - Validation   loss : 0.07335 , acc : 0.975 , elapse : 0.05606 min    - [Info] The checkpoint file has been updated.
[ Epoch 10 ]  - Training     loss : 0.07834 , acc : 0.972 , elapse : 0.31525 min  - Validation   loss : 0.07042 , acc : 0.976 , elapse : 0.05628 min    - [Info] The checkpoint file has been updated.
[ Epoch 11 ]  - Training     loss : 0.07614 , acc : 0.973 , elapse : 0.31474 min  - Validation   loss : 0.07022 , acc : 0.976 , elapse : 0.05579 min
[ Epoch 12 ]  - Training     loss : 0.07737 , acc : 0.973 , elapse : 0.31563 min  - Validation   loss : 0.06936 , acc : 0.976 , elapse : 0.05554 min    - [Info] The checkpoint file has been updated.
[ Epoch 13 ]  - Training     loss : 0.07416 , acc : 0.974 , elapse : 0.31534 min  - Validation   loss : 0.06463 , acc : 0.977 , elapse : 0.05571 min    - [Info] The checkpoint file has been updated.
[ Epoch 14 ]  - Training     loss : 0.06900 , acc : 0.975 , elapse : 0.31510 min  - Validation   loss : 0.06124 , acc : 0.978 , elapse : 0.05485 min    - [Info] The checkpoint file has been updated.
[ Epoch 15 ]  - Training     loss : 0.06505 , acc : 0.976 , elapse : 0.31486 min  - Validation   loss : 0.05772 , acc : 0.979 , elapse : 0.05601 min    - [Info] The checkpoint file has been updated.
[ Epoch 16 ]  - Training     loss : 0.06221 , acc : 0.977 , elapse : 0.31523 min  - Validation   loss : 0.05517 , acc : 0.980 , elapse : 0.05748 min    - [Info] The checkpoint file has been updated.
[ Epoch 17 ]  - Training     loss : 0.05908 , acc : 0.978 , elapse : 0.31532 min  - Validation   loss : 0.05381 , acc : 0.980 , elapse : 0.05582 min    - [Info] The checkpoint file has been updated.
[ Epoch 18 ]  - Training     loss : 0.05639 , acc : 0.979 , elapse : 0.31429 min  - Validation   loss : 0.05225 , acc : 0.981 , elapse : 0.05603 min    - [Info] The checkpoint file has been updated.
[ Epoch 19 ]  - Training     loss : 0.05445 , acc : 0.979 , elapse : 0.31696 min  - Validation   loss : 0.05015 , acc : 0.982 , elapse : 0.05517 min    - [Info] The checkpoint file has been updated.
[ Epoch 20 ]  - Training     loss : 0.05351 , acc : 0.980 , elapse : 0.31551 min  - Validation   loss : 0.04977 , acc : 0.982 , elapse : 0.05625 min    - [Info] The checkpoint file has been updated.
[ Epoch 21 ]  - Training     loss : 0.05186 , acc : 0.980 , elapse : 0.31538 min  - Validation   loss : 0.04921 , acc : 0.982 , elapse : 0.05729 min    - [Info] The checkpoint file has been updated.
[ Epoch 22 ]  - Training     loss : 0.05141 , acc : 0.980 , elapse : 0.31572 min  - Validation   loss : 0.04893 , acc : 0.982 , elapse : 0.05652 min    - [Info] The checkpoint file has been updated.
[ Epoch 23 ]  - Training     loss : 0.05059 , acc : 0.981 , elapse : 0.31623 min  - Validation   loss : 0.04876 , acc : 0.982 , elapse : 0.05563 min    - [Info] The checkpoint file has been updated.
[ Epoch 24 ]  - Training     loss : 0.05211 , acc : 0.980 , elapse : 0.31590 min  - Validation   loss : 0.04991 , acc : 0.982 , elapse : 0.05661 min
[ Epoch 25 ]  - Training     loss : 0.05381 , acc : 0.980 , elapse : 0.31673 min  - Validation   loss : 0.04905 , acc : 0.982 , elapse : 0.05608 min
[ Epoch 26 ]  - Training     loss : 0.05146 , acc : 0.980 , elapse : 0.31489 min  - Validation   loss : 0.04728 , acc : 0.983 , elapse : 0.05677 min    - [Info] The checkpoint file has been updated.
[ Epoch 27 ]  - Training     loss : 0.04902 , acc : 0.981 , elapse : 0.31725 min  - Validation   loss : 0.04552 , acc : 0.983 , elapse : 0.05576 min    - [Info] The checkpoint file has been updated.
[ Epoch 28 ]  - Training     loss : 0.04738 , acc : 0.982 , elapse : 0.31522 min  - Validation   loss : 0.04450 , acc : 0.983 , elapse : 0.05584 min    - [Info] The checkpoint file has been updated.
[ Epoch 29 ]  - Training     loss : 0.04645 , acc : 0.982 , elapse : 0.31563 min  - Validation   loss : 0.04434 , acc : 0.984 , elapse : 0.05696 min    - [Info] The checkpoint file has been updated.
[ Epoch 30 ]  - Training     loss : 0.04402 , acc : 0.982 , elapse : 0.31427 min  - Validation   loss : 0.04273 , acc : 0.984 , elapse : 0.05638 min    - [Info] The checkpoint file has been updated.
[ Epoch 31 ]  - Training     loss : 0.04298 , acc : 0.983 , elapse : 0.31549 min  - Validation   loss : 0.04192 , acc : 0.984 , elapse : 0.05614 min    - [Info] The checkpoint file has been updated.
[ Epoch 32 ]  - Training     loss : 0.04151 , acc : 0.983 , elapse : 0.31490 min  - Validation   loss : 0.04071 , acc : 0.985 , elapse : 0.05668 min    - [Info] The checkpoint file has been updated.
[ Epoch 33 ]  - Training     loss : 0.04127 , acc : 0.983 , elapse : 0.31490 min  - Validation   loss : 0.04143 , acc : 0.985 , elapse : 0.05512 min
[ Epoch 34 ]  - Training     loss : 0.03847 , acc : 0.984 , elapse : 0.31575 min  - Validation   loss : 0.04062 , acc : 0.985 , elapse : 0.05580 min
[ Epoch 35 ]  - Training     loss : 0.03733 , acc : 0.984 , elapse : 0.31485 min  - Validation   loss : 0.03912 , acc : 0.985 , elapse : 0.05674 min    - [Info] The checkpoint file has been updated.
[ Epoch 36 ]  - Training     loss : 0.03649 , acc : 0.985 , elapse : 0.31447 min  - Validation   loss : 0.03794 , acc : 0.985 , elapse : 0.05707 min    - [Info] The checkpoint file has been updated.
[ Epoch 37 ]  - Training     loss : 0.03592 , acc : 0.985 , elapse : 0.31576 min  - Validation   loss : 0.03715 , acc : 0.986 , elapse : 0.05584 min    - [Info] The checkpoint file has been updated.
[ Epoch 38 ]  - Training     loss : 0.03460 , acc : 0.985 , elapse : 0.31630 min  - Validation   loss : 0.03705 , acc : 0.986 , elapse : 0.05604 min    - [Info] The checkpoint file has been updated.
[ Epoch 39 ]  - Training     loss : 0.03348 , acc : 0.985 , elapse : 0.31695 min  - Validation   loss : 0.03710 , acc : 0.986 , elapse : 0.05641 min
[ Epoch 40 ]  - Training     loss : 0.03306 , acc : 0.986 , elapse : 0.31788 min  - Validation   loss : 0.03658 , acc : 0.986 , elapse : 0.05676 min    - [Info] The checkpoint file has been updated.
[ Epoch 41 ]  - Training     loss : 0.03268 , acc : 0.986 , elapse : 0.31750 min  - Validation   loss : 0.03584 , acc : 0.986 , elapse : 0.05595 min    - [Info] The checkpoint file has been updated.
[ Epoch 42 ]  - Training     loss : 0.03198 , acc : 0.986 , elapse : 0.31799 min  - Validation   loss : 0.03598 , acc : 0.986 , elapse : 0.05640 min
[ Epoch 43 ]  - Training     loss : 0.03212 , acc : 0.986 , elapse : 0.31986 min  - Validation   loss : 0.03556 , acc : 0.986 , elapse : 0.05576 min    - [Info] The checkpoint file has been updated.
[ Epoch 44 ]  - Training     loss : 0.03150 , acc : 0.986 , elapse : 0.31892 min  - Validation   loss : 0.03576 , acc : 0.986 , elapse : 0.05744 min
[ Epoch 45 ]  - Training     loss : 0.03079 , acc : 0.986 , elapse : 0.31771 min  - Validation   loss : 0.03566 , acc : 0.986 , elapse : 0.05682 min
[ Epoch 46 ]  - Training     loss : 0.03104 , acc : 0.987 , elapse : 0.31966 min  - Validation   loss : 0.03552 , acc : 0.986 , elapse : 0.05653 min
[ Epoch 47 ]  - Training     loss : 0.03111 , acc : 0.986 , elapse : 0.31720 min  - Validation   loss : 0.03548 , acc : 0.986 , elapse : 0.05631 min
[ Epoch 48 ]  - Training     loss : 0.03058 , acc : 0.986 , elapse : 0.31764 min  - Validation   loss : 0.03547 , acc : 0.986 , elapse : 0.05594 min
[ Epoch 49 ]  - Training     loss : 0.03317 , acc : 0.986 , elapse : 0.31729 min  - Validation   loss : 0.03752 , acc : 0.986 , elapse : 0.05580 min
[ Epoch 50 ]  - Training     loss : 0.03516 , acc : 0.985 , elapse : 0.31814 min  - Validation   loss : 0.03763 , acc : 0.986 , elapse : 0.05705 min
[ Epoch 51 ]  - Training     loss : 0.03329 , acc : 0.986 , elapse : 0.31672 min  - Validation   loss : 0.03760 , acc : 0.986 , elapse : 0.05616 min
[ Epoch 52 ]  - Training     loss : 0.03408 , acc : 0.986 , elapse : 0.31667 min  - Validation   loss : 0.03584 , acc : 0.986 , elapse : 0.05617 min
[ Epoch 53 ]  - Training     loss : 0.03188 , acc : 0.986 , elapse : 0.31754 min  - Validation   loss : 0.03554 , acc : 0.986 , elapse : 0.05635 min
[ Epoch 54 ]  - Training     loss : 0.03122 , acc : 0.986 , elapse : 0.31802 min  - Validation   loss : 0.03510 , acc : 0.987 , elapse : 0.05556 min    - [Info] The checkpoint file has been updated.
[ Epoch 55 ]  - Training     loss : 0.03046 , acc : 0.986 , elapse : 0.31858 min  - Validation   loss : 0.03436 , acc : 0.987 , elapse : 0.05714 min    - [Info] The checkpoint file has been updated.
[ Epoch 56 ]  - Training     loss : 0.02982 , acc : 0.987 , elapse : 0.31594 min  - Validation   loss : 0.03393 , acc : 0.987 , elapse : 0.05632 min    - [Info] The checkpoint file has been updated.
[ Epoch 57 ]  - Training     loss : 0.02920 , acc : 0.987 , elapse : 0.31702 min  - Validation   loss : 0.03398 , acc : 0.987 , elapse : 0.05617 min
[ Epoch 58 ]  - Training     loss : 0.02800 , acc : 0.987 , elapse : 0.31661 min  - Validation   loss : 0.03431 , acc : 0.987 , elapse : 0.05590 min
[ Epoch 59 ]  - Training     loss : 0.02773 , acc : 0.987 , elapse : 0.31818 min  - Validation   loss : 0.03365 , acc : 0.988 , elapse : 0.05570 min    - [Info] The checkpoint file has been updated.
[ Epoch 60 ]  - Training     loss : 0.02663 , acc : 0.988 , elapse : 0.31809 min  - Validation   loss : 0.03325 , acc : 0.988 , elapse : 0.05602 min    - [Info] The checkpoint file has been updated.
[ Epoch 61 ]  - Training     loss : 0.02572 , acc : 0.988 , elapse : 0.31907 min  - Validation   loss : 0.03299 , acc : 0.988 , elapse : 0.05714 min
[ Epoch 62 ]  - Training     loss : 0.02520 , acc : 0.988 , elapse : 0.31761 min  - Validation   loss : 0.03275 , acc : 0.988 , elapse : 0.05595 min
[ Epoch 63 ]  - Training     loss : 0.02451 , acc : 0.988 , elapse : 0.31782 min  - Validation   loss : 0.03237 , acc : 0.988 , elapse : 0.05660 min    - [Info] The checkpoint file has been updated.
[ Epoch 64 ]  - Training     loss : 0.02368 , acc : 0.989 , elapse : 0.31630 min  - Validation   loss : 0.03221 , acc : 0.988 , elapse : 0.05580 min    - [Info] The checkpoint file has been updated.
[ Epoch 65 ]  - Training     loss : 0.02319 , acc : 0.989 , elapse : 0.31736 min  - Validation   loss : 0.03183 , acc : 0.988 , elapse : 0.05594 min    - [Info] The checkpoint file has been updated.
[ Epoch 66 ]  - Training     loss : 0.02281 , acc : 0.989 , elapse : 0.31781 min  - Validation   loss : 0.03144 , acc : 0.988 , elapse : 0.05679 min    - [Info] The checkpoint file has been updated.
[ Epoch 67 ]  - Training     loss : 0.02187 , acc : 0.989 , elapse : 0.31795 min  - Validation   loss : 0.03153 , acc : 0.989 , elapse : 0.05600 min
[ Epoch 68 ]  - Training     loss : 0.02129 , acc : 0.990 , elapse : 0.31722 min  - Validation   loss : 0.03094 , acc : 0.989 , elapse : 0.05639 min    - [Info] The checkpoint file has been updated.
[ Epoch 69 ]  - Training     loss : 0.02145 , acc : 0.990 , elapse : 0.31741 min  - Validation   loss : 0.03122 , acc : 0.989 , elapse : 0.05556 min
[ Epoch 70 ]  - Training     loss : 0.02037 , acc : 0.990 , elapse : 0.31806 min  - Validation   loss : 0.03061 , acc : 0.989 , elapse : 0.05610 min    - [Info] The checkpoint file has been updated.
[ Epoch 71 ]  - Training     loss : 0.01982 , acc : 0.990 , elapse : 0.31655 min  - Validation   loss : 0.02935 , acc : 0.989 , elapse : 0.05606 min    - [Info] The checkpoint file has been updated.
[ Epoch 72 ]  - Training     loss : 0.01972 , acc : 0.990 , elapse : 0.31662 min  - Validation   loss : 0.02991 , acc : 0.989 , elapse : 0.05606 min
[ Epoch 73 ]  - Training     loss : 0.01933 , acc : 0.990 , elapse : 0.31809 min  - Validation   loss : 0.02925 , acc : 0.990 , elapse : 0.05576 min    - [Info] The checkpoint file has been updated.
[ Epoch 74 ]  - Training     loss : 0.01918 , acc : 0.991 , elapse : 0.31727 min  - Validation   loss : 0.02968 , acc : 0.989 , elapse : 0.05557 min
[ Epoch 75 ]  - Training     loss : 0.01882 , acc : 0.990 , elapse : 0.31702 min  - Validation   loss : 0.03003 , acc : 0.989 , elapse : 0.05725 min
[ Epoch 76 ]  - Training     loss : 0.01829 , acc : 0.991 , elapse : 0.31652 min  - Validation   loss : 0.02970 , acc : 0.990 , elapse : 0.05660 min
[ Epoch 77 ]  - Training     loss : 0.01760 , acc : 0.991 , elapse : 0.31858 min  - Validation   loss : 0.03011 , acc : 0.990 , elapse : 0.05630 min
[ Epoch 78 ]  - Training     loss : 0.01783 , acc : 0.991 , elapse : 0.31760 min  - Validation   loss : 0.02923 , acc : 0.990 , elapse : 0.05565 min
[ Epoch 79 ]  - Training     loss : 0.01715 , acc : 0.991 , elapse : 0.31848 min  - Validation   loss : 0.02927 , acc : 0.990 , elapse : 0.05570 min
[ Epoch 80 ]  - Training     loss : 0.01720 , acc : 0.991 , elapse : 0.31758 min  - Validation   loss : 0.02924 , acc : 0.990 , elapse : 0.05708 min
[ Epoch 81 ]  - Training     loss : 0.01676 , acc : 0.991 , elapse : 0.31747 min  - Validation   loss : 0.02891 , acc : 0.990 , elapse : 0.05616 min
[ Epoch 82 ]  - Training     loss : 0.01643 , acc : 0.991 , elapse : 0.31716 min  - Validation   loss : 0.02942 , acc : 0.990 , elapse : 0.05623 min
[ Epoch 83 ]  - Training     loss : 0.01629 , acc : 0.992 , elapse : 0.31714 min  - Validation   loss : 0.02941 , acc : 0.990 , elapse : 0.05599 min
[ Epoch 84 ]  - Training     loss : 0.01620 , acc : 0.992 , elapse : 0.31741 min  - Validation   loss : 0.02926 , acc : 0.990 , elapse : 0.05541 min
[ Epoch 85 ]  - Training     loss : 0.01598 , acc : 0.992 , elapse : 0.31753 min  - Validation   loss : 0.02893 , acc : 0.990 , elapse : 0.05657 min
[ Epoch 86 ]  - Training     loss : 0.01575 , acc : 0.992 , elapse : 0.31728 min  - Validation   loss : 0.02926 , acc : 0.990 , elapse : 0.05651 min
[ Epoch 87 ]  - Training     loss : 0.01558 , acc : 0.992 , elapse : 0.31736 min  - Validation   loss : 0.02932 , acc : 0.990 , elapse : 0.05626 min
[ Epoch 88 ]  - Training     loss : 0.01559 , acc : 0.992 , elapse : 0.31756 min  - Validation   loss : 0.02885 , acc : 0.990 , elapse : 0.05574 min    - [Info] The checkpoint file has been updated.
[ Epoch 89 ]  - Training     loss : 0.01542 , acc : 0.992 , elapse : 0.31822 min  - Validation   loss : 0.02898 , acc : 0.990 , elapse : 0.05551 min
[ Epoch 90 ]  - Training     loss : 0.01521 , acc : 0.992 , elapse : 0.31819 min  - Validation   loss : 0.02901 , acc : 0.990 , elapse : 0.05649 min
[ Epoch 91 ]  - Training     loss : 0.01527 , acc : 0.992 , elapse : 0.31750 min  - Validation   loss : 0.02893 , acc : 0.990 , elapse : 0.05652 min
[ Epoch 92 ]  - Training     loss : 0.01499 , acc : 0.992 , elapse : 0.31745 min  - Validation   loss : 0.02898 , acc : 0.990 , elapse : 0.05674 min
[ Epoch 93 ]  - Training     loss : 0.01537 , acc : 0.992 , elapse : 0.31734 min  - Validation   loss : 0.02894 , acc : 0.990 , elapse : 0.05655 min
[ Epoch 94 ]  - Training     loss : 0.01498 , acc : 0.992 , elapse : 0.31753 min  - Validation   loss : 0.02894 , acc : 0.990 , elapse : 0.05602 min
[ Epoch 95 ]  - Training     loss : 0.01511 , acc : 0.992 , elapse : 0.31762 min  - Validation   loss : 0.02893 , acc : 0.990 , elapse : 0.05584 min
[ Epoch 96 ]  - Training     loss : 0.01462 , acc : 0.992 , elapse : 0.31724 min  - Validation   loss : 0.02890 , acc : 0.990 , elapse : 0.05618 min
[ Epoch 97 ]  - Training     loss : 0.01509 , acc : 0.992 , elapse : 0.31798 min  - Validation   loss : 0.02889 , acc : 0.990 , elapse : 0.05692 min
[ Epoch 98 ]  - Training     loss : 0.01706 , acc : 0.991 , elapse : 0.31693 min  - Validation   loss : 0.02975 , acc : 0.989 , elapse : 0.05628 min
[ Epoch 99 ]  - Training     loss : 0.01821 , acc : 0.991 , elapse : 0.31679 min  - Validation   loss : 0.02962 , acc : 0.990 , elapse : 0.05687 min
Finish training ~ v ~
~~~~~~~~~~~~~~~~~~~~~~~~~~~~~
2th fold (total : 5)
Create model...
Start training...
[ Epoch 0 ]  - Training     loss : 0.25733 , acc : 0.919 , elapse : 0.32943 min  - Validation   loss : 0.21272 , acc : 0.928 , elapse : 0.05657 min    - [Info] The checkpoint file has been updated.
[ Epoch 1 ]  - Training     loss : 0.20138 , acc : 0.936 , elapse : 0.31728 min  - Validation   loss : 0.16625 , acc : 0.947 , elapse : 0.05613 min    - [Info] The checkpoint file has been updated.
[ Epoch 2 ]  - Training     loss : 0.16209 , acc : 0.947 , elapse : 0.31730 min  - Validation   loss : 0.14996 , acc : 0.950 , elapse : 0.05660 min    - [Info] The checkpoint file has been updated.
[ Epoch 3 ]  - Training     loss : 0.14181 , acc : 0.952 , elapse : 0.31659 min  - Validation   loss : 0.11878 , acc : 0.961 , elapse : 0.05652 min    - [Info] The checkpoint file has been updated.
[ Epoch 4 ]  - Training     loss : 0.11936 , acc : 0.960 , elapse : 0.31803 min  - Validation   loss : 0.10632 , acc : 0.966 , elapse : 0.05626 min    - [Info] The checkpoint file has been updated.
[ Epoch 5 ]  - Training     loss : 0.11139 , acc : 0.962 , elapse : 0.31506 min  - Validation   loss : 0.10363 , acc : 0.967 , elapse : 0.05627 min    - [Info] The checkpoint file has been updated.
[ Epoch 6 ]  - Training     loss : 0.10709 , acc : 0.964 , elapse : 0.31528 min  - Validation   loss : 0.09272 , acc : 0.970 , elapse : 0.05489 min    - [Info] The checkpoint file has been updated.
[ Epoch 7 ]  - Training     loss : 0.09548 , acc : 0.967 , elapse : 0.31438 min  - Validation   loss : 0.08368 , acc : 0.973 , elapse : 0.05659 min    - [Info] The checkpoint file has been updated.
[ Epoch 8 ]  - Training     loss : 0.08686 , acc : 0.970 , elapse : 0.31393 min  - Validation   loss : 0.07746 , acc : 0.974 , elapse : 0.05629 min    - [Info] The checkpoint file has been updated.
[ Epoch 9 ]  - Training     loss : 0.08150 , acc : 0.972 , elapse : 0.31555 min  - Validation   loss : 0.07301 , acc : 0.976 , elapse : 0.05585 min    - [Info] The checkpoint file has been updated.
[ Epoch 10 ]  - Training     loss : 0.07702 , acc : 0.973 , elapse : 0.31537 min  - Validation   loss : 0.07078 , acc : 0.977 , elapse : 0.05556 min    - [Info] The checkpoint file has been updated.
[ Epoch 11 ]  - Training     loss : 0.07544 , acc : 0.973 , elapse : 0.31605 min  - Validation   loss : 0.07063 , acc : 0.977 , elapse : 0.05652 min    - [Info] The checkpoint file has been updated.
[ Epoch 12 ]  - Training     loss : 0.07693 , acc : 0.973 , elapse : 0.31506 min  - Validation   loss : 0.06944 , acc : 0.977 , elapse : 0.05559 min    - [Info] The checkpoint file has been updated.
[ Epoch 13 ]  - Training     loss : 0.07370 , acc : 0.974 , elapse : 0.31501 min  - Validation   loss : 0.06488 , acc : 0.979 , elapse : 0.05673 min    - [Info] The checkpoint file has been updated.
[ Epoch 14 ]  - Training     loss : 0.06867 , acc : 0.976 , elapse : 0.31570 min  - Validation   loss : 0.06040 , acc : 0.980 , elapse : 0.05538 min    - [Info] The checkpoint file has been updated.
[ Epoch 15 ]  - Training     loss : 0.06541 , acc : 0.977 , elapse : 0.31539 min  - Validation   loss : 0.05776 , acc : 0.981 , elapse : 0.05656 min    - [Info] The checkpoint file has been updated.
[ Epoch 16 ]  - Training     loss : 0.06169 , acc : 0.978 , elapse : 0.31476 min  - Validation   loss : 0.05790 , acc : 0.981 , elapse : 0.05667 min
[ Epoch 17 ]  - Training     loss : 0.05977 , acc : 0.978 , elapse : 0.31690 min  - Validation   loss : 0.05381 , acc : 0.982 , elapse : 0.05665 min    - [Info] The checkpoint file has been updated.
[ Epoch 18 ]  - Training     loss : 0.05788 , acc : 0.979 , elapse : 0.31552 min  - Validation   loss : 0.05257 , acc : 0.982 , elapse : 0.05584 min    - [Info] The checkpoint file has been updated.
[ Epoch 19 ]  - Training     loss : 0.05474 , acc : 0.980 , elapse : 0.31510 min  - Validation   loss : 0.05140 , acc : 0.983 , elapse : 0.05588 min    - [Info] The checkpoint file has been updated.
[ Epoch 20 ]  - Training     loss : 0.05335 , acc : 0.980 , elapse : 0.31539 min  - Validation   loss : 0.05035 , acc : 0.983 , elapse : 0.05557 min    - [Info] The checkpoint file has been updated.
[ Epoch 21 ]  - Training     loss : 0.05215 , acc : 0.980 , elapse : 0.31401 min  - Validation   loss : 0.05014 , acc : 0.983 , elapse : 0.05615 min    - [Info] The checkpoint file has been updated.
[ Epoch 22 ]  - Training     loss : 0.05082 , acc : 0.981 , elapse : 0.31495 min  - Validation   loss : 0.05010 , acc : 0.984 , elapse : 0.05585 min    - [Info] The checkpoint file has been updated.
[ Epoch 23 ]  - Training     loss : 0.05032 , acc : 0.981 , elapse : 0.31505 min  - Validation   loss : 0.05005 , acc : 0.983 , elapse : 0.05616 min
[ Epoch 24 ]  - Training     loss : 0.05169 , acc : 0.981 , elapse : 0.31452 min  - Validation   loss : 0.05100 , acc : 0.983 , elapse : 0.05569 min
[ Epoch 25 ]  - Training     loss : 0.05397 , acc : 0.980 , elapse : 0.31438 min  - Validation   loss : 0.04945 , acc : 0.983 , elapse : 0.05673 min
[ Epoch 26 ]  - Training     loss : 0.05105 , acc : 0.981 , elapse : 0.31618 min  - Validation   loss : 0.05094 , acc : 0.984 , elapse : 0.05570 min
[ Epoch 27 ]  - Training     loss : 0.04920 , acc : 0.981 , elapse : 0.31418 min  - Validation   loss : 0.04597 , acc : 0.984 , elapse : 0.05634 min    - [Info] The checkpoint file has been updated.
[ Epoch 28 ]  - Training     loss : 0.04795 , acc : 0.982 , elapse : 0.31563 min  - Validation   loss : 0.04687 , acc : 0.984 , elapse : 0.05516 min
[ Epoch 29 ]  - Training     loss : 0.04605 , acc : 0.982 , elapse : 0.31449 min  - Validation   loss : 0.04555 , acc : 0.985 , elapse : 0.05616 min    - [Info] The checkpoint file has been updated.
[ Epoch 30 ]  - Training     loss : 0.04455 , acc : 0.983 , elapse : 0.31591 min  - Validation   loss : 0.04339 , acc : 0.985 , elapse : 0.05661 min    - [Info] The checkpoint file has been updated.
[ Epoch 31 ]  - Training     loss : 0.04283 , acc : 0.983 , elapse : 0.31484 min  - Validation   loss : 0.04286 , acc : 0.985 , elapse : 0.05581 min    - [Info] The checkpoint file has been updated.
[ Epoch 32 ]  - Training     loss : 0.04045 , acc : 0.984 , elapse : 0.31482 min  - Validation   loss : 0.04166 , acc : 0.986 , elapse : 0.05539 min    - [Info] The checkpoint file has been updated.
[ Epoch 33 ]  - Training     loss : 0.04008 , acc : 0.984 , elapse : 0.31379 min  - Validation   loss : 0.04120 , acc : 0.986 , elapse : 0.05564 min    - [Info] The checkpoint file has been updated.
[ Epoch 34 ]  - Training     loss : 0.03885 , acc : 0.984 , elapse : 0.31635 min  - Validation   loss : 0.04109 , acc : 0.986 , elapse : 0.05655 min    - [Info] The checkpoint file has been updated.
[ Epoch 35 ]  - Training     loss : 0.03702 , acc : 0.985 , elapse : 0.31559 min  - Validation   loss : 0.04071 , acc : 0.986 , elapse : 0.05621 min    - [Info] The checkpoint file has been updated.
[ Epoch 36 ]  - Training     loss : 0.03666 , acc : 0.985 , elapse : 0.31374 min  - Validation   loss : 0.03976 , acc : 0.987 , elapse : 0.05626 min    - [Info] The checkpoint file has been updated.
[ Epoch 37 ]  - Training     loss : 0.03492 , acc : 0.985 , elapse : 0.31470 min  - Validation   loss : 0.03985 , acc : 0.987 , elapse : 0.05566 min
[ Epoch 38 ]  - Training     loss : 0.03364 , acc : 0.986 , elapse : 0.31503 min  - Validation   loss : 0.03956 , acc : 0.987 , elapse : 0.05593 min
[ Epoch 39 ]  - Training     loss : 0.03334 , acc : 0.986 , elapse : 0.31434 min  - Validation   loss : 0.03959 , acc : 0.987 , elapse : 0.05517 min
[ Epoch 40 ]  - Training     loss : 0.03227 , acc : 0.986 , elapse : 0.31423 min  - Validation   loss : 0.03904 , acc : 0.987 , elapse : 0.05605 min    - [Info] The checkpoint file has been updated.
[ Epoch 41 ]  - Training     loss : 0.03194 , acc : 0.986 , elapse : 0.31409 min  - Validation   loss : 0.03881 , acc : 0.987 , elapse : 0.05581 min    - [Info] The checkpoint file has been updated.
[ Epoch 42 ]  - Training     loss : 0.03138 , acc : 0.986 , elapse : 0.31362 min  - Validation   loss : 0.03869 , acc : 0.987 , elapse : 0.05619 min
[ Epoch 43 ]  - Training     loss : 0.03068 , acc : 0.986 , elapse : 0.31469 min  - Validation   loss : 0.03867 , acc : 0.987 , elapse : 0.05589 min
[ Epoch 44 ]  - Training     loss : 0.03063 , acc : 0.987 , elapse : 0.31533 min  - Validation   loss : 0.03866 , acc : 0.987 , elapse : 0.05560 min    - [Info] The checkpoint file has been updated.
[ Epoch 45 ]  - Training     loss : 0.03082 , acc : 0.987 , elapse : 0.31512 min  - Validation   loss : 0.03874 , acc : 0.987 , elapse : 0.05595 min
[ Epoch 46 ]  - Training     loss : 0.02995 , acc : 0.987 , elapse : 0.31415 min  - Validation   loss : 0.03874 , acc : 0.987 , elapse : 0.05645 min
[ Epoch 47 ]  - Training     loss : 0.02956 , acc : 0.987 , elapse : 0.31462 min  - Validation   loss : 0.03872 , acc : 0.987 , elapse : 0.05536 min
[ Epoch 48 ]  - Training     loss : 0.03019 , acc : 0.987 , elapse : 0.31461 min  - Validation   loss : 0.03871 , acc : 0.987 , elapse : 0.05600 min
[ Epoch 49 ]  - Training     loss : 0.03248 , acc : 0.986 , elapse : 0.31490 min  - Validation   loss : 0.04060 , acc : 0.986 , elapse : 0.05627 min
[ Epoch 50 ]  - Training     loss : 0.03460 , acc : 0.985 , elapse : 0.31467 min  - Validation   loss : 0.03941 , acc : 0.987 , elapse : 0.05646 min
[ Epoch 51 ]  - Training     loss : 0.03272 , acc : 0.986 , elapse : 0.31447 min  - Validation   loss : 0.03932 , acc : 0.987 , elapse : 0.05605 min
[ Epoch 52 ]  - Training     loss : 0.03190 , acc : 0.986 , elapse : 0.31559 min  - Validation   loss : 0.04078 , acc : 0.987 , elapse : 0.05651 min
[ Epoch 53 ]  - Training     loss : 0.03096 , acc : 0.987 , elapse : 0.31602 min  - Validation   loss : 0.03786 , acc : 0.987 , elapse : 0.05623 min    - [Info] The checkpoint file has been updated.
[ Epoch 54 ]  - Training     loss : 0.03014 , acc : 0.987 , elapse : 0.31467 min  - Validation   loss : 0.03886 , acc : 0.987 , elapse : 0.05632 min
[ Epoch 55 ]  - Training     loss : 0.03007 , acc : 0.987 , elapse : 0.31357 min  - Validation   loss : 0.03768 , acc : 0.988 , elapse : 0.05576 min    - [Info] The checkpoint file has been updated.
[ Epoch 56 ]  - Training     loss : 0.02791 , acc : 0.987 , elapse : 0.31459 min  - Validation   loss : 0.03766 , acc : 0.988 , elapse : 0.05562 min    - [Info] The checkpoint file has been updated.
[ Epoch 57 ]  - Training     loss : 0.02814 , acc : 0.988 , elapse : 0.31630 min  - Validation   loss : 0.03822 , acc : 0.987 , elapse : 0.05555 min
[ Epoch 58 ]  - Training     loss : 0.02767 , acc : 0.988 , elapse : 0.31526 min  - Validation   loss : 0.03736 , acc : 0.988 , elapse : 0.05722 min    - [Info] The checkpoint file has been updated.
[ Epoch 59 ]  - Training     loss : 0.02605 , acc : 0.988 , elapse : 0.31562 min  - Validation   loss : 0.03773 , acc : 0.988 , elapse : 0.05672 min
[ Epoch 60 ]  - Training     loss : 0.02509 , acc : 0.988 , elapse : 0.31519 min  - Validation   loss : 0.03731 , acc : 0.988 , elapse : 0.05606 min
[ Epoch 61 ]  - Training     loss : 0.02477 , acc : 0.988 , elapse : 0.31658 min  - Validation   loss : 0.03757 , acc : 0.988 , elapse : 0.05580 min
[ Epoch 62 ]  - Training     loss : 0.02397 , acc : 0.989 , elapse : 0.31690 min  - Validation   loss : 0.03646 , acc : 0.988 , elapse : 0.05526 min    - [Info] The checkpoint file has been updated.
[ Epoch 63 ]  - Training     loss : 0.02320 , acc : 0.989 , elapse : 0.31560 min  - Validation   loss : 0.03582 , acc : 0.988 , elapse : 0.05610 min    - [Info] The checkpoint file has been updated.
[ Epoch 64 ]  - Training     loss : 0.02289 , acc : 0.989 , elapse : 0.31415 min  - Validation   loss : 0.03591 , acc : 0.989 , elapse : 0.05625 min
[ Epoch 65 ]  - Training     loss : 0.02282 , acc : 0.989 , elapse : 0.31626 min  - Validation   loss : 0.03656 , acc : 0.988 , elapse : 0.05564 min
[ Epoch 66 ]  - Training     loss : 0.02195 , acc : 0.989 , elapse : 0.31487 min  - Validation   loss : 0.03608 , acc : 0.988 , elapse : 0.05571 min
[ Epoch 67 ]  - Training     loss : 0.02144 , acc : 0.990 , elapse : 0.31695 min  - Validation   loss : 0.03512 , acc : 0.989 , elapse : 0.05517 min    - [Info] The checkpoint file has been updated.
[ Epoch 68 ]  - Training     loss : 0.02084 , acc : 0.990 , elapse : 0.31483 min  - Validation   loss : 0.03449 , acc : 0.989 , elapse : 0.05583 min    - [Info] The checkpoint file has been updated.
[ Epoch 69 ]  - Training     loss : 0.02006 , acc : 0.990 , elapse : 0.31552 min  - Validation   loss : 0.03475 , acc : 0.989 , elapse : 0.05638 min
[ Epoch 70 ]  - Training     loss : 0.02034 , acc : 0.990 , elapse : 0.31472 min  - Validation   loss : 0.03473 , acc : 0.989 , elapse : 0.05665 min
[ Epoch 71 ]  - Training     loss : 0.01928 , acc : 0.990 , elapse : 0.31499 min  - Validation   loss : 0.03464 , acc : 0.989 , elapse : 0.05563 min
[ Epoch 72 ]  - Training     loss : 0.01916 , acc : 0.990 , elapse : 0.31465 min  - Validation   loss : 0.03370 , acc : 0.989 , elapse : 0.05580 min    - [Info] The checkpoint file has been updated.
[ Epoch 73 ]  - Training     loss : 0.01867 , acc : 0.991 , elapse : 0.31506 min  - Validation   loss : 0.03365 , acc : 0.989 , elapse : 0.05666 min
[ Epoch 74 ]  - Training     loss : 0.01821 , acc : 0.991 , elapse : 0.31333 min  - Validation   loss : 0.03401 , acc : 0.989 , elapse : 0.05581 min
[ Epoch 75 ]  - Training     loss : 0.01795 , acc : 0.991 , elapse : 0.31509 min  - Validation   loss : 0.03358 , acc : 0.990 , elapse : 0.05611 min    - [Info] The checkpoint file has been updated.
[ Epoch 76 ]  - Training     loss : 0.01711 , acc : 0.991 , elapse : 0.31624 min  - Validation   loss : 0.03410 , acc : 0.989 , elapse : 0.05528 min
[ Epoch 77 ]  - Training     loss : 0.01722 , acc : 0.991 , elapse : 0.31660 min  - Validation   loss : 0.03368 , acc : 0.990 , elapse : 0.05588 min
[ Epoch 78 ]  - Training     loss : 0.01673 , acc : 0.991 , elapse : 0.31592 min  - Validation   loss : 0.03286 , acc : 0.990 , elapse : 0.05599 min    - [Info] The checkpoint file has been updated.
[ Epoch 79 ]  - Training     loss : 0.01681 , acc : 0.991 , elapse : 0.31455 min  - Validation   loss : 0.03324 , acc : 0.990 , elapse : 0.05596 min
[ Epoch 80 ]  - Training     loss : 0.01619 , acc : 0.992 , elapse : 0.31388 min  - Validation   loss : 0.03354 , acc : 0.990 , elapse : 0.05714 min
[ Epoch 81 ]  - Training     loss : 0.01602 , acc : 0.992 , elapse : 0.31432 min  - Validation   loss : 0.03368 , acc : 0.990 , elapse : 0.05586 min
[ Epoch 82 ]  - Training     loss : 0.01609 , acc : 0.992 , elapse : 0.31529 min  - Validation   loss : 0.03393 , acc : 0.990 , elapse : 0.05581 min
[ Epoch 83 ]  - Training     loss : 0.01590 , acc : 0.992 , elapse : 0.31472 min  - Validation   loss : 0.03339 , acc : 0.990 , elapse : 0.05660 min
[ Epoch 84 ]  - Training     loss : 0.01524 , acc : 0.992 , elapse : 0.31510 min  - Validation   loss : 0.03348 , acc : 0.990 , elapse : 0.05596 min
[ Epoch 85 ]  - Training     loss : 0.01522 , acc : 0.992 , elapse : 0.31378 min  - Validation   loss : 0.03364 , acc : 0.990 , elapse : 0.05592 min
[ Epoch 86 ]  - Training     loss : 0.01539 , acc : 0.992 , elapse : 0.31556 min  - Validation   loss : 0.03307 , acc : 0.990 , elapse : 0.05513 min
[ Epoch 87 ]  - Training     loss : 0.01508 , acc : 0.992 , elapse : 0.31547 min  - Validation   loss : 0.03321 , acc : 0.990 , elapse : 0.05677 min
[ Epoch 88 ]  - Training     loss : 0.01457 , acc : 0.992 , elapse : 0.31455 min  - Validation   loss : 0.03333 , acc : 0.990 , elapse : 0.05581 min
[ Epoch 89 ]  - Training     loss : 0.01499 , acc : 0.992 , elapse : 0.31440 min  - Validation   loss : 0.03336 , acc : 0.990 , elapse : 0.05722 min
[ Epoch 90 ]  - Training     loss : 0.01485 , acc : 0.992 , elapse : 0.31499 min  - Validation   loss : 0.03343 , acc : 0.990 , elapse : 0.05553 min
[ Epoch 91 ]  - Training     loss : 0.01477 , acc : 0.992 , elapse : 0.31540 min  - Validation   loss : 0.03326 , acc : 0.990 , elapse : 0.05573 min
[ Epoch 92 ]  - Training     loss : 0.01489 , acc : 0.992 , elapse : 0.31923 min  - Validation   loss : 0.03322 , acc : 0.990 , elapse : 0.05579 min
[ Epoch 93 ]  - Training     loss : 0.01487 , acc : 0.992 , elapse : 0.31540 min  - Validation   loss : 0.03309 , acc : 0.990 , elapse : 0.05732 min
[ Epoch 94 ]  - Training     loss : 0.01441 , acc : 0.992 , elapse : 0.31413 min  - Validation   loss : 0.03303 , acc : 0.990 , elapse : 0.05634 min
[ Epoch 95 ]  - Training     loss : 0.01457 , acc : 0.992 , elapse : 0.31461 min  - Validation   loss : 0.03300 , acc : 0.990 , elapse : 0.05640 min
[ Epoch 96 ]  - Training     loss : 0.01405 , acc : 0.993 , elapse : 0.31577 min  - Validation   loss : 0.03300 , acc : 0.990 , elapse : 0.05553 min
[ Epoch 97 ]  - Training     loss : 0.01455 , acc : 0.992 , elapse : 0.31517 min  - Validation   loss : 0.03300 , acc : 0.990 , elapse : 0.05775 min
[ Epoch 98 ]  - Training     loss : 0.01635 , acc : 0.992 , elapse : 0.31570 min  - Validation   loss : 0.03541 , acc : 0.989 , elapse : 0.05602 min
[ Epoch 99 ]  - Training     loss : 0.01797 , acc : 0.991 , elapse : 0.31530 min  - Validation   loss : 0.03512 , acc : 0.989 , elapse : 0.05594 min
Finish training ~ v ~
~~~~~~~~~~~~~~~~~~~~~~~~~~~~~
3th fold (total : 5)
Create model...
Start training...
[ Epoch 0 ]  - Training     loss : 0.26275 , acc : 0.913 , elapse : 0.31437 min  - Validation   loss : 0.21539 , acc : 0.928 , elapse : 0.05598 min    - [Info] The checkpoint file has been updated.
[ Epoch 1 ]  - Training     loss : 0.20357 , acc : 0.935 , elapse : 0.31263 min  - Validation   loss : 0.17488 , acc : 0.945 , elapse : 0.05580 min    - [Info] The checkpoint file has been updated.
[ Epoch 2 ]  - Training     loss : 0.16524 , acc : 0.947 , elapse : 0.31485 min  - Validation   loss : 0.15881 , acc : 0.949 , elapse : 0.05470 min    - [Info] The checkpoint file has been updated.
[ Epoch 3 ]  - Training     loss : 0.14595 , acc : 0.952 , elapse : 0.31583 min  - Validation   loss : 0.12619 , acc : 0.958 , elapse : 0.05628 min    - [Info] The checkpoint file has been updated.
[ Epoch 4 ]  - Training     loss : 0.12081 , acc : 0.959 , elapse : 0.31532 min  - Validation   loss : 0.11260 , acc : 0.964 , elapse : 0.05638 min    - [Info] The checkpoint file has been updated.
[ Epoch 5 ]  - Training     loss : 0.11181 , acc : 0.962 , elapse : 0.31408 min  - Validation   loss : 0.10878 , acc : 0.965 , elapse : 0.05565 min    - [Info] The checkpoint file has been updated.
[ Epoch 6 ]  - Training     loss : 0.10677 , acc : 0.963 , elapse : 0.31439 min  - Validation   loss : 0.09786 , acc : 0.970 , elapse : 0.05578 min    - [Info] The checkpoint file has been updated.
[ Epoch 7 ]  - Training     loss : 0.09589 , acc : 0.967 , elapse : 0.31376 min  - Validation   loss : 0.08845 , acc : 0.972 , elapse : 0.05518 min    - [Info] The checkpoint file has been updated.
[ Epoch 8 ]  - Training     loss : 0.08761 , acc : 0.970 , elapse : 0.31524 min  - Validation   loss : 0.08222 , acc : 0.974 , elapse : 0.05561 min    - [Info] The checkpoint file has been updated.
[ Epoch 9 ]  - Training     loss : 0.08151 , acc : 0.971 , elapse : 0.31436 min  - Validation   loss : 0.07799 , acc : 0.976 , elapse : 0.05550 min    - [Info] The checkpoint file has been updated.
[ Epoch 10 ]  - Training     loss : 0.07904 , acc : 0.972 , elapse : 0.31419 min  - Validation   loss : 0.07589 , acc : 0.976 , elapse : 0.05569 min    - [Info] The checkpoint file has been updated.
[ Epoch 11 ]  - Training     loss : 0.07723 , acc : 0.973 , elapse : 0.31492 min  - Validation   loss : 0.07520 , acc : 0.977 , elapse : 0.05540 min    - [Info] The checkpoint file has been updated.
[ Epoch 12 ]  - Training     loss : 0.07794 , acc : 0.973 , elapse : 0.31453 min  - Validation   loss : 0.07395 , acc : 0.976 , elapse : 0.05578 min
[ Epoch 13 ]  - Training     loss : 0.07473 , acc : 0.973 , elapse : 0.31450 min  - Validation   loss : 0.06958 , acc : 0.978 , elapse : 0.05503 min    - [Info] The checkpoint file has been updated.
[ Epoch 14 ]  - Training     loss : 0.07046 , acc : 0.975 , elapse : 0.31440 min  - Validation   loss : 0.06610 , acc : 0.979 , elapse : 0.05606 min    - [Info] The checkpoint file has been updated.
[ Epoch 15 ]  - Training     loss : 0.06698 , acc : 0.976 , elapse : 0.31392 min  - Validation   loss : 0.06320 , acc : 0.980 , elapse : 0.05586 min    - [Info] The checkpoint file has been updated.
[ Epoch 16 ]  - Training     loss : 0.06449 , acc : 0.977 , elapse : 0.31415 min  - Validation   loss : 0.06146 , acc : 0.981 , elapse : 0.05523 min    - [Info] The checkpoint file has been updated.
[ Epoch 17 ]  - Training     loss : 0.06041 , acc : 0.978 , elapse : 0.31336 min  - Validation   loss : 0.05813 , acc : 0.982 , elapse : 0.05525 min    - [Info] The checkpoint file has been updated.
[ Epoch 18 ]  - Training     loss : 0.05849 , acc : 0.978 , elapse : 0.31351 min  - Validation   loss : 0.05718 , acc : 0.982 , elapse : 0.05600 min    - [Info] The checkpoint file has been updated.
[ Epoch 19 ]  - Training     loss : 0.05661 , acc : 0.979 , elapse : 0.31422 min  - Validation   loss : 0.05615 , acc : 0.982 , elapse : 0.05560 min    - [Info] The checkpoint file has been updated.
[ Epoch 20 ]  - Training     loss : 0.05410 , acc : 0.980 , elapse : 0.31270 min  - Validation   loss : 0.05500 , acc : 0.982 , elapse : 0.05686 min    - [Info] The checkpoint file has been updated.
[ Epoch 21 ]  - Training     loss : 0.05415 , acc : 0.980 , elapse : 0.31363 min  - Validation   loss : 0.05451 , acc : 0.983 , elapse : 0.05575 min    - [Info] The checkpoint file has been updated.
[ Epoch 22 ]  - Training     loss : 0.05284 , acc : 0.980 , elapse : 0.31443 min  - Validation   loss : 0.05432 , acc : 0.983 , elapse : 0.05567 min    - [Info] The checkpoint file has been updated.
[ Epoch 23 ]  - Training     loss : 0.05269 , acc : 0.980 , elapse : 0.31559 min  - Validation   loss : 0.05418 , acc : 0.983 , elapse : 0.05611 min
[ Epoch 24 ]  - Training     loss : 0.05397 , acc : 0.980 , elapse : 0.31507 min  - Validation   loss : 0.05576 , acc : 0.982 , elapse : 0.05713 min
[ Epoch 25 ]  - Training     loss : 0.05435 , acc : 0.979 , elapse : 0.31419 min  - Validation   loss : 0.05575 , acc : 0.983 , elapse : 0.05554 min
[ Epoch 26 ]  - Training     loss : 0.05359 , acc : 0.980 , elapse : 0.31501 min  - Validation   loss : 0.05328 , acc : 0.983 , elapse : 0.05574 min    - [Info] The checkpoint file has been updated.
[ Epoch 27 ]  - Training     loss : 0.05110 , acc : 0.980 , elapse : 0.31493 min  - Validation   loss : 0.05351 , acc : 0.983 , elapse : 0.05500 min
[ Epoch 28 ]  - Training     loss : 0.04997 , acc : 0.981 , elapse : 0.31484 min  - Validation   loss : 0.05195 , acc : 0.984 , elapse : 0.05614 min    - [Info] The checkpoint file has been updated.
[ Epoch 29 ]  - Training     loss : 0.04847 , acc : 0.981 , elapse : 0.31479 min  - Validation   loss : 0.04950 , acc : 0.985 , elapse : 0.05607 min    - [Info] The checkpoint file has been updated.
[ Epoch 30 ]  - Training     loss : 0.04710 , acc : 0.982 , elapse : 0.31399 min  - Validation   loss : 0.04900 , acc : 0.984 , elapse : 0.05564 min
[ Epoch 31 ]  - Training     loss : 0.04552 , acc : 0.982 , elapse : 0.31422 min  - Validation   loss : 0.04792 , acc : 0.985 , elapse : 0.05548 min    - [Info] The checkpoint file has been updated.
[ Epoch 32 ]  - Training     loss : 0.04351 , acc : 0.983 , elapse : 0.31384 min  - Validation   loss : 0.04618 , acc : 0.986 , elapse : 0.05531 min    - [Info] The checkpoint file has been updated.
[ Epoch 33 ]  - Training     loss : 0.04225 , acc : 0.983 , elapse : 0.31587 min  - Validation   loss : 0.04656 , acc : 0.985 , elapse : 0.05597 min
[ Epoch 34 ]  - Training     loss : 0.04102 , acc : 0.983 , elapse : 0.31342 min  - Validation   loss : 0.04518 , acc : 0.986 , elapse : 0.05587 min    - [Info] The checkpoint file has been updated.
[ Epoch 35 ]  - Training     loss : 0.03953 , acc : 0.984 , elapse : 0.31487 min  - Validation   loss : 0.04420 , acc : 0.986 , elapse : 0.05611 min    - [Info] The checkpoint file has been updated.
[ Epoch 36 ]  - Training     loss : 0.03859 , acc : 0.984 , elapse : 0.31479 min  - Validation   loss : 0.04307 , acc : 0.986 , elapse : 0.05510 min    - [Info] The checkpoint file has been updated.
[ Epoch 37 ]  - Training     loss : 0.03777 , acc : 0.984 , elapse : 0.31495 min  - Validation   loss : 0.04399 , acc : 0.986 , elapse : 0.05630 min
[ Epoch 38 ]  - Training     loss : 0.03597 , acc : 0.985 , elapse : 0.31430 min  - Validation   loss : 0.04272 , acc : 0.986 , elapse : 0.05588 min    - [Info] The checkpoint file has been updated.
[ Epoch 39 ]  - Training     loss : 0.03656 , acc : 0.985 , elapse : 0.31401 min  - Validation   loss : 0.04252 , acc : 0.987 , elapse : 0.05632 min    - [Info] The checkpoint file has been updated.
[ Epoch 40 ]  - Training     loss : 0.03488 , acc : 0.985 , elapse : 0.31385 min  - Validation   loss : 0.04207 , acc : 0.986 , elapse : 0.05548 min
[ Epoch 41 ]  - Training     loss : 0.03474 , acc : 0.985 , elapse : 0.31509 min  - Validation   loss : 0.04208 , acc : 0.987 , elapse : 0.05443 min
[ Epoch 42 ]  - Training     loss : 0.03387 , acc : 0.985 , elapse : 0.31566 min  - Validation   loss : 0.04154 , acc : 0.987 , elapse : 0.05545 min    - [Info] The checkpoint file has been updated.
[ Epoch 43 ]  - Training     loss : 0.03306 , acc : 0.986 , elapse : 0.31457 min  - Validation   loss : 0.04113 , acc : 0.987 , elapse : 0.05603 min    - [Info] The checkpoint file has been updated.
[ Epoch 44 ]  - Training     loss : 0.03341 , acc : 0.986 , elapse : 0.31350 min  - Validation   loss : 0.04136 , acc : 0.987 , elapse : 0.05561 min
[ Epoch 45 ]  - Training     loss : 0.03307 , acc : 0.986 , elapse : 0.31534 min  - Validation   loss : 0.04125 , acc : 0.987 , elapse : 0.05609 min
[ Epoch 46 ]  - Training     loss : 0.03290 , acc : 0.986 , elapse : 0.31445 min  - Validation   loss : 0.04104 , acc : 0.987 , elapse : 0.05573 min
[ Epoch 47 ]  - Training     loss : 0.03241 , acc : 0.986 , elapse : 0.31525 min  - Validation   loss : 0.04094 , acc : 0.987 , elapse : 0.05653 min
[ Epoch 48 ]  - Training     loss : 0.03232 , acc : 0.986 , elapse : 0.31393 min  - Validation   loss : 0.04091 , acc : 0.987 , elapse : 0.05591 min
[ Epoch 49 ]  - Training     loss : 0.03638 , acc : 0.985 , elapse : 0.31406 min  - Validation   loss : 0.04105 , acc : 0.986 , elapse : 0.05649 min
[ Epoch 50 ]  - Training     loss : 0.03626 , acc : 0.985 , elapse : 0.31449 min  - Validation   loss : 0.04303 , acc : 0.986 , elapse : 0.05563 min
[ Epoch 51 ]  - Training     loss : 0.03566 , acc : 0.985 , elapse : 0.31443 min  - Validation   loss : 0.04169 , acc : 0.987 , elapse : 0.05888 min
[ Epoch 52 ]  - Training     loss : 0.03414 , acc : 0.985 , elapse : 0.31493 min  - Validation   loss : 0.04009 , acc : 0.987 , elapse : 0.05601 min    - [Info] The checkpoint file has been updated.
[ Epoch 53 ]  - Training     loss : 0.03323 , acc : 0.986 , elapse : 0.31456 min  - Validation   loss : 0.03992 , acc : 0.987 , elapse : 0.05615 min    - [Info] The checkpoint file has been updated.
[ Epoch 54 ]  - Training     loss : 0.03188 , acc : 0.986 , elapse : 0.31371 min  - Validation   loss : 0.03922 , acc : 0.987 , elapse : 0.05584 min    - [Info] The checkpoint file has been updated.
[ Epoch 55 ]  - Training     loss : 0.03166 , acc : 0.986 , elapse : 0.31407 min  - Validation   loss : 0.03827 , acc : 0.988 , elapse : 0.05525 min    - [Info] The checkpoint file has been updated.
[ Epoch 56 ]  - Training     loss : 0.03144 , acc : 0.986 , elapse : 0.31464 min  - Validation   loss : 0.03832 , acc : 0.988 , elapse : 0.05581 min
[ Epoch 57 ]  - Training     loss : 0.03142 , acc : 0.986 , elapse : 0.31378 min  - Validation   loss : 0.03770 , acc : 0.988 , elapse : 0.05627 min    - [Info] The checkpoint file has been updated.
[ Epoch 58 ]  - Training     loss : 0.02910 , acc : 0.987 , elapse : 0.31394 min  - Validation   loss : 0.03845 , acc : 0.988 , elapse : 0.05641 min
[ Epoch 59 ]  - Training     loss : 0.02810 , acc : 0.987 , elapse : 0.31532 min  - Validation   loss : 0.03819 , acc : 0.988 , elapse : 0.05512 min
[ Epoch 60 ]  - Training     loss : 0.02824 , acc : 0.987 , elapse : 0.31534 min  - Validation   loss : 0.03686 , acc : 0.988 , elapse : 0.05621 min    - [Info] The checkpoint file has been updated.
[ Epoch 61 ]  - Training     loss : 0.02680 , acc : 0.988 , elapse : 0.31367 min  - Validation   loss : 0.03716 , acc : 0.988 , elapse : 0.05592 min
[ Epoch 62 ]  - Training     loss : 0.02646 , acc : 0.988 , elapse : 0.31494 min  - Validation   loss : 0.03614 , acc : 0.989 , elapse : 0.05581 min    - [Info] The checkpoint file has been updated.
[ Epoch 63 ]  - Training     loss : 0.02587 , acc : 0.988 , elapse : 0.31360 min  - Validation   loss : 0.03621 , acc : 0.989 , elapse : 0.05543 min
[ Epoch 64 ]  - Training     loss : 0.02437 , acc : 0.989 , elapse : 0.31496 min  - Validation   loss : 0.03616 , acc : 0.989 , elapse : 0.05492 min
[ Epoch 65 ]  - Training     loss : 0.02404 , acc : 0.989 , elapse : 0.31478 min  - Validation   loss : 0.03678 , acc : 0.989 , elapse : 0.05648 min
[ Epoch 66 ]  - Training     loss : 0.02381 , acc : 0.989 , elapse : 0.31629 min  - Validation   loss : 0.03525 , acc : 0.989 , elapse : 0.05581 min    - [Info] The checkpoint file has been updated.
[ Epoch 67 ]  - Training     loss : 0.02323 , acc : 0.989 , elapse : 0.31449 min  - Validation   loss : 0.03628 , acc : 0.989 , elapse : 0.05592 min
[ Epoch 68 ]  - Training     loss : 0.02264 , acc : 0.989 , elapse : 0.31375 min  - Validation   loss : 0.03484 , acc : 0.989 , elapse : 0.05500 min
[ Epoch 69 ]  - Training     loss : 0.02191 , acc : 0.989 , elapse : 0.31447 min  - Validation   loss : 0.03562 , acc : 0.989 , elapse : 0.05621 min
[ Epoch 70 ]  - Training     loss : 0.02188 , acc : 0.989 , elapse : 0.31496 min  - Validation   loss : 0.03607 , acc : 0.989 , elapse : 0.05598 min
[ Epoch 71 ]  - Training     loss : 0.02085 , acc : 0.990 , elapse : 0.31360 min  - Validation   loss : 0.03344 , acc : 0.990 , elapse : 0.05556 min    - [Info] The checkpoint file has been updated.
[ Epoch 72 ]  - Training     loss : 0.02028 , acc : 0.990 , elapse : 0.31439 min  - Validation   loss : 0.03448 , acc : 0.989 , elapse : 0.05578 min
[ Epoch 73 ]  - Training     loss : 0.02013 , acc : 0.990 , elapse : 0.31578 min  - Validation   loss : 0.03403 , acc : 0.990 , elapse : 0.05535 min
[ Epoch 74 ]  - Training     loss : 0.01975 , acc : 0.990 , elapse : 0.31464 min  - Validation   loss : 0.03414 , acc : 0.989 , elapse : 0.05611 min
[ Epoch 75 ]  - Training     loss : 0.01936 , acc : 0.990 , elapse : 0.31803 min  - Validation   loss : 0.03401 , acc : 0.990 , elapse : 0.05601 min
[ Epoch 76 ]  - Training     loss : 0.01940 , acc : 0.990 , elapse : 0.31467 min  - Validation   loss : 0.03390 , acc : 0.990 , elapse : 0.05624 min
[ Epoch 77 ]  - Training     loss : 0.01911 , acc : 0.991 , elapse : 0.31711 min  - Validation   loss : 0.03407 , acc : 0.990 , elapse : 0.05569 min
[ Epoch 78 ]  - Training     loss : 0.01869 , acc : 0.991 , elapse : 0.31539 min  - Validation   loss : 0.03423 , acc : 0.990 , elapse : 0.05653 min
[ Epoch 79 ]  - Training     loss : 0.01754 , acc : 0.991 , elapse : 0.31401 min  - Validation   loss : 0.03384 , acc : 0.990 , elapse : 0.05570 min
[ Epoch 80 ]  - Training     loss : 0.01813 , acc : 0.991 , elapse : 0.31386 min  - Validation   loss : 0.03369 , acc : 0.990 , elapse : 0.05597 min
[ Epoch 81 ]  - Training     loss : 0.01732 , acc : 0.991 , elapse : 0.31490 min  - Validation   loss : 0.03384 , acc : 0.990 , elapse : 0.05526 min
[ Epoch 82 ]  - Training     loss : 0.01696 , acc : 0.991 , elapse : 0.31373 min  - Validation   loss : 0.03325 , acc : 0.990 , elapse : 0.05685 min
[ Epoch 83 ]  - Training     loss : 0.01677 , acc : 0.991 , elapse : 0.31359 min  - Validation   loss : 0.03355 , acc : 0.990 , elapse : 0.05591 min
[ Epoch 84 ]  - Training     loss : 0.01682 , acc : 0.991 , elapse : 0.31475 min  - Validation   loss : 0.03376 , acc : 0.990 , elapse : 0.05602 min
[ Epoch 85 ]  - Training     loss : 0.01653 , acc : 0.992 , elapse : 0.31401 min  - Validation   loss : 0.03402 , acc : 0.990 , elapse : 0.05520 min
[ Epoch 86 ]  - Training     loss : 0.01647 , acc : 0.992 , elapse : 0.31416 min  - Validation   loss : 0.03366 , acc : 0.990 , elapse : 0.05593 min
[ Epoch 87 ]  - Training     loss : 0.01640 , acc : 0.992 , elapse : 0.31601 min  - Validation   loss : 0.03374 , acc : 0.990 , elapse : 0.05590 min
[ Epoch 88 ]  - Training     loss : 0.01623 , acc : 0.992 , elapse : 0.31507 min  - Validation   loss : 0.03346 , acc : 0.990 , elapse : 0.05556 min
[ Epoch 89 ]  - Training     loss : 0.01650 , acc : 0.992 , elapse : 0.31379 min  - Validation   loss : 0.03353 , acc : 0.990 , elapse : 0.05584 min
[ Epoch 90 ]  - Training     loss : 0.01620 , acc : 0.992 , elapse : 0.31575 min  - Validation   loss : 0.03353 , acc : 0.990 , elapse : 0.05524 min
[ Epoch 91 ]  - Training     loss : 0.01582 , acc : 0.992 , elapse : 0.31676 min  - Validation   loss : 0.03332 , acc : 0.990 , elapse : 0.05628 min
[ Epoch 92 ]  - Training     loss : 0.01608 , acc : 0.992 , elapse : 0.31615 min  - Validation   loss : 0.03337 , acc : 0.990 , elapse : 0.05574 min
[ Epoch 93 ]  - Training     loss : 0.01593 , acc : 0.992 , elapse : 0.31395 min  - Validation   loss : 0.03329 , acc : 0.990 , elapse : 0.05554 min
[ Epoch 94 ]  - Training     loss : 0.01547 , acc : 0.992 , elapse : 0.31504 min  - Validation   loss : 0.03327 , acc : 0.990 , elapse : 0.05490 min
[ Epoch 95 ]  - Training     loss : 0.01594 , acc : 0.992 , elapse : 0.31627 min  - Validation   loss : 0.03331 , acc : 0.990 , elapse : 0.05516 min
[ Epoch 96 ]  - Training     loss : 0.01574 , acc : 0.992 , elapse : 0.31606 min  - Validation   loss : 0.03331 , acc : 0.990 , elapse : 0.05587 min
[ Epoch 97 ]  - Training     loss : 0.01552 , acc : 0.992 , elapse : 0.31494 min  - Validation   loss : 0.03330 , acc : 0.990 , elapse : 0.05625 min
[ Epoch 98 ]  - Training     loss : 0.01772 , acc : 0.991 , elapse : 0.31474 min  - Validation   loss : 0.03452 , acc : 0.990 , elapse : 0.05562 min
[ Epoch 99 ]  - Training     loss : 0.01916 , acc : 0.990 , elapse : 0.31441 min  - Validation   loss : 0.03383 , acc : 0.990 , elapse : 0.05533 min
Finish training ~ v ~
~~~~~~~~~~~~~~~~~~~~~~~~~~~~~
4th fold (total : 5)
Create model...
Start training...
[ Epoch 0 ]  - Training     loss : 0.26117 , acc : 0.915 , elapse : 0.31580 min  - Validation   loss : 0.21582 , acc : 0.930 , elapse : 0.05505 min    - [Info] The checkpoint file has been updated.
[ Epoch 1 ]  - Training     loss : 0.20116 , acc : 0.936 , elapse : 0.32442 min  - Validation   loss : 0.17225 , acc : 0.947 , elapse : 0.05651 min    - [Info] The checkpoint file has been updated.
[ Epoch 2 ]  - Training     loss : 0.16702 , acc : 0.946 , elapse : 0.31506 min  - Validation   loss : 0.15910 , acc : 0.949 , elapse : 0.05523 min    - [Info] The checkpoint file has been updated.
[ Epoch 3 ]  - Training     loss : 0.14795 , acc : 0.951 , elapse : 0.31790 min  - Validation   loss : 0.12505 , acc : 0.959 , elapse : 0.05594 min    - [Info] The checkpoint file has been updated.
[ Epoch 4 ]  - Training     loss : 0.12411 , acc : 0.958 , elapse : 0.31394 min  - Validation   loss : 0.11014 , acc : 0.964 , elapse : 0.05580 min    - [Info] The checkpoint file has been updated.
[ Epoch 5 ]  - Training     loss : 0.11530 , acc : 0.961 , elapse : 0.31647 min  - Validation   loss : 0.10702 , acc : 0.966 , elapse : 0.05535 min    - [Info] The checkpoint file has been updated.
[ Epoch 6 ]  - Training     loss : 0.11067 , acc : 0.962 , elapse : 0.31554 min  - Validation   loss : 0.09491 , acc : 0.971 , elapse : 0.05659 min    - [Info] The checkpoint file has been updated.
[ Epoch 7 ]  - Training     loss : 0.10018 , acc : 0.966 , elapse : 0.31468 min  - Validation   loss : 0.08846 , acc : 0.973 , elapse : 0.05598 min    - [Info] The checkpoint file has been updated.
[ Epoch 8 ]  - Training     loss : 0.09124 , acc : 0.969 , elapse : 0.31368 min  - Validation   loss : 0.08265 , acc : 0.975 , elapse : 0.05536 min    - [Info] The checkpoint file has been updated.
[ Epoch 9 ]  - Training     loss : 0.08547 , acc : 0.970 , elapse : 0.31450 min  - Validation   loss : 0.07837 , acc : 0.975 , elapse : 0.05593 min    - [Info] The checkpoint file has been updated.
[ Epoch 10 ]  - Training     loss : 0.08307 , acc : 0.971 , elapse : 0.31491 min  - Validation   loss : 0.07653 , acc : 0.976 , elapse : 0.05522 min    - [Info] The checkpoint file has been updated.
[ Epoch 11 ]  - Training     loss : 0.08113 , acc : 0.972 , elapse : 0.31652 min  - Validation   loss : 0.07564 , acc : 0.976 , elapse : 0.05449 min    - [Info] The checkpoint file has been updated.
[ Epoch 12 ]  - Training     loss : 0.08206 , acc : 0.971 , elapse : 0.31469 min  - Validation   loss : 0.07544 , acc : 0.977 , elapse : 0.06026 min    - [Info] The checkpoint file has been updated.
[ Epoch 13 ]  - Training     loss : 0.07928 , acc : 0.972 , elapse : 0.31764 min  - Validation   loss : 0.07156 , acc : 0.978 , elapse : 0.06005 min    - [Info] The checkpoint file has been updated.
[ Epoch 14 ]  - Training     loss : 0.07389 , acc : 0.974 , elapse : 0.31381 min  - Validation   loss : 0.06677 , acc : 0.979 , elapse : 0.05543 min    - [Info] The checkpoint file has been updated.
[ Epoch 15 ]  - Training     loss : 0.06955 , acc : 0.975 , elapse : 0.31894 min  - Validation   loss : 0.06472 , acc : 0.979 , elapse : 0.05623 min    - [Info] The checkpoint file has been updated.
[ Epoch 16 ]  - Training     loss : 0.06689 , acc : 0.976 , elapse : 0.31407 min  - Validation   loss : 0.06084 , acc : 0.981 , elapse : 0.05579 min    - [Info] The checkpoint file has been updated.
[ Epoch 17 ]  - Training     loss : 0.06429 , acc : 0.977 , elapse : 0.31364 min  - Validation   loss : 0.05880 , acc : 0.981 , elapse : 0.05568 min    - [Info] The checkpoint file has been updated.
[ Epoch 18 ]  - Training     loss : 0.06228 , acc : 0.977 , elapse : 0.31446 min  - Validation   loss : 0.05694 , acc : 0.982 , elapse : 0.05575 min    - [Info] The checkpoint file has been updated.
[ Epoch 19 ]  - Training     loss : 0.05950 , acc : 0.978 , elapse : 0.31533 min  - Validation   loss : 0.05575 , acc : 0.982 , elapse : 0.05634 min    - [Info] The checkpoint file has been updated.
[ Epoch 20 ]  - Training     loss : 0.05735 , acc : 0.979 , elapse : 0.31419 min  - Validation   loss : 0.05525 , acc : 0.982 , elapse : 0.05573 min    - [Info] The checkpoint file has been updated.
[ Epoch 21 ]  - Training     loss : 0.05653 , acc : 0.979 , elapse : 0.31371 min  - Validation   loss : 0.05446 , acc : 0.983 , elapse : 0.05583 min    - [Info] The checkpoint file has been updated.
[ Epoch 22 ]  - Training     loss : 0.05596 , acc : 0.979 , elapse : 0.31522 min  - Validation   loss : 0.05411 , acc : 0.983 , elapse : 0.05586 min    - [Info] The checkpoint file has been updated.
[ Epoch 23 ]  - Training     loss : 0.05522 , acc : 0.979 , elapse : 0.31379 min  - Validation   loss : 0.05380 , acc : 0.983 , elapse : 0.05591 min    - [Info] The checkpoint file has been updated.
[ Epoch 24 ]  - Training     loss : 0.05731 , acc : 0.979 , elapse : 0.31338 min  - Validation   loss : 0.05554 , acc : 0.983 , elapse : 0.05625 min
[ Epoch 25 ]  - Training     loss : 0.05851 , acc : 0.979 , elapse : 0.31453 min  - Validation   loss : 0.05269 , acc : 0.983 , elapse : 0.05594 min    - [Info] The checkpoint file has been updated.
[ Epoch 26 ]  - Training     loss : 0.05648 , acc : 0.979 , elapse : 0.31521 min  - Validation   loss : 0.05330 , acc : 0.984 , elapse : 0.05496 min
[ Epoch 27 ]  - Training     loss : 0.05414 , acc : 0.980 , elapse : 0.31441 min  - Validation   loss : 0.05201 , acc : 0.984 , elapse : 0.05625 min    - [Info] The checkpoint file has been updated.
[ Epoch 28 ]  - Training     loss : 0.05218 , acc : 0.980 , elapse : 0.31387 min  - Validation   loss : 0.04891 , acc : 0.984 , elapse : 0.05547 min    - [Info] The checkpoint file has been updated.
[ Epoch 29 ]  - Training     loss : 0.05088 , acc : 0.981 , elapse : 0.31446 min  - Validation   loss : 0.04667 , acc : 0.985 , elapse : 0.05539 min    - [Info] The checkpoint file has been updated.
[ Epoch 30 ]  - Training     loss : 0.04903 , acc : 0.981 , elapse : 0.31611 min  - Validation   loss : 0.04680 , acc : 0.985 , elapse : 0.05430 min
[ Epoch 31 ]  - Training     loss : 0.04726 , acc : 0.982 , elapse : 0.31398 min  - Validation   loss : 0.04622 , acc : 0.985 , elapse : 0.05631 min    - [Info] The checkpoint file has been updated.
[ Epoch 32 ]  - Training     loss : 0.04506 , acc : 0.982 , elapse : 0.31562 min  - Validation   loss : 0.04487 , acc : 0.986 , elapse : 0.05555 min    - [Info] The checkpoint file has been updated.
[ Epoch 33 ]  - Training     loss : 0.04315 , acc : 0.983 , elapse : 0.31458 min  - Validation   loss : 0.04353 , acc : 0.986 , elapse : 0.05557 min    - [Info] The checkpoint file has been updated.
[ Epoch 34 ]  - Training     loss : 0.04299 , acc : 0.983 , elapse : 0.31483 min  - Validation   loss : 0.04330 , acc : 0.986 , elapse : 0.05499 min    - [Info] The checkpoint file has been updated.
[ Epoch 35 ]  - Training     loss : 0.04168 , acc : 0.983 , elapse : 0.31370 min  - Validation   loss : 0.04262 , acc : 0.986 , elapse : 0.05569 min
[ Epoch 36 ]  - Training     loss : 0.04014 , acc : 0.984 , elapse : 0.31394 min  - Validation   loss : 0.04162 , acc : 0.987 , elapse : 0.05579 min    - [Info] The checkpoint file has been updated.
[ Epoch 37 ]  - Training     loss : 0.03886 , acc : 0.984 , elapse : 0.31325 min  - Validation   loss : 0.04092 , acc : 0.987 , elapse : 0.05550 min    - [Info] The checkpoint file has been updated.
[ Epoch 38 ]  - Training     loss : 0.03751 , acc : 0.984 , elapse : 0.31372 min  - Validation   loss : 0.03984 , acc : 0.987 , elapse : 0.05556 min    - [Info] The checkpoint file has been updated.
[ Epoch 39 ]  - Training     loss : 0.03666 , acc : 0.985 , elapse : 0.31533 min  - Validation   loss : 0.03997 , acc : 0.987 , elapse : 0.05446 min
[ Epoch 40 ]  - Training     loss : 0.03680 , acc : 0.985 , elapse : 0.31497 min  - Validation   loss : 0.03968 , acc : 0.987 , elapse : 0.05616 min    - [Info] The checkpoint file has been updated.
[ Epoch 41 ]  - Training     loss : 0.03604 , acc : 0.985 , elapse : 0.31471 min  - Validation   loss : 0.03890 , acc : 0.987 , elapse : 0.05562 min    - [Info] The checkpoint file has been updated.
[ Epoch 42 ]  - Training     loss : 0.03530 , acc : 0.985 , elapse : 0.31497 min  - Validation   loss : 0.03927 , acc : 0.987 , elapse : 0.05620 min
[ Epoch 43 ]  - Training     loss : 0.03470 , acc : 0.985 , elapse : 0.31394 min  - Validation   loss : 0.03903 , acc : 0.987 , elapse : 0.05505 min
[ Epoch 44 ]  - Training     loss : 0.03433 , acc : 0.986 , elapse : 0.31460 min  - Validation   loss : 0.03911 , acc : 0.987 , elapse : 0.05532 min
[ Epoch 45 ]  - Training     loss : 0.03382 , acc : 0.986 , elapse : 0.31548 min  - Validation   loss : 0.03913 , acc : 0.987 , elapse : 0.05738 min
[ Epoch 46 ]  - Training     loss : 0.03386 , acc : 0.986 , elapse : 0.31503 min  - Validation   loss : 0.03907 , acc : 0.987 , elapse : 0.05629 min
[ Epoch 47 ]  - Training     loss : 0.03347 , acc : 0.986 , elapse : 0.31395 min  - Validation   loss : 0.03911 , acc : 0.987 , elapse : 0.05588 min
[ Epoch 48 ]  - Training     loss : 0.03313 , acc : 0.986 , elapse : 0.31549 min  - Validation   loss : 0.03908 , acc : 0.987 , elapse : 0.05573 min
[ Epoch 49 ]  - Training     loss : 0.03807 , acc : 0.985 , elapse : 0.31605 min  - Validation   loss : 0.03931 , acc : 0.987 , elapse : 0.05646 min
[ Epoch 50 ]  - Training     loss : 0.03663 , acc : 0.985 , elapse : 0.31540 min  - Validation   loss : 0.03963 , acc : 0.987 , elapse : 0.05626 min
[ Epoch 51 ]  - Training     loss : 0.03592 , acc : 0.985 , elapse : 0.31415 min  - Validation   loss : 0.03851 , acc : 0.988 , elapse : 0.05585 min    - [Info] The checkpoint file has been updated.
[ Epoch 52 ]  - Training     loss : 0.03565 , acc : 0.985 , elapse : 0.31333 min  - Validation   loss : 0.03940 , acc : 0.988 , elapse : 0.05548 min
[ Epoch 53 ]  - Training     loss : 0.03415 , acc : 0.986 , elapse : 0.31569 min  - Validation   loss : 0.03874 , acc : 0.988 , elapse : 0.05577 min
[ Epoch 54 ]  - Training     loss : 0.03492 , acc : 0.985 , elapse : 0.31464 min  - Validation   loss : 0.03689 , acc : 0.988 , elapse : 0.05633 min    - [Info] The checkpoint file has been updated.
[ Epoch 55 ]  - Training     loss : 0.03234 , acc : 0.986 , elapse : 0.31398 min  - Validation   loss : 0.03660 , acc : 0.988 , elapse : 0.05575 min    - [Info] The checkpoint file has been updated.
[ Epoch 56 ]  - Training     loss : 0.03104 , acc : 0.987 , elapse : 0.31455 min  - Validation   loss : 0.03541 , acc : 0.989 , elapse : 0.05636 min    - [Info] The checkpoint file has been updated.
[ Epoch 57 ]  - Training     loss : 0.03093 , acc : 0.986 , elapse : 0.31415 min  - Validation   loss : 0.03603 , acc : 0.989 , elapse : 0.05489 min
[ Epoch 58 ]  - Training     loss : 0.02963 , acc : 0.987 , elapse : 0.31392 min  - Validation   loss : 0.03536 , acc : 0.989 , elapse : 0.05570 min    - [Info] The checkpoint file has been updated.
[ Epoch 59 ]  - Training     loss : 0.02868 , acc : 0.987 , elapse : 0.31570 min  - Validation   loss : 0.03453 , acc : 0.989 , elapse : 0.05599 min
[ Epoch 60 ]  - Training     loss : 0.02868 , acc : 0.987 , elapse : 0.31379 min  - Validation   loss : 0.03471 , acc : 0.989 , elapse : 0.05525 min
[ Epoch 61 ]  - Training     loss : 0.02772 , acc : 0.988 , elapse : 0.31467 min  - Validation   loss : 0.03471 , acc : 0.989 , elapse : 0.05554 min
[ Epoch 62 ]  - Training     loss : 0.02740 , acc : 0.988 , elapse : 0.31446 min  - Validation   loss : 0.03583 , acc : 0.989 , elapse : 0.05604 min
[ Epoch 63 ]  - Training     loss : 0.02625 , acc : 0.988 , elapse : 0.31495 min  - Validation   loss : 0.03519 , acc : 0.989 , elapse : 0.05606 min
[ Epoch 64 ]  - Training     loss : 0.02539 , acc : 0.988 , elapse : 0.31394 min  - Validation   loss : 0.03458 , acc : 0.989 , elapse : 0.05581 min
[ Epoch 65 ]  - Training     loss : 0.02475 , acc : 0.988 , elapse : 0.31474 min  - Validation   loss : 0.03361 , acc : 0.989 , elapse : 0.05593 min    - [Info] The checkpoint file has been updated.
[ Epoch 66 ]  - Training     loss : 0.02461 , acc : 0.989 , elapse : 0.31454 min  - Validation   loss : 0.03407 , acc : 0.989 , elapse : 0.05530 min
[ Epoch 67 ]  - Training     loss : 0.02384 , acc : 0.989 , elapse : 0.31446 min  - Validation   loss : 0.03295 , acc : 0.989 , elapse : 0.05643 min
[ Epoch 68 ]  - Training     loss : 0.02343 , acc : 0.989 , elapse : 0.31309 min  - Validation   loss : 0.03238 , acc : 0.990 , elapse : 0.05558 min    - [Info] The checkpoint file has been updated.
[ Epoch 69 ]  - Training     loss : 0.02304 , acc : 0.989 , elapse : 0.31317 min  - Validation   loss : 0.03196 , acc : 0.990 , elapse : 0.05599 min    - [Info] The checkpoint file has been updated.
[ Epoch 70 ]  - Training     loss : 0.02201 , acc : 0.990 , elapse : 0.31473 min  - Validation   loss : 0.03200 , acc : 0.990 , elapse : 0.05487 min
[ Epoch 71 ]  - Training     loss : 0.02147 , acc : 0.990 , elapse : 0.31424 min  - Validation   loss : 0.03179 , acc : 0.990 , elapse : 0.05631 min
[ Epoch 72 ]  - Training     loss : 0.02085 , acc : 0.990 , elapse : 0.31424 min  - Validation   loss : 0.03140 , acc : 0.990 , elapse : 0.05570 min
[ Epoch 73 ]  - Training     loss : 0.02028 , acc : 0.990 , elapse : 0.31466 min  - Validation   loss : 0.03156 , acc : 0.990 , elapse : 0.05538 min
[ Epoch 74 ]  - Training     loss : 0.01999 , acc : 0.990 , elapse : 0.31538 min  - Validation   loss : 0.03095 , acc : 0.990 , elapse : 0.05618 min    - [Info] The checkpoint file has been updated.
[ Epoch 75 ]  - Training     loss : 0.01949 , acc : 0.990 , elapse : 0.31413 min  - Validation   loss : 0.03077 , acc : 0.990 , elapse : 0.05587 min    - [Info] The checkpoint file has been updated.
[ Epoch 76 ]  - Training     loss : 0.01924 , acc : 0.990 , elapse : 0.31537 min  - Validation   loss : 0.03107 , acc : 0.990 , elapse : 0.05521 min
[ Epoch 77 ]  - Training     loss : 0.01912 , acc : 0.991 , elapse : 0.31568 min  - Validation   loss : 0.03023 , acc : 0.990 , elapse : 0.05606 min
[ Epoch 78 ]  - Training     loss : 0.01910 , acc : 0.991 , elapse : 0.31535 min  - Validation   loss : 0.03001 , acc : 0.990 , elapse : 0.05626 min    - [Info] The checkpoint file has been updated.
[ Epoch 79 ]  - Training     loss : 0.01841 , acc : 0.991 , elapse : 0.31526 min  - Validation   loss : 0.03002 , acc : 0.991 , elapse : 0.05637 min
[ Epoch 80 ]  - Training     loss : 0.01833 , acc : 0.991 , elapse : 0.31291 min  - Validation   loss : 0.02972 , acc : 0.991 , elapse : 0.05539 min    - [Info] The checkpoint file has been updated.
[ Epoch 81 ]  - Training     loss : 0.01765 , acc : 0.991 , elapse : 0.31446 min  - Validation   loss : 0.02990 , acc : 0.991 , elapse : 0.05608 min
[ Epoch 82 ]  - Training     loss : 0.01770 , acc : 0.991 , elapse : 0.31447 min  - Validation   loss : 0.03002 , acc : 0.991 , elapse : 0.05593 min
[ Epoch 83 ]  - Training     loss : 0.01743 , acc : 0.991 , elapse : 0.31330 min  - Validation   loss : 0.03025 , acc : 0.991 , elapse : 0.05595 min
[ Epoch 84 ]  - Training     loss : 0.01701 , acc : 0.992 , elapse : 0.31480 min  - Validation   loss : 0.02998 , acc : 0.991 , elapse : 0.05518 min
[ Epoch 85 ]  - Training     loss : 0.01686 , acc : 0.992 , elapse : 0.31481 min  - Validation   loss : 0.02963 , acc : 0.990 , elapse : 0.05602 min
[ Epoch 86 ]  - Training     loss : 0.01671 , acc : 0.992 , elapse : 0.31695 min  - Validation   loss : 0.02943 , acc : 0.991 , elapse : 0.05581 min    - [Info] The checkpoint file has been updated.
[ Epoch 87 ]  - Training     loss : 0.01662 , acc : 0.992 , elapse : 0.31402 min  - Validation   loss : 0.02930 , acc : 0.991 , elapse : 0.05577 min
[ Epoch 88 ]  - Training     loss : 0.01674 , acc : 0.992 , elapse : 0.31342 min  - Validation   loss : 0.02947 , acc : 0.991 , elapse : 0.05547 min
[ Epoch 89 ]  - Training     loss : 0.01638 , acc : 0.992 , elapse : 0.31565 min  - Validation   loss : 0.02970 , acc : 0.991 , elapse : 0.05504 min
[ Epoch 90 ]  - Training     loss : 0.01642 , acc : 0.992 , elapse : 0.31382 min  - Validation   loss : 0.02948 , acc : 0.991 , elapse : 0.05609 min
[ Epoch 91 ]  - Training     loss : 0.01641 , acc : 0.992 , elapse : 0.31389 min  - Validation   loss : 0.02943 , acc : 0.991 , elapse : 0.05582 min
[ Epoch 92 ]  - Training     loss : 0.01623 , acc : 0.992 , elapse : 0.31476 min  - Validation   loss : 0.02937 , acc : 0.991 , elapse : 0.05563 min
[ Epoch 93 ]  - Training     loss : 0.01627 , acc : 0.992 , elapse : 0.31515 min  - Validation   loss : 0.02931 , acc : 0.991 , elapse : 0.05555 min
[ Epoch 94 ]  - Training     loss : 0.01603 , acc : 0.992 , elapse : 0.31446 min  - Validation   loss : 0.02928 , acc : 0.991 , elapse : 0.05610 min
[ Epoch 95 ]  - Training     loss : 0.01616 , acc : 0.992 , elapse : 0.31313 min  - Validation   loss : 0.02926 , acc : 0.991 , elapse : 0.05576 min    - [Info] The checkpoint file has been updated.
[ Epoch 96 ]  - Training     loss : 0.01606 , acc : 0.992 , elapse : 0.31476 min  - Validation   loss : 0.02921 , acc : 0.991 , elapse : 0.05618 min    - [Info] The checkpoint file has been updated.
[ Epoch 97 ]  - Training     loss : 0.01626 , acc : 0.992 , elapse : 0.31496 min  - Validation   loss : 0.02922 , acc : 0.991 , elapse : 0.05501 min
[ Epoch 98 ]  - Training     loss : 0.01729 , acc : 0.991 , elapse : 0.31586 min  - Validation   loss : 0.03213 , acc : 0.990 , elapse : 0.05667 min
[ Epoch 99 ]  - Training     loss : 0.01952 , acc : 0.990 , elapse : 0.31272 min  - Validation   loss : 0.02961 , acc : 0.991 , elapse : 0.05593 min
Finish training ~ v ~
min losses: [0.02824515412794426, 0.028849069291027263, 0.03285697038518265, 0.033248754392843693, 0.029214795882580802] mean losses: 0.030482948815915734
max accs: [0.9908826104525863, 0.9901165140086207, 0.9899313038793105, 0.9903859105603449, 0.9906974003232757] mean accs: 0.9904027478448276
Empty DataFrame
Columns: [pred, label]
Index: []
