Shell for /hpcfs/juno/junogpu/xuhangkun/SoftWare/VsCode/.local/share/virtualenvs/tianchi_channel_1-2IKVIXD7 already activated.
No action taken to avoid nested environments.
If the cuda is avaliable ?
True
Start getting data...
Finish getting data ~ v ~
[Info] Training performance will be written to file: ./user_data/model_data/TextRCNN/TextRCNN_train.csv
Namespace(batch_size=128, bert_path='/hpcfs/juno/junogpu/xuhangkun/ML/MyselfProject/Test/tianchi_channel_1/user_data/bert', dropout=0.5, eda_alpha=0.0, epoch=100, fold_index=-1, fold_k=5, frazing_bert_encode=False, input='./tcdata/train.csv', label_smoothing=0.0, lr=0.0005, lstm_layer=2, max_len=100, model='TextRCNN', n_aug=0.0, nclass=29, nemb=400, no_word2vec_pretrain=True, ntokens=859, output_dir='./user_data/model_data/TextRCNN', pad_token=858, save_mode='best', save_per_epoch=5, save_start_epoch=5, seed=None, stop_early=False, tokenizer_path='/hpcfs/juno/junogpu/xuhangkun/ML/MyselfProject/Test/tianchi_channel_1/user_data/bert', word2vec_path='/hpcfs/juno/junogpu/xuhangkun/ML/MyselfProject/Test/tianchi_channel_1/user_data/word_pretrain/word2vector.model')
~~~~~~~~~~~~~~~~~~~~~~~~~~~~~
0th fold (total : 5)
Create model...
TextRCNNModel(
  (embed): Embedding(859, 400, padding_idx=858)
  (emb_dropout_layer): Dropout(p=0.5, inplace=False)
  (lstm): LSTM(400, 256, num_layers=2, batch_first=True, dropout=0.1, bidirectional=True)
  (W2): Linear(in_features=912, out_features=512, bias=True)
  (final_dropout_layer): Dropout(p=0.5, inplace=False)
  (fc): Linear(in_features=512, out_features=29, bias=True)
  (sigmoid): Sigmoid()
)
Start training...
[ Epoch 0 ]  - Training     loss : 0.24797 , acc : 0.919 , elapse : 0.27232 min  - Validation   loss : 0.18796 , acc : 0.940 , elapse : 0.04665 min    - [Info] The checkpoint file has been updated.
[ Epoch 1 ]  - Training     loss : 0.17090 , acc : 0.944 , elapse : 0.27229 min  - Validation   loss : 0.14047 , acc : 0.955 , elapse : 0.04644 min    - [Info] The checkpoint file has been updated.
[ Epoch 2 ]  - Training     loss : 0.13390 , acc : 0.955 , elapse : 0.27158 min  - Validation   loss : 0.12429 , acc : 0.959 , elapse : 0.04648 min    - [Info] The checkpoint file has been updated.
[ Epoch 3 ]  - Training     loss : 0.11659 , acc : 0.960 , elapse : 0.27152 min  - Validation   loss : 0.09696 , acc : 0.969 , elapse : 0.04653 min    - [Info] The checkpoint file has been updated.
[ Epoch 4 ]  - Training     loss : 0.09640 , acc : 0.967 , elapse : 0.27276 min  - Validation   loss : 0.08524 , acc : 0.973 , elapse : 0.04647 min    - [Info] The checkpoint file has been updated.
[ Epoch 5 ]  - Training     loss : 0.08856 , acc : 0.969 , elapse : 0.27153 min  - Validation   loss : 0.08294 , acc : 0.973 , elapse : 0.04646 min    - [Info] The checkpoint file has been updated.
[ Epoch 6 ]  - Training     loss : 0.08493 , acc : 0.971 , elapse : 0.27138 min  - Validation   loss : 0.07410 , acc : 0.976 , elapse : 0.04652 min    - [Info] The checkpoint file has been updated.
[ Epoch 7 ]  - Training     loss : 0.07463 , acc : 0.974 , elapse : 0.27246 min  - Validation   loss : 0.06653 , acc : 0.978 , elapse : 0.04648 min    - [Info] The checkpoint file has been updated.
[ Epoch 8 ]  - Training     loss : 0.06674 , acc : 0.976 , elapse : 0.27151 min  - Validation   loss : 0.06073 , acc : 0.980 , elapse : 0.04643 min    - [Info] The checkpoint file has been updated.
[ Epoch 9 ]  - Training     loss : 0.06282 , acc : 0.977 , elapse : 0.27148 min  - Validation   loss : 0.05907 , acc : 0.981 , elapse : 0.04662 min    - [Info] The checkpoint file has been updated.
[ Epoch 10 ]  - Training     loss : 0.05944 , acc : 0.978 , elapse : 0.27291 min  - Validation   loss : 0.05696 , acc : 0.981 , elapse : 0.04655 min    - [Info] The checkpoint file has been updated.
[ Epoch 11 ]  - Training     loss : 0.05833 , acc : 0.979 , elapse : 0.27273 min  - Validation   loss : 0.05632 , acc : 0.982 , elapse : 0.04638 min    - [Info] The checkpoint file has been updated.
[ Epoch 12 ]  - Training     loss : 0.05882 , acc : 0.978 , elapse : 0.27149 min  - Validation   loss : 0.05534 , acc : 0.982 , elapse : 0.04656 min    - [Info] The checkpoint file has been updated.
[ Epoch 13 ]  - Training     loss : 0.05530 , acc : 0.979 , elapse : 0.27292 min  - Validation   loss : 0.05104 , acc : 0.983 , elapse : 0.04659 min    - [Info] The checkpoint file has been updated.
[ Epoch 14 ]  - Training     loss : 0.05152 , acc : 0.981 , elapse : 0.27176 min  - Validation   loss : 0.05000 , acc : 0.983 , elapse : 0.04649 min    - [Info] The checkpoint file has been updated.
[ Epoch 15 ]  - Training     loss : 0.04903 , acc : 0.981 , elapse : 0.27162 min  - Validation   loss : 0.04702 , acc : 0.985 , elapse : 0.04672 min    - [Info] The checkpoint file has been updated.
[ Epoch 16 ]  - Training     loss : 0.04589 , acc : 0.982 , elapse : 0.27216 min  - Validation   loss : 0.04494 , acc : 0.985 , elapse : 0.04662 min    - [Info] The checkpoint file has been updated.
[ Epoch 17 ]  - Training     loss : 0.04310 , acc : 0.983 , elapse : 0.27164 min  - Validation   loss : 0.04343 , acc : 0.986 , elapse : 0.04648 min    - [Info] The checkpoint file has been updated.
[ Epoch 18 ]  - Training     loss : 0.04131 , acc : 0.983 , elapse : 0.27160 min  - Validation   loss : 0.04310 , acc : 0.986 , elapse : 0.04666 min    - [Info] The checkpoint file has been updated.
[ Epoch 19 ]  - Training     loss : 0.03910 , acc : 0.984 , elapse : 0.27253 min  - Validation   loss : 0.04089 , acc : 0.986 , elapse : 0.04650 min    - [Info] The checkpoint file has been updated.
[ Epoch 20 ]  - Training     loss : 0.03750 , acc : 0.984 , elapse : 0.27176 min  - Validation   loss : 0.03999 , acc : 0.986 , elapse : 0.04653 min    - [Info] The checkpoint file has been updated.
[ Epoch 21 ]  - Training     loss : 0.03683 , acc : 0.985 , elapse : 0.27161 min  - Validation   loss : 0.03969 , acc : 0.987 , elapse : 0.04666 min    - [Info] The checkpoint file has been updated.
[ Epoch 22 ]  - Training     loss : 0.03621 , acc : 0.985 , elapse : 0.27217 min  - Validation   loss : 0.03964 , acc : 0.987 , elapse : 0.04646 min    - [Info] The checkpoint file has been updated.
[ Epoch 23 ]  - Training     loss : 0.03522 , acc : 0.985 , elapse : 0.27179 min  - Validation   loss : 0.03942 , acc : 0.987 , elapse : 0.04660 min
[ Epoch 24 ]  - Training     loss : 0.03702 , acc : 0.985 , elapse : 0.27160 min  - Validation   loss : 0.04081 , acc : 0.986 , elapse : 0.04663 min
[ Epoch 25 ]  - Training     loss : 0.03766 , acc : 0.984 , elapse : 0.27200 min  - Validation   loss : 0.04102 , acc : 0.986 , elapse : 0.04637 min
[ Epoch 26 ]  - Training     loss : 0.03588 , acc : 0.985 , elapse : 0.27154 min  - Validation   loss : 0.03998 , acc : 0.987 , elapse : 0.04656 min
[ Epoch 27 ]  - Training     loss : 0.03432 , acc : 0.985 , elapse : 0.27171 min  - Validation   loss : 0.03896 , acc : 0.987 , elapse : 0.04664 min    - [Info] The checkpoint file has been updated.
[ Epoch 28 ]  - Training     loss : 0.03283 , acc : 0.986 , elapse : 0.27265 min  - Validation   loss : 0.03809 , acc : 0.987 , elapse : 0.04650 min    - [Info] The checkpoint file has been updated.
[ Epoch 29 ]  - Training     loss : 0.03114 , acc : 0.986 , elapse : 0.27154 min  - Validation   loss : 0.03865 , acc : 0.987 , elapse : 0.04656 min
[ Epoch 30 ]  - Training     loss : 0.03032 , acc : 0.986 , elapse : 0.27171 min  - Validation   loss : 0.03736 , acc : 0.987 , elapse : 0.04667 min    - [Info] The checkpoint file has been updated.
[ Epoch 31 ]  - Training     loss : 0.02862 , acc : 0.987 , elapse : 0.27256 min  - Validation   loss : 0.03634 , acc : 0.987 , elapse : 0.04662 min
[ Epoch 32 ]  - Training     loss : 0.02766 , acc : 0.987 , elapse : 0.27162 min  - Validation   loss : 0.03418 , acc : 0.988 , elapse : 0.04658 min    - [Info] The checkpoint file has been updated.
[ Epoch 33 ]  - Training     loss : 0.02660 , acc : 0.988 , elapse : 0.27166 min  - Validation   loss : 0.03494 , acc : 0.988 , elapse : 0.04660 min
[ Epoch 34 ]  - Training     loss : 0.02577 , acc : 0.988 , elapse : 0.27249 min  - Validation   loss : 0.03509 , acc : 0.988 , elapse : 0.04655 min
[ Epoch 35 ]  - Training     loss : 0.02472 , acc : 0.988 , elapse : 0.27168 min  - Validation   loss : 0.03395 , acc : 0.989 , elapse : 0.04660 min    - [Info] The checkpoint file has been updated.
[ Epoch 36 ]  - Training     loss : 0.02410 , acc : 0.989 , elapse : 0.27230 min  - Validation   loss : 0.03312 , acc : 0.989 , elapse : 0.04654 min    - [Info] The checkpoint file has been updated.
[ Epoch 37 ]  - Training     loss : 0.02318 , acc : 0.989 , elapse : 0.27301 min  - Validation   loss : 0.03234 , acc : 0.989 , elapse : 0.04651 min    - [Info] The checkpoint file has been updated.
[ Epoch 38 ]  - Training     loss : 0.02271 , acc : 0.989 , elapse : 0.27165 min  - Validation   loss : 0.03189 , acc : 0.989 , elapse : 0.04658 min
[ Epoch 39 ]  - Training     loss : 0.02173 , acc : 0.989 , elapse : 0.27158 min  - Validation   loss : 0.03177 , acc : 0.989 , elapse : 0.04657 min
[ Epoch 40 ]  - Training     loss : 0.02166 , acc : 0.989 , elapse : 0.27209 min  - Validation   loss : 0.03130 , acc : 0.989 , elapse : 0.04655 min    - [Info] The checkpoint file has been updated.
[ Epoch 41 ]  - Training     loss : 0.02071 , acc : 0.990 , elapse : 0.27163 min  - Validation   loss : 0.03163 , acc : 0.989 , elapse : 0.04658 min
[ Epoch 42 ]  - Training     loss : 0.02051 , acc : 0.990 , elapse : 0.27166 min  - Validation   loss : 0.03119 , acc : 0.989 , elapse : 0.04657 min
[ Epoch 43 ]  - Training     loss : 0.01991 , acc : 0.990 , elapse : 0.27235 min  - Validation   loss : 0.03190 , acc : 0.989 , elapse : 0.04657 min
[ Epoch 44 ]  - Training     loss : 0.01992 , acc : 0.990 , elapse : 0.27156 min  - Validation   loss : 0.03230 , acc : 0.989 , elapse : 0.04657 min
[ Epoch 45 ]  - Training     loss : 0.01965 , acc : 0.990 , elapse : 0.27163 min  - Validation   loss : 0.03135 , acc : 0.989 , elapse : 0.04672 min
[ Epoch 46 ]  - Training     loss : 0.01970 , acc : 0.990 , elapse : 0.27269 min  - Validation   loss : 0.03139 , acc : 0.989 , elapse : 0.04652 min
[ Epoch 47 ]  - Training     loss : 0.01956 , acc : 0.991 , elapse : 0.27170 min  - Validation   loss : 0.03100 , acc : 0.989 , elapse : 0.04660 min    - [Info] The checkpoint file has been updated.
[ Epoch 48 ]  - Training     loss : 0.01940 , acc : 0.991 , elapse : 0.27165 min  - Validation   loss : 0.03107 , acc : 0.989 , elapse : 0.04666 min
[ Epoch 49 ]  - Training     loss : 0.02188 , acc : 0.990 , elapse : 0.27282 min  - Validation   loss : 0.03278 , acc : 0.989 , elapse : 0.04661 min
[ Epoch 50 ]  - Training     loss : 0.02139 , acc : 0.990 , elapse : 0.27187 min  - Validation   loss : 0.03318 , acc : 0.989 , elapse : 0.04651 min
[ Epoch 51 ]  - Training     loss : 0.02082 , acc : 0.990 , elapse : 0.27185 min  - Validation   loss : 0.03265 , acc : 0.989 , elapse : 0.04665 min
[ Epoch 52 ]  - Training     loss : 0.02034 , acc : 0.990 , elapse : 0.27252 min  - Validation   loss : 0.03181 , acc : 0.989 , elapse : 0.04663 min
[ Epoch 53 ]  - Training     loss : 0.02007 , acc : 0.990 , elapse : 0.27168 min  - Validation   loss : 0.03204 , acc : 0.989 , elapse : 0.04659 min
[ Epoch 54 ]  - Training     loss : 0.01937 , acc : 0.990 , elapse : 0.27168 min  - Validation   loss : 0.03155 , acc : 0.989 , elapse : 0.04675 min
[ Epoch 55 ]  - Training     loss : 0.01846 , acc : 0.991 , elapse : 0.27205 min  - Validation   loss : 0.03039 , acc : 0.990 , elapse : 0.04655 min    - [Info] The checkpoint file has been updated.
[ Epoch 56 ]  - Training     loss : 0.01828 , acc : 0.991 , elapse : 0.27206 min  - Validation   loss : 0.03270 , acc : 0.990 , elapse : 0.04665 min
[ Epoch 57 ]  - Training     loss : 0.01771 , acc : 0.991 , elapse : 0.27152 min  - Validation   loss : 0.03110 , acc : 0.990 , elapse : 0.04664 min
[ Epoch 58 ]  - Training     loss : 0.01684 , acc : 0.991 , elapse : 0.27256 min  - Validation   loss : 0.03212 , acc : 0.990 , elapse : 0.04664 min
[ Epoch 59 ]  - Training     loss : 0.01658 , acc : 0.991 , elapse : 0.27157 min  - Validation   loss : 0.03225 , acc : 0.990 , elapse : 0.04665 min
[ Epoch 60 ]  - Training     loss : 0.01594 , acc : 0.992 , elapse : 0.27188 min  - Validation   loss : 0.03042 , acc : 0.990 , elapse : 0.04659 min
[ Epoch 61 ]  - Training     loss : 0.01520 , acc : 0.992 , elapse : 0.27241 min  - Validation   loss : 0.02997 , acc : 0.990 , elapse : 0.04656 min
[ Epoch 62 ]  - Training     loss : 0.01481 , acc : 0.992 , elapse : 0.27170 min  - Validation   loss : 0.03100 , acc : 0.990 , elapse : 0.04662 min
[ Epoch 63 ]  - Training     loss : 0.01436 , acc : 0.993 , elapse : 0.27173 min  - Validation   loss : 0.02907 , acc : 0.991 , elapse : 0.04661 min    - [Info] The checkpoint file has been updated.
[ Epoch 64 ]  - Training     loss : 0.01472 , acc : 0.992 , elapse : 0.27207 min  - Validation   loss : 0.02954 , acc : 0.991 , elapse : 0.04658 min
[ Epoch 65 ]  - Training     loss : 0.01399 , acc : 0.993 , elapse : 0.27170 min  - Validation   loss : 0.02964 , acc : 0.991 , elapse : 0.04669 min
[ Epoch 66 ]  - Training     loss : 0.01311 , acc : 0.993 , elapse : 0.27169 min  - Validation   loss : 0.02947 , acc : 0.991 , elapse : 0.04674 min
[ Epoch 67 ]  - Training     loss : 0.01269 , acc : 0.993 , elapse : 0.27292 min  - Validation   loss : 0.03015 , acc : 0.991 , elapse : 0.04664 min
[ Epoch 68 ]  - Training     loss : 0.01268 , acc : 0.993 , elapse : 0.27173 min  - Validation   loss : 0.03102 , acc : 0.991 , elapse : 0.04654 min
[ Epoch 69 ]  - Training     loss : 0.01227 , acc : 0.993 , elapse : 0.27175 min  - Validation   loss : 0.02991 , acc : 0.991 , elapse : 0.04668 min
[ Epoch 70 ]  - Training     loss : 0.01176 , acc : 0.994 , elapse : 0.27238 min  - Validation   loss : 0.02964 , acc : 0.991 , elapse : 0.04657 min
[ Epoch 71 ]  - Training     loss : 0.01145 , acc : 0.994 , elapse : 0.27168 min  - Validation   loss : 0.02937 , acc : 0.991 , elapse : 0.04664 min
[ Epoch 72 ]  - Training     loss : 0.01103 , acc : 0.994 , elapse : 0.27172 min  - Validation   loss : 0.02973 , acc : 0.991 , elapse : 0.04697 min
[ Epoch 73 ]  - Training     loss : 0.01085 , acc : 0.994 , elapse : 0.27257 min  - Validation   loss : 0.02996 , acc : 0.991 , elapse : 0.04667 min
[ Epoch 74 ]  - Training     loss : 0.01044 , acc : 0.994 , elapse : 0.27160 min  - Validation   loss : 0.02999 , acc : 0.991 , elapse : 0.04656 min
[ Epoch 75 ]  - Training     loss : 0.01007 , acc : 0.994 , elapse : 0.27167 min  - Validation   loss : 0.02998 , acc : 0.991 , elapse : 0.04663 min
[ Epoch 76 ]  - Training     loss : 0.01006 , acc : 0.994 , elapse : 0.27254 min  - Validation   loss : 0.02965 , acc : 0.991 , elapse : 0.04660 min
[ Epoch 77 ]  - Training     loss : 0.00992 , acc : 0.995 , elapse : 0.27170 min  - Validation   loss : 0.02927 , acc : 0.991 , elapse : 0.04659 min
[ Epoch 78 ]  - Training     loss : 0.00976 , acc : 0.995 , elapse : 0.27148 min  - Validation   loss : 0.02986 , acc : 0.991 , elapse : 0.04667 min
[ Epoch 79 ]  - Training     loss : 0.00942 , acc : 0.995 , elapse : 0.27240 min  - Validation   loss : 0.02952 , acc : 0.991 , elapse : 0.04662 min
[ Epoch 80 ]  - Training     loss : 0.00920 , acc : 0.995 , elapse : 0.27180 min  - Validation   loss : 0.02916 , acc : 0.991 , elapse : 0.04656 min
[ Epoch 81 ]  - Training     loss : 0.00890 , acc : 0.995 , elapse : 0.27159 min  - Validation   loss : 0.02912 , acc : 0.992 , elapse : 0.04662 min
[ Epoch 82 ]  - Training     loss : 0.00866 , acc : 0.995 , elapse : 0.27266 min  - Validation   loss : 0.02992 , acc : 0.991 , elapse : 0.04670 min
[ Epoch 83 ]  - Training     loss : 0.00855 , acc : 0.995 , elapse : 0.27188 min  - Validation   loss : 0.02994 , acc : 0.991 , elapse : 0.04665 min
[ Epoch 84 ]  - Training     loss : 0.00864 , acc : 0.995 , elapse : 0.27171 min  - Validation   loss : 0.03026 , acc : 0.991 , elapse : 0.04675 min
[ Epoch 85 ]  - Training     loss : 0.00846 , acc : 0.995 , elapse : 0.27221 min  - Validation   loss : 0.03025 , acc : 0.992 , elapse : 0.04655 min
[ Epoch 86 ]  - Training     loss : 0.00821 , acc : 0.995 , elapse : 0.27175 min  - Validation   loss : 0.02961 , acc : 0.991 , elapse : 0.04662 min
[ Epoch 87 ]  - Training     loss : 0.00808 , acc : 0.995 , elapse : 0.27179 min  - Validation   loss : 0.02985 , acc : 0.992 , elapse : 0.04666 min
[ Epoch 88 ]  - Training     loss : 0.00798 , acc : 0.995 , elapse : 0.27285 min  - Validation   loss : 0.02986 , acc : 0.992 , elapse : 0.04656 min
[ Epoch 89 ]  - Training     loss : 0.00816 , acc : 0.995 , elapse : 0.27174 min  - Validation   loss : 0.02962 , acc : 0.992 , elapse : 0.04663 min
[ Epoch 90 ]  - Training     loss : 0.00802 , acc : 0.996 , elapse : 0.27177 min  - Validation   loss : 0.02993 , acc : 0.991 , elapse : 0.04662 min
[ Epoch 91 ]  - Training     loss : 0.00815 , acc : 0.995 , elapse : 0.27237 min  - Validation   loss : 0.02954 , acc : 0.992 , elapse : 0.04659 min
[ Epoch 92 ]  - Training     loss : 0.00770 , acc : 0.996 , elapse : 0.27173 min  - Validation   loss : 0.02942 , acc : 0.992 , elapse : 0.04659 min
[ Epoch 93 ]  - Training     loss : 0.00798 , acc : 0.996 , elapse : 0.27188 min  - Validation   loss : 0.02935 , acc : 0.992 , elapse : 0.04673 min
[ Epoch 94 ]  - Training     loss : 0.00780 , acc : 0.996 , elapse : 0.27238 min  - Validation   loss : 0.02929 , acc : 0.992 , elapse : 0.04663 min
[ Epoch 95 ]  - Training     loss : 0.00803 , acc : 0.996 , elapse : 0.27173 min  - Validation   loss : 0.02935 , acc : 0.992 , elapse : 0.04655 min
[ Epoch 96 ]  - Training     loss : 0.00791 , acc : 0.996 , elapse : 0.27175 min  - Validation   loss : 0.02934 , acc : 0.992 , elapse : 0.04665 min
[ Epoch 97 ]  - Training     loss : 0.00780 , acc : 0.996 , elapse : 0.27258 min  - Validation   loss : 0.02934 , acc : 0.992 , elapse : 0.04657 min
[ Epoch 98 ]  - Training     loss : 0.00864 , acc : 0.995 , elapse : 0.27168 min  - Validation   loss : 0.03306 , acc : 0.991 , elapse : 0.04649 min
[ Epoch 99 ]  - Training     loss : 0.01028 , acc : 0.994 , elapse : 0.27177 min  - Validation   loss : 0.03220 , acc : 0.991 , elapse : 0.04666 min
Finish training ~ v ~
~~~~~~~~~~~~~~~~~~~~~~~~~~~~~
1th fold (total : 5)
Create model...
Start training...
[ Epoch 0 ]  - Training     loss : 0.25128 , acc : 0.917 , elapse : 0.27291 min  - Validation   loss : 0.18536 , acc : 0.938 , elapse : 0.04668 min    - [Info] The checkpoint file has been updated.
[ Epoch 1 ]  - Training     loss : 0.17487 , acc : 0.944 , elapse : 0.27187 min  - Validation   loss : 0.14313 , acc : 0.951 , elapse : 0.04652 min    - [Info] The checkpoint file has been updated.
[ Epoch 2 ]  - Training     loss : 0.13850 , acc : 0.954 , elapse : 0.27332 min  - Validation   loss : 0.12736 , acc : 0.957 , elapse : 0.04679 min    - [Info] The checkpoint file has been updated.
[ Epoch 3 ]  - Training     loss : 0.12060 , acc : 0.959 , elapse : 0.27293 min  - Validation   loss : 0.09854 , acc : 0.967 , elapse : 0.04651 min    - [Info] The checkpoint file has been updated.
[ Epoch 4 ]  - Training     loss : 0.09862 , acc : 0.966 , elapse : 0.27193 min  - Validation   loss : 0.08575 , acc : 0.971 , elapse : 0.04656 min    - [Info] The checkpoint file has been updated.
[ Epoch 5 ]  - Training     loss : 0.09014 , acc : 0.969 , elapse : 0.27201 min  - Validation   loss : 0.08312 , acc : 0.972 , elapse : 0.04658 min    - [Info] The checkpoint file has been updated.
[ Epoch 6 ]  - Training     loss : 0.08723 , acc : 0.970 , elapse : 0.27225 min  - Validation   loss : 0.07363 , acc : 0.974 , elapse : 0.04648 min    - [Info] The checkpoint file has been updated.
[ Epoch 7 ]  - Training     loss : 0.07622 , acc : 0.973 , elapse : 0.27202 min  - Validation   loss : 0.06623 , acc : 0.977 , elapse : 0.04657 min    - [Info] The checkpoint file has been updated.
[ Epoch 8 ]  - Training     loss : 0.06972 , acc : 0.976 , elapse : 0.27204 min  - Validation   loss : 0.06266 , acc : 0.978 , elapse : 0.04657 min    - [Info] The checkpoint file has been updated.
[ Epoch 9 ]  - Training     loss : 0.06451 , acc : 0.977 , elapse : 0.27308 min  - Validation   loss : 0.05972 , acc : 0.979 , elapse : 0.04643 min    - [Info] The checkpoint file has been updated.
[ Epoch 10 ]  - Training     loss : 0.06139 , acc : 0.978 , elapse : 0.27198 min  - Validation   loss : 0.05816 , acc : 0.980 , elapse : 0.04652 min    - [Info] The checkpoint file has been updated.
[ Epoch 11 ]  - Training     loss : 0.05973 , acc : 0.978 , elapse : 0.27202 min  - Validation   loss : 0.05785 , acc : 0.980 , elapse : 0.04669 min
[ Epoch 12 ]  - Training     loss : 0.06091 , acc : 0.978 , elapse : 0.27280 min  - Validation   loss : 0.05732 , acc : 0.979 , elapse : 0.04650 min
[ Epoch 13 ]  - Training     loss : 0.05783 , acc : 0.979 , elapse : 0.27199 min  - Validation   loss : 0.05428 , acc : 0.980 , elapse : 0.04655 min    - [Info] The checkpoint file has been updated.
[ Epoch 14 ]  - Training     loss : 0.05469 , acc : 0.980 , elapse : 0.27202 min  - Validation   loss : 0.05149 , acc : 0.981 , elapse : 0.04675 min    - [Info] The checkpoint file has been updated.
[ Epoch 15 ]  - Training     loss : 0.05071 , acc : 0.981 , elapse : 0.27299 min  - Validation   loss : 0.04819 , acc : 0.982 , elapse : 0.04654 min    - [Info] The checkpoint file has been updated.
[ Epoch 16 ]  - Training     loss : 0.04862 , acc : 0.982 , elapse : 0.27214 min  - Validation   loss : 0.04686 , acc : 0.983 , elapse : 0.04643 min    - [Info] The checkpoint file has been updated.
[ Epoch 17 ]  - Training     loss : 0.04583 , acc : 0.982 , elapse : 0.27188 min  - Validation   loss : 0.04437 , acc : 0.983 , elapse : 0.04670 min    - [Info] The checkpoint file has been updated.
[ Epoch 18 ]  - Training     loss : 0.04350 , acc : 0.983 , elapse : 0.27258 min  - Validation   loss : 0.04351 , acc : 0.984 , elapse : 0.04652 min    - [Info] The checkpoint file has been updated.
[ Epoch 19 ]  - Training     loss : 0.04126 , acc : 0.984 , elapse : 0.27218 min  - Validation   loss : 0.04244 , acc : 0.984 , elapse : 0.04654 min    - [Info] The checkpoint file has been updated.
[ Epoch 20 ]  - Training     loss : 0.04007 , acc : 0.984 , elapse : 0.27203 min  - Validation   loss : 0.04214 , acc : 0.984 , elapse : 0.04669 min    - [Info] The checkpoint file has been updated.
[ Epoch 21 ]  - Training     loss : 0.03917 , acc : 0.984 , elapse : 0.27251 min  - Validation   loss : 0.04209 , acc : 0.984 , elapse : 0.04651 min    - [Info] The checkpoint file has been updated.
[ Epoch 22 ]  - Training     loss : 0.03828 , acc : 0.984 , elapse : 0.27200 min  - Validation   loss : 0.04171 , acc : 0.985 , elapse : 0.04657 min    - [Info] The checkpoint file has been updated.
[ Epoch 23 ]  - Training     loss : 0.03813 , acc : 0.984 , elapse : 0.27209 min  - Validation   loss : 0.04155 , acc : 0.985 , elapse : 0.04661 min
[ Epoch 24 ]  - Training     loss : 0.03862 , acc : 0.984 , elapse : 0.27264 min  - Validation   loss : 0.04293 , acc : 0.985 , elapse : 0.04651 min
[ Epoch 25 ]  - Training     loss : 0.04033 , acc : 0.983 , elapse : 0.27194 min  - Validation   loss : 0.04119 , acc : 0.985 , elapse : 0.04652 min    - [Info] The checkpoint file has been updated.
[ Epoch 26 ]  - Training     loss : 0.03878 , acc : 0.984 , elapse : 0.27216 min  - Validation   loss : 0.04028 , acc : 0.985 , elapse : 0.04647 min    - [Info] The checkpoint file has been updated.
[ Epoch 27 ]  - Training     loss : 0.03632 , acc : 0.985 , elapse : 0.27316 min  - Validation   loss : 0.03968 , acc : 0.985 , elapse : 0.04648 min    - [Info] The checkpoint file has been updated.
[ Epoch 28 ]  - Training     loss : 0.03510 , acc : 0.985 , elapse : 0.27198 min  - Validation   loss : 0.03852 , acc : 0.986 , elapse : 0.04659 min    - [Info] The checkpoint file has been updated.
[ Epoch 29 ]  - Training     loss : 0.03319 , acc : 0.986 , elapse : 0.27216 min  - Validation   loss : 0.03733 , acc : 0.986 , elapse : 0.04674 min    - [Info] The checkpoint file has been updated.
[ Epoch 30 ]  - Training     loss : 0.03181 , acc : 0.986 , elapse : 0.27314 min  - Validation   loss : 0.03747 , acc : 0.986 , elapse : 0.04647 min
[ Epoch 31 ]  - Training     loss : 0.03056 , acc : 0.987 , elapse : 0.27201 min  - Validation   loss : 0.03673 , acc : 0.986 , elapse : 0.04649 min    - [Info] The checkpoint file has been updated.
[ Epoch 32 ]  - Training     loss : 0.02974 , acc : 0.987 , elapse : 0.27213 min  - Validation   loss : 0.03554 , acc : 0.987 , elapse : 0.04668 min    - [Info] The checkpoint file has been updated.
[ Epoch 33 ]  - Training     loss : 0.02866 , acc : 0.987 , elapse : 0.27307 min  - Validation   loss : 0.03464 , acc : 0.987 , elapse : 0.04651 min    - [Info] The checkpoint file has been updated.
[ Epoch 34 ]  - Training     loss : 0.02656 , acc : 0.988 , elapse : 0.27201 min  - Validation   loss : 0.03421 , acc : 0.987 , elapse : 0.04646 min    - [Info] The checkpoint file has been updated.
[ Epoch 35 ]  - Training     loss : 0.02576 , acc : 0.988 , elapse : 0.27209 min  - Validation   loss : 0.03379 , acc : 0.988 , elapse : 0.04678 min    - [Info] The checkpoint file has been updated.
[ Epoch 36 ]  - Training     loss : 0.02476 , acc : 0.988 , elapse : 0.27241 min  - Validation   loss : 0.03310 , acc : 0.988 , elapse : 0.04653 min    - [Info] The checkpoint file has been updated.
[ Epoch 37 ]  - Training     loss : 0.02374 , acc : 0.989 , elapse : 0.27199 min  - Validation   loss : 0.03272 , acc : 0.988 , elapse : 0.04651 min
[ Epoch 38 ]  - Training     loss : 0.02327 , acc : 0.989 , elapse : 0.27194 min  - Validation   loss : 0.03225 , acc : 0.988 , elapse : 0.04671 min    - [Info] The checkpoint file has been updated.
[ Epoch 39 ]  - Training     loss : 0.02288 , acc : 0.989 , elapse : 0.27294 min  - Validation   loss : 0.03217 , acc : 0.988 , elapse : 0.04658 min    - [Info] The checkpoint file has been updated.
[ Epoch 40 ]  - Training     loss : 0.02237 , acc : 0.989 , elapse : 0.27198 min  - Validation   loss : 0.03166 , acc : 0.988 , elapse : 0.04646 min    - [Info] The checkpoint file has been updated.
[ Epoch 41 ]  - Training     loss : 0.02140 , acc : 0.990 , elapse : 0.27185 min  - Validation   loss : 0.03168 , acc : 0.988 , elapse : 0.04662 min
[ Epoch 42 ]  - Training     loss : 0.02101 , acc : 0.990 , elapse : 0.27249 min  - Validation   loss : 0.03143 , acc : 0.989 , elapse : 0.04660 min    - [Info] The checkpoint file has been updated.
[ Epoch 43 ]  - Training     loss : 0.02103 , acc : 0.990 , elapse : 0.27206 min  - Validation   loss : 0.03112 , acc : 0.989 , elapse : 0.04656 min
[ Epoch 44 ]  - Training     loss : 0.02046 , acc : 0.990 , elapse : 0.27201 min  - Validation   loss : 0.03104 , acc : 0.989 , elapse : 0.04660 min    - [Info] The checkpoint file has been updated.
[ Epoch 45 ]  - Training     loss : 0.02007 , acc : 0.990 , elapse : 0.27296 min  - Validation   loss : 0.03144 , acc : 0.989 , elapse : 0.04653 min
[ Epoch 46 ]  - Training     loss : 0.02002 , acc : 0.990 , elapse : 0.27204 min  - Validation   loss : 0.03132 , acc : 0.989 , elapse : 0.04649 min
[ Epoch 47 ]  - Training     loss : 0.02022 , acc : 0.990 , elapse : 0.27201 min  - Validation   loss : 0.03131 , acc : 0.989 , elapse : 0.04670 min
[ Epoch 48 ]  - Training     loss : 0.02044 , acc : 0.990 , elapse : 0.27264 min  - Validation   loss : 0.03130 , acc : 0.989 , elapse : 0.04654 min
[ Epoch 49 ]  - Training     loss : 0.02263 , acc : 0.989 , elapse : 0.27223 min  - Validation   loss : 0.03403 , acc : 0.988 , elapse : 0.04657 min
[ Epoch 50 ]  - Training     loss : 0.02318 , acc : 0.989 , elapse : 0.27197 min  - Validation   loss : 0.03279 , acc : 0.988 , elapse : 0.04668 min
[ Epoch 51 ]  - Training     loss : 0.02254 , acc : 0.989 , elapse : 0.27242 min  - Validation   loss : 0.03323 , acc : 0.988 , elapse : 0.04646 min
[ Epoch 52 ]  - Training     loss : 0.02176 , acc : 0.990 , elapse : 0.27203 min  - Validation   loss : 0.03144 , acc : 0.989 , elapse : 0.04651 min
[ Epoch 53 ]  - Training     loss : 0.02064 , acc : 0.990 , elapse : 0.27203 min  - Validation   loss : 0.02999 , acc : 0.989 , elapse : 0.04662 min    - [Info] The checkpoint file has been updated.
[ Epoch 54 ]  - Training     loss : 0.02034 , acc : 0.990 , elapse : 0.27269 min  - Validation   loss : 0.03167 , acc : 0.989 , elapse : 0.04650 min
[ Epoch 55 ]  - Training     loss : 0.01943 , acc : 0.991 , elapse : 0.27203 min  - Validation   loss : 0.03033 , acc : 0.989 , elapse : 0.04655 min
[ Epoch 56 ]  - Training     loss : 0.01884 , acc : 0.991 , elapse : 0.27211 min  - Validation   loss : 0.03049 , acc : 0.989 , elapse : 0.04695 min
[ Epoch 57 ]  - Training     loss : 0.01789 , acc : 0.991 , elapse : 0.27283 min  - Validation   loss : 0.03018 , acc : 0.989 , elapse : 0.04652 min
[ Epoch 58 ]  - Training     loss : 0.01818 , acc : 0.991 , elapse : 0.27201 min  - Validation   loss : 0.03169 , acc : 0.989 , elapse : 0.04646 min
[ Epoch 59 ]  - Training     loss : 0.01715 , acc : 0.991 , elapse : 0.27201 min  - Validation   loss : 0.02907 , acc : 0.990 , elapse : 0.04660 min    - [Info] The checkpoint file has been updated.
[ Epoch 60 ]  - Training     loss : 0.01680 , acc : 0.992 , elapse : 0.27292 min  - Validation   loss : 0.02858 , acc : 0.990 , elapse : 0.04651 min    - [Info] The checkpoint file has been updated.
[ Epoch 61 ]  - Training     loss : 0.01596 , acc : 0.992 , elapse : 0.27205 min  - Validation   loss : 0.02886 , acc : 0.990 , elapse : 0.04647 min
[ Epoch 62 ]  - Training     loss : 0.01551 , acc : 0.992 , elapse : 0.27222 min  - Validation   loss : 0.02880 , acc : 0.990 , elapse : 0.04661 min
[ Epoch 63 ]  - Training     loss : 0.01522 , acc : 0.992 , elapse : 0.27315 min  - Validation   loss : 0.02818 , acc : 0.990 , elapse : 0.04663 min    - [Info] The checkpoint file has been updated.
[ Epoch 64 ]  - Training     loss : 0.01439 , acc : 0.992 , elapse : 0.27206 min  - Validation   loss : 0.02865 , acc : 0.990 , elapse : 0.04656 min
[ Epoch 65 ]  - Training     loss : 0.01383 , acc : 0.993 , elapse : 0.27211 min  - Validation   loss : 0.02886 , acc : 0.990 , elapse : 0.04671 min
[ Epoch 66 ]  - Training     loss : 0.01390 , acc : 0.993 , elapse : 0.27255 min  - Validation   loss : 0.02827 , acc : 0.990 , elapse : 0.04650 min
[ Epoch 67 ]  - Training     loss : 0.01315 , acc : 0.993 , elapse : 0.27209 min  - Validation   loss : 0.02781 , acc : 0.990 , elapse : 0.04653 min    - [Info] The checkpoint file has been updated.
[ Epoch 68 ]  - Training     loss : 0.01317 , acc : 0.993 , elapse : 0.27224 min  - Validation   loss : 0.02744 , acc : 0.990 , elapse : 0.04658 min    - [Info] The checkpoint file has been updated.
[ Epoch 69 ]  - Training     loss : 0.01292 , acc : 0.993 , elapse : 0.27267 min  - Validation   loss : 0.02847 , acc : 0.991 , elapse : 0.04647 min
[ Epoch 70 ]  - Training     loss : 0.01242 , acc : 0.994 , elapse : 0.27210 min  - Validation   loss : 0.02812 , acc : 0.990 , elapse : 0.04652 min
[ Epoch 71 ]  - Training     loss : 0.01196 , acc : 0.994 , elapse : 0.27215 min  - Validation   loss : 0.02789 , acc : 0.991 , elapse : 0.04673 min
[ Epoch 72 ]  - Training     loss : 0.01149 , acc : 0.994 , elapse : 0.27324 min  - Validation   loss : 0.02749 , acc : 0.991 , elapse : 0.04655 min
[ Epoch 73 ]  - Training     loss : 0.01088 , acc : 0.994 , elapse : 0.27195 min  - Validation   loss : 0.02747 , acc : 0.991 , elapse : 0.04659 min
[ Epoch 74 ]  - Training     loss : 0.01082 , acc : 0.994 , elapse : 0.27202 min  - Validation   loss : 0.02716 , acc : 0.991 , elapse : 0.04669 min
[ Epoch 75 ]  - Training     loss : 0.01071 , acc : 0.994 , elapse : 0.27308 min  - Validation   loss : 0.02809 , acc : 0.991 , elapse : 0.04656 min
[ Epoch 76 ]  - Training     loss : 0.01027 , acc : 0.994 , elapse : 0.27216 min  - Validation   loss : 0.02783 , acc : 0.991 , elapse : 0.04667 min
[ Epoch 77 ]  - Training     loss : 0.01006 , acc : 0.995 , elapse : 0.27215 min  - Validation   loss : 0.02783 , acc : 0.991 , elapse : 0.04668 min
[ Epoch 78 ]  - Training     loss : 0.00977 , acc : 0.995 , elapse : 0.27315 min  - Validation   loss : 0.02841 , acc : 0.991 , elapse : 0.04662 min
[ Epoch 79 ]  - Training     loss : 0.00990 , acc : 0.995 , elapse : 0.27220 min  - Validation   loss : 0.02749 , acc : 0.991 , elapse : 0.04646 min
[ Epoch 80 ]  - Training     loss : 0.00952 , acc : 0.995 , elapse : 0.27208 min  - Validation   loss : 0.02709 , acc : 0.991 , elapse : 0.04666 min    - [Info] The checkpoint file has been updated.
[ Epoch 81 ]  - Training     loss : 0.00938 , acc : 0.995 , elapse : 0.27300 min  - Validation   loss : 0.02711 , acc : 0.991 , elapse : 0.04653 min
[ Epoch 82 ]  - Training     loss : 0.00922 , acc : 0.995 , elapse : 0.27217 min  - Validation   loss : 0.02725 , acc : 0.991 , elapse : 0.04653 min
[ Epoch 83 ]  - Training     loss : 0.00866 , acc : 0.995 , elapse : 0.27207 min  - Validation   loss : 0.02694 , acc : 0.991 , elapse : 0.04667 min    - [Info] The checkpoint file has been updated.
[ Epoch 84 ]  - Training     loss : 0.00873 , acc : 0.995 , elapse : 0.27243 min  - Validation   loss : 0.02682 , acc : 0.991 , elapse : 0.04678 min    - [Info] The checkpoint file has been updated.
[ Epoch 85 ]  - Training     loss : 0.00860 , acc : 0.995 , elapse : 0.27205 min  - Validation   loss : 0.02659 , acc : 0.991 , elapse : 0.04653 min
[ Epoch 86 ]  - Training     loss : 0.00876 , acc : 0.995 , elapse : 0.27203 min  - Validation   loss : 0.02678 , acc : 0.991 , elapse : 0.04653 min
[ Epoch 87 ]  - Training     loss : 0.00850 , acc : 0.995 , elapse : 0.27269 min  - Validation   loss : 0.02722 , acc : 0.991 , elapse : 0.04654 min
[ Epoch 88 ]  - Training     loss : 0.00863 , acc : 0.995 , elapse : 0.27202 min  - Validation   loss : 0.02713 , acc : 0.991 , elapse : 0.04659 min
[ Epoch 89 ]  - Training     loss : 0.00851 , acc : 0.995 , elapse : 0.27211 min  - Validation   loss : 0.02722 , acc : 0.991 , elapse : 0.04667 min
[ Epoch 90 ]  - Training     loss : 0.00843 , acc : 0.995 , elapse : 0.27249 min  - Validation   loss : 0.02709 , acc : 0.991 , elapse : 0.04648 min
[ Epoch 91 ]  - Training     loss : 0.00827 , acc : 0.996 , elapse : 0.27190 min  - Validation   loss : 0.02711 , acc : 0.991 , elapse : 0.04670 min
[ Epoch 92 ]  - Training     loss : 0.00839 , acc : 0.995 , elapse : 0.27213 min  - Validation   loss : 0.02694 , acc : 0.991 , elapse : 0.04676 min
[ Epoch 93 ]  - Training     loss : 0.00823 , acc : 0.996 , elapse : 0.27296 min  - Validation   loss : 0.02693 , acc : 0.991 , elapse : 0.04646 min
[ Epoch 94 ]  - Training     loss : 0.00811 , acc : 0.995 , elapse : 0.27197 min  - Validation   loss : 0.02700 , acc : 0.991 , elapse : 0.04654 min
[ Epoch 95 ]  - Training     loss : 0.00800 , acc : 0.996 , elapse : 0.27211 min  - Validation   loss : 0.02701 , acc : 0.991 , elapse : 0.04677 min
[ Epoch 96 ]  - Training     loss : 0.00811 , acc : 0.996 , elapse : 0.27265 min  - Validation   loss : 0.02700 , acc : 0.991 , elapse : 0.04653 min
[ Epoch 97 ]  - Training     loss : 0.00827 , acc : 0.995 , elapse : 0.27196 min  - Validation   loss : 0.02701 , acc : 0.991 , elapse : 0.04652 min
[ Epoch 98 ]  - Training     loss : 0.00922 , acc : 0.995 , elapse : 0.27219 min  - Validation   loss : 0.02929 , acc : 0.991 , elapse : 0.04683 min
[ Epoch 99 ]  - Training     loss : 0.01044 , acc : 0.995 , elapse : 0.27237 min  - Validation   loss : 0.02877 , acc : 0.991 , elapse : 0.04652 min
Finish training ~ v ~
~~~~~~~~~~~~~~~~~~~~~~~~~~~~~
2th fold (total : 5)
Create model...
Start training...
[ Epoch 0 ]  - Training     loss : 0.25128 , acc : 0.917 , elapse : 0.27296 min  - Validation   loss : 0.19118 , acc : 0.937 , elapse : 0.04647 min    - [Info] The checkpoint file has been updated.
[ Epoch 1 ]  - Training     loss : 0.17549 , acc : 0.943 , elapse : 0.27191 min  - Validation   loss : 0.14488 , acc : 0.952 , elapse : 0.04671 min    - [Info] The checkpoint file has been updated.
[ Epoch 2 ]  - Training     loss : 0.13920 , acc : 0.954 , elapse : 0.27319 min  - Validation   loss : 0.12852 , acc : 0.959 , elapse : 0.04650 min    - [Info] The checkpoint file has been updated.
[ Epoch 3 ]  - Training     loss : 0.12156 , acc : 0.960 , elapse : 0.27557 min  - Validation   loss : 0.10158 , acc : 0.968 , elapse : 0.04658 min    - [Info] The checkpoint file has been updated.
[ Epoch 4 ]  - Training     loss : 0.10011 , acc : 0.967 , elapse : 0.27188 min  - Validation   loss : 0.08977 , acc : 0.972 , elapse : 0.04687 min    - [Info] The checkpoint file has been updated.
[ Epoch 5 ]  - Training     loss : 0.09209 , acc : 0.969 , elapse : 0.27266 min  - Validation   loss : 0.08679 , acc : 0.973 , elapse : 0.04667 min    - [Info] The checkpoint file has been updated.
[ Epoch 6 ]  - Training     loss : 0.08848 , acc : 0.970 , elapse : 0.27181 min  - Validation   loss : 0.07646 , acc : 0.976 , elapse : 0.04658 min    - [Info] The checkpoint file has been updated.
[ Epoch 7 ]  - Training     loss : 0.07735 , acc : 0.974 , elapse : 0.27172 min  - Validation   loss : 0.06881 , acc : 0.978 , elapse : 0.04661 min    - [Info] The checkpoint file has been updated.
[ Epoch 8 ]  - Training     loss : 0.06951 , acc : 0.975 , elapse : 0.27247 min  - Validation   loss : 0.06465 , acc : 0.979 , elapse : 0.04661 min    - [Info] The checkpoint file has been updated.
[ Epoch 9 ]  - Training     loss : 0.06496 , acc : 0.977 , elapse : 0.27193 min  - Validation   loss : 0.06152 , acc : 0.980 , elapse : 0.04648 min    - [Info] The checkpoint file has been updated.
[ Epoch 10 ]  - Training     loss : 0.06085 , acc : 0.978 , elapse : 0.27178 min  - Validation   loss : 0.05935 , acc : 0.981 , elapse : 0.04657 min    - [Info] The checkpoint file has been updated.
[ Epoch 11 ]  - Training     loss : 0.05985 , acc : 0.979 , elapse : 0.27301 min  - Validation   loss : 0.05916 , acc : 0.981 , elapse : 0.04654 min
[ Epoch 12 ]  - Training     loss : 0.06026 , acc : 0.979 , elapse : 0.27199 min  - Validation   loss : 0.05842 , acc : 0.981 , elapse : 0.04662 min
[ Epoch 13 ]  - Training     loss : 0.05652 , acc : 0.980 , elapse : 0.27187 min  - Validation   loss : 0.05364 , acc : 0.983 , elapse : 0.04658 min    - [Info] The checkpoint file has been updated.
[ Epoch 14 ]  - Training     loss : 0.05317 , acc : 0.981 , elapse : 0.27285 min  - Validation   loss : 0.05259 , acc : 0.983 , elapse : 0.04648 min    - [Info] The checkpoint file has been updated.
[ Epoch 15 ]  - Training     loss : 0.04953 , acc : 0.982 , elapse : 0.27191 min  - Validation   loss : 0.04975 , acc : 0.984 , elapse : 0.04653 min    - [Info] The checkpoint file has been updated.
[ Epoch 16 ]  - Training     loss : 0.04671 , acc : 0.983 , elapse : 0.27160 min  - Validation   loss : 0.04890 , acc : 0.984 , elapse : 0.04662 min    - [Info] The checkpoint file has been updated.
[ Epoch 17 ]  - Training     loss : 0.04411 , acc : 0.983 , elapse : 0.27238 min  - Validation   loss : 0.04701 , acc : 0.985 , elapse : 0.04653 min    - [Info] The checkpoint file has been updated.
[ Epoch 18 ]  - Training     loss : 0.04134 , acc : 0.984 , elapse : 0.27189 min  - Validation   loss : 0.04585 , acc : 0.985 , elapse : 0.04650 min    - [Info] The checkpoint file has been updated.
[ Epoch 19 ]  - Training     loss : 0.03941 , acc : 0.984 , elapse : 0.27173 min  - Validation   loss : 0.04516 , acc : 0.986 , elapse : 0.04672 min    - [Info] The checkpoint file has been updated.
[ Epoch 20 ]  - Training     loss : 0.03814 , acc : 0.985 , elapse : 0.27290 min  - Validation   loss : 0.04381 , acc : 0.986 , elapse : 0.04658 min    - [Info] The checkpoint file has been updated.
[ Epoch 21 ]  - Training     loss : 0.03745 , acc : 0.985 , elapse : 0.27188 min  - Validation   loss : 0.04381 , acc : 0.986 , elapse : 0.04650 min
[ Epoch 22 ]  - Training     loss : 0.03708 , acc : 0.985 , elapse : 0.27179 min  - Validation   loss : 0.04381 , acc : 0.986 , elapse : 0.04660 min
[ Epoch 23 ]  - Training     loss : 0.03612 , acc : 0.985 , elapse : 0.27317 min  - Validation   loss : 0.04362 , acc : 0.986 , elapse : 0.04659 min
[ Epoch 24 ]  - Training     loss : 0.03700 , acc : 0.985 , elapse : 0.27173 min  - Validation   loss : 0.04642 , acc : 0.985 , elapse : 0.04650 min
[ Epoch 25 ]  - Training     loss : 0.03896 , acc : 0.985 , elapse : 0.27190 min  - Validation   loss : 0.04440 , acc : 0.986 , elapse : 0.04668 min
[ Epoch 26 ]  - Training     loss : 0.03671 , acc : 0.985 , elapse : 0.27223 min  - Validation   loss : 0.04287 , acc : 0.986 , elapse : 0.04661 min    - [Info] The checkpoint file has been updated.
[ Epoch 27 ]  - Training     loss : 0.03464 , acc : 0.986 , elapse : 0.27140 min  - Validation   loss : 0.04150 , acc : 0.987 , elapse : 0.04656 min    - [Info] The checkpoint file has been updated.
[ Epoch 28 ]  - Training     loss : 0.03375 , acc : 0.986 , elapse : 0.27156 min  - Validation   loss : 0.04264 , acc : 0.987 , elapse : 0.04663 min
[ Epoch 29 ]  - Training     loss : 0.03185 , acc : 0.987 , elapse : 0.27242 min  - Validation   loss : 0.04200 , acc : 0.987 , elapse : 0.04660 min
[ Epoch 30 ]  - Training     loss : 0.02999 , acc : 0.987 , elapse : 0.27176 min  - Validation   loss : 0.04093 , acc : 0.987 , elapse : 0.04657 min    - [Info] The checkpoint file has been updated.
[ Epoch 31 ]  - Training     loss : 0.02895 , acc : 0.987 , elapse : 0.27176 min  - Validation   loss : 0.04017 , acc : 0.987 , elapse : 0.04669 min    - [Info] The checkpoint file has been updated.
[ Epoch 32 ]  - Training     loss : 0.02743 , acc : 0.988 , elapse : 0.27280 min  - Validation   loss : 0.03940 , acc : 0.988 , elapse : 0.04655 min    - [Info] The checkpoint file has been updated.
[ Epoch 33 ]  - Training     loss : 0.02657 , acc : 0.988 , elapse : 0.27167 min  - Validation   loss : 0.03953 , acc : 0.988 , elapse : 0.04663 min
[ Epoch 34 ]  - Training     loss : 0.02522 , acc : 0.989 , elapse : 0.27195 min  - Validation   loss : 0.03939 , acc : 0.988 , elapse : 0.04665 min    - [Info] The checkpoint file has been updated.
[ Epoch 35 ]  - Training     loss : 0.02472 , acc : 0.989 , elapse : 0.27259 min  - Validation   loss : 0.03895 , acc : 0.988 , elapse : 0.04649 min    - [Info] The checkpoint file has been updated.
[ Epoch 36 ]  - Training     loss : 0.02359 , acc : 0.989 , elapse : 0.27196 min  - Validation   loss : 0.03711 , acc : 0.989 , elapse : 0.04660 min    - [Info] The checkpoint file has been updated.
[ Epoch 37 ]  - Training     loss : 0.02241 , acc : 0.990 , elapse : 0.27222 min  - Validation   loss : 0.03772 , acc : 0.988 , elapse : 0.04669 min
[ Epoch 38 ]  - Training     loss : 0.02177 , acc : 0.990 , elapse : 0.27292 min  - Validation   loss : 0.03644 , acc : 0.989 , elapse : 0.04651 min
[ Epoch 39 ]  - Training     loss : 0.02131 , acc : 0.990 , elapse : 0.27204 min  - Validation   loss : 0.03736 , acc : 0.989 , elapse : 0.04653 min
[ Epoch 40 ]  - Training     loss : 0.02095 , acc : 0.990 , elapse : 0.27191 min  - Validation   loss : 0.03679 , acc : 0.989 , elapse : 0.04667 min
[ Epoch 41 ]  - Training     loss : 0.02030 , acc : 0.990 , elapse : 0.27304 min  - Validation   loss : 0.03689 , acc : 0.989 , elapse : 0.04660 min
[ Epoch 42 ]  - Training     loss : 0.02003 , acc : 0.991 , elapse : 0.27180 min  - Validation   loss : 0.03646 , acc : 0.989 , elapse : 0.04653 min
[ Epoch 43 ]  - Training     loss : 0.01947 , acc : 0.991 , elapse : 0.27193 min  - Validation   loss : 0.03647 , acc : 0.989 , elapse : 0.04672 min
[ Epoch 44 ]  - Training     loss : 0.01914 , acc : 0.991 , elapse : 0.27263 min  - Validation   loss : 0.03646 , acc : 0.989 , elapse : 0.04658 min
[ Epoch 45 ]  - Training     loss : 0.01891 , acc : 0.991 , elapse : 0.27207 min  - Validation   loss : 0.03652 , acc : 0.989 , elapse : 0.04650 min
[ Epoch 46 ]  - Training     loss : 0.01872 , acc : 0.991 , elapse : 0.27178 min  - Validation   loss : 0.03646 , acc : 0.989 , elapse : 0.04665 min
[ Epoch 47 ]  - Training     loss : 0.01865 , acc : 0.991 , elapse : 0.27275 min  - Validation   loss : 0.03642 , acc : 0.989 , elapse : 0.04660 min
[ Epoch 48 ]  - Training     loss : 0.01863 , acc : 0.991 , elapse : 0.27189 min  - Validation   loss : 0.03640 , acc : 0.989 , elapse : 0.04660 min
[ Epoch 49 ]  - Training     loss : 0.02095 , acc : 0.990 , elapse : 0.27193 min  - Validation   loss : 0.03722 , acc : 0.988 , elapse : 0.04676 min
[ Epoch 50 ]  - Training     loss : 0.02212 , acc : 0.990 , elapse : 0.27293 min  - Validation   loss : 0.03745 , acc : 0.989 , elapse : 0.04650 min
[ Epoch 51 ]  - Training     loss : 0.02113 , acc : 0.990 , elapse : 0.27197 min  - Validation   loss : 0.03750 , acc : 0.989 , elapse : 0.04659 min
[ Epoch 52 ]  - Training     loss : 0.01984 , acc : 0.990 , elapse : 0.27208 min  - Validation   loss : 0.03704 , acc : 0.989 , elapse : 0.04670 min
[ Epoch 53 ]  - Training     loss : 0.01947 , acc : 0.991 , elapse : 0.27269 min  - Validation   loss : 0.03743 , acc : 0.989 , elapse : 0.04649 min
[ Epoch 54 ]  - Training     loss : 0.01909 , acc : 0.991 , elapse : 0.27192 min  - Validation   loss : 0.03656 , acc : 0.989 , elapse : 0.04661 min
[ Epoch 55 ]  - Training     loss : 0.01834 , acc : 0.991 , elapse : 0.27196 min  - Validation   loss : 0.03591 , acc : 0.989 , elapse : 0.04664 min
[ Epoch 56 ]  - Training     loss : 0.01793 , acc : 0.991 , elapse : 0.27277 min  - Validation   loss : 0.03663 , acc : 0.989 , elapse : 0.04652 min
[ Epoch 57 ]  - Training     loss : 0.01696 , acc : 0.992 , elapse : 0.27188 min  - Validation   loss : 0.03695 , acc : 0.989 , elapse : 0.04652 min
[ Epoch 58 ]  - Training     loss : 0.01645 , acc : 0.992 , elapse : 0.27187 min  - Validation   loss : 0.03665 , acc : 0.989 , elapse : 0.04674 min
[ Epoch 59 ]  - Training     loss : 0.01625 , acc : 0.992 , elapse : 0.27284 min  - Validation   loss : 0.03673 , acc : 0.989 , elapse : 0.04663 min
[ Epoch 60 ]  - Training     loss : 0.01555 , acc : 0.992 , elapse : 0.27194 min  - Validation   loss : 0.03507 , acc : 0.990 , elapse : 0.04681 min    - [Info] The checkpoint file has been updated.
[ Epoch 61 ]  - Training     loss : 0.01485 , acc : 0.992 , elapse : 0.27194 min  - Validation   loss : 0.03530 , acc : 0.990 , elapse : 0.04669 min
[ Epoch 62 ]  - Training     loss : 0.01452 , acc : 0.993 , elapse : 0.27262 min  - Validation   loss : 0.03584 , acc : 0.990 , elapse : 0.04662 min
[ Epoch 63 ]  - Training     loss : 0.01478 , acc : 0.993 , elapse : 0.27205 min  - Validation   loss : 0.03627 , acc : 0.989 , elapse : 0.04645 min
[ Epoch 64 ]  - Training     loss : 0.01424 , acc : 0.993 , elapse : 0.27180 min  - Validation   loss : 0.03619 , acc : 0.990 , elapse : 0.04668 min
[ Epoch 65 ]  - Training     loss : 0.01342 , acc : 0.993 , elapse : 0.27300 min  - Validation   loss : 0.03690 , acc : 0.990 , elapse : 0.04653 min
[ Epoch 66 ]  - Training     loss : 0.01313 , acc : 0.993 , elapse : 0.27195 min  - Validation   loss : 0.03593 , acc : 0.990 , elapse : 0.04656 min
[ Epoch 67 ]  - Training     loss : 0.01245 , acc : 0.994 , elapse : 0.27177 min  - Validation   loss : 0.03702 , acc : 0.990 , elapse : 0.04662 min
[ Epoch 68 ]  - Training     loss : 0.01239 , acc : 0.994 , elapse : 0.27208 min  - Validation   loss : 0.03682 , acc : 0.990 , elapse : 0.04662 min
[ Epoch 69 ]  - Training     loss : 0.01149 , acc : 0.994 , elapse : 0.27181 min  - Validation   loss : 0.03689 , acc : 0.990 , elapse : 0.04658 min
[ Epoch 70 ]  - Training     loss : 0.01146 , acc : 0.994 , elapse : 0.27199 min  - Validation   loss : 0.03697 , acc : 0.990 , elapse : 0.04656 min
[ Epoch 71 ]  - Training     loss : 0.01120 , acc : 0.994 , elapse : 0.27261 min  - Validation   loss : 0.03645 , acc : 0.990 , elapse : 0.04654 min
[ Epoch 72 ]  - Training     loss : 0.01065 , acc : 0.994 , elapse : 0.27180 min  - Validation   loss : 0.03641 , acc : 0.990 , elapse : 0.04656 min
[ Epoch 73 ]  - Training     loss : 0.01022 , acc : 0.994 , elapse : 0.27189 min  - Validation   loss : 0.03652 , acc : 0.990 , elapse : 0.04686 min
[ Epoch 74 ]  - Training     loss : 0.01015 , acc : 0.995 , elapse : 0.27237 min  - Validation   loss : 0.03711 , acc : 0.990 , elapse : 0.04655 min
[ Epoch 75 ]  - Training     loss : 0.00967 , acc : 0.995 , elapse : 0.27205 min  - Validation   loss : 0.03680 , acc : 0.990 , elapse : 0.04656 min
[ Epoch 76 ]  - Training     loss : 0.00933 , acc : 0.995 , elapse : 0.27187 min  - Validation   loss : 0.03721 , acc : 0.990 , elapse : 0.04681 min
[ Epoch 77 ]  - Training     loss : 0.00956 , acc : 0.995 , elapse : 0.27287 min  - Validation   loss : 0.03650 , acc : 0.991 , elapse : 0.04657 min
[ Epoch 78 ]  - Training     loss : 0.00921 , acc : 0.995 , elapse : 0.27191 min  - Validation   loss : 0.03642 , acc : 0.991 , elapse : 0.04653 min
[ Epoch 79 ]  - Training     loss : 0.00881 , acc : 0.995 , elapse : 0.27183 min  - Validation   loss : 0.03658 , acc : 0.991 , elapse : 0.04665 min
[ Epoch 80 ]  - Training     loss : 0.00873 , acc : 0.995 , elapse : 0.27308 min  - Validation   loss : 0.03682 , acc : 0.991 , elapse : 0.04653 min
[ Epoch 81 ]  - Training     loss : 0.00864 , acc : 0.995 , elapse : 0.27278 min  - Validation   loss : 0.03712 , acc : 0.991 , elapse : 0.04648 min
[ Epoch 82 ]  - Training     loss : 0.00851 , acc : 0.996 , elapse : 0.27183 min  - Validation   loss : 0.03688 , acc : 0.991 , elapse : 0.04673 min
[ Epoch 83 ]  - Training     loss : 0.00845 , acc : 0.995 , elapse : 0.27309 min  - Validation   loss : 0.03705 , acc : 0.991 , elapse : 0.04664 min
[ Epoch 84 ]  - Training     loss : 0.00828 , acc : 0.996 , elapse : 0.27140 min  - Validation   loss : 0.03733 , acc : 0.991 , elapse : 0.04647 min
[ Epoch 85 ]  - Training     loss : 0.00817 , acc : 0.995 , elapse : 0.27189 min  - Validation   loss : 0.03684 , acc : 0.991 , elapse : 0.04663 min
[ Epoch 86 ]  - Training     loss : 0.00816 , acc : 0.996 , elapse : 0.27230 min  - Validation   loss : 0.03727 , acc : 0.991 , elapse : 0.04655 min
[ Epoch 87 ]  - Training     loss : 0.00800 , acc : 0.996 , elapse : 0.27185 min  - Validation   loss : 0.03695 , acc : 0.991 , elapse : 0.04660 min
[ Epoch 88 ]  - Training     loss : 0.00750 , acc : 0.996 , elapse : 0.27179 min  - Validation   loss : 0.03735 , acc : 0.991 , elapse : 0.04691 min
[ Epoch 89 ]  - Training     loss : 0.00768 , acc : 0.996 , elapse : 0.27244 min  - Validation   loss : 0.03726 , acc : 0.991 , elapse : 0.04661 min
[ Epoch 90 ]  - Training     loss : 0.00771 , acc : 0.996 , elapse : 0.27190 min  - Validation   loss : 0.03712 , acc : 0.991 , elapse : 0.04657 min
[ Epoch 91 ]  - Training     loss : 0.00768 , acc : 0.996 , elapse : 0.27190 min  - Validation   loss : 0.03700 , acc : 0.991 , elapse : 0.04658 min
[ Epoch 92 ]  - Training     loss : 0.00762 , acc : 0.996 , elapse : 0.27290 min  - Validation   loss : 0.03706 , acc : 0.991 , elapse : 0.04657 min
[ Epoch 93 ]  - Training     loss : 0.00768 , acc : 0.996 , elapse : 0.27205 min  - Validation   loss : 0.03704 , acc : 0.991 , elapse : 0.04658 min
[ Epoch 94 ]  - Training     loss : 0.00770 , acc : 0.996 , elapse : 0.27162 min  - Validation   loss : 0.03702 , acc : 0.991 , elapse : 0.04656 min
[ Epoch 95 ]  - Training     loss : 0.00746 , acc : 0.996 , elapse : 0.27286 min  - Validation   loss : 0.03708 , acc : 0.991 , elapse : 0.04664 min
[ Epoch 96 ]  - Training     loss : 0.00768 , acc : 0.996 , elapse : 0.27157 min  - Validation   loss : 0.03710 , acc : 0.991 , elapse : 0.04661 min
[ Epoch 97 ]  - Training     loss : 0.00731 , acc : 0.996 , elapse : 0.27185 min  - Validation   loss : 0.03710 , acc : 0.991 , elapse : 0.04670 min
[ Epoch 98 ]  - Training     loss : 0.00842 , acc : 0.995 , elapse : 0.27255 min  - Validation   loss : 0.03795 , acc : 0.991 , elapse : 0.04658 min
[ Epoch 99 ]  - Training     loss : 0.01051 , acc : 0.995 , elapse : 0.27200 min  - Validation   loss : 0.03877 , acc : 0.990 , elapse : 0.04649 min
Finish training ~ v ~
~~~~~~~~~~~~~~~~~~~~~~~~~~~~~
3th fold (total : 5)
Create model...
Start training...
[ Epoch 0 ]  - Training     loss : 0.24886 , acc : 0.919 , elapse : 0.27158 min  - Validation   loss : 0.19267 , acc : 0.936 , elapse : 0.04671 min    - [Info] The checkpoint file has been updated.
[ Epoch 1 ]  - Training     loss : 0.17248 , acc : 0.945 , elapse : 0.27171 min  - Validation   loss : 0.14622 , acc : 0.953 , elapse : 0.04653 min    - [Info] The checkpoint file has been updated.
[ Epoch 2 ]  - Training     loss : 0.13562 , acc : 0.955 , elapse : 0.27188 min  - Validation   loss : 0.13071 , acc : 0.958 , elapse : 0.04651 min    - [Info] The checkpoint file has been updated.
[ Epoch 3 ]  - Training     loss : 0.11735 , acc : 0.961 , elapse : 0.28890 min  - Validation   loss : 0.10379 , acc : 0.967 , elapse : 0.04673 min    - [Info] The checkpoint file has been updated.
[ Epoch 4 ]  - Training     loss : 0.09730 , acc : 0.967 , elapse : 0.27260 min  - Validation   loss : 0.09324 , acc : 0.971 , elapse : 0.04654 min    - [Info] The checkpoint file has been updated.
[ Epoch 5 ]  - Training     loss : 0.08976 , acc : 0.969 , elapse : 0.27141 min  - Validation   loss : 0.09083 , acc : 0.972 , elapse : 0.04642 min    - [Info] The checkpoint file has been updated.
[ Epoch 6 ]  - Training     loss : 0.08653 , acc : 0.970 , elapse : 0.27115 min  - Validation   loss : 0.08173 , acc : 0.974 , elapse : 0.04665 min    - [Info] The checkpoint file has been updated.
[ Epoch 7 ]  - Training     loss : 0.07592 , acc : 0.974 , elapse : 0.27235 min  - Validation   loss : 0.07254 , acc : 0.977 , elapse : 0.04647 min    - [Info] The checkpoint file has been updated.
[ Epoch 8 ]  - Training     loss : 0.06882 , acc : 0.976 , elapse : 0.27136 min  - Validation   loss : 0.06827 , acc : 0.979 , elapse : 0.04654 min    - [Info] The checkpoint file has been updated.
[ Epoch 9 ]  - Training     loss : 0.06423 , acc : 0.977 , elapse : 0.27141 min  - Validation   loss : 0.06497 , acc : 0.980 , elapse : 0.04668 min    - [Info] The checkpoint file has been updated.
[ Epoch 10 ]  - Training     loss : 0.06085 , acc : 0.978 , elapse : 0.27221 min  - Validation   loss : 0.06280 , acc : 0.981 , elapse : 0.04654 min    - [Info] The checkpoint file has been updated.
[ Epoch 11 ]  - Training     loss : 0.05932 , acc : 0.978 , elapse : 0.27139 min  - Validation   loss : 0.06182 , acc : 0.981 , elapse : 0.04651 min    - [Info] The checkpoint file has been updated.
[ Epoch 12 ]  - Training     loss : 0.06003 , acc : 0.978 , elapse : 0.27150 min  - Validation   loss : 0.06067 , acc : 0.981 , elapse : 0.04641 min    - [Info] The checkpoint file has been updated.
[ Epoch 13 ]  - Training     loss : 0.05668 , acc : 0.979 , elapse : 0.27268 min  - Validation   loss : 0.05949 , acc : 0.982 , elapse : 0.04652 min    - [Info] The checkpoint file has been updated.
[ Epoch 14 ]  - Training     loss : 0.05268 , acc : 0.981 , elapse : 0.27142 min  - Validation   loss : 0.05495 , acc : 0.983 , elapse : 0.04652 min    - [Info] The checkpoint file has been updated.
[ Epoch 15 ]  - Training     loss : 0.04968 , acc : 0.982 , elapse : 0.27138 min  - Validation   loss : 0.05353 , acc : 0.984 , elapse : 0.04652 min    - [Info] The checkpoint file has been updated.
[ Epoch 16 ]  - Training     loss : 0.04674 , acc : 0.982 , elapse : 0.27248 min  - Validation   loss : 0.05018 , acc : 0.984 , elapse : 0.04654 min    - [Info] The checkpoint file has been updated.
[ Epoch 17 ]  - Training     loss : 0.04393 , acc : 0.983 , elapse : 0.27183 min  - Validation   loss : 0.05063 , acc : 0.985 , elapse : 0.04655 min
[ Epoch 18 ]  - Training     loss : 0.04192 , acc : 0.983 , elapse : 0.27142 min  - Validation   loss : 0.04817 , acc : 0.985 , elapse : 0.04679 min    - [Info] The checkpoint file has been updated.
[ Epoch 19 ]  - Training     loss : 0.04061 , acc : 0.984 , elapse : 0.27220 min  - Validation   loss : 0.04610 , acc : 0.986 , elapse : 0.04641 min    - [Info] The checkpoint file has been updated.
[ Epoch 20 ]  - Training     loss : 0.03905 , acc : 0.984 , elapse : 0.27182 min  - Validation   loss : 0.04553 , acc : 0.986 , elapse : 0.04651 min
[ Epoch 21 ]  - Training     loss : 0.03740 , acc : 0.985 , elapse : 0.27148 min  - Validation   loss : 0.04571 , acc : 0.986 , elapse : 0.04658 min
[ Epoch 22 ]  - Training     loss : 0.03724 , acc : 0.985 , elapse : 0.27247 min  - Validation   loss : 0.04529 , acc : 0.986 , elapse : 0.04645 min
[ Epoch 23 ]  - Training     loss : 0.03701 , acc : 0.985 , elapse : 0.27143 min  - Validation   loss : 0.04497 , acc : 0.986 , elapse : 0.04655 min    - [Info] The checkpoint file has been updated.
[ Epoch 24 ]  - Training     loss : 0.03762 , acc : 0.985 , elapse : 0.27150 min  - Validation   loss : 0.04728 , acc : 0.986 , elapse : 0.04668 min
[ Epoch 25 ]  - Training     loss : 0.03892 , acc : 0.984 , elapse : 0.27190 min  - Validation   loss : 0.04596 , acc : 0.986 , elapse : 0.04642 min
[ Epoch 26 ]  - Training     loss : 0.03671 , acc : 0.985 , elapse : 0.27132 min  - Validation   loss : 0.04341 , acc : 0.986 , elapse : 0.04640 min    - [Info] The checkpoint file has been updated.
[ Epoch 27 ]  - Training     loss : 0.03483 , acc : 0.985 , elapse : 0.27131 min  - Validation   loss : 0.04292 , acc : 0.987 , elapse : 0.04661 min    - [Info] The checkpoint file has been updated.
[ Epoch 28 ]  - Training     loss : 0.03377 , acc : 0.986 , elapse : 0.27258 min  - Validation   loss : 0.04340 , acc : 0.987 , elapse : 0.04648 min
[ Epoch 29 ]  - Training     loss : 0.03208 , acc : 0.986 , elapse : 0.27151 min  - Validation   loss : 0.04057 , acc : 0.987 , elapse : 0.04647 min    - [Info] The checkpoint file has been updated.
[ Epoch 30 ]  - Training     loss : 0.03059 , acc : 0.987 , elapse : 0.27143 min  - Validation   loss : 0.03910 , acc : 0.988 , elapse : 0.04648 min    - [Info] The checkpoint file has been updated.
[ Epoch 31 ]  - Training     loss : 0.03047 , acc : 0.987 , elapse : 0.27261 min  - Validation   loss : 0.04271 , acc : 0.988 , elapse : 0.04656 min
[ Epoch 32 ]  - Training     loss : 0.02850 , acc : 0.987 , elapse : 0.27131 min  - Validation   loss : 0.03923 , acc : 0.988 , elapse : 0.04649 min
[ Epoch 33 ]  - Training     loss : 0.02730 , acc : 0.988 , elapse : 0.27148 min  - Validation   loss : 0.03900 , acc : 0.988 , elapse : 0.04665 min    - [Info] The checkpoint file has been updated.
[ Epoch 34 ]  - Training     loss : 0.02647 , acc : 0.988 , elapse : 0.27247 min  - Validation   loss : 0.03826 , acc : 0.988 , elapse : 0.04647 min    - [Info] The checkpoint file has been updated.
[ Epoch 35 ]  - Training     loss : 0.02502 , acc : 0.988 , elapse : 0.27152 min  - Validation   loss : 0.04015 , acc : 0.988 , elapse : 0.04653 min
[ Epoch 36 ]  - Training     loss : 0.02464 , acc : 0.989 , elapse : 0.27138 min  - Validation   loss : 0.03763 , acc : 0.988 , elapse : 0.04654 min
[ Epoch 37 ]  - Training     loss : 0.02404 , acc : 0.989 , elapse : 0.27204 min  - Validation   loss : 0.03721 , acc : 0.988 , elapse : 0.04648 min    - [Info] The checkpoint file has been updated.
[ Epoch 38 ]  - Training     loss : 0.02303 , acc : 0.989 , elapse : 0.27154 min  - Validation   loss : 0.03669 , acc : 0.989 , elapse : 0.04667 min    - [Info] The checkpoint file has been updated.
[ Epoch 39 ]  - Training     loss : 0.02190 , acc : 0.990 , elapse : 0.27138 min  - Validation   loss : 0.03601 , acc : 0.989 , elapse : 0.04669 min
[ Epoch 40 ]  - Training     loss : 0.02199 , acc : 0.990 , elapse : 0.27193 min  - Validation   loss : 0.03633 , acc : 0.989 , elapse : 0.04642 min
[ Epoch 41 ]  - Training     loss : 0.02125 , acc : 0.990 , elapse : 0.27157 min  - Validation   loss : 0.03646 , acc : 0.989 , elapse : 0.04658 min
[ Epoch 42 ]  - Training     loss : 0.02082 , acc : 0.990 , elapse : 0.27167 min  - Validation   loss : 0.03697 , acc : 0.989 , elapse : 0.04657 min
[ Epoch 43 ]  - Training     loss : 0.02037 , acc : 0.990 , elapse : 0.27226 min  - Validation   loss : 0.03568 , acc : 0.989 , elapse : 0.04649 min    - [Info] The checkpoint file has been updated.
[ Epoch 44 ]  - Training     loss : 0.01999 , acc : 0.990 , elapse : 0.27125 min  - Validation   loss : 0.03581 , acc : 0.989 , elapse : 0.04649 min
[ Epoch 45 ]  - Training     loss : 0.01980 , acc : 0.990 , elapse : 0.27144 min  - Validation   loss : 0.03587 , acc : 0.989 , elapse : 0.04667 min
[ Epoch 46 ]  - Training     loss : 0.01999 , acc : 0.990 , elapse : 0.27233 min  - Validation   loss : 0.03566 , acc : 0.989 , elapse : 0.04647 min
[ Epoch 47 ]  - Training     loss : 0.01993 , acc : 0.991 , elapse : 0.27127 min  - Validation   loss : 0.03570 , acc : 0.989 , elapse : 0.04640 min
[ Epoch 48 ]  - Training     loss : 0.01955 , acc : 0.991 , elapse : 0.27138 min  - Validation   loss : 0.03564 , acc : 0.989 , elapse : 0.04674 min
[ Epoch 49 ]  - Training     loss : 0.02188 , acc : 0.990 , elapse : 0.27193 min  - Validation   loss : 0.03958 , acc : 0.988 , elapse : 0.04655 min
[ Epoch 50 ]  - Training     loss : 0.02317 , acc : 0.989 , elapse : 0.27141 min  - Validation   loss : 0.03524 , acc : 0.989 , elapse : 0.04645 min
[ Epoch 51 ]  - Training     loss : 0.02212 , acc : 0.990 , elapse : 0.27143 min  - Validation   loss : 0.03698 , acc : 0.989 , elapse : 0.04656 min
[ Epoch 52 ]  - Training     loss : 0.02098 , acc : 0.990 , elapse : 0.27216 min  - Validation   loss : 0.03549 , acc : 0.989 , elapse : 0.04658 min
[ Epoch 53 ]  - Training     loss : 0.02018 , acc : 0.990 , elapse : 0.27323 min  - Validation   loss : 0.03503 , acc : 0.990 , elapse : 0.04652 min    - [Info] The checkpoint file has been updated.
[ Epoch 54 ]  - Training     loss : 0.01964 , acc : 0.991 , elapse : 0.27126 min  - Validation   loss : 0.03582 , acc : 0.989 , elapse : 0.04646 min
[ Epoch 55 ]  - Training     loss : 0.01911 , acc : 0.991 , elapse : 0.27150 min  - Validation   loss : 0.03500 , acc : 0.990 , elapse : 0.04643 min    - [Info] The checkpoint file has been updated.
[ Epoch 56 ]  - Training     loss : 0.01862 , acc : 0.991 , elapse : 0.27126 min  - Validation   loss : 0.03449 , acc : 0.990 , elapse : 0.04647 min    - [Info] The checkpoint file has been updated.
[ Epoch 57 ]  - Training     loss : 0.01792 , acc : 0.991 , elapse : 0.27128 min  - Validation   loss : 0.03556 , acc : 0.989 , elapse : 0.04649 min
[ Epoch 58 ]  - Training     loss : 0.01690 , acc : 0.991 , elapse : 0.27203 min  - Validation   loss : 0.03456 , acc : 0.990 , elapse : 0.04643 min
[ Epoch 59 ]  - Training     loss : 0.01696 , acc : 0.992 , elapse : 0.27105 min  - Validation   loss : 0.03545 , acc : 0.990 , elapse : 0.04646 min
[ Epoch 60 ]  - Training     loss : 0.01618 , acc : 0.992 , elapse : 0.27126 min  - Validation   loss : 0.03676 , acc : 0.990 , elapse : 0.04664 min
[ Epoch 61 ]  - Training     loss : 0.01571 , acc : 0.992 , elapse : 0.27179 min  - Validation   loss : 0.03500 , acc : 0.990 , elapse : 0.04645 min
[ Epoch 62 ]  - Training     loss : 0.01503 , acc : 0.992 , elapse : 0.27120 min  - Validation   loss : 0.03499 , acc : 0.990 , elapse : 0.04645 min
[ Epoch 63 ]  - Training     loss : 0.01484 , acc : 0.993 , elapse : 0.27128 min  - Validation   loss : 0.03502 , acc : 0.990 , elapse : 0.04691 min
[ Epoch 64 ]  - Training     loss : 0.01430 , acc : 0.993 , elapse : 0.27245 min  - Validation   loss : 0.03458 , acc : 0.990 , elapse : 0.04649 min
[ Epoch 65 ]  - Training     loss : 0.01446 , acc : 0.993 , elapse : 0.27122 min  - Validation   loss : 0.03471 , acc : 0.990 , elapse : 0.04641 min
[ Epoch 66 ]  - Training     loss : 0.01330 , acc : 0.993 , elapse : 0.27116 min  - Validation   loss : 0.03497 , acc : 0.990 , elapse : 0.04673 min
[ Epoch 67 ]  - Training     loss : 0.01328 , acc : 0.993 , elapse : 0.27214 min  - Validation   loss : 0.03630 , acc : 0.990 , elapse : 0.04659 min
[ Epoch 68 ]  - Training     loss : 0.01324 , acc : 0.993 , elapse : 0.27110 min  - Validation   loss : 0.03511 , acc : 0.991 , elapse : 0.04635 min
[ Epoch 69 ]  - Training     loss : 0.01226 , acc : 0.994 , elapse : 0.27124 min  - Validation   loss : 0.03416 , acc : 0.991 , elapse : 0.04652 min    - [Info] The checkpoint file has been updated.
[ Epoch 70 ]  - Training     loss : 0.01223 , acc : 0.994 , elapse : 0.27169 min  - Validation   loss : 0.03563 , acc : 0.991 , elapse : 0.04649 min
[ Epoch 71 ]  - Training     loss : 0.01173 , acc : 0.994 , elapse : 0.27129 min  - Validation   loss : 0.03540 , acc : 0.991 , elapse : 0.04645 min
[ Epoch 72 ]  - Training     loss : 0.01116 , acc : 0.994 , elapse : 0.27123 min  - Validation   loss : 0.03622 , acc : 0.991 , elapse : 0.04652 min
[ Epoch 73 ]  - Training     loss : 0.01128 , acc : 0.994 , elapse : 0.27218 min  - Validation   loss : 0.03329 , acc : 0.991 , elapse : 0.04646 min    - [Info] The checkpoint file has been updated.
[ Epoch 74 ]  - Training     loss : 0.01099 , acc : 0.994 , elapse : 0.27127 min  - Validation   loss : 0.03378 , acc : 0.991 , elapse : 0.04648 min
[ Epoch 75 ]  - Training     loss : 0.01031 , acc : 0.995 , elapse : 0.27129 min  - Validation   loss : 0.03417 , acc : 0.991 , elapse : 0.04638 min
[ Epoch 76 ]  - Training     loss : 0.01023 , acc : 0.995 , elapse : 0.27197 min  - Validation   loss : 0.03307 , acc : 0.991 , elapse : 0.04640 min    - [Info] The checkpoint file has been updated.
[ Epoch 77 ]  - Training     loss : 0.00972 , acc : 0.995 , elapse : 0.27131 min  - Validation   loss : 0.03327 , acc : 0.991 , elapse : 0.04646 min
[ Epoch 78 ]  - Training     loss : 0.00963 , acc : 0.995 , elapse : 0.27126 min  - Validation   loss : 0.03330 , acc : 0.991 , elapse : 0.04644 min
[ Epoch 79 ]  - Training     loss : 0.00940 , acc : 0.995 , elapse : 0.27263 min  - Validation   loss : 0.03258 , acc : 0.991 , elapse : 0.04643 min    - [Info] The checkpoint file has been updated.
[ Epoch 80 ]  - Training     loss : 0.00929 , acc : 0.995 , elapse : 0.27133 min  - Validation   loss : 0.03378 , acc : 0.991 , elapse : 0.04649 min
[ Epoch 81 ]  - Training     loss : 0.00929 , acc : 0.995 , elapse : 0.27130 min  - Validation   loss : 0.03323 , acc : 0.992 , elapse : 0.04651 min
[ Epoch 82 ]  - Training     loss : 0.00892 , acc : 0.995 , elapse : 0.27224 min  - Validation   loss : 0.03322 , acc : 0.992 , elapse : 0.04638 min
[ Epoch 83 ]  - Training     loss : 0.00860 , acc : 0.995 , elapse : 0.27118 min  - Validation   loss : 0.03324 , acc : 0.992 , elapse : 0.04639 min
[ Epoch 84 ]  - Training     loss : 0.00866 , acc : 0.995 , elapse : 0.27121 min  - Validation   loss : 0.03292 , acc : 0.992 , elapse : 0.04664 min
[ Epoch 85 ]  - Training     loss : 0.00841 , acc : 0.995 , elapse : 0.27184 min  - Validation   loss : 0.03390 , acc : 0.991 , elapse : 0.04652 min
[ Epoch 86 ]  - Training     loss : 0.00851 , acc : 0.995 , elapse : 0.27129 min  - Validation   loss : 0.03330 , acc : 0.992 , elapse : 0.04644 min
[ Epoch 87 ]  - Training     loss : 0.00813 , acc : 0.996 , elapse : 0.27130 min  - Validation   loss : 0.03287 , acc : 0.992 , elapse : 0.04665 min
[ Epoch 88 ]  - Training     loss : 0.00825 , acc : 0.996 , elapse : 0.27219 min  - Validation   loss : 0.03325 , acc : 0.991 , elapse : 0.04645 min
[ Epoch 89 ]  - Training     loss : 0.00806 , acc : 0.996 , elapse : 0.27137 min  - Validation   loss : 0.03322 , acc : 0.992 , elapse : 0.04648 min
[ Epoch 90 ]  - Training     loss : 0.00803 , acc : 0.996 , elapse : 0.27095 min  - Validation   loss : 0.03289 , acc : 0.992 , elapse : 0.04675 min
[ Epoch 91 ]  - Training     loss : 0.00788 , acc : 0.996 , elapse : 0.27232 min  - Validation   loss : 0.03288 , acc : 0.992 , elapse : 0.04646 min
[ Epoch 92 ]  - Training     loss : 0.00781 , acc : 0.996 , elapse : 0.27118 min  - Validation   loss : 0.03306 , acc : 0.992 , elapse : 0.04650 min
[ Epoch 93 ]  - Training     loss : 0.00793 , acc : 0.996 , elapse : 0.27123 min  - Validation   loss : 0.03297 , acc : 0.992 , elapse : 0.04653 min
[ Epoch 94 ]  - Training     loss : 0.00781 , acc : 0.996 , elapse : 0.27179 min  - Validation   loss : 0.03301 , acc : 0.992 , elapse : 0.04649 min
[ Epoch 95 ]  - Training     loss : 0.00802 , acc : 0.996 , elapse : 0.27115 min  - Validation   loss : 0.03305 , acc : 0.992 , elapse : 0.04656 min
[ Epoch 96 ]  - Training     loss : 0.00769 , acc : 0.996 , elapse : 0.27146 min  - Validation   loss : 0.03308 , acc : 0.992 , elapse : 0.04659 min
[ Epoch 97 ]  - Training     loss : 0.00776 , acc : 0.996 , elapse : 0.27163 min  - Validation   loss : 0.03308 , acc : 0.992 , elapse : 0.04651 min
[ Epoch 98 ]  - Training     loss : 0.00888 , acc : 0.995 , elapse : 0.27122 min  - Validation   loss : 0.03503 , acc : 0.991 , elapse : 0.04647 min
[ Epoch 99 ]  - Training     loss : 0.01003 , acc : 0.995 , elapse : 0.27115 min  - Validation   loss : 0.03583 , acc : 0.991 , elapse : 0.04657 min
Finish training ~ v ~
~~~~~~~~~~~~~~~~~~~~~~~~~~~~~
4th fold (total : 5)
Create model...
Start training...
[ Epoch 0 ]  - Training     loss : 0.25530 , acc : 0.915 , elapse : 0.27168 min  - Validation   loss : 0.19568 , acc : 0.937 , elapse : 0.04639 min    - [Info] The checkpoint file has been updated.
[ Epoch 1 ]  - Training     loss : 0.17545 , acc : 0.944 , elapse : 0.27268 min  - Validation   loss : 0.14202 , acc : 0.955 , elapse : 0.04659 min    - [Info] The checkpoint file has been updated.
[ Epoch 2 ]  - Training     loss : 0.13528 , acc : 0.956 , elapse : 0.27131 min  - Validation   loss : 0.12467 , acc : 0.960 , elapse : 0.04656 min    - [Info] The checkpoint file has been updated.
[ Epoch 3 ]  - Training     loss : 0.11625 , acc : 0.962 , elapse : 0.27183 min  - Validation   loss : 0.09764 , acc : 0.970 , elapse : 0.04643 min    - [Info] The checkpoint file has been updated.
[ Epoch 4 ]  - Training     loss : 0.09647 , acc : 0.968 , elapse : 0.27153 min  - Validation   loss : 0.08726 , acc : 0.973 , elapse : 0.04647 min    - [Info] The checkpoint file has been updated.
[ Epoch 5 ]  - Training     loss : 0.08857 , acc : 0.970 , elapse : 0.27189 min  - Validation   loss : 0.08515 , acc : 0.974 , elapse : 0.04666 min    - [Info] The checkpoint file has been updated.
[ Epoch 6 ]  - Training     loss : 0.08615 , acc : 0.971 , elapse : 0.27166 min  - Validation   loss : 0.07680 , acc : 0.977 , elapse : 0.04649 min    - [Info] The checkpoint file has been updated.
[ Epoch 7 ]  - Training     loss : 0.07730 , acc : 0.974 , elapse : 0.27227 min  - Validation   loss : 0.06860 , acc : 0.979 , elapse : 0.04645 min    - [Info] The checkpoint file has been updated.
[ Epoch 8 ]  - Training     loss : 0.07036 , acc : 0.976 , elapse : 0.27131 min  - Validation   loss : 0.06622 , acc : 0.980 , elapse : 0.04654 min    - [Info] The checkpoint file has been updated.
[ Epoch 9 ]  - Training     loss : 0.06571 , acc : 0.977 , elapse : 0.27231 min  - Validation   loss : 0.06200 , acc : 0.981 , elapse : 0.04649 min    - [Info] The checkpoint file has been updated.
[ Epoch 10 ]  - Training     loss : 0.06248 , acc : 0.978 , elapse : 0.27113 min  - Validation   loss : 0.06074 , acc : 0.981 , elapse : 0.04646 min    - [Info] The checkpoint file has been updated.
[ Epoch 11 ]  - Training     loss : 0.06169 , acc : 0.978 , elapse : 0.27119 min  - Validation   loss : 0.06055 , acc : 0.981 , elapse : 0.04667 min
[ Epoch 12 ]  - Training     loss : 0.06314 , acc : 0.978 , elapse : 0.27181 min  - Validation   loss : 0.05958 , acc : 0.982 , elapse : 0.04645 min    - [Info] The checkpoint file has been updated.
[ Epoch 13 ]  - Training     loss : 0.06036 , acc : 0.979 , elapse : 0.27122 min  - Validation   loss : 0.05496 , acc : 0.983 , elapse : 0.04644 min    - [Info] The checkpoint file has been updated.
[ Epoch 14 ]  - Training     loss : 0.05567 , acc : 0.980 , elapse : 0.27132 min  - Validation   loss : 0.05455 , acc : 0.984 , elapse : 0.04662 min    - [Info] The checkpoint file has been updated.
[ Epoch 15 ]  - Training     loss : 0.05238 , acc : 0.981 , elapse : 0.27195 min  - Validation   loss : 0.05081 , acc : 0.985 , elapse : 0.04647 min    - [Info] The checkpoint file has been updated.
[ Epoch 16 ]  - Training     loss : 0.04940 , acc : 0.982 , elapse : 0.27118 min  - Validation   loss : 0.05039 , acc : 0.985 , elapse : 0.04644 min    - [Info] The checkpoint file has been updated.
[ Epoch 17 ]  - Training     loss : 0.04727 , acc : 0.982 , elapse : 0.27113 min  - Validation   loss : 0.04847 , acc : 0.986 , elapse : 0.04644 min    - [Info] The checkpoint file has been updated.
[ Epoch 18 ]  - Training     loss : 0.04484 , acc : 0.983 , elapse : 0.27234 min  - Validation   loss : 0.04661 , acc : 0.986 , elapse : 0.04651 min    - [Info] The checkpoint file has been updated.
[ Epoch 19 ]  - Training     loss : 0.04319 , acc : 0.984 , elapse : 0.27124 min  - Validation   loss : 0.04642 , acc : 0.986 , elapse : 0.04650 min    - [Info] The checkpoint file has been updated.
[ Epoch 20 ]  - Training     loss : 0.04116 , acc : 0.984 , elapse : 0.27116 min  - Validation   loss : 0.04535 , acc : 0.986 , elapse : 0.04645 min    - [Info] The checkpoint file has been updated.
[ Epoch 21 ]  - Training     loss : 0.04023 , acc : 0.984 , elapse : 0.27188 min  - Validation   loss : 0.04536 , acc : 0.986 , elapse : 0.04647 min
[ Epoch 22 ]  - Training     loss : 0.03966 , acc : 0.984 , elapse : 0.27101 min  - Validation   loss : 0.04476 , acc : 0.986 , elapse : 0.04654 min    - [Info] The checkpoint file has been updated.
[ Epoch 23 ]  - Training     loss : 0.03929 , acc : 0.984 , elapse : 0.27087 min  - Validation   loss : 0.04472 , acc : 0.987 , elapse : 0.04676 min    - [Info] The checkpoint file has been updated.
[ Epoch 24 ]  - Training     loss : 0.03927 , acc : 0.985 , elapse : 0.27147 min  - Validation   loss : 0.04594 , acc : 0.986 , elapse : 0.04640 min
[ Epoch 25 ]  - Training     loss : 0.04144 , acc : 0.984 , elapse : 0.27101 min  - Validation   loss : 0.04532 , acc : 0.986 , elapse : 0.04653 min
[ Epoch 26 ]  - Training     loss : 0.03888 , acc : 0.985 , elapse : 0.27083 min  - Validation   loss : 0.04397 , acc : 0.987 , elapse : 0.04653 min
[ Epoch 27 ]  - Training     loss : 0.03784 , acc : 0.985 , elapse : 0.27197 min  - Validation   loss : 0.04245 , acc : 0.987 , elapse : 0.04640 min    - [Info] The checkpoint file has been updated.
[ Epoch 28 ]  - Training     loss : 0.03625 , acc : 0.985 , elapse : 0.27084 min  - Validation   loss : 0.04311 , acc : 0.987 , elapse : 0.04644 min
[ Epoch 29 ]  - Training     loss : 0.03476 , acc : 0.986 , elapse : 0.27109 min  - Validation   loss : 0.04089 , acc : 0.987 , elapse : 0.04659 min    - [Info] The checkpoint file has been updated.
[ Epoch 30 ]  - Training     loss : 0.03264 , acc : 0.986 , elapse : 0.27198 min  - Validation   loss : 0.04004 , acc : 0.988 , elapse : 0.04648 min    - [Info] The checkpoint file has been updated.
[ Epoch 31 ]  - Training     loss : 0.03125 , acc : 0.987 , elapse : 0.27100 min  - Validation   loss : 0.03857 , acc : 0.988 , elapse : 0.04642 min
[ Epoch 32 ]  - Training     loss : 0.03041 , acc : 0.987 , elapse : 0.27126 min  - Validation   loss : 0.03745 , acc : 0.988 , elapse : 0.04660 min    - [Info] The checkpoint file has been updated.
[ Epoch 33 ]  - Training     loss : 0.02852 , acc : 0.988 , elapse : 0.27164 min  - Validation   loss : 0.03742 , acc : 0.988 , elapse : 0.04645 min
[ Epoch 34 ]  - Training     loss : 0.02798 , acc : 0.988 , elapse : 0.27107 min  - Validation   loss : 0.03717 , acc : 0.988 , elapse : 0.04639 min    - [Info] The checkpoint file has been updated.
[ Epoch 35 ]  - Training     loss : 0.02612 , acc : 0.988 , elapse : 0.27143 min  - Validation   loss : 0.03577 , acc : 0.989 , elapse : 0.04670 min    - [Info] The checkpoint file has been updated.
[ Epoch 36 ]  - Training     loss : 0.02620 , acc : 0.988 , elapse : 0.27292 min  - Validation   loss : 0.03603 , acc : 0.989 , elapse : 0.04657 min
[ Epoch 37 ]  - Training     loss : 0.02528 , acc : 0.989 , elapse : 0.27132 min  - Validation   loss : 0.03503 , acc : 0.989 , elapse : 0.04646 min
[ Epoch 38 ]  - Training     loss : 0.02420 , acc : 0.989 , elapse : 0.27144 min  - Validation   loss : 0.03473 , acc : 0.989 , elapse : 0.04665 min
[ Epoch 39 ]  - Training     loss : 0.02335 , acc : 0.989 , elapse : 0.27309 min  - Validation   loss : 0.03503 , acc : 0.989 , elapse : 0.04649 min
[ Epoch 40 ]  - Training     loss : 0.02276 , acc : 0.990 , elapse : 0.27113 min  - Validation   loss : 0.03471 , acc : 0.989 , elapse : 0.04647 min    - [Info] The checkpoint file has been updated.
[ Epoch 41 ]  - Training     loss : 0.02208 , acc : 0.990 , elapse : 0.27108 min  - Validation   loss : 0.03387 , acc : 0.990 , elapse : 0.04645 min    - [Info] The checkpoint file has been updated.
[ Epoch 42 ]  - Training     loss : 0.02192 , acc : 0.990 , elapse : 0.27193 min  - Validation   loss : 0.03434 , acc : 0.989 , elapse : 0.04641 min
[ Epoch 43 ]  - Training     loss : 0.02132 , acc : 0.990 , elapse : 0.27163 min  - Validation   loss : 0.03354 , acc : 0.990 , elapse : 0.04657 min
[ Epoch 44 ]  - Training     loss : 0.02120 , acc : 0.990 , elapse : 0.27124 min  - Validation   loss : 0.03412 , acc : 0.990 , elapse : 0.04661 min
[ Epoch 45 ]  - Training     loss : 0.02062 , acc : 0.990 , elapse : 0.27239 min  - Validation   loss : 0.03390 , acc : 0.990 , elapse : 0.04645 min
[ Epoch 46 ]  - Training     loss : 0.02074 , acc : 0.990 , elapse : 0.27153 min  - Validation   loss : 0.03413 , acc : 0.990 , elapse : 0.04648 min
[ Epoch 47 ]  - Training     loss : 0.02058 , acc : 0.990 , elapse : 0.27159 min  - Validation   loss : 0.03396 , acc : 0.990 , elapse : 0.04651 min
[ Epoch 48 ]  - Training     loss : 0.02040 , acc : 0.990 , elapse : 0.27196 min  - Validation   loss : 0.03390 , acc : 0.990 , elapse : 0.04643 min
[ Epoch 49 ]  - Training     loss : 0.02278 , acc : 0.989 , elapse : 0.27115 min  - Validation   loss : 0.03495 , acc : 0.989 , elapse : 0.04646 min
[ Epoch 50 ]  - Training     loss : 0.02363 , acc : 0.989 , elapse : 0.27113 min  - Validation   loss : 0.03639 , acc : 0.989 , elapse : 0.04672 min
[ Epoch 51 ]  - Training     loss : 0.02227 , acc : 0.990 , elapse : 0.27214 min  - Validation   loss : 0.03522 , acc : 0.989 , elapse : 0.04646 min
[ Epoch 52 ]  - Training     loss : 0.02272 , acc : 0.990 , elapse : 0.27083 min  - Validation   loss : 0.03542 , acc : 0.989 , elapse : 0.04637 min
[ Epoch 53 ]  - Training     loss : 0.02129 , acc : 0.990 , elapse : 0.27089 min  - Validation   loss : 0.03439 , acc : 0.989 , elapse : 0.04679 min
[ Epoch 54 ]  - Training     loss : 0.02045 , acc : 0.990 , elapse : 0.27181 min  - Validation   loss : 0.03444 , acc : 0.990 , elapse : 0.04648 min
[ Epoch 55 ]  - Training     loss : 0.02024 , acc : 0.990 , elapse : 0.27088 min  - Validation   loss : 0.03599 , acc : 0.990 , elapse : 0.04646 min
[ Epoch 56 ]  - Training     loss : 0.01936 , acc : 0.991 , elapse : 0.27108 min  - Validation   loss : 0.03521 , acc : 0.990 , elapse : 0.04647 min
[ Epoch 57 ]  - Training     loss : 0.01846 , acc : 0.991 , elapse : 0.27188 min  - Validation   loss : 0.03498 , acc : 0.990 , elapse : 0.04653 min
[ Epoch 58 ]  - Training     loss : 0.01836 , acc : 0.991 , elapse : 0.27123 min  - Validation   loss : 0.03514 , acc : 0.990 , elapse : 0.04665 min
[ Epoch 59 ]  - Training     loss : 0.01752 , acc : 0.991 , elapse : 0.27143 min  - Validation   loss : 0.03383 , acc : 0.990 , elapse : 0.04646 min
[ Epoch 60 ]  - Training     loss : 0.01678 , acc : 0.992 , elapse : 0.27187 min  - Validation   loss : 0.03337 , acc : 0.990 , elapse : 0.04651 min    - [Info] The checkpoint file has been updated.
[ Epoch 61 ]  - Training     loss : 0.01679 , acc : 0.992 , elapse : 0.27175 min  - Validation   loss : 0.03340 , acc : 0.991 , elapse : 0.04650 min
[ Epoch 62 ]  - Training     loss : 0.01590 , acc : 0.992 , elapse : 0.27110 min  - Validation   loss : 0.03204 , acc : 0.990 , elapse : 0.04647 min
[ Epoch 63 ]  - Training     loss : 0.01554 , acc : 0.992 , elapse : 0.27135 min  - Validation   loss : 0.03151 , acc : 0.991 , elapse : 0.04649 min    - [Info] The checkpoint file has been updated.
[ Epoch 64 ]  - Training     loss : 0.01447 , acc : 0.993 , elapse : 0.27143 min  - Validation   loss : 0.03144 , acc : 0.991 , elapse : 0.04654 min    - [Info] The checkpoint file has been updated.
[ Epoch 65 ]  - Training     loss : 0.01410 , acc : 0.993 , elapse : 0.27134 min  - Validation   loss : 0.03117 , acc : 0.991 , elapse : 0.04658 min    - [Info] The checkpoint file has been updated.
[ Epoch 66 ]  - Training     loss : 0.01394 , acc : 0.993 , elapse : 0.27184 min  - Validation   loss : 0.03106 , acc : 0.991 , elapse : 0.04643 min
[ Epoch 67 ]  - Training     loss : 0.01355 , acc : 0.993 , elapse : 0.27115 min  - Validation   loss : 0.03034 , acc : 0.991 , elapse : 0.04641 min    - [Info] The checkpoint file has been updated.
[ Epoch 68 ]  - Training     loss : 0.01304 , acc : 0.993 , elapse : 0.27136 min  - Validation   loss : 0.03035 , acc : 0.991 , elapse : 0.04660 min
[ Epoch 69 ]  - Training     loss : 0.01288 , acc : 0.993 , elapse : 0.27217 min  - Validation   loss : 0.03096 , acc : 0.991 , elapse : 0.04645 min
[ Epoch 70 ]  - Training     loss : 0.01255 , acc : 0.994 , elapse : 0.27128 min  - Validation   loss : 0.03073 , acc : 0.991 , elapse : 0.04645 min
[ Epoch 71 ]  - Training     loss : 0.01227 , acc : 0.994 , elapse : 0.27139 min  - Validation   loss : 0.03067 , acc : 0.991 , elapse : 0.04660 min
[ Epoch 72 ]  - Training     loss : 0.01184 , acc : 0.994 , elapse : 0.27254 min  - Validation   loss : 0.03082 , acc : 0.991 , elapse : 0.04651 min
[ Epoch 73 ]  - Training     loss : 0.01141 , acc : 0.994 , elapse : 0.27090 min  - Validation   loss : 0.03078 , acc : 0.991 , elapse : 0.04638 min
[ Epoch 74 ]  - Training     loss : 0.01113 , acc : 0.994 , elapse : 0.27099 min  - Validation   loss : 0.03119 , acc : 0.991 , elapse : 0.04655 min
[ Epoch 75 ]  - Training     loss : 0.01081 , acc : 0.994 , elapse : 0.27197 min  - Validation   loss : 0.02984 , acc : 0.992 , elapse : 0.04652 min    - [Info] The checkpoint file has been updated.
[ Epoch 76 ]  - Training     loss : 0.01062 , acc : 0.994 , elapse : 0.27114 min  - Validation   loss : 0.03039 , acc : 0.991 , elapse : 0.04643 min
[ Epoch 77 ]  - Training     loss : 0.01049 , acc : 0.995 , elapse : 0.27116 min  - Validation   loss : 0.02990 , acc : 0.992 , elapse : 0.04652 min
[ Epoch 78 ]  - Training     loss : 0.00992 , acc : 0.995 , elapse : 0.27250 min  - Validation   loss : 0.02973 , acc : 0.992 , elapse : 0.04651 min
[ Epoch 79 ]  - Training     loss : 0.00993 , acc : 0.995 , elapse : 0.27106 min  - Validation   loss : 0.03068 , acc : 0.992 , elapse : 0.04652 min
[ Epoch 80 ]  - Training     loss : 0.00940 , acc : 0.995 , elapse : 0.27106 min  - Validation   loss : 0.03094 , acc : 0.992 , elapse : 0.04647 min
[ Epoch 81 ]  - Training     loss : 0.00981 , acc : 0.995 , elapse : 0.27205 min  - Validation   loss : 0.03070 , acc : 0.991 , elapse : 0.04645 min
[ Epoch 82 ]  - Training     loss : 0.00918 , acc : 0.995 , elapse : 0.27120 min  - Validation   loss : 0.03042 , acc : 0.992 , elapse : 0.04646 min
[ Epoch 83 ]  - Training     loss : 0.00934 , acc : 0.995 , elapse : 0.27122 min  - Validation   loss : 0.03049 , acc : 0.992 , elapse : 0.04664 min
[ Epoch 84 ]  - Training     loss : 0.00915 , acc : 0.995 , elapse : 0.27238 min  - Validation   loss : 0.03030 , acc : 0.991 , elapse : 0.04649 min
[ Epoch 85 ]  - Training     loss : 0.00910 , acc : 0.995 , elapse : 0.27117 min  - Validation   loss : 0.03076 , acc : 0.991 , elapse : 0.04651 min
[ Epoch 86 ]  - Training     loss : 0.00889 , acc : 0.995 , elapse : 0.27098 min  - Validation   loss : 0.03055 , acc : 0.992 , elapse : 0.04665 min
[ Epoch 87 ]  - Training     loss : 0.00906 , acc : 0.995 , elapse : 0.27244 min  - Validation   loss : 0.03039 , acc : 0.992 , elapse : 0.04644 min
[ Epoch 88 ]  - Training     loss : 0.00876 , acc : 0.995 , elapse : 0.27108 min  - Validation   loss : 0.03036 , acc : 0.992 , elapse : 0.04640 min
[ Epoch 89 ]  - Training     loss : 0.00841 , acc : 0.996 , elapse : 0.27100 min  - Validation   loss : 0.03040 , acc : 0.992 , elapse : 0.04654 min
[ Epoch 90 ]  - Training     loss : 0.00862 , acc : 0.995 , elapse : 0.27212 min  - Validation   loss : 0.03034 , acc : 0.992 , elapse : 0.04654 min
[ Epoch 91 ]  - Training     loss : 0.00848 , acc : 0.996 , elapse : 0.27120 min  - Validation   loss : 0.03049 , acc : 0.992 , elapse : 0.04641 min
[ Epoch 92 ]  - Training     loss : 0.00834 , acc : 0.996 , elapse : 0.27126 min  - Validation   loss : 0.03045 , acc : 0.992 , elapse : 0.04653 min
[ Epoch 93 ]  - Training     loss : 0.00851 , acc : 0.995 , elapse : 0.27181 min  - Validation   loss : 0.03062 , acc : 0.992 , elapse : 0.04654 min
[ Epoch 94 ]  - Training     loss : 0.00838 , acc : 0.996 , elapse : 0.27109 min  - Validation   loss : 0.03065 , acc : 0.992 , elapse : 0.04644 min
[ Epoch 95 ]  - Training     loss : 0.00831 , acc : 0.996 , elapse : 0.27115 min  - Validation   loss : 0.03061 , acc : 0.992 , elapse : 0.04671 min
[ Epoch 96 ]  - Training     loss : 0.00856 , acc : 0.996 , elapse : 0.27203 min  - Validation   loss : 0.03062 , acc : 0.992 , elapse : 0.04650 min
[ Epoch 97 ]  - Training     loss : 0.00838 , acc : 0.996 , elapse : 0.27091 min  - Validation   loss : 0.03062 , acc : 0.992 , elapse : 0.04644 min
[ Epoch 98 ]  - Training     loss : 0.01014 , acc : 0.995 , elapse : 0.27139 min  - Validation   loss : 0.03685 , acc : 0.991 , elapse : 0.04649 min
[ Epoch 99 ]  - Training     loss : 0.01069 , acc : 0.994 , elapse : 0.27173 min  - Validation   loss : 0.03151 , acc : 0.991 , elapse : 0.04659 min
Finish training ~ v ~
min losses: [0.029074713645968586, 0.026586130436044186, 0.035069723380729556, 0.03258266666671261, 0.029726867243880406] mean losses: 0.03060802027466707
max accs: [0.9916066136853448, 0.9914382408405172, 0.9909752155172412, 0.9917497306034483, 0.9916823814655172] mean accs: 0.9914904364224137
Empty DataFrame
Columns: [pred, label]
Index: []
