Shell for /hpcfs/juno/junogpu/xuhangkun/SoftWare/VsCode/.local/share/virtualenvs/tianchi_channel_1-2IKVIXD7 already activated.
No action taken to avoid nested environments.
If the cuda is avaliable ?
True
Start getting data...
Finish getting data ~ v ~
[Info] Training performance will be written to file: ./user_data/model_data/TextRCNN/TextRCNN_train.csv
Namespace(batch_size=128, bert_path='/hpcfs/juno/junogpu/xuhangkun/ML/MyselfProject/Test/tianchi_channel_1/user_data/bert', dropout=0.3, eda_alpha=0.0, epoch=100, fold_index=-1, fold_k=5, frazing_bert_encode=False, hidden_size=256, input='./tcdata/train.csv', label_smoothing=0.0, lr=0.0005, lstm_dropout=0.3, lstm_layer=2, max_len=100, model='TextRCNN', n_aug=0.0, nclass=29, nemb=100, no_word2vec_pretrain=True, ntokens=859, output_dir='./user_data/model_data/TextRCNN', pad_token=858, save_mode='best', save_per_epoch=5, save_start_epoch=5, seed=None, stop_early=False, tokenizer_path='/hpcfs/juno/junogpu/xuhangkun/ML/MyselfProject/Test/tianchi_channel_1/user_data/bert', word2vec_path='/hpcfs/juno/junogpu/xuhangkun/ML/MyselfProject/Test/tianchi_channel_1/user_data/word_pretrain/word2vector.model')
~~~~~~~~~~~~~~~~~~~~~~~~~~~~~
0th fold (total : 5)
Create model...
TextRCNNModel(
  (embed): Embedding(859, 100, padding_idx=858)
  (emb_dropout_layer): Dropout(p=0.3, inplace=False)
  (lstm): LSTM(100, 256, num_layers=2, batch_first=True, dropout=0.3, bidirectional=True)
  (W2): Linear(in_features=612, out_features=512, bias=True)
  (final_dropout_layer): Dropout(p=0.3, inplace=False)
  (fc): Linear(in_features=512, out_features=29, bias=True)
  (sigmoid): Sigmoid()
)
Start training...
[ Epoch 0 ]  - Training     loss : 0.25154 , acc : 0.919 , elapse : 0.23117 min  - Validation   loss : 0.20059 , acc : 0.934 , elapse : 0.03865 min    - [Info] The checkpoint file has been updated.
[ Epoch 1 ]  - Training     loss : 0.18201 , acc : 0.938 , elapse : 0.23084 min  - Validation   loss : 0.15241 , acc : 0.951 , elapse : 0.03862 min    - [Info] The checkpoint file has been updated.
[ Epoch 2 ]  - Training     loss : 0.13803 , acc : 0.953 , elapse : 0.23072 min  - Validation   loss : 0.13047 , acc : 0.957 , elapse : 0.03926 min    - [Info] The checkpoint file has been updated.
[ Epoch 3 ]  - Training     loss : 0.11809 , acc : 0.960 , elapse : 0.23208 min  - Validation   loss : 0.10032 , acc : 0.968 , elapse : 0.03882 min    - [Info] The checkpoint file has been updated.
[ Epoch 4 ]  - Training     loss : 0.09624 , acc : 0.967 , elapse : 0.23080 min  - Validation   loss : 0.08897 , acc : 0.972 , elapse : 0.03878 min    - [Info] The checkpoint file has been updated.
[ Epoch 5 ]  - Training     loss : 0.08885 , acc : 0.969 , elapse : 0.23073 min  - Validation   loss : 0.08569 , acc : 0.973 , elapse : 0.03878 min    - [Info] The checkpoint file has been updated.
[ Epoch 6 ]  - Training     loss : 0.08613 , acc : 0.970 , elapse : 0.23083 min  - Validation   loss : 0.07857 , acc : 0.974 , elapse : 0.03873 min    - [Info] The checkpoint file has been updated.
[ Epoch 7 ]  - Training     loss : 0.07864 , acc : 0.973 , elapse : 0.23107 min  - Validation   loss : 0.07190 , acc : 0.976 , elapse : 0.03868 min    - [Info] The checkpoint file has been updated.
[ Epoch 8 ]  - Training     loss : 0.07052 , acc : 0.975 , elapse : 0.23106 min  - Validation   loss : 0.06703 , acc : 0.978 , elapse : 0.03881 min    - [Info] The checkpoint file has been updated.
[ Epoch 9 ]  - Training     loss : 0.06566 , acc : 0.976 , elapse : 0.23085 min  - Validation   loss : 0.06375 , acc : 0.979 , elapse : 0.03869 min    - [Info] The checkpoint file has been updated.
[ Epoch 10 ]  - Training     loss : 0.06209 , acc : 0.977 , elapse : 0.23074 min  - Validation   loss : 0.06128 , acc : 0.979 , elapse : 0.03873 min    - [Info] The checkpoint file has been updated.
[ Epoch 11 ]  - Training     loss : 0.06073 , acc : 0.978 , elapse : 0.23161 min  - Validation   loss : 0.06094 , acc : 0.979 , elapse : 0.03859 min    - [Info] The checkpoint file has been updated.
[ Epoch 12 ]  - Training     loss : 0.06194 , acc : 0.977 , elapse : 0.23084 min  - Validation   loss : 0.05974 , acc : 0.980 , elapse : 0.03866 min    - [Info] The checkpoint file has been updated.
[ Epoch 13 ]  - Training     loss : 0.05835 , acc : 0.978 , elapse : 0.23072 min  - Validation   loss : 0.05681 , acc : 0.981 , elapse : 0.03862 min    - [Info] The checkpoint file has been updated.
[ Epoch 14 ]  - Training     loss : 0.05491 , acc : 0.979 , elapse : 0.23073 min  - Validation   loss : 0.05387 , acc : 0.982 , elapse : 0.03867 min    - [Info] The checkpoint file has been updated.
[ Epoch 15 ]  - Training     loss : 0.05122 , acc : 0.980 , elapse : 0.23067 min  - Validation   loss : 0.05238 , acc : 0.982 , elapse : 0.03862 min    - [Info] The checkpoint file has been updated.
[ Epoch 16 ]  - Training     loss : 0.04787 , acc : 0.981 , elapse : 0.23088 min  - Validation   loss : 0.05014 , acc : 0.983 , elapse : 0.03867 min    - [Info] The checkpoint file has been updated.
[ Epoch 17 ]  - Training     loss : 0.04622 , acc : 0.982 , elapse : 0.23073 min  - Validation   loss : 0.04801 , acc : 0.984 , elapse : 0.03878 min    - [Info] The checkpoint file has been updated.
[ Epoch 18 ]  - Training     loss : 0.04321 , acc : 0.983 , elapse : 0.23132 min  - Validation   loss : 0.04679 , acc : 0.985 , elapse : 0.03865 min    - [Info] The checkpoint file has been updated.
[ Epoch 19 ]  - Training     loss : 0.04146 , acc : 0.983 , elapse : 0.23082 min  - Validation   loss : 0.04609 , acc : 0.985 , elapse : 0.03871 min    - [Info] The checkpoint file has been updated.
[ Epoch 20 ]  - Training     loss : 0.03946 , acc : 0.984 , elapse : 0.23078 min  - Validation   loss : 0.04466 , acc : 0.985 , elapse : 0.03863 min    - [Info] The checkpoint file has been updated.
[ Epoch 21 ]  - Training     loss : 0.03872 , acc : 0.984 , elapse : 0.23242 min  - Validation   loss : 0.04407 , acc : 0.985 , elapse : 0.03863 min    - [Info] The checkpoint file has been updated.
[ Epoch 22 ]  - Training     loss : 0.03749 , acc : 0.984 , elapse : 0.23065 min  - Validation   loss : 0.04396 , acc : 0.985 , elapse : 0.03860 min    - [Info] The checkpoint file has been updated.
[ Epoch 23 ]  - Training     loss : 0.03770 , acc : 0.984 , elapse : 0.23093 min  - Validation   loss : 0.04380 , acc : 0.985 , elapse : 0.03873 min    - [Info] The checkpoint file has been updated.
[ Epoch 24 ]  - Training     loss : 0.03870 , acc : 0.984 , elapse : 0.23130 min  - Validation   loss : 0.04850 , acc : 0.984 , elapse : 0.03872 min
[ Epoch 25 ]  - Training     loss : 0.04053 , acc : 0.983 , elapse : 0.23073 min  - Validation   loss : 0.04375 , acc : 0.985 , elapse : 0.03867 min    - [Info] The checkpoint file has been updated.
[ Epoch 26 ]  - Training     loss : 0.03805 , acc : 0.984 , elapse : 0.23156 min  - Validation   loss : 0.04345 , acc : 0.986 , elapse : 0.03865 min    - [Info] The checkpoint file has been updated.
[ Epoch 27 ]  - Training     loss : 0.03707 , acc : 0.984 , elapse : 0.23106 min  - Validation   loss : 0.04296 , acc : 0.986 , elapse : 0.03874 min    - [Info] The checkpoint file has been updated.
[ Epoch 28 ]  - Training     loss : 0.03459 , acc : 0.985 , elapse : 0.23082 min  - Validation   loss : 0.04106 , acc : 0.986 , elapse : 0.03864 min    - [Info] The checkpoint file has been updated.
[ Epoch 29 ]  - Training     loss : 0.03288 , acc : 0.986 , elapse : 0.23137 min  - Validation   loss : 0.04098 , acc : 0.986 , elapse : 0.03859 min    - [Info] The checkpoint file has been updated.
[ Epoch 30 ]  - Training     loss : 0.03108 , acc : 0.986 , elapse : 0.23051 min  - Validation   loss : 0.03940 , acc : 0.987 , elapse : 0.03860 min    - [Info] The checkpoint file has been updated.
[ Epoch 31 ]  - Training     loss : 0.03005 , acc : 0.986 , elapse : 0.23036 min  - Validation   loss : 0.03898 , acc : 0.987 , elapse : 0.03861 min    - [Info] The checkpoint file has been updated.
[ Epoch 32 ]  - Training     loss : 0.02805 , acc : 0.987 , elapse : 0.23059 min  - Validation   loss : 0.03776 , acc : 0.987 , elapse : 0.03859 min
[ Epoch 33 ]  - Training     loss : 0.02735 , acc : 0.987 , elapse : 0.23330 min  - Validation   loss : 0.03746 , acc : 0.987 , elapse : 0.03962 min    - [Info] The checkpoint file has been updated.
[ Epoch 34 ]  - Training     loss : 0.02595 , acc : 0.988 , elapse : 0.23087 min  - Validation   loss : 0.03722 , acc : 0.988 , elapse : 0.03861 min    - [Info] The checkpoint file has been updated.
[ Epoch 35 ]  - Training     loss : 0.02451 , acc : 0.988 , elapse : 0.23069 min  - Validation   loss : 0.03630 , acc : 0.988 , elapse : 0.03870 min    - [Info] The checkpoint file has been updated.
[ Epoch 36 ]  - Training     loss : 0.02377 , acc : 0.989 , elapse : 0.23102 min  - Validation   loss : 0.03613 , acc : 0.988 , elapse : 0.03887 min    - [Info] The checkpoint file has been updated.
[ Epoch 37 ]  - Training     loss : 0.02319 , acc : 0.989 , elapse : 0.23106 min  - Validation   loss : 0.03551 , acc : 0.988 , elapse : 0.03870 min    - [Info] The checkpoint file has been updated.
[ Epoch 38 ]  - Training     loss : 0.02249 , acc : 0.989 , elapse : 0.23146 min  - Validation   loss : 0.03486 , acc : 0.988 , elapse : 0.03875 min
[ Epoch 39 ]  - Training     loss : 0.02173 , acc : 0.989 , elapse : 0.23093 min  - Validation   loss : 0.03419 , acc : 0.989 , elapse : 0.03896 min    - [Info] The checkpoint file has been updated.
[ Epoch 40 ]  - Training     loss : 0.02106 , acc : 0.989 , elapse : 0.23237 min  - Validation   loss : 0.03379 , acc : 0.989 , elapse : 0.03889 min    - [Info] The checkpoint file has been updated.
[ Epoch 41 ]  - Training     loss : 0.02043 , acc : 0.990 , elapse : 0.23090 min  - Validation   loss : 0.03370 , acc : 0.989 , elapse : 0.03874 min
[ Epoch 42 ]  - Training     loss : 0.02033 , acc : 0.990 , elapse : 0.23124 min  - Validation   loss : 0.03336 , acc : 0.989 , elapse : 0.03870 min    - [Info] The checkpoint file has been updated.
[ Epoch 43 ]  - Training     loss : 0.01948 , acc : 0.990 , elapse : 0.23071 min  - Validation   loss : 0.03362 , acc : 0.989 , elapse : 0.03866 min
[ Epoch 44 ]  - Training     loss : 0.01925 , acc : 0.990 , elapse : 0.23108 min  - Validation   loss : 0.03351 , acc : 0.989 , elapse : 0.03875 min
[ Epoch 45 ]  - Training     loss : 0.01912 , acc : 0.990 , elapse : 0.23101 min  - Validation   loss : 0.03335 , acc : 0.989 , elapse : 0.03877 min
[ Epoch 46 ]  - Training     loss : 0.01903 , acc : 0.990 , elapse : 0.23104 min  - Validation   loss : 0.03332 , acc : 0.989 , elapse : 0.03871 min    - [Info] The checkpoint file has been updated.
[ Epoch 47 ]  - Training     loss : 0.01916 , acc : 0.990 , elapse : 0.23101 min  - Validation   loss : 0.03329 , acc : 0.989 , elapse : 0.03867 min    - [Info] The checkpoint file has been updated.
[ Epoch 48 ]  - Training     loss : 0.01900 , acc : 0.990 , elapse : 0.23071 min  - Validation   loss : 0.03327 , acc : 0.989 , elapse : 0.03866 min
[ Epoch 49 ]  - Training     loss : 0.02120 , acc : 0.989 , elapse : 0.23084 min  - Validation   loss : 0.03528 , acc : 0.988 , elapse : 0.03863 min
[ Epoch 50 ]  - Training     loss : 0.02182 , acc : 0.989 , elapse : 0.23076 min  - Validation   loss : 0.03542 , acc : 0.989 , elapse : 0.03863 min
[ Epoch 51 ]  - Training     loss : 0.02070 , acc : 0.990 , elapse : 0.23079 min  - Validation   loss : 0.03458 , acc : 0.989 , elapse : 0.03861 min
[ Epoch 52 ]  - Training     loss : 0.01994 , acc : 0.990 , elapse : 0.23079 min  - Validation   loss : 0.03474 , acc : 0.989 , elapse : 0.03870 min
[ Epoch 53 ]  - Training     loss : 0.01927 , acc : 0.990 , elapse : 0.23083 min  - Validation   loss : 0.03408 , acc : 0.989 , elapse : 0.03867 min
[ Epoch 54 ]  - Training     loss : 0.01844 , acc : 0.990 , elapse : 0.23059 min  - Validation   loss : 0.03519 , acc : 0.989 , elapse : 0.03858 min
[ Epoch 55 ]  - Training     loss : 0.01862 , acc : 0.990 , elapse : 0.23072 min  - Validation   loss : 0.03438 , acc : 0.989 , elapse : 0.03873 min
[ Epoch 56 ]  - Training     loss : 0.01719 , acc : 0.991 , elapse : 0.23087 min  - Validation   loss : 0.03255 , acc : 0.990 , elapse : 0.03863 min    - [Info] The checkpoint file has been updated.
[ Epoch 57 ]  - Training     loss : 0.01623 , acc : 0.992 , elapse : 0.23083 min  - Validation   loss : 0.03238 , acc : 0.990 , elapse : 0.03862 min    - [Info] The checkpoint file has been updated.
[ Epoch 58 ]  - Training     loss : 0.01566 , acc : 0.992 , elapse : 0.23242 min  - Validation   loss : 0.03175 , acc : 0.990 , elapse : 0.03864 min
[ Epoch 59 ]  - Training     loss : 0.01549 , acc : 0.992 , elapse : 0.23078 min  - Validation   loss : 0.03180 , acc : 0.990 , elapse : 0.03866 min
[ Epoch 60 ]  - Training     loss : 0.01462 , acc : 0.992 , elapse : 0.23089 min  - Validation   loss : 0.03119 , acc : 0.990 , elapse : 0.03868 min    - [Info] The checkpoint file has been updated.
[ Epoch 61 ]  - Training     loss : 0.01422 , acc : 0.992 , elapse : 0.23068 min  - Validation   loss : 0.03174 , acc : 0.990 , elapse : 0.03876 min
[ Epoch 62 ]  - Training     loss : 0.01324 , acc : 0.993 , elapse : 0.23096 min  - Validation   loss : 0.03147 , acc : 0.990 , elapse : 0.03878 min
[ Epoch 63 ]  - Training     loss : 0.01280 , acc : 0.993 , elapse : 0.23098 min  - Validation   loss : 0.03123 , acc : 0.990 , elapse : 0.03872 min
[ Epoch 64 ]  - Training     loss : 0.01237 , acc : 0.993 , elapse : 0.23071 min  - Validation   loss : 0.03171 , acc : 0.990 , elapse : 0.03865 min
[ Epoch 65 ]  - Training     loss : 0.01199 , acc : 0.993 , elapse : 0.23041 min  - Validation   loss : 0.03071 , acc : 0.990 , elapse : 0.03852 min    - [Info] The checkpoint file has been updated.
[ Epoch 66 ]  - Training     loss : 0.01159 , acc : 0.993 , elapse : 0.23055 min  - Validation   loss : 0.03096 , acc : 0.991 , elapse : 0.03871 min
[ Epoch 67 ]  - Training     loss : 0.01119 , acc : 0.994 , elapse : 0.23058 min  - Validation   loss : 0.03090 , acc : 0.991 , elapse : 0.03873 min
[ Epoch 68 ]  - Training     loss : 0.01055 , acc : 0.994 , elapse : 0.23064 min  - Validation   loss : 0.02950 , acc : 0.991 , elapse : 0.03922 min    - [Info] The checkpoint file has been updated.
[ Epoch 69 ]  - Training     loss : 0.01018 , acc : 0.994 , elapse : 0.23554 min  - Validation   loss : 0.02941 , acc : 0.991 , elapse : 0.03857 min    - [Info] The checkpoint file has been updated.
[ Epoch 70 ]  - Training     loss : 0.00981 , acc : 0.994 , elapse : 0.23042 min  - Validation   loss : 0.03005 , acc : 0.991 , elapse : 0.03865 min
[ Epoch 71 ]  - Training     loss : 0.00974 , acc : 0.994 , elapse : 0.23073 min  - Validation   loss : 0.03023 , acc : 0.991 , elapse : 0.03876 min
[ Epoch 72 ]  - Training     loss : 0.00917 , acc : 0.995 , elapse : 0.23097 min  - Validation   loss : 0.02953 , acc : 0.991 , elapse : 0.03873 min
[ Epoch 73 ]  - Training     loss : 0.00897 , acc : 0.995 , elapse : 0.23100 min  - Validation   loss : 0.02914 , acc : 0.991 , elapse : 0.03885 min
[ Epoch 74 ]  - Training     loss : 0.00834 , acc : 0.995 , elapse : 0.23092 min  - Validation   loss : 0.02989 , acc : 0.991 , elapse : 0.03873 min
[ Epoch 75 ]  - Training     loss : 0.00846 , acc : 0.995 , elapse : 0.23084 min  - Validation   loss : 0.03123 , acc : 0.991 , elapse : 0.03871 min
[ Epoch 76 ]  - Training     loss : 0.00798 , acc : 0.995 , elapse : 0.23083 min  - Validation   loss : 0.02993 , acc : 0.991 , elapse : 0.03874 min
[ Epoch 77 ]  - Training     loss : 0.00777 , acc : 0.995 , elapse : 0.23253 min  - Validation   loss : 0.02993 , acc : 0.991 , elapse : 0.03878 min
[ Epoch 78 ]  - Training     loss : 0.00751 , acc : 0.996 , elapse : 0.23095 min  - Validation   loss : 0.02878 , acc : 0.991 , elapse : 0.03876 min    - [Info] The checkpoint file has been updated.
[ Epoch 79 ]  - Training     loss : 0.00746 , acc : 0.996 , elapse : 0.23111 min  - Validation   loss : 0.02907 , acc : 0.991 , elapse : 0.03883 min
[ Epoch 80 ]  - Training     loss : 0.00716 , acc : 0.996 , elapse : 0.23101 min  - Validation   loss : 0.02850 , acc : 0.992 , elapse : 0.03878 min    - [Info] The checkpoint file has been updated.
[ Epoch 81 ]  - Training     loss : 0.00692 , acc : 0.996 , elapse : 0.23109 min  - Validation   loss : 0.02907 , acc : 0.992 , elapse : 0.03870 min
[ Epoch 82 ]  - Training     loss : 0.00679 , acc : 0.996 , elapse : 0.23107 min  - Validation   loss : 0.02918 , acc : 0.991 , elapse : 0.03874 min
[ Epoch 83 ]  - Training     loss : 0.00672 , acc : 0.996 , elapse : 0.23089 min  - Validation   loss : 0.02933 , acc : 0.992 , elapse : 0.03872 min
[ Epoch 84 ]  - Training     loss : 0.00638 , acc : 0.996 , elapse : 0.23091 min  - Validation   loss : 0.02914 , acc : 0.992 , elapse : 0.03868 min
[ Epoch 85 ]  - Training     loss : 0.00634 , acc : 0.996 , elapse : 0.23077 min  - Validation   loss : 0.02942 , acc : 0.992 , elapse : 0.03863 min
[ Epoch 86 ]  - Training     loss : 0.00624 , acc : 0.996 , elapse : 0.23094 min  - Validation   loss : 0.02891 , acc : 0.992 , elapse : 0.03867 min
[ Epoch 87 ]  - Training     loss : 0.00633 , acc : 0.996 , elapse : 0.23073 min  - Validation   loss : 0.02907 , acc : 0.992 , elapse : 0.03873 min
[ Epoch 88 ]  - Training     loss : 0.00616 , acc : 0.996 , elapse : 0.23087 min  - Validation   loss : 0.02904 , acc : 0.992 , elapse : 0.03864 min
[ Epoch 89 ]  - Training     loss : 0.00610 , acc : 0.996 , elapse : 0.23066 min  - Validation   loss : 0.02888 , acc : 0.992 , elapse : 0.03867 min
[ Epoch 90 ]  - Training     loss : 0.00592 , acc : 0.996 , elapse : 0.23074 min  - Validation   loss : 0.02901 , acc : 0.992 , elapse : 0.03872 min
[ Epoch 91 ]  - Training     loss : 0.00599 , acc : 0.996 , elapse : 0.23089 min  - Validation   loss : 0.02870 , acc : 0.992 , elapse : 0.03869 min
[ Epoch 92 ]  - Training     loss : 0.00595 , acc : 0.996 , elapse : 0.23090 min  - Validation   loss : 0.02856 , acc : 0.992 , elapse : 0.03869 min
[ Epoch 93 ]  - Training     loss : 0.00587 , acc : 0.996 , elapse : 0.23093 min  - Validation   loss : 0.02873 , acc : 0.992 , elapse : 0.03871 min
[ Epoch 94 ]  - Training     loss : 0.00586 , acc : 0.996 , elapse : 0.23088 min  - Validation   loss : 0.02871 , acc : 0.992 , elapse : 0.03864 min
[ Epoch 95 ]  - Training     loss : 0.00581 , acc : 0.996 , elapse : 0.23170 min  - Validation   loss : 0.02874 , acc : 0.992 , elapse : 0.03863 min
[ Epoch 96 ]  - Training     loss : 0.00587 , acc : 0.997 , elapse : 0.23059 min  - Validation   loss : 0.02867 , acc : 0.992 , elapse : 0.03865 min
[ Epoch 97 ]  - Training     loss : 0.00582 , acc : 0.997 , elapse : 0.23035 min  - Validation   loss : 0.02865 , acc : 0.992 , elapse : 0.03854 min
[ Epoch 98 ]  - Training     loss : 0.00731 , acc : 0.996 , elapse : 0.23042 min  - Validation   loss : 0.03290 , acc : 0.991 , elapse : 0.03865 min
[ Epoch 99 ]  - Training     loss : 0.00787 , acc : 0.995 , elapse : 0.23157 min  - Validation   loss : 0.03098 , acc : 0.991 , elapse : 0.04020 min
Finish training ~ v ~
~~~~~~~~~~~~~~~~~~~~~~~~~~~~~
1th fold (total : 5)
Create model...
Start training...
[ Epoch 0 ]  - Training     loss : 0.25491 , acc : 0.918 , elapse : 0.23238 min  - Validation   loss : 0.19964 , acc : 0.932 , elapse : 0.03873 min    - [Info] The checkpoint file has been updated.
[ Epoch 1 ]  - Training     loss : 0.18419 , acc : 0.940 , elapse : 0.23105 min  - Validation   loss : 0.15222 , acc : 0.950 , elapse : 0.03881 min    - [Info] The checkpoint file has been updated.
[ Epoch 2 ]  - Training     loss : 0.14411 , acc : 0.953 , elapse : 0.23139 min  - Validation   loss : 0.13448 , acc : 0.954 , elapse : 0.03884 min    - [Info] The checkpoint file has been updated.
[ Epoch 3 ]  - Training     loss : 0.12497 , acc : 0.958 , elapse : 0.23309 min  - Validation   loss : 0.10761 , acc : 0.963 , elapse : 0.03878 min    - [Info] The checkpoint file has been updated.
[ Epoch 4 ]  - Training     loss : 0.10364 , acc : 0.964 , elapse : 0.23143 min  - Validation   loss : 0.09436 , acc : 0.968 , elapse : 0.03894 min    - [Info] The checkpoint file has been updated.
[ Epoch 5 ]  - Training     loss : 0.09483 , acc : 0.967 , elapse : 0.23153 min  - Validation   loss : 0.09177 , acc : 0.969 , elapse : 0.03885 min    - [Info] The checkpoint file has been updated.
[ Epoch 6 ]  - Training     loss : 0.09152 , acc : 0.968 , elapse : 0.23153 min  - Validation   loss : 0.08172 , acc : 0.972 , elapse : 0.03901 min    - [Info] The checkpoint file has been updated.
[ Epoch 7 ]  - Training     loss : 0.08188 , acc : 0.972 , elapse : 0.23246 min  - Validation   loss : 0.07506 , acc : 0.974 , elapse : 0.03901 min    - [Info] The checkpoint file has been updated.
[ Epoch 8 ]  - Training     loss : 0.07389 , acc : 0.974 , elapse : 0.23169 min  - Validation   loss : 0.06933 , acc : 0.975 , elapse : 0.03894 min    - [Info] The checkpoint file has been updated.
[ Epoch 9 ]  - Training     loss : 0.06826 , acc : 0.976 , elapse : 0.23210 min  - Validation   loss : 0.06669 , acc : 0.976 , elapse : 0.03901 min    - [Info] The checkpoint file has been updated.
[ Epoch 10 ]  - Training     loss : 0.06518 , acc : 0.976 , elapse : 0.23213 min  - Validation   loss : 0.06449 , acc : 0.977 , elapse : 0.03906 min    - [Info] The checkpoint file has been updated.
[ Epoch 11 ]  - Training     loss : 0.06307 , acc : 0.977 , elapse : 0.23220 min  - Validation   loss : 0.06409 , acc : 0.977 , elapse : 0.03904 min    - [Info] The checkpoint file has been updated.
[ Epoch 12 ]  - Training     loss : 0.06458 , acc : 0.976 , elapse : 0.23213 min  - Validation   loss : 0.06246 , acc : 0.977 , elapse : 0.03905 min    - [Info] The checkpoint file has been updated.
[ Epoch 13 ]  - Training     loss : 0.06079 , acc : 0.978 , elapse : 0.23232 min  - Validation   loss : 0.05920 , acc : 0.979 , elapse : 0.03893 min    - [Info] The checkpoint file has been updated.
[ Epoch 14 ]  - Training     loss : 0.05697 , acc : 0.979 , elapse : 0.23282 min  - Validation   loss : 0.05665 , acc : 0.980 , elapse : 0.03885 min    - [Info] The checkpoint file has been updated.
[ Epoch 15 ]  - Training     loss : 0.05301 , acc : 0.980 , elapse : 0.23173 min  - Validation   loss : 0.05387 , acc : 0.980 , elapse : 0.03884 min    - [Info] The checkpoint file has been updated.
[ Epoch 16 ]  - Training     loss : 0.04949 , acc : 0.981 , elapse : 0.23171 min  - Validation   loss : 0.05199 , acc : 0.981 , elapse : 0.03890 min    - [Info] The checkpoint file has been updated.
[ Epoch 17 ]  - Training     loss : 0.04621 , acc : 0.982 , elapse : 0.23163 min  - Validation   loss : 0.04975 , acc : 0.982 , elapse : 0.03889 min    - [Info] The checkpoint file has been updated.
[ Epoch 18 ]  - Training     loss : 0.04430 , acc : 0.982 , elapse : 0.23155 min  - Validation   loss : 0.04828 , acc : 0.982 , elapse : 0.03881 min    - [Info] The checkpoint file has been updated.
[ Epoch 19 ]  - Training     loss : 0.04235 , acc : 0.983 , elapse : 0.23148 min  - Validation   loss : 0.04737 , acc : 0.982 , elapse : 0.03888 min    - [Info] The checkpoint file has been updated.
[ Epoch 20 ]  - Training     loss : 0.04106 , acc : 0.984 , elapse : 0.23171 min  - Validation   loss : 0.04613 , acc : 0.983 , elapse : 0.03884 min    - [Info] The checkpoint file has been updated.
[ Epoch 21 ]  - Training     loss : 0.03956 , acc : 0.984 , elapse : 0.23163 min  - Validation   loss : 0.04576 , acc : 0.983 , elapse : 0.03887 min    - [Info] The checkpoint file has been updated.
[ Epoch 22 ]  - Training     loss : 0.03898 , acc : 0.984 , elapse : 0.23172 min  - Validation   loss : 0.04555 , acc : 0.983 , elapse : 0.03893 min    - [Info] The checkpoint file has been updated.
[ Epoch 23 ]  - Training     loss : 0.03825 , acc : 0.984 , elapse : 0.23185 min  - Validation   loss : 0.04539 , acc : 0.983 , elapse : 0.03880 min    - [Info] The checkpoint file has been updated.
[ Epoch 24 ]  - Training     loss : 0.03966 , acc : 0.984 , elapse : 0.23160 min  - Validation   loss : 0.04744 , acc : 0.983 , elapse : 0.03882 min
[ Epoch 25 ]  - Training     loss : 0.04168 , acc : 0.983 , elapse : 0.23162 min  - Validation   loss : 0.04558 , acc : 0.983 , elapse : 0.03894 min
[ Epoch 26 ]  - Training     loss : 0.03863 , acc : 0.984 , elapse : 0.23175 min  - Validation   loss : 0.04446 , acc : 0.984 , elapse : 0.03890 min    - [Info] The checkpoint file has been updated.
[ Epoch 27 ]  - Training     loss : 0.03718 , acc : 0.984 , elapse : 0.23183 min  - Validation   loss : 0.04329 , acc : 0.985 , elapse : 0.03885 min    - [Info] The checkpoint file has been updated.
[ Epoch 28 ]  - Training     loss : 0.03446 , acc : 0.985 , elapse : 0.23164 min  - Validation   loss : 0.04244 , acc : 0.985 , elapse : 0.03882 min    - [Info] The checkpoint file has been updated.
[ Epoch 29 ]  - Training     loss : 0.03299 , acc : 0.985 , elapse : 0.23138 min  - Validation   loss : 0.04016 , acc : 0.985 , elapse : 0.03878 min    - [Info] The checkpoint file has been updated.
[ Epoch 30 ]  - Training     loss : 0.03159 , acc : 0.986 , elapse : 0.23180 min  - Validation   loss : 0.03956 , acc : 0.986 , elapse : 0.03889 min    - [Info] The checkpoint file has been updated.
[ Epoch 31 ]  - Training     loss : 0.02984 , acc : 0.987 , elapse : 0.23216 min  - Validation   loss : 0.03937 , acc : 0.986 , elapse : 0.03890 min    - [Info] The checkpoint file has been updated.
[ Epoch 32 ]  - Training     loss : 0.02819 , acc : 0.987 , elapse : 0.23312 min  - Validation   loss : 0.03812 , acc : 0.986 , elapse : 0.03900 min    - [Info] The checkpoint file has been updated.
[ Epoch 33 ]  - Training     loss : 0.02688 , acc : 0.987 , elapse : 0.23178 min  - Validation   loss : 0.03750 , acc : 0.987 , elapse : 0.03893 min    - [Info] The checkpoint file has been updated.
[ Epoch 34 ]  - Training     loss : 0.02583 , acc : 0.988 , elapse : 0.23227 min  - Validation   loss : 0.03708 , acc : 0.987 , elapse : 0.03903 min    - [Info] The checkpoint file has been updated.
[ Epoch 35 ]  - Training     loss : 0.02444 , acc : 0.988 , elapse : 0.23210 min  - Validation   loss : 0.03671 , acc : 0.987 , elapse : 0.03895 min    - [Info] The checkpoint file has been updated.
[ Epoch 36 ]  - Training     loss : 0.02375 , acc : 0.989 , elapse : 0.23173 min  - Validation   loss : 0.03579 , acc : 0.987 , elapse : 0.03884 min    - [Info] The checkpoint file has been updated.
[ Epoch 37 ]  - Training     loss : 0.02276 , acc : 0.989 , elapse : 0.23124 min  - Validation   loss : 0.03521 , acc : 0.987 , elapse : 0.03880 min    - [Info] The checkpoint file has been updated.
[ Epoch 38 ]  - Training     loss : 0.02180 , acc : 0.989 , elapse : 0.23162 min  - Validation   loss : 0.03531 , acc : 0.987 , elapse : 0.03882 min
[ Epoch 39 ]  - Training     loss : 0.02103 , acc : 0.990 , elapse : 0.23148 min  - Validation   loss : 0.03398 , acc : 0.988 , elapse : 0.03874 min    - [Info] The checkpoint file has been updated.
[ Epoch 40 ]  - Training     loss : 0.02009 , acc : 0.990 , elapse : 0.23456 min  - Validation   loss : 0.03389 , acc : 0.988 , elapse : 0.03994 min
[ Epoch 41 ]  - Training     loss : 0.02009 , acc : 0.990 , elapse : 0.23342 min  - Validation   loss : 0.03434 , acc : 0.988 , elapse : 0.03876 min
[ Epoch 42 ]  - Training     loss : 0.01925 , acc : 0.990 , elapse : 0.23146 min  - Validation   loss : 0.03408 , acc : 0.988 , elapse : 0.03881 min
[ Epoch 43 ]  - Training     loss : 0.01924 , acc : 0.990 , elapse : 0.23267 min  - Validation   loss : 0.03382 , acc : 0.988 , elapse : 0.03906 min    - [Info] The checkpoint file has been updated.
[ Epoch 44 ]  - Training     loss : 0.01880 , acc : 0.990 , elapse : 0.23208 min  - Validation   loss : 0.03372 , acc : 0.988 , elapse : 0.03908 min
[ Epoch 45 ]  - Training     loss : 0.01869 , acc : 0.991 , elapse : 0.23212 min  - Validation   loss : 0.03367 , acc : 0.988 , elapse : 0.03905 min
[ Epoch 46 ]  - Training     loss : 0.01854 , acc : 0.991 , elapse : 0.23228 min  - Validation   loss : 0.03357 , acc : 0.988 , elapse : 0.03902 min
[ Epoch 47 ]  - Training     loss : 0.01811 , acc : 0.991 , elapse : 0.23211 min  - Validation   loss : 0.03352 , acc : 0.988 , elapse : 0.03904 min    - [Info] The checkpoint file has been updated.
[ Epoch 48 ]  - Training     loss : 0.01837 , acc : 0.991 , elapse : 0.23236 min  - Validation   loss : 0.03352 , acc : 0.988 , elapse : 0.03897 min
[ Epoch 49 ]  - Training     loss : 0.02070 , acc : 0.990 , elapse : 0.23196 min  - Validation   loss : 0.03538 , acc : 0.988 , elapse : 0.03889 min
[ Epoch 50 ]  - Training     loss : 0.02181 , acc : 0.989 , elapse : 0.23208 min  - Validation   loss : 0.03678 , acc : 0.988 , elapse : 0.04074 min
[ Epoch 51 ]  - Training     loss : 0.02006 , acc : 0.990 , elapse : 0.23223 min  - Validation   loss : 0.03479 , acc : 0.988 , elapse : 0.03899 min
[ Epoch 52 ]  - Training     loss : 0.01899 , acc : 0.990 , elapse : 0.23235 min  - Validation   loss : 0.03438 , acc : 0.988 , elapse : 0.03906 min
[ Epoch 53 ]  - Training     loss : 0.01917 , acc : 0.990 , elapse : 0.23223 min  - Validation   loss : 0.03425 , acc : 0.988 , elapse : 0.03900 min
[ Epoch 54 ]  - Training     loss : 0.01766 , acc : 0.991 , elapse : 0.23212 min  - Validation   loss : 0.03336 , acc : 0.989 , elapse : 0.03891 min    - [Info] The checkpoint file has been updated.
[ Epoch 55 ]  - Training     loss : 0.01733 , acc : 0.991 , elapse : 0.23170 min  - Validation   loss : 0.03327 , acc : 0.988 , elapse : 0.03892 min
[ Epoch 56 ]  - Training     loss : 0.01613 , acc : 0.991 , elapse : 0.23183 min  - Validation   loss : 0.03368 , acc : 0.989 , elapse : 0.03889 min
[ Epoch 57 ]  - Training     loss : 0.01623 , acc : 0.992 , elapse : 0.23208 min  - Validation   loss : 0.03353 , acc : 0.989 , elapse : 0.03889 min
[ Epoch 58 ]  - Training     loss : 0.01525 , acc : 0.992 , elapse : 0.23157 min  - Validation   loss : 0.03210 , acc : 0.989 , elapse : 0.03880 min    - [Info] The checkpoint file has been updated.
[ Epoch 59 ]  - Training     loss : 0.01481 , acc : 0.992 , elapse : 0.23177 min  - Validation   loss : 0.03241 , acc : 0.989 , elapse : 0.03887 min
[ Epoch 60 ]  - Training     loss : 0.01459 , acc : 0.992 , elapse : 0.23181 min  - Validation   loss : 0.03166 , acc : 0.989 , elapse : 0.03888 min
[ Epoch 61 ]  - Training     loss : 0.01342 , acc : 0.993 , elapse : 0.23160 min  - Validation   loss : 0.03107 , acc : 0.989 , elapse : 0.03884 min
[ Epoch 62 ]  - Training     loss : 0.01280 , acc : 0.993 , elapse : 0.23159 min  - Validation   loss : 0.03170 , acc : 0.989 , elapse : 0.03884 min
[ Epoch 63 ]  - Training     loss : 0.01226 , acc : 0.993 , elapse : 0.23179 min  - Validation   loss : 0.03047 , acc : 0.990 , elapse : 0.03887 min    - [Info] The checkpoint file has been updated.
[ Epoch 64 ]  - Training     loss : 0.01190 , acc : 0.993 , elapse : 0.23177 min  - Validation   loss : 0.03072 , acc : 0.990 , elapse : 0.03896 min
[ Epoch 65 ]  - Training     loss : 0.01137 , acc : 0.994 , elapse : 0.23186 min  - Validation   loss : 0.03054 , acc : 0.990 , elapse : 0.03888 min
[ Epoch 66 ]  - Training     loss : 0.01055 , acc : 0.994 , elapse : 0.23159 min  - Validation   loss : 0.03031 , acc : 0.990 , elapse : 0.03894 min    - [Info] The checkpoint file has been updated.
[ Epoch 67 ]  - Training     loss : 0.01073 , acc : 0.994 , elapse : 0.23185 min  - Validation   loss : 0.03055 , acc : 0.990 , elapse : 0.03893 min
[ Epoch 68 ]  - Training     loss : 0.01001 , acc : 0.994 , elapse : 0.23190 min  - Validation   loss : 0.03065 , acc : 0.990 , elapse : 0.03888 min
[ Epoch 69 ]  - Training     loss : 0.00992 , acc : 0.994 , elapse : 0.23355 min  - Validation   loss : 0.03055 , acc : 0.990 , elapse : 0.03900 min
[ Epoch 70 ]  - Training     loss : 0.00943 , acc : 0.994 , elapse : 0.23189 min  - Validation   loss : 0.03067 , acc : 0.990 , elapse : 0.03896 min
[ Epoch 71 ]  - Training     loss : 0.00897 , acc : 0.995 , elapse : 0.23137 min  - Validation   loss : 0.03068 , acc : 0.990 , elapse : 0.03889 min
[ Epoch 72 ]  - Training     loss : 0.00883 , acc : 0.995 , elapse : 0.23135 min  - Validation   loss : 0.03057 , acc : 0.990 , elapse : 0.03872 min
[ Epoch 73 ]  - Training     loss : 0.00841 , acc : 0.995 , elapse : 0.23106 min  - Validation   loss : 0.02950 , acc : 0.991 , elapse : 0.03880 min    - [Info] The checkpoint file has been updated.
[ Epoch 74 ]  - Training     loss : 0.00840 , acc : 0.995 , elapse : 0.23119 min  - Validation   loss : 0.03027 , acc : 0.991 , elapse : 0.03894 min
[ Epoch 75 ]  - Training     loss : 0.00797 , acc : 0.995 , elapse : 0.23429 min  - Validation   loss : 0.03006 , acc : 0.991 , elapse : 0.03890 min
[ Epoch 76 ]  - Training     loss : 0.00777 , acc : 0.995 , elapse : 0.23143 min  - Validation   loss : 0.02931 , acc : 0.991 , elapse : 0.03886 min
[ Epoch 77 ]  - Training     loss : 0.00752 , acc : 0.996 , elapse : 0.23182 min  - Validation   loss : 0.02979 , acc : 0.991 , elapse : 0.03906 min
[ Epoch 78 ]  - Training     loss : 0.00720 , acc : 0.996 , elapse : 0.23244 min  - Validation   loss : 0.02920 , acc : 0.991 , elapse : 0.03900 min    - [Info] The checkpoint file has been updated.
[ Epoch 79 ]  - Training     loss : 0.00685 , acc : 0.996 , elapse : 0.23225 min  - Validation   loss : 0.02975 , acc : 0.991 , elapse : 0.03895 min
[ Epoch 80 ]  - Training     loss : 0.00676 , acc : 0.996 , elapse : 0.23223 min  - Validation   loss : 0.02948 , acc : 0.991 , elapse : 0.03899 min
[ Epoch 81 ]  - Training     loss : 0.00669 , acc : 0.996 , elapse : 0.23225 min  - Validation   loss : 0.02992 , acc : 0.991 , elapse : 0.03898 min
[ Epoch 82 ]  - Training     loss : 0.00660 , acc : 0.996 , elapse : 0.23240 min  - Validation   loss : 0.02976 , acc : 0.991 , elapse : 0.03908 min
[ Epoch 83 ]  - Training     loss : 0.00651 , acc : 0.996 , elapse : 0.23225 min  - Validation   loss : 0.02994 , acc : 0.991 , elapse : 0.03899 min
[ Epoch 84 ]  - Training     loss : 0.00632 , acc : 0.996 , elapse : 0.23196 min  - Validation   loss : 0.02927 , acc : 0.991 , elapse : 0.03896 min
[ Epoch 85 ]  - Training     loss : 0.00609 , acc : 0.996 , elapse : 0.23196 min  - Validation   loss : 0.02931 , acc : 0.991 , elapse : 0.03906 min
[ Epoch 86 ]  - Training     loss : 0.00621 , acc : 0.996 , elapse : 0.23232 min  - Validation   loss : 0.02956 , acc : 0.991 , elapse : 0.03900 min
[ Epoch 87 ]  - Training     loss : 0.00598 , acc : 0.996 , elapse : 0.23339 min  - Validation   loss : 0.02923 , acc : 0.991 , elapse : 0.03910 min
[ Epoch 88 ]  - Training     loss : 0.00584 , acc : 0.997 , elapse : 0.23232 min  - Validation   loss : 0.02928 , acc : 0.991 , elapse : 0.03908 min
[ Epoch 89 ]  - Training     loss : 0.00567 , acc : 0.997 , elapse : 0.23238 min  - Validation   loss : 0.02944 , acc : 0.991 , elapse : 0.03888 min
[ Epoch 90 ]  - Training     loss : 0.00571 , acc : 0.997 , elapse : 0.23202 min  - Validation   loss : 0.02936 , acc : 0.991 , elapse : 0.03891 min
[ Epoch 91 ]  - Training     loss : 0.00565 , acc : 0.997 , elapse : 0.23206 min  - Validation   loss : 0.02940 , acc : 0.991 , elapse : 0.03895 min
[ Epoch 92 ]  - Training     loss : 0.00555 , acc : 0.997 , elapse : 0.23211 min  - Validation   loss : 0.02944 , acc : 0.991 , elapse : 0.03888 min
[ Epoch 93 ]  - Training     loss : 0.00556 , acc : 0.997 , elapse : 0.23174 min  - Validation   loss : 0.02937 , acc : 0.991 , elapse : 0.03886 min
[ Epoch 94 ]  - Training     loss : 0.00556 , acc : 0.997 , elapse : 0.23151 min  - Validation   loss : 0.02933 , acc : 0.991 , elapse : 0.03886 min
[ Epoch 95 ]  - Training     loss : 0.00561 , acc : 0.997 , elapse : 0.23151 min  - Validation   loss : 0.02936 , acc : 0.991 , elapse : 0.03886 min
[ Epoch 96 ]  - Training     loss : 0.00565 , acc : 0.997 , elapse : 0.23176 min  - Validation   loss : 0.02937 , acc : 0.991 , elapse : 0.03889 min
[ Epoch 97 ]  - Training     loss : 0.00561 , acc : 0.997 , elapse : 0.23170 min  - Validation   loss : 0.02937 , acc : 0.991 , elapse : 0.03885 min
[ Epoch 98 ]  - Training     loss : 0.00651 , acc : 0.996 , elapse : 0.23173 min  - Validation   loss : 0.03122 , acc : 0.990 , elapse : 0.03900 min
[ Epoch 99 ]  - Training     loss : 0.00777 , acc : 0.995 , elapse : 0.23195 min  - Validation   loss : 0.03127 , acc : 0.990 , elapse : 0.03895 min
Finish training ~ v ~
~~~~~~~~~~~~~~~~~~~~~~~~~~~~~
2th fold (total : 5)
Create model...
Start training...
[ Epoch 0 ]  - Training     loss : 0.25371 , acc : 0.921 , elapse : 0.23350 min  - Validation   loss : 0.20239 , acc : 0.935 , elapse : 0.03887 min    - [Info] The checkpoint file has been updated.
[ Epoch 1 ]  - Training     loss : 0.18314 , acc : 0.941 , elapse : 0.23157 min  - Validation   loss : 0.15393 , acc : 0.950 , elapse : 0.03883 min    - [Info] The checkpoint file has been updated.
[ Epoch 2 ]  - Training     loss : 0.14322 , acc : 0.953 , elapse : 0.23173 min  - Validation   loss : 0.13477 , acc : 0.956 , elapse : 0.03892 min    - [Info] The checkpoint file has been updated.
[ Epoch 3 ]  - Training     loss : 0.12401 , acc : 0.959 , elapse : 0.23186 min  - Validation   loss : 0.10650 , acc : 0.965 , elapse : 0.03880 min    - [Info] The checkpoint file has been updated.
[ Epoch 4 ]  - Training     loss : 0.10207 , acc : 0.966 , elapse : 0.23121 min  - Validation   loss : 0.09339 , acc : 0.970 , elapse : 0.03868 min    - [Info] The checkpoint file has been updated.
[ Epoch 5 ]  - Training     loss : 0.09338 , acc : 0.969 , elapse : 0.23091 min  - Validation   loss : 0.09072 , acc : 0.971 , elapse : 0.03876 min    - [Info] The checkpoint file has been updated.
[ Epoch 6 ]  - Training     loss : 0.09062 , acc : 0.970 , elapse : 0.23280 min  - Validation   loss : 0.08192 , acc : 0.973 , elapse : 0.03883 min    - [Info] The checkpoint file has been updated.
[ Epoch 7 ]  - Training     loss : 0.07933 , acc : 0.973 , elapse : 0.23163 min  - Validation   loss : 0.07317 , acc : 0.976 , elapse : 0.03957 min    - [Info] The checkpoint file has been updated.
[ Epoch 8 ]  - Training     loss : 0.07204 , acc : 0.975 , elapse : 0.23325 min  - Validation   loss : 0.06858 , acc : 0.977 , elapse : 0.03873 min    - [Info] The checkpoint file has been updated.
[ Epoch 9 ]  - Training     loss : 0.06719 , acc : 0.976 , elapse : 0.23123 min  - Validation   loss : 0.06565 , acc : 0.978 , elapse : 0.03891 min    - [Info] The checkpoint file has been updated.
[ Epoch 10 ]  - Training     loss : 0.06403 , acc : 0.977 , elapse : 0.23193 min  - Validation   loss : 0.06275 , acc : 0.979 , elapse : 0.03904 min    - [Info] The checkpoint file has been updated.
[ Epoch 11 ]  - Training     loss : 0.06238 , acc : 0.978 , elapse : 0.23249 min  - Validation   loss : 0.06239 , acc : 0.979 , elapse : 0.03898 min    - [Info] The checkpoint file has been updated.
[ Epoch 12 ]  - Training     loss : 0.06321 , acc : 0.978 , elapse : 0.23195 min  - Validation   loss : 0.06209 , acc : 0.979 , elapse : 0.03902 min    - [Info] The checkpoint file has been updated.
[ Epoch 13 ]  - Training     loss : 0.05949 , acc : 0.978 , elapse : 0.23195 min  - Validation   loss : 0.05786 , acc : 0.980 , elapse : 0.03907 min    - [Info] The checkpoint file has been updated.
[ Epoch 14 ]  - Training     loss : 0.05605 , acc : 0.980 , elapse : 0.23151 min  - Validation   loss : 0.05453 , acc : 0.981 , elapse : 0.03893 min    - [Info] The checkpoint file has been updated.
[ Epoch 15 ]  - Training     loss : 0.05205 , acc : 0.981 , elapse : 0.23148 min  - Validation   loss : 0.05269 , acc : 0.982 , elapse : 0.03903 min    - [Info] The checkpoint file has been updated.
[ Epoch 16 ]  - Training     loss : 0.04929 , acc : 0.982 , elapse : 0.23183 min  - Validation   loss : 0.05047 , acc : 0.983 , elapse : 0.03900 min    - [Info] The checkpoint file has been updated.
[ Epoch 17 ]  - Training     loss : 0.04640 , acc : 0.982 , elapse : 0.23174 min  - Validation   loss : 0.04842 , acc : 0.983 , elapse : 0.03904 min    - [Info] The checkpoint file has been updated.
[ Epoch 18 ]  - Training     loss : 0.04400 , acc : 0.983 , elapse : 0.23225 min  - Validation   loss : 0.04745 , acc : 0.984 , elapse : 0.03910 min    - [Info] The checkpoint file has been updated.
[ Epoch 19 ]  - Training     loss : 0.04177 , acc : 0.984 , elapse : 0.23184 min  - Validation   loss : 0.04610 , acc : 0.985 , elapse : 0.03913 min    - [Info] The checkpoint file has been updated.
[ Epoch 20 ]  - Training     loss : 0.04040 , acc : 0.984 , elapse : 0.23238 min  - Validation   loss : 0.04522 , acc : 0.985 , elapse : 0.03911 min    - [Info] The checkpoint file has been updated.
[ Epoch 21 ]  - Training     loss : 0.03935 , acc : 0.984 , elapse : 0.23234 min  - Validation   loss : 0.04483 , acc : 0.985 , elapse : 0.03896 min    - [Info] The checkpoint file has been updated.
[ Epoch 22 ]  - Training     loss : 0.03821 , acc : 0.985 , elapse : 0.23171 min  - Validation   loss : 0.04475 , acc : 0.985 , elapse : 0.03897 min    - [Info] The checkpoint file has been updated.
[ Epoch 23 ]  - Training     loss : 0.03815 , acc : 0.985 , elapse : 0.23219 min  - Validation   loss : 0.04458 , acc : 0.985 , elapse : 0.03911 min
[ Epoch 24 ]  - Training     loss : 0.03907 , acc : 0.984 , elapse : 0.23282 min  - Validation   loss : 0.04725 , acc : 0.984 , elapse : 0.03939 min
[ Epoch 25 ]  - Training     loss : 0.04068 , acc : 0.984 , elapse : 0.23217 min  - Validation   loss : 0.04775 , acc : 0.985 , elapse : 0.03899 min
[ Epoch 26 ]  - Training     loss : 0.03878 , acc : 0.984 , elapse : 0.23184 min  - Validation   loss : 0.04451 , acc : 0.985 , elapse : 0.03897 min    - [Info] The checkpoint file has been updated.
[ Epoch 27 ]  - Training     loss : 0.03739 , acc : 0.985 , elapse : 0.23175 min  - Validation   loss : 0.04307 , acc : 0.986 , elapse : 0.03899 min    - [Info] The checkpoint file has been updated.
[ Epoch 28 ]  - Training     loss : 0.03485 , acc : 0.986 , elapse : 0.23230 min  - Validation   loss : 0.04194 , acc : 0.986 , elapse : 0.03897 min    - [Info] The checkpoint file has been updated.
[ Epoch 29 ]  - Training     loss : 0.03317 , acc : 0.986 , elapse : 0.23190 min  - Validation   loss : 0.04201 , acc : 0.986 , elapse : 0.03901 min
[ Epoch 30 ]  - Training     loss : 0.03114 , acc : 0.987 , elapse : 0.23198 min  - Validation   loss : 0.04101 , acc : 0.987 , elapse : 0.03901 min    - [Info] The checkpoint file has been updated.
[ Epoch 31 ]  - Training     loss : 0.02987 , acc : 0.987 , elapse : 0.23259 min  - Validation   loss : 0.04129 , acc : 0.987 , elapse : 0.03906 min
[ Epoch 32 ]  - Training     loss : 0.02822 , acc : 0.987 , elapse : 0.23181 min  - Validation   loss : 0.03893 , acc : 0.987 , elapse : 0.03931 min    - [Info] The checkpoint file has been updated.
[ Epoch 33 ]  - Training     loss : 0.02722 , acc : 0.988 , elapse : 0.23273 min  - Validation   loss : 0.03788 , acc : 0.987 , elapse : 0.03924 min    - [Info] The checkpoint file has been updated.
[ Epoch 34 ]  - Training     loss : 0.02587 , acc : 0.988 , elapse : 0.23259 min  - Validation   loss : 0.03765 , acc : 0.988 , elapse : 0.03941 min    - [Info] The checkpoint file has been updated.
[ Epoch 35 ]  - Training     loss : 0.02483 , acc : 0.989 , elapse : 0.23282 min  - Validation   loss : 0.03764 , acc : 0.988 , elapse : 0.03919 min    - [Info] The checkpoint file has been updated.
[ Epoch 36 ]  - Training     loss : 0.02350 , acc : 0.989 , elapse : 0.23283 min  - Validation   loss : 0.03676 , acc : 0.988 , elapse : 0.03912 min    - [Info] The checkpoint file has been updated.
[ Epoch 37 ]  - Training     loss : 0.02264 , acc : 0.989 , elapse : 0.23422 min  - Validation   loss : 0.03656 , acc : 0.988 , elapse : 0.03895 min
[ Epoch 38 ]  - Training     loss : 0.02182 , acc : 0.990 , elapse : 0.23245 min  - Validation   loss : 0.03606 , acc : 0.988 , elapse : 0.03919 min    - [Info] The checkpoint file has been updated.
[ Epoch 39 ]  - Training     loss : 0.02124 , acc : 0.990 , elapse : 0.23290 min  - Validation   loss : 0.03582 , acc : 0.988 , elapse : 0.03921 min    - [Info] The checkpoint file has been updated.
[ Epoch 40 ]  - Training     loss : 0.02010 , acc : 0.990 , elapse : 0.23223 min  - Validation   loss : 0.03568 , acc : 0.988 , elapse : 0.03900 min    - [Info] The checkpoint file has been updated.
[ Epoch 41 ]  - Training     loss : 0.01988 , acc : 0.990 , elapse : 0.23215 min  - Validation   loss : 0.03502 , acc : 0.988 , elapse : 0.03914 min
[ Epoch 42 ]  - Training     loss : 0.01956 , acc : 0.990 , elapse : 0.23214 min  - Validation   loss : 0.03468 , acc : 0.989 , elapse : 0.03922 min    - [Info] The checkpoint file has been updated.
[ Epoch 43 ]  - Training     loss : 0.01932 , acc : 0.990 , elapse : 0.23343 min  - Validation   loss : 0.03478 , acc : 0.989 , elapse : 0.03911 min
[ Epoch 44 ]  - Training     loss : 0.01882 , acc : 0.991 , elapse : 0.23201 min  - Validation   loss : 0.03464 , acc : 0.989 , elapse : 0.03902 min    - [Info] The checkpoint file has been updated.
[ Epoch 45 ]  - Training     loss : 0.01866 , acc : 0.991 , elapse : 0.23199 min  - Validation   loss : 0.03458 , acc : 0.989 , elapse : 0.03913 min
[ Epoch 46 ]  - Training     loss : 0.01836 , acc : 0.991 , elapse : 0.23206 min  - Validation   loss : 0.03468 , acc : 0.989 , elapse : 0.03897 min
[ Epoch 47 ]  - Training     loss : 0.01825 , acc : 0.991 , elapse : 0.23174 min  - Validation   loss : 0.03467 , acc : 0.989 , elapse : 0.03898 min
[ Epoch 48 ]  - Training     loss : 0.01805 , acc : 0.991 , elapse : 0.23207 min  - Validation   loss : 0.03467 , acc : 0.989 , elapse : 0.03912 min
[ Epoch 49 ]  - Training     loss : 0.02100 , acc : 0.990 , elapse : 0.23215 min  - Validation   loss : 0.03562 , acc : 0.989 , elapse : 0.03913 min
[ Epoch 50 ]  - Training     loss : 0.02063 , acc : 0.990 , elapse : 0.23216 min  - Validation   loss : 0.03754 , acc : 0.988 , elapse : 0.03924 min
[ Epoch 51 ]  - Training     loss : 0.02047 , acc : 0.990 , elapse : 0.23188 min  - Validation   loss : 0.03659 , acc : 0.989 , elapse : 0.03899 min
[ Epoch 52 ]  - Training     loss : 0.01917 , acc : 0.990 , elapse : 0.23172 min  - Validation   loss : 0.03640 , acc : 0.988 , elapse : 0.03907 min
[ Epoch 53 ]  - Training     loss : 0.01836 , acc : 0.991 , elapse : 0.23185 min  - Validation   loss : 0.03563 , acc : 0.989 , elapse : 0.03905 min
[ Epoch 54 ]  - Training     loss : 0.01743 , acc : 0.991 , elapse : 0.23225 min  - Validation   loss : 0.03563 , acc : 0.989 , elapse : 0.03902 min
[ Epoch 55 ]  - Training     loss : 0.01712 , acc : 0.991 , elapse : 0.23190 min  - Validation   loss : 0.03569 , acc : 0.989 , elapse : 0.03913 min
[ Epoch 56 ]  - Training     loss : 0.01660 , acc : 0.991 , elapse : 0.23185 min  - Validation   loss : 0.03588 , acc : 0.989 , elapse : 0.03900 min
[ Epoch 57 ]  - Training     loss : 0.01555 , acc : 0.992 , elapse : 0.23175 min  - Validation   loss : 0.03494 , acc : 0.989 , elapse : 0.03906 min
[ Epoch 58 ]  - Training     loss : 0.01500 , acc : 0.992 , elapse : 0.23177 min  - Validation   loss : 0.03402 , acc : 0.989 , elapse : 0.03904 min    - [Info] The checkpoint file has been updated.
[ Epoch 59 ]  - Training     loss : 0.01462 , acc : 0.992 , elapse : 0.23218 min  - Validation   loss : 0.03448 , acc : 0.990 , elapse : 0.03904 min
[ Epoch 60 ]  - Training     loss : 0.01349 , acc : 0.993 , elapse : 0.23179 min  - Validation   loss : 0.03580 , acc : 0.989 , elapse : 0.03898 min
[ Epoch 61 ]  - Training     loss : 0.01352 , acc : 0.993 , elapse : 0.23314 min  - Validation   loss : 0.03399 , acc : 0.990 , elapse : 0.03910 min    - [Info] The checkpoint file has been updated.
[ Epoch 62 ]  - Training     loss : 0.01258 , acc : 0.993 , elapse : 0.23192 min  - Validation   loss : 0.03334 , acc : 0.990 , elapse : 0.03913 min    - [Info] The checkpoint file has been updated.
[ Epoch 63 ]  - Training     loss : 0.01198 , acc : 0.993 , elapse : 0.23228 min  - Validation   loss : 0.03393 , acc : 0.990 , elapse : 0.03904 min
[ Epoch 64 ]  - Training     loss : 0.01174 , acc : 0.993 , elapse : 0.23192 min  - Validation   loss : 0.03391 , acc : 0.990 , elapse : 0.03906 min
[ Epoch 65 ]  - Training     loss : 0.01136 , acc : 0.994 , elapse : 0.23181 min  - Validation   loss : 0.03462 , acc : 0.990 , elapse : 0.03899 min
[ Epoch 66 ]  - Training     loss : 0.01085 , acc : 0.994 , elapse : 0.23195 min  - Validation   loss : 0.03439 , acc : 0.990 , elapse : 0.03902 min
[ Epoch 67 ]  - Training     loss : 0.01043 , acc : 0.994 , elapse : 0.23177 min  - Validation   loss : 0.03403 , acc : 0.990 , elapse : 0.03900 min
[ Epoch 68 ]  - Training     loss : 0.01032 , acc : 0.994 , elapse : 0.23171 min  - Validation   loss : 0.03349 , acc : 0.990 , elapse : 0.03899 min
[ Epoch 69 ]  - Training     loss : 0.00951 , acc : 0.995 , elapse : 0.23168 min  - Validation   loss : 0.03402 , acc : 0.990 , elapse : 0.03923 min
[ Epoch 70 ]  - Training     loss : 0.00938 , acc : 0.995 , elapse : 0.23226 min  - Validation   loss : 0.03303 , acc : 0.990 , elapse : 0.03900 min
[ Epoch 71 ]  - Training     loss : 0.00914 , acc : 0.995 , elapse : 0.23198 min  - Validation   loss : 0.03419 , acc : 0.990 , elapse : 0.03937 min
[ Epoch 72 ]  - Training     loss : 0.00895 , acc : 0.995 , elapse : 0.23285 min  - Validation   loss : 0.03344 , acc : 0.991 , elapse : 0.03931 min
[ Epoch 73 ]  - Training     loss : 0.00842 , acc : 0.995 , elapse : 0.23273 min  - Validation   loss : 0.03308 , acc : 0.990 , elapse : 0.03939 min
[ Epoch 74 ]  - Training     loss : 0.00804 , acc : 0.995 , elapse : 0.23265 min  - Validation   loss : 0.03305 , acc : 0.991 , elapse : 0.03915 min
[ Epoch 75 ]  - Training     loss : 0.00800 , acc : 0.995 , elapse : 0.23245 min  - Validation   loss : 0.03263 , acc : 0.991 , elapse : 0.03902 min
[ Epoch 76 ]  - Training     loss : 0.00754 , acc : 0.996 , elapse : 0.23721 min  - Validation   loss : 0.03227 , acc : 0.991 , elapse : 0.03939 min
[ Epoch 77 ]  - Training     loss : 0.00734 , acc : 0.996 , elapse : 0.23201 min  - Validation   loss : 0.03234 , acc : 0.991 , elapse : 0.03879 min
[ Epoch 78 ]  - Training     loss : 0.00748 , acc : 0.996 , elapse : 0.23196 min  - Validation   loss : 0.03295 , acc : 0.991 , elapse : 0.03906 min
[ Epoch 79 ]  - Training     loss : 0.00709 , acc : 0.996 , elapse : 0.23230 min  - Validation   loss : 0.03214 , acc : 0.991 , elapse : 0.03992 min    - [Info] The checkpoint file has been updated.
[ Epoch 80 ]  - Training     loss : 0.00686 , acc : 0.996 , elapse : 0.23229 min  - Validation   loss : 0.03264 , acc : 0.991 , elapse : 0.03916 min
[ Epoch 81 ]  - Training     loss : 0.00658 , acc : 0.996 , elapse : 0.23207 min  - Validation   loss : 0.03278 , acc : 0.991 , elapse : 0.03911 min
[ Epoch 82 ]  - Training     loss : 0.00653 , acc : 0.996 , elapse : 0.23218 min  - Validation   loss : 0.03249 , acc : 0.991 , elapse : 0.03910 min
[ Epoch 83 ]  - Training     loss : 0.00640 , acc : 0.996 , elapse : 0.23211 min  - Validation   loss : 0.03265 , acc : 0.991 , elapse : 0.03918 min
[ Epoch 84 ]  - Training     loss : 0.00624 , acc : 0.996 , elapse : 0.23205 min  - Validation   loss : 0.03270 , acc : 0.991 , elapse : 0.03924 min
[ Epoch 85 ]  - Training     loss : 0.00618 , acc : 0.996 , elapse : 0.23216 min  - Validation   loss : 0.03262 , acc : 0.991 , elapse : 0.03906 min
[ Epoch 86 ]  - Training     loss : 0.00606 , acc : 0.996 , elapse : 0.23205 min  - Validation   loss : 0.03234 , acc : 0.991 , elapse : 0.03913 min
[ Epoch 87 ]  - Training     loss : 0.00597 , acc : 0.996 , elapse : 0.23201 min  - Validation   loss : 0.03240 , acc : 0.991 , elapse : 0.03909 min
[ Epoch 88 ]  - Training     loss : 0.00588 , acc : 0.997 , elapse : 0.23263 min  - Validation   loss : 0.03225 , acc : 0.991 , elapse : 0.03909 min
[ Epoch 89 ]  - Training     loss : 0.00580 , acc : 0.997 , elapse : 0.23218 min  - Validation   loss : 0.03236 , acc : 0.991 , elapse : 0.03907 min
[ Epoch 90 ]  - Training     loss : 0.00581 , acc : 0.997 , elapse : 0.23188 min  - Validation   loss : 0.03240 , acc : 0.991 , elapse : 0.03909 min
[ Epoch 91 ]  - Training     loss : 0.00570 , acc : 0.997 , elapse : 0.23206 min  - Validation   loss : 0.03253 , acc : 0.991 , elapse : 0.03900 min
[ Epoch 92 ]  - Training     loss : 0.00576 , acc : 0.997 , elapse : 0.23173 min  - Validation   loss : 0.03252 , acc : 0.991 , elapse : 0.03905 min
[ Epoch 93 ]  - Training     loss : 0.00568 , acc : 0.997 , elapse : 0.23186 min  - Validation   loss : 0.03243 , acc : 0.991 , elapse : 0.03903 min
[ Epoch 94 ]  - Training     loss : 0.00561 , acc : 0.997 , elapse : 0.23174 min  - Validation   loss : 0.03243 , acc : 0.991 , elapse : 0.03904 min
[ Epoch 95 ]  - Training     loss : 0.00555 , acc : 0.997 , elapse : 0.23178 min  - Validation   loss : 0.03250 , acc : 0.991 , elapse : 0.03900 min
[ Epoch 96 ]  - Training     loss : 0.00570 , acc : 0.997 , elapse : 0.23169 min  - Validation   loss : 0.03252 , acc : 0.991 , elapse : 0.03896 min
[ Epoch 97 ]  - Training     loss : 0.00558 , acc : 0.997 , elapse : 0.23177 min  - Validation   loss : 0.03253 , acc : 0.991 , elapse : 0.03910 min
[ Epoch 98 ]  - Training     loss : 0.00698 , acc : 0.996 , elapse : 0.23271 min  - Validation   loss : 0.03740 , acc : 0.990 , elapse : 0.03899 min
[ Epoch 99 ]  - Training     loss : 0.00766 , acc : 0.996 , elapse : 0.23194 min  - Validation   loss : 0.03518 , acc : 0.991 , elapse : 0.03910 min
Finish training ~ v ~
~~~~~~~~~~~~~~~~~~~~~~~~~~~~~
3th fold (total : 5)
Create model...
Start training...
[ Epoch 0 ]  - Training     loss : 0.25379 , acc : 0.918 , elapse : 0.23243 min  - Validation   loss : 0.20535 , acc : 0.932 , elapse : 0.03908 min    - [Info] The checkpoint file has been updated.
[ Epoch 1 ]  - Training     loss : 0.18424 , acc : 0.939 , elapse : 0.23220 min  - Validation   loss : 0.15839 , acc : 0.948 , elapse : 0.03913 min    - [Info] The checkpoint file has been updated.
[ Epoch 2 ]  - Training     loss : 0.14427 , acc : 0.953 , elapse : 0.23225 min  - Validation   loss : 0.14015 , acc : 0.954 , elapse : 0.03900 min    - [Info] The checkpoint file has been updated.
[ Epoch 3 ]  - Training     loss : 0.12338 , acc : 0.959 , elapse : 0.23193 min  - Validation   loss : 0.11023 , acc : 0.966 , elapse : 0.03894 min    - [Info] The checkpoint file has been updated.
[ Epoch 4 ]  - Training     loss : 0.10291 , acc : 0.965 , elapse : 0.23251 min  - Validation   loss : 0.09894 , acc : 0.969 , elapse : 0.03905 min    - [Info] The checkpoint file has been updated.
[ Epoch 5 ]  - Training     loss : 0.09503 , acc : 0.968 , elapse : 0.23200 min  - Validation   loss : 0.09650 , acc : 0.970 , elapse : 0.03914 min    - [Info] The checkpoint file has been updated.
[ Epoch 6 ]  - Training     loss : 0.09307 , acc : 0.968 , elapse : 0.23214 min  - Validation   loss : 0.08806 , acc : 0.972 , elapse : 0.03913 min    - [Info] The checkpoint file has been updated.
[ Epoch 7 ]  - Training     loss : 0.08330 , acc : 0.971 , elapse : 0.23216 min  - Validation   loss : 0.08085 , acc : 0.974 , elapse : 0.03897 min    - [Info] The checkpoint file has been updated.
[ Epoch 8 ]  - Training     loss : 0.07532 , acc : 0.974 , elapse : 0.23177 min  - Validation   loss : 0.07528 , acc : 0.975 , elapse : 0.03910 min    - [Info] The checkpoint file has been updated.
[ Epoch 9 ]  - Training     loss : 0.07028 , acc : 0.975 , elapse : 0.23197 min  - Validation   loss : 0.07141 , acc : 0.977 , elapse : 0.03901 min    - [Info] The checkpoint file has been updated.
[ Epoch 10 ]  - Training     loss : 0.06605 , acc : 0.977 , elapse : 0.23271 min  - Validation   loss : 0.06931 , acc : 0.978 , elapse : 0.03907 min    - [Info] The checkpoint file has been updated.
[ Epoch 11 ]  - Training     loss : 0.06460 , acc : 0.977 , elapse : 0.23203 min  - Validation   loss : 0.06860 , acc : 0.978 , elapse : 0.03905 min    - [Info] The checkpoint file has been updated.
[ Epoch 12 ]  - Training     loss : 0.06588 , acc : 0.977 , elapse : 0.23234 min  - Validation   loss : 0.06823 , acc : 0.979 , elapse : 0.03943 min    - [Info] The checkpoint file has been updated.
[ Epoch 13 ]  - Training     loss : 0.06333 , acc : 0.977 , elapse : 0.23348 min  - Validation   loss : 0.06390 , acc : 0.980 , elapse : 0.03929 min    - [Info] The checkpoint file has been updated.
[ Epoch 14 ]  - Training     loss : 0.05827 , acc : 0.979 , elapse : 0.23297 min  - Validation   loss : 0.06111 , acc : 0.981 , elapse : 0.03926 min    - [Info] The checkpoint file has been updated.
[ Epoch 15 ]  - Training     loss : 0.05461 , acc : 0.980 , elapse : 0.23250 min  - Validation   loss : 0.05873 , acc : 0.982 , elapse : 0.03925 min    - [Info] The checkpoint file has been updated.
[ Epoch 16 ]  - Training     loss : 0.05149 , acc : 0.981 , elapse : 0.23346 min  - Validation   loss : 0.05608 , acc : 0.982 , elapse : 0.04057 min    - [Info] The checkpoint file has been updated.
[ Epoch 17 ]  - Training     loss : 0.04854 , acc : 0.982 , elapse : 0.23291 min  - Validation   loss : 0.05352 , acc : 0.983 , elapse : 0.03898 min    - [Info] The checkpoint file has been updated.
[ Epoch 18 ]  - Training     loss : 0.04599 , acc : 0.982 , elapse : 0.23148 min  - Validation   loss : 0.05183 , acc : 0.983 , elapse : 0.03910 min    - [Info] The checkpoint file has been updated.
[ Epoch 19 ]  - Training     loss : 0.04450 , acc : 0.983 , elapse : 0.23206 min  - Validation   loss : 0.05116 , acc : 0.984 , elapse : 0.03903 min    - [Info] The checkpoint file has been updated.
[ Epoch 20 ]  - Training     loss : 0.04272 , acc : 0.983 , elapse : 0.23211 min  - Validation   loss : 0.05022 , acc : 0.984 , elapse : 0.03908 min    - [Info] The checkpoint file has been updated.
[ Epoch 21 ]  - Training     loss : 0.04150 , acc : 0.984 , elapse : 0.23216 min  - Validation   loss : 0.04992 , acc : 0.985 , elapse : 0.03911 min    - [Info] The checkpoint file has been updated.
[ Epoch 22 ]  - Training     loss : 0.04059 , acc : 0.984 , elapse : 0.23275 min  - Validation   loss : 0.04956 , acc : 0.985 , elapse : 0.03907 min    - [Info] The checkpoint file has been updated.
[ Epoch 23 ]  - Training     loss : 0.04014 , acc : 0.984 , elapse : 0.23213 min  - Validation   loss : 0.04955 , acc : 0.985 , elapse : 0.03913 min    - [Info] The checkpoint file has been updated.
[ Epoch 24 ]  - Training     loss : 0.04146 , acc : 0.984 , elapse : 0.23209 min  - Validation   loss : 0.05175 , acc : 0.984 , elapse : 0.03909 min
[ Epoch 25 ]  - Training     loss : 0.04266 , acc : 0.983 , elapse : 0.23220 min  - Validation   loss : 0.04983 , acc : 0.984 , elapse : 0.03920 min
[ Epoch 26 ]  - Training     loss : 0.04066 , acc : 0.984 , elapse : 0.23196 min  - Validation   loss : 0.04792 , acc : 0.985 , elapse : 0.03922 min
[ Epoch 27 ]  - Training     loss : 0.03874 , acc : 0.984 , elapse : 0.23206 min  - Validation   loss : 0.04652 , acc : 0.985 , elapse : 0.03923 min    - [Info] The checkpoint file has been updated.
[ Epoch 28 ]  - Training     loss : 0.03630 , acc : 0.985 , elapse : 0.23203 min  - Validation   loss : 0.04583 , acc : 0.986 , elapse : 0.03919 min    - [Info] The checkpoint file has been updated.
[ Epoch 29 ]  - Training     loss : 0.03445 , acc : 0.985 , elapse : 0.23212 min  - Validation   loss : 0.04457 , acc : 0.986 , elapse : 0.03912 min    - [Info] The checkpoint file has been updated.
[ Epoch 30 ]  - Training     loss : 0.03343 , acc : 0.986 , elapse : 0.23211 min  - Validation   loss : 0.04326 , acc : 0.986 , elapse : 0.03902 min    - [Info] The checkpoint file has been updated.
[ Epoch 31 ]  - Training     loss : 0.03091 , acc : 0.986 , elapse : 0.23188 min  - Validation   loss : 0.04281 , acc : 0.986 , elapse : 0.03900 min    - [Info] The checkpoint file has been updated.
[ Epoch 32 ]  - Training     loss : 0.02979 , acc : 0.987 , elapse : 0.23188 min  - Validation   loss : 0.04142 , acc : 0.987 , elapse : 0.03902 min    - [Info] The checkpoint file has been updated.
[ Epoch 33 ]  - Training     loss : 0.02819 , acc : 0.987 , elapse : 0.23200 min  - Validation   loss : 0.04070 , acc : 0.987 , elapse : 0.03900 min    - [Info] The checkpoint file has been updated.
[ Epoch 34 ]  - Training     loss : 0.02675 , acc : 0.988 , elapse : 0.23170 min  - Validation   loss : 0.04120 , acc : 0.987 , elapse : 0.03910 min
[ Epoch 35 ]  - Training     loss : 0.02625 , acc : 0.988 , elapse : 0.23273 min  - Validation   loss : 0.04004 , acc : 0.988 , elapse : 0.03910 min    - [Info] The checkpoint file has been updated.
[ Epoch 36 ]  - Training     loss : 0.02470 , acc : 0.988 , elapse : 0.23205 min  - Validation   loss : 0.03884 , acc : 0.988 , elapse : 0.03908 min    - [Info] The checkpoint file has been updated.
[ Epoch 37 ]  - Training     loss : 0.02374 , acc : 0.989 , elapse : 0.23188 min  - Validation   loss : 0.03927 , acc : 0.988 , elapse : 0.03903 min
[ Epoch 38 ]  - Training     loss : 0.02292 , acc : 0.989 , elapse : 0.23171 min  - Validation   loss : 0.03813 , acc : 0.988 , elapse : 0.03905 min    - [Info] The checkpoint file has been updated.
[ Epoch 39 ]  - Training     loss : 0.02205 , acc : 0.989 , elapse : 0.23184 min  - Validation   loss : 0.03768 , acc : 0.989 , elapse : 0.03913 min    - [Info] The checkpoint file has been updated.
[ Epoch 40 ]  - Training     loss : 0.02124 , acc : 0.990 , elapse : 0.23208 min  - Validation   loss : 0.03765 , acc : 0.988 , elapse : 0.03908 min
[ Epoch 41 ]  - Training     loss : 0.02070 , acc : 0.990 , elapse : 0.23194 min  - Validation   loss : 0.03728 , acc : 0.988 , elapse : 0.03913 min
[ Epoch 42 ]  - Training     loss : 0.02010 , acc : 0.990 , elapse : 0.23248 min  - Validation   loss : 0.03700 , acc : 0.989 , elapse : 0.03911 min
[ Epoch 43 ]  - Training     loss : 0.01979 , acc : 0.990 , elapse : 0.23221 min  - Validation   loss : 0.03674 , acc : 0.989 , elapse : 0.03910 min    - [Info] The checkpoint file has been updated.
[ Epoch 44 ]  - Training     loss : 0.01975 , acc : 0.990 , elapse : 0.23301 min  - Validation   loss : 0.03673 , acc : 0.989 , elapse : 0.03912 min    - [Info] The checkpoint file has been updated.
[ Epoch 45 ]  - Training     loss : 0.01952 , acc : 0.990 , elapse : 0.23280 min  - Validation   loss : 0.03654 , acc : 0.989 , elapse : 0.03916 min    - [Info] The checkpoint file has been updated.
[ Epoch 46 ]  - Training     loss : 0.01918 , acc : 0.990 , elapse : 0.23219 min  - Validation   loss : 0.03652 , acc : 0.989 , elapse : 0.03886 min    - [Info] The checkpoint file has been updated.
[ Epoch 47 ]  - Training     loss : 0.01904 , acc : 0.990 , elapse : 0.23097 min  - Validation   loss : 0.03649 , acc : 0.989 , elapse : 0.03883 min    - [Info] The checkpoint file has been updated.
[ Epoch 48 ]  - Training     loss : 0.01903 , acc : 0.991 , elapse : 0.23067 min  - Validation   loss : 0.03644 , acc : 0.989 , elapse : 0.03875 min    - [Info] The checkpoint file has been updated.
[ Epoch 49 ]  - Training     loss : 0.02198 , acc : 0.989 , elapse : 0.23066 min  - Validation   loss : 0.03951 , acc : 0.988 , elapse : 0.03888 min
[ Epoch 50 ]  - Training     loss : 0.02199 , acc : 0.989 , elapse : 0.23079 min  - Validation   loss : 0.03968 , acc : 0.988 , elapse : 0.03895 min
[ Epoch 51 ]  - Training     loss : 0.02140 , acc : 0.990 , elapse : 0.23104 min  - Validation   loss : 0.03878 , acc : 0.988 , elapse : 0.03884 min
[ Epoch 52 ]  - Training     loss : 0.02037 , acc : 0.990 , elapse : 0.23096 min  - Validation   loss : 0.03864 , acc : 0.988 , elapse : 0.03893 min
[ Epoch 53 ]  - Training     loss : 0.01937 , acc : 0.990 , elapse : 0.23154 min  - Validation   loss : 0.03772 , acc : 0.988 , elapse : 0.03889 min
[ Epoch 54 ]  - Training     loss : 0.01824 , acc : 0.991 , elapse : 0.23161 min  - Validation   loss : 0.03673 , acc : 0.989 , elapse : 0.03956 min
[ Epoch 55 ]  - Training     loss : 0.01772 , acc : 0.991 , elapse : 0.23326 min  - Validation   loss : 0.03628 , acc : 0.989 , elapse : 0.03929 min    - [Info] The checkpoint file has been updated.
[ Epoch 56 ]  - Training     loss : 0.01721 , acc : 0.991 , elapse : 0.23380 min  - Validation   loss : 0.03702 , acc : 0.989 , elapse : 0.03989 min
[ Epoch 57 ]  - Training     loss : 0.01614 , acc : 0.991 , elapse : 0.23178 min  - Validation   loss : 0.03721 , acc : 0.989 , elapse : 0.03898 min
[ Epoch 58 ]  - Training     loss : 0.01566 , acc : 0.992 , elapse : 0.23184 min  - Validation   loss : 0.03563 , acc : 0.989 , elapse : 0.03915 min    - [Info] The checkpoint file has been updated.
[ Epoch 59 ]  - Training     loss : 0.01522 , acc : 0.992 , elapse : 0.23200 min  - Validation   loss : 0.03601 , acc : 0.989 , elapse : 0.03904 min
[ Epoch 60 ]  - Training     loss : 0.01547 , acc : 0.992 , elapse : 0.23190 min  - Validation   loss : 0.03601 , acc : 0.989 , elapse : 0.03915 min
[ Epoch 61 ]  - Training     loss : 0.01411 , acc : 0.992 , elapse : 0.23237 min  - Validation   loss : 0.03645 , acc : 0.989 , elapse : 0.03913 min
[ Epoch 62 ]  - Training     loss : 0.01385 , acc : 0.992 , elapse : 0.23207 min  - Validation   loss : 0.03579 , acc : 0.990 , elapse : 0.03908 min
[ Epoch 63 ]  - Training     loss : 0.01317 , acc : 0.993 , elapse : 0.23202 min  - Validation   loss : 0.03482 , acc : 0.990 , elapse : 0.03888 min    - [Info] The checkpoint file has been updated.
[ Epoch 64 ]  - Training     loss : 0.01243 , acc : 0.993 , elapse : 0.23139 min  - Validation   loss : 0.03588 , acc : 0.990 , elapse : 0.03886 min
[ Epoch 65 ]  - Training     loss : 0.01206 , acc : 0.993 , elapse : 0.23115 min  - Validation   loss : 0.03558 , acc : 0.990 , elapse : 0.03880 min
[ Epoch 66 ]  - Training     loss : 0.01216 , acc : 0.993 , elapse : 0.23103 min  - Validation   loss : 0.03423 , acc : 0.990 , elapse : 0.03882 min    - [Info] The checkpoint file has been updated.
[ Epoch 67 ]  - Training     loss : 0.01116 , acc : 0.994 , elapse : 0.23120 min  - Validation   loss : 0.03385 , acc : 0.990 , elapse : 0.03885 min    - [Info] The checkpoint file has been updated.
[ Epoch 68 ]  - Training     loss : 0.01104 , acc : 0.994 , elapse : 0.23116 min  - Validation   loss : 0.03410 , acc : 0.990 , elapse : 0.03884 min
[ Epoch 69 ]  - Training     loss : 0.01048 , acc : 0.994 , elapse : 0.23066 min  - Validation   loss : 0.03378 , acc : 0.991 , elapse : 0.03884 min    - [Info] The checkpoint file has been updated.
[ Epoch 70 ]  - Training     loss : 0.01012 , acc : 0.994 , elapse : 0.23074 min  - Validation   loss : 0.03389 , acc : 0.990 , elapse : 0.03889 min
[ Epoch 71 ]  - Training     loss : 0.00955 , acc : 0.995 , elapse : 0.23118 min  - Validation   loss : 0.03402 , acc : 0.991 , elapse : 0.03962 min
[ Epoch 72 ]  - Training     loss : 0.00940 , acc : 0.995 , elapse : 0.23137 min  - Validation   loss : 0.03354 , acc : 0.991 , elapse : 0.03882 min
[ Epoch 73 ]  - Training     loss : 0.00904 , acc : 0.995 , elapse : 0.23112 min  - Validation   loss : 0.03311 , acc : 0.991 , elapse : 0.03882 min
[ Epoch 74 ]  - Training     loss : 0.00892 , acc : 0.995 , elapse : 0.23155 min  - Validation   loss : 0.03301 , acc : 0.991 , elapse : 0.03889 min    - [Info] The checkpoint file has been updated.
[ Epoch 75 ]  - Training     loss : 0.00856 , acc : 0.995 , elapse : 0.23118 min  - Validation   loss : 0.03277 , acc : 0.991 , elapse : 0.03884 min    - [Info] The checkpoint file has been updated.
[ Epoch 76 ]  - Training     loss : 0.00805 , acc : 0.995 , elapse : 0.23172 min  - Validation   loss : 0.03337 , acc : 0.991 , elapse : 0.03885 min
[ Epoch 77 ]  - Training     loss : 0.00801 , acc : 0.995 , elapse : 0.23105 min  - Validation   loss : 0.03286 , acc : 0.991 , elapse : 0.03882 min
[ Epoch 78 ]  - Training     loss : 0.00785 , acc : 0.996 , elapse : 0.23111 min  - Validation   loss : 0.03267 , acc : 0.991 , elapse : 0.03897 min
[ Epoch 79 ]  - Training     loss : 0.00783 , acc : 0.995 , elapse : 0.23119 min  - Validation   loss : 0.03316 , acc : 0.991 , elapse : 0.03881 min
[ Epoch 80 ]  - Training     loss : 0.00721 , acc : 0.996 , elapse : 0.23087 min  - Validation   loss : 0.03286 , acc : 0.991 , elapse : 0.03872 min
[ Epoch 81 ]  - Training     loss : 0.00694 , acc : 0.996 , elapse : 0.23083 min  - Validation   loss : 0.03235 , acc : 0.991 , elapse : 0.03899 min    - [Info] The checkpoint file has been updated.
[ Epoch 82 ]  - Training     loss : 0.00727 , acc : 0.996 , elapse : 0.23139 min  - Validation   loss : 0.03267 , acc : 0.991 , elapse : 0.03888 min
[ Epoch 83 ]  - Training     loss : 0.00665 , acc : 0.996 , elapse : 0.23126 min  - Validation   loss : 0.03250 , acc : 0.991 , elapse : 0.03894 min
[ Epoch 84 ]  - Training     loss : 0.00662 , acc : 0.996 , elapse : 0.23118 min  - Validation   loss : 0.03266 , acc : 0.991 , elapse : 0.03889 min
[ Epoch 85 ]  - Training     loss : 0.00671 , acc : 0.996 , elapse : 0.23126 min  - Validation   loss : 0.03224 , acc : 0.991 , elapse : 0.03891 min
[ Epoch 86 ]  - Training     loss : 0.00653 , acc : 0.996 , elapse : 0.23124 min  - Validation   loss : 0.03244 , acc : 0.991 , elapse : 0.03886 min
[ Epoch 87 ]  - Training     loss : 0.00640 , acc : 0.996 , elapse : 0.23112 min  - Validation   loss : 0.03279 , acc : 0.991 , elapse : 0.03886 min
[ Epoch 88 ]  - Training     loss : 0.00626 , acc : 0.996 , elapse : 0.23094 min  - Validation   loss : 0.03248 , acc : 0.991 , elapse : 0.03885 min
[ Epoch 89 ]  - Training     loss : 0.00625 , acc : 0.996 , elapse : 0.23097 min  - Validation   loss : 0.03240 , acc : 0.991 , elapse : 0.03881 min
[ Epoch 90 ]  - Training     loss : 0.00622 , acc : 0.996 , elapse : 0.23243 min  - Validation   loss : 0.03247 , acc : 0.991 , elapse : 0.03880 min
[ Epoch 91 ]  - Training     loss : 0.00602 , acc : 0.997 , elapse : 0.23053 min  - Validation   loss : 0.03255 , acc : 0.991 , elapse : 0.03892 min
[ Epoch 92 ]  - Training     loss : 0.00605 , acc : 0.997 , elapse : 0.23116 min  - Validation   loss : 0.03247 , acc : 0.991 , elapse : 0.03886 min
[ Epoch 93 ]  - Training     loss : 0.00603 , acc : 0.996 , elapse : 0.23111 min  - Validation   loss : 0.03239 , acc : 0.991 , elapse : 0.03892 min
[ Epoch 94 ]  - Training     loss : 0.00602 , acc : 0.996 , elapse : 0.23123 min  - Validation   loss : 0.03237 , acc : 0.991 , elapse : 0.03880 min
[ Epoch 95 ]  - Training     loss : 0.00601 , acc : 0.996 , elapse : 0.23118 min  - Validation   loss : 0.03237 , acc : 0.991 , elapse : 0.03893 min
[ Epoch 96 ]  - Training     loss : 0.00620 , acc : 0.996 , elapse : 0.23127 min  - Validation   loss : 0.03233 , acc : 0.991 , elapse : 0.03886 min
[ Epoch 97 ]  - Training     loss : 0.00593 , acc : 0.997 , elapse : 0.23128 min  - Validation   loss : 0.03233 , acc : 0.991 , elapse : 0.03893 min
[ Epoch 98 ]  - Training     loss : 0.00759 , acc : 0.996 , elapse : 0.23127 min  - Validation   loss : 0.03619 , acc : 0.991 , elapse : 0.03885 min
[ Epoch 99 ]  - Training     loss : 0.00853 , acc : 0.995 , elapse : 0.23090 min  - Validation   loss : 0.03286 , acc : 0.991 , elapse : 0.03878 min
Finish training ~ v ~
~~~~~~~~~~~~~~~~~~~~~~~~~~~~~
4th fold (total : 5)
Create model...
Start training...
[ Epoch 0 ]  - Training     loss : 0.25432 , acc : 0.919 , elapse : 0.23141 min  - Validation   loss : 0.21055 , acc : 0.934 , elapse : 0.03872 min    - [Info] The checkpoint file has been updated.
[ Epoch 1 ]  - Training     loss : 0.18882 , acc : 0.939 , elapse : 0.23114 min  - Validation   loss : 0.15934 , acc : 0.950 , elapse : 0.03876 min    - [Info] The checkpoint file has been updated.
[ Epoch 2 ]  - Training     loss : 0.14786 , acc : 0.952 , elapse : 0.23126 min  - Validation   loss : 0.14135 , acc : 0.955 , elapse : 0.03899 min    - [Info] The checkpoint file has been updated.
[ Epoch 3 ]  - Training     loss : 0.12685 , acc : 0.958 , elapse : 0.23126 min  - Validation   loss : 0.10950 , acc : 0.965 , elapse : 0.03883 min    - [Info] The checkpoint file has been updated.
[ Epoch 4 ]  - Training     loss : 0.10414 , acc : 0.965 , elapse : 0.23135 min  - Validation   loss : 0.09631 , acc : 0.970 , elapse : 0.03898 min    - [Info] The checkpoint file has been updated.
[ Epoch 5 ]  - Training     loss : 0.09556 , acc : 0.968 , elapse : 0.23131 min  - Validation   loss : 0.09339 , acc : 0.971 , elapse : 0.03884 min    - [Info] The checkpoint file has been updated.
[ Epoch 6 ]  - Training     loss : 0.09157 , acc : 0.969 , elapse : 0.23122 min  - Validation   loss : 0.08274 , acc : 0.975 , elapse : 0.03884 min    - [Info] The checkpoint file has been updated.
[ Epoch 7 ]  - Training     loss : 0.07997 , acc : 0.973 , elapse : 0.23107 min  - Validation   loss : 0.07347 , acc : 0.977 , elapse : 0.03894 min    - [Info] The checkpoint file has been updated.
[ Epoch 8 ]  - Training     loss : 0.07265 , acc : 0.975 , elapse : 0.23121 min  - Validation   loss : 0.06797 , acc : 0.979 , elapse : 0.04000 min    - [Info] The checkpoint file has been updated.
[ Epoch 9 ]  - Training     loss : 0.06707 , acc : 0.977 , elapse : 0.23140 min  - Validation   loss : 0.06482 , acc : 0.980 , elapse : 0.03892 min    - [Info] The checkpoint file has been updated.
[ Epoch 10 ]  - Training     loss : 0.06357 , acc : 0.978 , elapse : 0.23053 min  - Validation   loss : 0.06291 , acc : 0.980 , elapse : 0.03874 min    - [Info] The checkpoint file has been updated.
[ Epoch 11 ]  - Training     loss : 0.06199 , acc : 0.978 , elapse : 0.23160 min  - Validation   loss : 0.06281 , acc : 0.980 , elapse : 0.03895 min    - [Info] The checkpoint file has been updated.
[ Epoch 12 ]  - Training     loss : 0.06296 , acc : 0.978 , elapse : 0.23115 min  - Validation   loss : 0.06182 , acc : 0.980 , elapse : 0.03888 min    - [Info] The checkpoint file has been updated.
[ Epoch 13 ]  - Training     loss : 0.05997 , acc : 0.979 , elapse : 0.23141 min  - Validation   loss : 0.05738 , acc : 0.982 , elapse : 0.03883 min    - [Info] The checkpoint file has been updated.
[ Epoch 14 ]  - Training     loss : 0.05549 , acc : 0.980 , elapse : 0.23149 min  - Validation   loss : 0.05539 , acc : 0.983 , elapse : 0.03879 min    - [Info] The checkpoint file has been updated.
[ Epoch 15 ]  - Training     loss : 0.05169 , acc : 0.981 , elapse : 0.23120 min  - Validation   loss : 0.05267 , acc : 0.983 , elapse : 0.03881 min    - [Info] The checkpoint file has been updated.
[ Epoch 16 ]  - Training     loss : 0.04991 , acc : 0.981 , elapse : 0.23196 min  - Validation   loss : 0.05186 , acc : 0.984 , elapse : 0.03917 min    - [Info] The checkpoint file has been updated.
[ Epoch 17 ]  - Training     loss : 0.04618 , acc : 0.982 , elapse : 0.23309 min  - Validation   loss : 0.04938 , acc : 0.985 , elapse : 0.03907 min    - [Info] The checkpoint file has been updated.
[ Epoch 18 ]  - Training     loss : 0.04427 , acc : 0.983 , elapse : 0.23197 min  - Validation   loss : 0.04820 , acc : 0.985 , elapse : 0.03898 min    - [Info] The checkpoint file has been updated.
[ Epoch 19 ]  - Training     loss : 0.04160 , acc : 0.984 , elapse : 0.23138 min  - Validation   loss : 0.04775 , acc : 0.986 , elapse : 0.03891 min    - [Info] The checkpoint file has been updated.
[ Epoch 20 ]  - Training     loss : 0.04028 , acc : 0.984 , elapse : 0.23256 min  - Validation   loss : 0.04741 , acc : 0.986 , elapse : 0.03927 min
[ Epoch 21 ]  - Training     loss : 0.03925 , acc : 0.984 , elapse : 0.23253 min  - Validation   loss : 0.04625 , acc : 0.986 , elapse : 0.03908 min    - [Info] The checkpoint file has been updated.
[ Epoch 22 ]  - Training     loss : 0.03870 , acc : 0.985 , elapse : 0.23271 min  - Validation   loss : 0.04605 , acc : 0.986 , elapse : 0.03908 min    - [Info] The checkpoint file has been updated.
[ Epoch 23 ]  - Training     loss : 0.03805 , acc : 0.985 , elapse : 0.23227 min  - Validation   loss : 0.04597 , acc : 0.986 , elapse : 0.03924 min
[ Epoch 24 ]  - Training     loss : 0.03968 , acc : 0.984 , elapse : 0.23202 min  - Validation   loss : 0.04714 , acc : 0.985 , elapse : 0.03888 min
[ Epoch 25 ]  - Training     loss : 0.04052 , acc : 0.984 , elapse : 0.23150 min  - Validation   loss : 0.04655 , acc : 0.986 , elapse : 0.03903 min
[ Epoch 26 ]  - Training     loss : 0.03855 , acc : 0.985 , elapse : 0.23152 min  - Validation   loss : 0.04433 , acc : 0.987 , elapse : 0.03888 min    - [Info] The checkpoint file has been updated.
[ Epoch 27 ]  - Training     loss : 0.03708 , acc : 0.985 , elapse : 0.23210 min  - Validation   loss : 0.04369 , acc : 0.986 , elapse : 0.03884 min
[ Epoch 28 ]  - Training     loss : 0.03435 , acc : 0.986 , elapse : 0.23097 min  - Validation   loss : 0.04358 , acc : 0.987 , elapse : 0.03874 min    - [Info] The checkpoint file has been updated.
[ Epoch 29 ]  - Training     loss : 0.03305 , acc : 0.986 , elapse : 0.23087 min  - Validation   loss : 0.04136 , acc : 0.987 , elapse : 0.03880 min    - [Info] The checkpoint file has been updated.
[ Epoch 30 ]  - Training     loss : 0.03176 , acc : 0.986 , elapse : 0.23130 min  - Validation   loss : 0.04062 , acc : 0.988 , elapse : 0.03889 min    - [Info] The checkpoint file has been updated.
[ Epoch 31 ]  - Training     loss : 0.03025 , acc : 0.987 , elapse : 0.23131 min  - Validation   loss : 0.04112 , acc : 0.988 , elapse : 0.03881 min
[ Epoch 32 ]  - Training     loss : 0.02887 , acc : 0.987 , elapse : 0.23130 min  - Validation   loss : 0.03942 , acc : 0.988 , elapse : 0.03890 min    - [Info] The checkpoint file has been updated.
[ Epoch 33 ]  - Training     loss : 0.02731 , acc : 0.988 , elapse : 0.23168 min  - Validation   loss : 0.03812 , acc : 0.988 , elapse : 0.03876 min    - [Info] The checkpoint file has been updated.
[ Epoch 34 ]  - Training     loss : 0.02605 , acc : 0.988 , elapse : 0.23129 min  - Validation   loss : 0.03802 , acc : 0.988 , elapse : 0.03894 min    - [Info] The checkpoint file has been updated.
[ Epoch 35 ]  - Training     loss : 0.02487 , acc : 0.988 , elapse : 0.23107 min  - Validation   loss : 0.03744 , acc : 0.989 , elapse : 0.03892 min    - [Info] The checkpoint file has been updated.
[ Epoch 36 ]  - Training     loss : 0.02383 , acc : 0.989 , elapse : 0.23117 min  - Validation   loss : 0.03777 , acc : 0.989 , elapse : 0.03876 min
[ Epoch 37 ]  - Training     loss : 0.02261 , acc : 0.989 , elapse : 0.23224 min  - Validation   loss : 0.03655 , acc : 0.989 , elapse : 0.03905 min    - [Info] The checkpoint file has been updated.
[ Epoch 38 ]  - Training     loss : 0.02205 , acc : 0.989 , elapse : 0.23263 min  - Validation   loss : 0.03637 , acc : 0.989 , elapse : 0.03934 min    - [Info] The checkpoint file has been updated.
[ Epoch 39 ]  - Training     loss : 0.02121 , acc : 0.990 , elapse : 0.23156 min  - Validation   loss : 0.03618 , acc : 0.989 , elapse : 0.03889 min    - [Info] The checkpoint file has been updated.
[ Epoch 40 ]  - Training     loss : 0.02045 , acc : 0.990 , elapse : 0.23160 min  - Validation   loss : 0.03577 , acc : 0.989 , elapse : 0.03893 min    - [Info] The checkpoint file has been updated.
[ Epoch 41 ]  - Training     loss : 0.01985 , acc : 0.990 , elapse : 0.23247 min  - Validation   loss : 0.03579 , acc : 0.989 , elapse : 0.03918 min
[ Epoch 42 ]  - Training     loss : 0.01952 , acc : 0.990 , elapse : 0.23265 min  - Validation   loss : 0.03539 , acc : 0.989 , elapse : 0.03908 min    - [Info] The checkpoint file has been updated.
[ Epoch 43 ]  - Training     loss : 0.01900 , acc : 0.990 , elapse : 0.23258 min  - Validation   loss : 0.03573 , acc : 0.990 , elapse : 0.03910 min
[ Epoch 44 ]  - Training     loss : 0.01864 , acc : 0.991 , elapse : 0.23228 min  - Validation   loss : 0.03540 , acc : 0.990 , elapse : 0.03920 min
[ Epoch 45 ]  - Training     loss : 0.01838 , acc : 0.991 , elapse : 0.23290 min  - Validation   loss : 0.03528 , acc : 0.990 , elapse : 0.03974 min    - [Info] The checkpoint file has been updated.
[ Epoch 46 ]  - Training     loss : 0.01837 , acc : 0.991 , elapse : 0.23259 min  - Validation   loss : 0.03526 , acc : 0.990 , elapse : 0.03932 min    - [Info] The checkpoint file has been updated.
[ Epoch 47 ]  - Training     loss : 0.01840 , acc : 0.991 , elapse : 0.23239 min  - Validation   loss : 0.03524 , acc : 0.990 , elapse : 0.04014 min    - [Info] The checkpoint file has been updated.
[ Epoch 48 ]  - Training     loss : 0.01842 , acc : 0.991 , elapse : 0.23192 min  - Validation   loss : 0.03523 , acc : 0.990 , elapse : 0.03896 min
[ Epoch 49 ]  - Training     loss : 0.02091 , acc : 0.990 , elapse : 0.23127 min  - Validation   loss : 0.03648 , acc : 0.989 , elapse : 0.03879 min
[ Epoch 50 ]  - Training     loss : 0.02102 , acc : 0.990 , elapse : 0.23122 min  - Validation   loss : 0.03648 , acc : 0.989 , elapse : 0.03884 min
[ Epoch 51 ]  - Training     loss : 0.02136 , acc : 0.990 , elapse : 0.23136 min  - Validation   loss : 0.03525 , acc : 0.990 , elapse : 0.03884 min
[ Epoch 52 ]  - Training     loss : 0.01899 , acc : 0.990 , elapse : 0.23125 min  - Validation   loss : 0.03523 , acc : 0.990 , elapse : 0.03882 min
[ Epoch 53 ]  - Training     loss : 0.01832 , acc : 0.991 , elapse : 0.23128 min  - Validation   loss : 0.03462 , acc : 0.990 , elapse : 0.03882 min    - [Info] The checkpoint file has been updated.
[ Epoch 54 ]  - Training     loss : 0.01882 , acc : 0.991 , elapse : 0.23173 min  - Validation   loss : 0.03535 , acc : 0.990 , elapse : 0.03898 min
[ Epoch 55 ]  - Training     loss : 0.01694 , acc : 0.991 , elapse : 0.23127 min  - Validation   loss : 0.03354 , acc : 0.990 , elapse : 0.03892 min    - [Info] The checkpoint file has been updated.
[ Epoch 56 ]  - Training     loss : 0.01628 , acc : 0.991 , elapse : 0.23130 min  - Validation   loss : 0.03339 , acc : 0.990 , elapse : 0.03885 min    - [Info] The checkpoint file has been updated.
[ Epoch 57 ]  - Training     loss : 0.01581 , acc : 0.992 , elapse : 0.23113 min  - Validation   loss : 0.03182 , acc : 0.990 , elapse : 0.03875 min    - [Info] The checkpoint file has been updated.
[ Epoch 58 ]  - Training     loss : 0.01541 , acc : 0.992 , elapse : 0.23086 min  - Validation   loss : 0.03182 , acc : 0.990 , elapse : 0.03877 min
[ Epoch 59 ]  - Training     loss : 0.01463 , acc : 0.992 , elapse : 0.23106 min  - Validation   loss : 0.03378 , acc : 0.990 , elapse : 0.03881 min
[ Epoch 60 ]  - Training     loss : 0.01417 , acc : 0.992 , elapse : 0.23138 min  - Validation   loss : 0.03230 , acc : 0.991 , elapse : 0.03879 min
[ Epoch 61 ]  - Training     loss : 0.01342 , acc : 0.993 , elapse : 0.23098 min  - Validation   loss : 0.03328 , acc : 0.990 , elapse : 0.03887 min
[ Epoch 62 ]  - Training     loss : 0.01287 , acc : 0.993 , elapse : 0.23129 min  - Validation   loss : 0.03357 , acc : 0.991 , elapse : 0.03888 min
[ Epoch 63 ]  - Training     loss : 0.01231 , acc : 0.993 , elapse : 0.23122 min  - Validation   loss : 0.03272 , acc : 0.991 , elapse : 0.03876 min
[ Epoch 64 ]  - Training     loss : 0.01189 , acc : 0.993 , elapse : 0.23289 min  - Validation   loss : 0.03289 , acc : 0.991 , elapse : 0.03891 min
[ Epoch 65 ]  - Training     loss : 0.01177 , acc : 0.993 , elapse : 0.23123 min  - Validation   loss : 0.03203 , acc : 0.991 , elapse : 0.03895 min
[ Epoch 66 ]  - Training     loss : 0.01111 , acc : 0.994 , elapse : 0.23118 min  - Validation   loss : 0.03159 , acc : 0.991 , elapse : 0.03892 min    - [Info] The checkpoint file has been updated.
[ Epoch 67 ]  - Training     loss : 0.01013 , acc : 0.994 , elapse : 0.23140 min  - Validation   loss : 0.03179 , acc : 0.991 , elapse : 0.03890 min
[ Epoch 68 ]  - Training     loss : 0.01057 , acc : 0.994 , elapse : 0.23135 min  - Validation   loss : 0.03141 , acc : 0.991 , elapse : 0.03889 min
[ Epoch 69 ]  - Training     loss : 0.00984 , acc : 0.994 , elapse : 0.23106 min  - Validation   loss : 0.03243 , acc : 0.991 , elapse : 0.03874 min
[ Epoch 70 ]  - Training     loss : 0.00953 , acc : 0.995 , elapse : 0.23150 min  - Validation   loss : 0.03187 , acc : 0.991 , elapse : 0.03885 min
[ Epoch 71 ]  - Training     loss : 0.00897 , acc : 0.995 , elapse : 0.23119 min  - Validation   loss : 0.03105 , acc : 0.991 , elapse : 0.03891 min
[ Epoch 72 ]  - Training     loss : 0.00872 , acc : 0.995 , elapse : 0.23144 min  - Validation   loss : 0.03150 , acc : 0.991 , elapse : 0.03890 min
[ Epoch 73 ]  - Training     loss : 0.00854 , acc : 0.995 , elapse : 0.23153 min  - Validation   loss : 0.03088 , acc : 0.992 , elapse : 0.03884 min    - [Info] The checkpoint file has been updated.
[ Epoch 74 ]  - Training     loss : 0.00825 , acc : 0.995 , elapse : 0.23140 min  - Validation   loss : 0.03115 , acc : 0.992 , elapse : 0.03888 min
[ Epoch 75 ]  - Training     loss : 0.00822 , acc : 0.995 , elapse : 0.23134 min  - Validation   loss : 0.03174 , acc : 0.992 , elapse : 0.03883 min
[ Epoch 76 ]  - Training     loss : 0.00774 , acc : 0.996 , elapse : 0.23143 min  - Validation   loss : 0.03084 , acc : 0.992 , elapse : 0.03890 min    - [Info] The checkpoint file has been updated.
[ Epoch 77 ]  - Training     loss : 0.00733 , acc : 0.996 , elapse : 0.23151 min  - Validation   loss : 0.03189 , acc : 0.991 , elapse : 0.03897 min
[ Epoch 78 ]  - Training     loss : 0.00733 , acc : 0.996 , elapse : 0.23219 min  - Validation   loss : 0.03128 , acc : 0.991 , elapse : 0.03889 min
[ Epoch 79 ]  - Training     loss : 0.00700 , acc : 0.996 , elapse : 0.23116 min  - Validation   loss : 0.03164 , acc : 0.992 , elapse : 0.03877 min
[ Epoch 80 ]  - Training     loss : 0.00679 , acc : 0.996 , elapse : 0.23124 min  - Validation   loss : 0.03240 , acc : 0.992 , elapse : 0.03889 min
[ Epoch 81 ]  - Training     loss : 0.00678 , acc : 0.996 , elapse : 0.23155 min  - Validation   loss : 0.03150 , acc : 0.992 , elapse : 0.03885 min
[ Epoch 82 ]  - Training     loss : 0.00636 , acc : 0.996 , elapse : 0.23213 min  - Validation   loss : 0.03147 , acc : 0.992 , elapse : 0.03935 min
[ Epoch 83 ]  - Training     loss : 0.00630 , acc : 0.996 , elapse : 0.23105 min  - Validation   loss : 0.03230 , acc : 0.992 , elapse : 0.03876 min
[ Epoch 84 ]  - Training     loss : 0.00616 , acc : 0.996 , elapse : 0.23126 min  - Validation   loss : 0.03172 , acc : 0.992 , elapse : 0.03886 min
[ Epoch 85 ]  - Training     loss : 0.00615 , acc : 0.996 , elapse : 0.23126 min  - Validation   loss : 0.03171 , acc : 0.992 , elapse : 0.03883 min
[ Epoch 86 ]  - Training     loss : 0.00608 , acc : 0.996 , elapse : 0.23139 min  - Validation   loss : 0.03179 , acc : 0.992 , elapse : 0.03890 min
[ Epoch 87 ]  - Training     loss : 0.00596 , acc : 0.996 , elapse : 0.23122 min  - Validation   loss : 0.03169 , acc : 0.992 , elapse : 0.03883 min
[ Epoch 88 ]  - Training     loss : 0.00584 , acc : 0.997 , elapse : 0.23115 min  - Validation   loss : 0.03159 , acc : 0.992 , elapse : 0.03884 min
[ Epoch 89 ]  - Training     loss : 0.00587 , acc : 0.997 , elapse : 0.23324 min  - Validation   loss : 0.03191 , acc : 0.992 , elapse : 0.03949 min
[ Epoch 90 ]  - Training     loss : 0.00565 , acc : 0.997 , elapse : 0.23202 min  - Validation   loss : 0.03195 , acc : 0.992 , elapse : 0.03901 min
[ Epoch 91 ]  - Training     loss : 0.00567 , acc : 0.997 , elapse : 0.23175 min  - Validation   loss : 0.03181 , acc : 0.992 , elapse : 0.03884 min
[ Epoch 92 ]  - Training     loss : 0.00561 , acc : 0.997 , elapse : 0.23225 min  - Validation   loss : 0.03162 , acc : 0.992 , elapse : 0.03925 min
[ Epoch 93 ]  - Training     loss : 0.00559 , acc : 0.997 , elapse : 0.23258 min  - Validation   loss : 0.03176 , acc : 0.992 , elapse : 0.03918 min
[ Epoch 94 ]  - Training     loss : 0.00553 , acc : 0.997 , elapse : 0.23249 min  - Validation   loss : 0.03187 , acc : 0.992 , elapse : 0.03915 min
[ Epoch 95 ]  - Training     loss : 0.00560 , acc : 0.997 , elapse : 0.23254 min  - Validation   loss : 0.03191 , acc : 0.992 , elapse : 0.03918 min
[ Epoch 96 ]  - Training     loss : 0.00556 , acc : 0.997 , elapse : 0.23169 min  - Validation   loss : 0.03190 , acc : 0.992 , elapse : 0.03905 min
[ Epoch 97 ]  - Training     loss : 0.00553 , acc : 0.997 , elapse : 0.23167 min  - Validation   loss : 0.03191 , acc : 0.992 , elapse : 0.03877 min
[ Epoch 98 ]  - Training     loss : 0.00679 , acc : 0.996 , elapse : 0.23116 min  - Validation   loss : 0.03363 , acc : 0.991 , elapse : 0.03881 min
[ Epoch 99 ]  - Training     loss : 0.00811 , acc : 0.995 , elapse : 0.23113 min  - Validation   loss : 0.03265 , acc : 0.991 , elapse : 0.03877 min
Finish training ~ v ~
min losses: [0.028504476824309677, 0.0292011312849354, 0.03214176109759137, 0.03224119122023694, 0.030838244245387614] mean losses: 0.0305853609344922
max accs: [0.9918002424568967, 0.9912193561422415, 0.9912614493534482, 0.9913793103448276, 0.9919686153017244] mean accs: 0.9915257947198276
Empty DataFrame
Columns: [pred, label]
Index: []
