Shell for /hpcfs/juno/junogpu/xuhangkun/SoftWare/VsCode/.local/share/virtualenvs/tianchi_channel_1-2IKVIXD7 already activated.
No action taken to avoid nested environments.
If the cuda is avaliable ?
True
Start getting data...
Finish getting data ~ v ~
[Info] Training performance will be written to file: ./user_data/model_data/TextRCNN/TextRCNN_train.csv
Namespace(batch_size=128, bert_path='/hpcfs/juno/junogpu/xuhangkun/ML/MyselfProject/Test/tianchi_channel_1/user_data/bert', dropout=0.5, eda_alpha=0.0, epoch=100, fold_index=-1, fold_k=5, frazing_bert_encode=False, input='./tcdata/train.csv', label_smoothing=0.0, lr=0.0005, lstm_layer=3, max_len=115, model='TextRCNN', n_aug=0.0, nclass=29, nemb=300, no_word2vec_pretrain=True, ntokens=859, output_dir='./user_data/model_data/TextRCNN', pad_token=858, save_mode='best', save_per_epoch=5, save_start_epoch=5, seed=None, stop_early=False, tokenizer_path='/hpcfs/juno/junogpu/xuhangkun/ML/MyselfProject/Test/tianchi_channel_1/user_data/bert', word2vec_path='/hpcfs/juno/junogpu/xuhangkun/ML/MyselfProject/Test/tianchi_channel_1/user_data/word_pretrain/word2vector.model')
~~~~~~~~~~~~~~~~~~~~~~~~~~~~~
0th fold (total : 5)
Create model...
TextRCNNModel(
  (embed): Embedding(859, 300, padding_idx=858)
  (emb_dropout_layer): Dropout(p=0.5, inplace=False)
  (lstm): LSTM(300, 256, num_layers=3, batch_first=True, dropout=0.1, bidirectional=True)
  (W2): Linear(in_features=812, out_features=512, bias=True)
  (final_dropout_layer): Dropout(p=0.5, inplace=False)
  (fc): Linear(in_features=512, out_features=29, bias=True)
  (sigmoid): Sigmoid()
)
Start training...
[ Epoch 0 ]  - Training     loss : 0.24617 , acc : 0.919 , elapse : 0.37338 min  - Validation   loss : 0.18847 , acc : 0.937 , elapse : 0.05267 min    - [Info] The checkpoint file has been updated.
[ Epoch 1 ]  - Training     loss : 0.17182 , acc : 0.943 , elapse : 0.37081 min  - Validation   loss : 0.14386 , acc : 0.952 , elapse : 0.05278 min    - [Info] The checkpoint file has been updated.
[ Epoch 2 ]  - Training     loss : 0.13712 , acc : 0.953 , elapse : 0.37197 min  - Validation   loss : 0.12686 , acc : 0.958 , elapse : 0.05303 min    - [Info] The checkpoint file has been updated.
[ Epoch 3 ]  - Training     loss : 0.11971 , acc : 0.959 , elapse : 0.37042 min  - Validation   loss : 0.10018 , acc : 0.967 , elapse : 0.05255 min    - [Info] The checkpoint file has been updated.
[ Epoch 4 ]  - Training     loss : 0.09878 , acc : 0.966 , elapse : 0.37024 min  - Validation   loss : 0.08674 , acc : 0.972 , elapse : 0.05303 min    - [Info] The checkpoint file has been updated.
[ Epoch 5 ]  - Training     loss : 0.09211 , acc : 0.968 , elapse : 0.36961 min  - Validation   loss : 0.08448 , acc : 0.973 , elapse : 0.05264 min    - [Info] The checkpoint file has been updated.
[ Epoch 6 ]  - Training     loss : 0.08807 , acc : 0.969 , elapse : 0.36740 min  - Validation   loss : 0.07506 , acc : 0.975 , elapse : 0.05280 min    - [Info] The checkpoint file has been updated.
[ Epoch 7 ]  - Training     loss : 0.08020 , acc : 0.972 , elapse : 0.37039 min  - Validation   loss : 0.07011 , acc : 0.977 , elapse : 0.05281 min    - [Info] The checkpoint file has been updated.
[ Epoch 8 ]  - Training     loss : 0.07475 , acc : 0.973 , elapse : 0.37121 min  - Validation   loss : 0.06494 , acc : 0.979 , elapse : 0.05282 min    - [Info] The checkpoint file has been updated.
[ Epoch 9 ]  - Training     loss : 0.06899 , acc : 0.975 , elapse : 0.36967 min  - Validation   loss : 0.06235 , acc : 0.979 , elapse : 0.05240 min    - [Info] The checkpoint file has been updated.
[ Epoch 10 ]  - Training     loss : 0.06643 , acc : 0.976 , elapse : 0.36984 min  - Validation   loss : 0.06063 , acc : 0.980 , elapse : 0.05317 min    - [Info] The checkpoint file has been updated.
[ Epoch 11 ]  - Training     loss : 0.06530 , acc : 0.976 , elapse : 0.37220 min  - Validation   loss : 0.06037 , acc : 0.980 , elapse : 0.05267 min    - [Info] The checkpoint file has been updated.
[ Epoch 12 ]  - Training     loss : 0.06624 , acc : 0.976 , elapse : 0.36921 min  - Validation   loss : 0.05900 , acc : 0.980 , elapse : 0.05280 min    - [Info] The checkpoint file has been updated.
[ Epoch 13 ]  - Training     loss : 0.06296 , acc : 0.977 , elapse : 0.37213 min  - Validation   loss : 0.05458 , acc : 0.982 , elapse : 0.05301 min    - [Info] The checkpoint file has been updated.
[ Epoch 14 ]  - Training     loss : 0.05947 , acc : 0.978 , elapse : 0.37275 min  - Validation   loss : 0.05321 , acc : 0.982 , elapse : 0.05269 min    - [Info] The checkpoint file has been updated.
[ Epoch 15 ]  - Training     loss : 0.05656 , acc : 0.979 , elapse : 0.36815 min  - Validation   loss : 0.05272 , acc : 0.983 , elapse : 0.05265 min    - [Info] The checkpoint file has been updated.
[ Epoch 16 ]  - Training     loss : 0.05414 , acc : 0.980 , elapse : 0.36845 min  - Validation   loss : 0.05119 , acc : 0.984 , elapse : 0.05241 min    - [Info] The checkpoint file has been updated.
[ Epoch 17 ]  - Training     loss : 0.05165 , acc : 0.980 , elapse : 0.37078 min  - Validation   loss : 0.04932 , acc : 0.984 , elapse : 0.05211 min    - [Info] The checkpoint file has been updated.
[ Epoch 18 ]  - Training     loss : 0.04997 , acc : 0.981 , elapse : 0.36753 min  - Validation   loss : 0.04841 , acc : 0.984 , elapse : 0.05295 min    - [Info] The checkpoint file has been updated.
[ Epoch 19 ]  - Training     loss : 0.04793 , acc : 0.981 , elapse : 0.36927 min  - Validation   loss : 0.04637 , acc : 0.985 , elapse : 0.05218 min    - [Info] The checkpoint file has been updated.
[ Epoch 20 ]  - Training     loss : 0.04655 , acc : 0.982 , elapse : 0.36995 min  - Validation   loss : 0.04591 , acc : 0.985 , elapse : 0.05262 min    - [Info] The checkpoint file has been updated.
[ Epoch 21 ]  - Training     loss : 0.04511 , acc : 0.982 , elapse : 0.36814 min  - Validation   loss : 0.04609 , acc : 0.985 , elapse : 0.05271 min
[ Epoch 22 ]  - Training     loss : 0.04508 , acc : 0.982 , elapse : 0.36835 min  - Validation   loss : 0.04567 , acc : 0.985 , elapse : 0.05254 min
[ Epoch 23 ]  - Training     loss : 0.04473 , acc : 0.982 , elapse : 0.37007 min  - Validation   loss : 0.04547 , acc : 0.985 , elapse : 0.05229 min    - [Info] The checkpoint file has been updated.
[ Epoch 24 ]  - Training     loss : 0.04556 , acc : 0.982 , elapse : 0.36813 min  - Validation   loss : 0.04849 , acc : 0.984 , elapse : 0.05292 min
[ Epoch 25 ]  - Training     loss : 0.04681 , acc : 0.982 , elapse : 0.36924 min  - Validation   loss : 0.04595 , acc : 0.985 , elapse : 0.05217 min
[ Epoch 26 ]  - Training     loss : 0.04558 , acc : 0.982 , elapse : 0.37024 min  - Validation   loss : 0.04540 , acc : 0.985 , elapse : 0.05284 min    - [Info] The checkpoint file has been updated.
[ Epoch 27 ]  - Training     loss : 0.04278 , acc : 0.983 , elapse : 0.36855 min  - Validation   loss : 0.04485 , acc : 0.985 , elapse : 0.05264 min    - [Info] The checkpoint file has been updated.
[ Epoch 28 ]  - Training     loss : 0.04107 , acc : 0.983 , elapse : 0.36892 min  - Validation   loss : 0.04438 , acc : 0.986 , elapse : 0.05248 min    - [Info] The checkpoint file has been updated.
[ Epoch 29 ]  - Training     loss : 0.03920 , acc : 0.984 , elapse : 0.37060 min  - Validation   loss : 0.04332 , acc : 0.986 , elapse : 0.05225 min    - [Info] The checkpoint file has been updated.
[ Epoch 30 ]  - Training     loss : 0.03868 , acc : 0.984 , elapse : 0.36820 min  - Validation   loss : 0.04252 , acc : 0.986 , elapse : 0.05291 min    - [Info] The checkpoint file has been updated.
[ Epoch 31 ]  - Training     loss : 0.03682 , acc : 0.984 , elapse : 0.36892 min  - Validation   loss : 0.04210 , acc : 0.987 , elapse : 0.05220 min    - [Info] The checkpoint file has been updated.
[ Epoch 32 ]  - Training     loss : 0.03579 , acc : 0.985 , elapse : 0.37003 min  - Validation   loss : 0.04002 , acc : 0.987 , elapse : 0.05264 min    - [Info] The checkpoint file has been updated.
[ Epoch 33 ]  - Training     loss : 0.03375 , acc : 0.986 , elapse : 0.36835 min  - Validation   loss : 0.03865 , acc : 0.987 , elapse : 0.05268 min    - [Info] The checkpoint file has been updated.
[ Epoch 34 ]  - Training     loss : 0.03292 , acc : 0.986 , elapse : 0.36865 min  - Validation   loss : 0.03774 , acc : 0.987 , elapse : 0.05282 min    - [Info] The checkpoint file has been updated.
[ Epoch 35 ]  - Training     loss : 0.03388 , acc : 0.986 , elapse : 0.37219 min  - Validation   loss : 0.04062 , acc : 0.987 , elapse : 0.05279 min
[ Epoch 36 ]  - Training     loss : 0.03124 , acc : 0.986 , elapse : 0.36987 min  - Validation   loss : 0.03738 , acc : 0.987 , elapse : 0.05279 min
[ Epoch 37 ]  - Training     loss : 0.02980 , acc : 0.987 , elapse : 0.37004 min  - Validation   loss : 0.03652 , acc : 0.988 , elapse : 0.05261 min    - [Info] The checkpoint file has been updated.
[ Epoch 38 ]  - Training     loss : 0.02895 , acc : 0.987 , elapse : 0.37122 min  - Validation   loss : 0.03678 , acc : 0.988 , elapse : 0.05305 min
[ Epoch 39 ]  - Training     loss : 0.02833 , acc : 0.987 , elapse : 0.37081 min  - Validation   loss : 0.03611 , acc : 0.988 , elapse : 0.05225 min
[ Epoch 40 ]  - Training     loss : 0.02729 , acc : 0.987 , elapse : 0.36865 min  - Validation   loss : 0.03530 , acc : 0.988 , elapse : 0.05311 min
[ Epoch 41 ]  - Training     loss : 0.02734 , acc : 0.988 , elapse : 0.37008 min  - Validation   loss : 0.03508 , acc : 0.988 , elapse : 0.05267 min    - [Info] The checkpoint file has been updated.
[ Epoch 42 ]  - Training     loss : 0.02600 , acc : 0.988 , elapse : 0.36971 min  - Validation   loss : 0.03510 , acc : 0.988 , elapse : 0.05282 min
[ Epoch 43 ]  - Training     loss : 0.02635 , acc : 0.988 , elapse : 0.37068 min  - Validation   loss : 0.03479 , acc : 0.988 , elapse : 0.05225 min    - [Info] The checkpoint file has been updated.
[ Epoch 44 ]  - Training     loss : 0.02566 , acc : 0.988 , elapse : 0.36987 min  - Validation   loss : 0.03466 , acc : 0.988 , elapse : 0.05303 min    - [Info] The checkpoint file has been updated.
[ Epoch 45 ]  - Training     loss : 0.02559 , acc : 0.988 , elapse : 0.36904 min  - Validation   loss : 0.03456 , acc : 0.988 , elapse : 0.05188 min    - [Info] The checkpoint file has been updated.
[ Epoch 46 ]  - Training     loss : 0.02547 , acc : 0.988 , elapse : 0.36885 min  - Validation   loss : 0.03474 , acc : 0.988 , elapse : 0.05272 min
[ Epoch 47 ]  - Training     loss : 0.02524 , acc : 0.988 , elapse : 0.37079 min  - Validation   loss : 0.03475 , acc : 0.988 , elapse : 0.05287 min
[ Epoch 48 ]  - Training     loss : 0.02517 , acc : 0.988 , elapse : 0.36811 min  - Validation   loss : 0.03470 , acc : 0.988 , elapse : 0.05246 min
[ Epoch 49 ]  - Training     loss : 0.02764 , acc : 0.987 , elapse : 0.36982 min  - Validation   loss : 0.03549 , acc : 0.988 , elapse : 0.05230 min
[ Epoch 50 ]  - Training     loss : 0.02885 , acc : 0.987 , elapse : 0.36988 min  - Validation   loss : 0.03659 , acc : 0.988 , elapse : 0.05311 min
[ Epoch 51 ]  - Training     loss : 0.02800 , acc : 0.987 , elapse : 0.36827 min  - Validation   loss : 0.03705 , acc : 0.988 , elapse : 0.05208 min
[ Epoch 52 ]  - Training     loss : 0.02684 , acc : 0.988 , elapse : 0.36818 min  - Validation   loss : 0.03560 , acc : 0.988 , elapse : 0.05257 min
[ Epoch 53 ]  - Training     loss : 0.02569 , acc : 0.988 , elapse : 0.37029 min  - Validation   loss : 0.03533 , acc : 0.989 , elapse : 0.05288 min
[ Epoch 54 ]  - Training     loss : 0.02515 , acc : 0.988 , elapse : 0.36825 min  - Validation   loss : 0.03570 , acc : 0.988 , elapse : 0.05275 min
[ Epoch 55 ]  - Training     loss : 0.02383 , acc : 0.989 , elapse : 0.37083 min  - Validation   loss : 0.03426 , acc : 0.989 , elapse : 0.05272 min    - [Info] The checkpoint file has been updated.
[ Epoch 56 ]  - Training     loss : 0.02348 , acc : 0.989 , elapse : 0.37179 min  - Validation   loss : 0.03392 , acc : 0.989 , elapse : 0.05241 min    - [Info] The checkpoint file has been updated.
[ Epoch 57 ]  - Training     loss : 0.02303 , acc : 0.989 , elapse : 0.37038 min  - Validation   loss : 0.03337 , acc : 0.989 , elapse : 0.05281 min
[ Epoch 58 ]  - Training     loss : 0.02185 , acc : 0.989 , elapse : 0.37018 min  - Validation   loss : 0.03232 , acc : 0.989 , elapse : 0.05316 min    - [Info] The checkpoint file has been updated.
[ Epoch 59 ]  - Training     loss : 0.02138 , acc : 0.990 , elapse : 0.37178 min  - Validation   loss : 0.03364 , acc : 0.989 , elapse : 0.05263 min
[ Epoch 60 ]  - Training     loss : 0.02100 , acc : 0.990 , elapse : 0.37009 min  - Validation   loss : 0.03169 , acc : 0.990 , elapse : 0.05291 min    - [Info] The checkpoint file has been updated.
[ Epoch 61 ]  - Training     loss : 0.02038 , acc : 0.990 , elapse : 0.37079 min  - Validation   loss : 0.03300 , acc : 0.989 , elapse : 0.05282 min
[ Epoch 62 ]  - Training     loss : 0.01958 , acc : 0.990 , elapse : 0.37258 min  - Validation   loss : 0.03165 , acc : 0.989 , elapse : 0.05295 min
[ Epoch 63 ]  - Training     loss : 0.01905 , acc : 0.990 , elapse : 0.36960 min  - Validation   loss : 0.03190 , acc : 0.990 , elapse : 0.05253 min
[ Epoch 64 ]  - Training     loss : 0.01822 , acc : 0.991 , elapse : 0.36889 min  - Validation   loss : 0.03145 , acc : 0.989 , elapse : 0.05298 min
[ Epoch 65 ]  - Training     loss : 0.01797 , acc : 0.991 , elapse : 0.37231 min  - Validation   loss : 0.03058 , acc : 0.990 , elapse : 0.05257 min    - [Info] The checkpoint file has been updated.
[ Epoch 66 ]  - Training     loss : 0.01722 , acc : 0.991 , elapse : 0.36993 min  - Validation   loss : 0.03109 , acc : 0.990 , elapse : 0.05259 min
[ Epoch 67 ]  - Training     loss : 0.01671 , acc : 0.991 , elapse : 0.36904 min  - Validation   loss : 0.03033 , acc : 0.990 , elapse : 0.05297 min    - [Info] The checkpoint file has been updated.
[ Epoch 68 ]  - Training     loss : 0.01630 , acc : 0.992 , elapse : 0.36991 min  - Validation   loss : 0.03059 , acc : 0.990 , elapse : 0.05227 min
[ Epoch 69 ]  - Training     loss : 0.01579 , acc : 0.992 , elapse : 0.36869 min  - Validation   loss : 0.03016 , acc : 0.990 , elapse : 0.05228 min    - [Info] The checkpoint file has been updated.
[ Epoch 70 ]  - Training     loss : 0.01548 , acc : 0.992 , elapse : 0.36928 min  - Validation   loss : 0.02995 , acc : 0.990 , elapse : 0.05329 min
[ Epoch 71 ]  - Training     loss : 0.01509 , acc : 0.992 , elapse : 0.37043 min  - Validation   loss : 0.03029 , acc : 0.990 , elapse : 0.05207 min
[ Epoch 72 ]  - Training     loss : 0.01477 , acc : 0.992 , elapse : 0.36747 min  - Validation   loss : 0.02968 , acc : 0.991 , elapse : 0.05259 min    - [Info] The checkpoint file has been updated.
[ Epoch 73 ]  - Training     loss : 0.01434 , acc : 0.992 , elapse : 0.36870 min  - Validation   loss : 0.02947 , acc : 0.990 , elapse : 0.05294 min
[ Epoch 74 ]  - Training     loss : 0.01382 , acc : 0.993 , elapse : 0.36963 min  - Validation   loss : 0.02988 , acc : 0.991 , elapse : 0.05239 min
[ Epoch 75 ]  - Training     loss : 0.01363 , acc : 0.993 , elapse : 0.36815 min  - Validation   loss : 0.02847 , acc : 0.991 , elapse : 0.05218 min    - [Info] The checkpoint file has been updated.
[ Epoch 76 ]  - Training     loss : 0.01339 , acc : 0.993 , elapse : 0.36936 min  - Validation   loss : 0.02885 , acc : 0.991 , elapse : 0.05346 min
[ Epoch 77 ]  - Training     loss : 0.01270 , acc : 0.993 , elapse : 0.37118 min  - Validation   loss : 0.02916 , acc : 0.991 , elapse : 0.05206 min
[ Epoch 78 ]  - Training     loss : 0.01256 , acc : 0.993 , elapse : 0.36858 min  - Validation   loss : 0.02807 , acc : 0.991 , elapse : 0.05253 min    - [Info] The checkpoint file has been updated.
[ Epoch 79 ]  - Training     loss : 0.01241 , acc : 0.993 , elapse : 0.36977 min  - Validation   loss : 0.02816 , acc : 0.991 , elapse : 0.05311 min
[ Epoch 80 ]  - Training     loss : 0.01218 , acc : 0.993 , elapse : 0.37064 min  - Validation   loss : 0.02853 , acc : 0.991 , elapse : 0.05254 min
[ Epoch 81 ]  - Training     loss : 0.01202 , acc : 0.994 , elapse : 0.36851 min  - Validation   loss : 0.02900 , acc : 0.991 , elapse : 0.05208 min
[ Epoch 82 ]  - Training     loss : 0.01164 , acc : 0.994 , elapse : 0.36882 min  - Validation   loss : 0.02779 , acc : 0.991 , elapse : 0.05328 min
[ Epoch 83 ]  - Training     loss : 0.01157 , acc : 0.994 , elapse : 0.37111 min  - Validation   loss : 0.02835 , acc : 0.991 , elapse : 0.05211 min
[ Epoch 84 ]  - Training     loss : 0.01123 , acc : 0.994 , elapse : 0.36866 min  - Validation   loss : 0.02851 , acc : 0.991 , elapse : 0.05265 min
[ Epoch 85 ]  - Training     loss : 0.01133 , acc : 0.994 , elapse : 0.36978 min  - Validation   loss : 0.02815 , acc : 0.991 , elapse : 0.05296 min
[ Epoch 86 ]  - Training     loss : 0.01106 , acc : 0.994 , elapse : 0.37020 min  - Validation   loss : 0.02854 , acc : 0.991 , elapse : 0.05261 min
[ Epoch 87 ]  - Training     loss : 0.01090 , acc : 0.994 , elapse : 0.36962 min  - Validation   loss : 0.02848 , acc : 0.991 , elapse : 0.05233 min
[ Epoch 88 ]  - Training     loss : 0.01083 , acc : 0.994 , elapse : 0.36890 min  - Validation   loss : 0.02871 , acc : 0.991 , elapse : 0.05358 min
[ Epoch 89 ]  - Training     loss : 0.01071 , acc : 0.994 , elapse : 0.37074 min  - Validation   loss : 0.02834 , acc : 0.991 , elapse : 0.05205 min
[ Epoch 90 ]  - Training     loss : 0.01049 , acc : 0.994 , elapse : 0.36822 min  - Validation   loss : 0.02844 , acc : 0.991 , elapse : 0.05259 min
[ Epoch 91 ]  - Training     loss : 0.01043 , acc : 0.994 , elapse : 0.36951 min  - Validation   loss : 0.02857 , acc : 0.991 , elapse : 0.05296 min
[ Epoch 92 ]  - Training     loss : 0.01040 , acc : 0.994 , elapse : 0.37050 min  - Validation   loss : 0.02827 , acc : 0.991 , elapse : 0.05250 min
[ Epoch 93 ]  - Training     loss : 0.01057 , acc : 0.994 , elapse : 0.36888 min  - Validation   loss : 0.02841 , acc : 0.991 , elapse : 0.05234 min
[ Epoch 94 ]  - Training     loss : 0.01050 , acc : 0.994 , elapse : 0.36887 min  - Validation   loss : 0.02823 , acc : 0.991 , elapse : 0.05321 min
[ Epoch 95 ]  - Training     loss : 0.01058 , acc : 0.994 , elapse : 0.37059 min  - Validation   loss : 0.02825 , acc : 0.991 , elapse : 0.05199 min
[ Epoch 96 ]  - Training     loss : 0.01057 , acc : 0.994 , elapse : 0.36825 min  - Validation   loss : 0.02826 , acc : 0.991 , elapse : 0.05244 min
[ Epoch 97 ]  - Training     loss : 0.01050 , acc : 0.994 , elapse : 0.36954 min  - Validation   loss : 0.02824 , acc : 0.991 , elapse : 0.05301 min
[ Epoch 98 ]  - Training     loss : 0.01179 , acc : 0.994 , elapse : 0.37034 min  - Validation   loss : 0.02974 , acc : 0.991 , elapse : 0.05262 min
[ Epoch 99 ]  - Training     loss : 0.01319 , acc : 0.993 , elapse : 0.36874 min  - Validation   loss : 0.02827 , acc : 0.991 , elapse : 0.05222 min
Finish training ~ v ~
~~~~~~~~~~~~~~~~~~~~~~~~~~~~~
1th fold (total : 5)
Create model...
Start training...
[ Epoch 0 ]  - Training     loss : 0.25174 , acc : 0.917 , elapse : 0.36975 min  - Validation   loss : 0.19031 , acc : 0.937 , elapse : 0.05355 min    - [Info] The checkpoint file has been updated.
[ Epoch 1 ]  - Training     loss : 0.17994 , acc : 0.942 , elapse : 0.37160 min  - Validation   loss : 0.14628 , acc : 0.951 , elapse : 0.05239 min    - [Info] The checkpoint file has been updated.
[ Epoch 2 ]  - Training     loss : 0.14332 , acc : 0.952 , elapse : 0.36945 min  - Validation   loss : 0.13244 , acc : 0.955 , elapse : 0.05260 min    - [Info] The checkpoint file has been updated.
[ Epoch 3 ]  - Training     loss : 0.12619 , acc : 0.957 , elapse : 0.36913 min  - Validation   loss : 0.10529 , acc : 0.964 , elapse : 0.05300 min    - [Info] The checkpoint file has been updated.
[ Epoch 4 ]  - Training     loss : 0.10478 , acc : 0.964 , elapse : 0.37032 min  - Validation   loss : 0.09237 , acc : 0.968 , elapse : 0.05277 min    - [Info] The checkpoint file has been updated.
[ Epoch 5 ]  - Training     loss : 0.09663 , acc : 0.966 , elapse : 0.36933 min  - Validation   loss : 0.09000 , acc : 0.969 , elapse : 0.05236 min    - [Info] The checkpoint file has been updated.
[ Epoch 6 ]  - Training     loss : 0.09183 , acc : 0.968 , elapse : 0.36929 min  - Validation   loss : 0.07926 , acc : 0.972 , elapse : 0.05337 min    - [Info] The checkpoint file has been updated.
[ Epoch 7 ]  - Training     loss : 0.08123 , acc : 0.972 , elapse : 0.37111 min  - Validation   loss : 0.07044 , acc : 0.975 , elapse : 0.05223 min    - [Info] The checkpoint file has been updated.
[ Epoch 8 ]  - Training     loss : 0.07362 , acc : 0.974 , elapse : 0.36893 min  - Validation   loss : 0.06615 , acc : 0.976 , elapse : 0.05262 min    - [Info] The checkpoint file has been updated.
[ Epoch 9 ]  - Training     loss : 0.06914 , acc : 0.975 , elapse : 0.36994 min  - Validation   loss : 0.06230 , acc : 0.977 , elapse : 0.05321 min    - [Info] The checkpoint file has been updated.
[ Epoch 10 ]  - Training     loss : 0.06542 , acc : 0.976 , elapse : 0.37008 min  - Validation   loss : 0.06135 , acc : 0.978 , elapse : 0.05250 min    - [Info] The checkpoint file has been updated.
[ Epoch 11 ]  - Training     loss : 0.06369 , acc : 0.977 , elapse : 0.36882 min  - Validation   loss : 0.06108 , acc : 0.978 , elapse : 0.05249 min    - [Info] The checkpoint file has been updated.
[ Epoch 12 ]  - Training     loss : 0.06409 , acc : 0.977 , elapse : 0.36994 min  - Validation   loss : 0.05895 , acc : 0.979 , elapse : 0.05340 min    - [Info] The checkpoint file has been updated.
[ Epoch 13 ]  - Training     loss : 0.06278 , acc : 0.977 , elapse : 0.37137 min  - Validation   loss : 0.05608 , acc : 0.980 , elapse : 0.05206 min    - [Info] The checkpoint file has been updated.
[ Epoch 14 ]  - Training     loss : 0.05818 , acc : 0.979 , elapse : 0.36796 min  - Validation   loss : 0.05291 , acc : 0.981 , elapse : 0.05264 min    - [Info] The checkpoint file has been updated.
[ Epoch 15 ]  - Training     loss : 0.05478 , acc : 0.980 , elapse : 0.37073 min  - Validation   loss : 0.05123 , acc : 0.981 , elapse : 0.05324 min    - [Info] The checkpoint file has been updated.
[ Epoch 16 ]  - Training     loss : 0.05220 , acc : 0.980 , elapse : 0.37047 min  - Validation   loss : 0.04944 , acc : 0.982 , elapse : 0.05246 min    - [Info] The checkpoint file has been updated.
[ Epoch 17 ]  - Training     loss : 0.05047 , acc : 0.981 , elapse : 0.36859 min  - Validation   loss : 0.04876 , acc : 0.982 , elapse : 0.05237 min    - [Info] The checkpoint file has been updated.
[ Epoch 18 ]  - Training     loss : 0.04818 , acc : 0.982 , elapse : 0.37206 min  - Validation   loss : 0.04802 , acc : 0.982 , elapse : 0.05619 min    - [Info] The checkpoint file has been updated.
[ Epoch 19 ]  - Training     loss : 0.04676 , acc : 0.982 , elapse : 0.38208 min  - Validation   loss : 0.04583 , acc : 0.983 , elapse : 0.05495 min    - [Info] The checkpoint file has been updated.
[ Epoch 20 ]  - Training     loss : 0.04489 , acc : 0.983 , elapse : 0.37243 min  - Validation   loss : 0.04597 , acc : 0.984 , elapse : 0.05252 min
[ Epoch 21 ]  - Training     loss : 0.04427 , acc : 0.983 , elapse : 0.36936 min  - Validation   loss : 0.04540 , acc : 0.984 , elapse : 0.05303 min    - [Info] The checkpoint file has been updated.
[ Epoch 22 ]  - Training     loss : 0.04300 , acc : 0.983 , elapse : 0.37911 min  - Validation   loss : 0.04549 , acc : 0.984 , elapse : 0.05565 min
[ Epoch 23 ]  - Training     loss : 0.04318 , acc : 0.983 , elapse : 0.37842 min  - Validation   loss : 0.04505 , acc : 0.984 , elapse : 0.05270 min    - [Info] The checkpoint file has been updated.
[ Epoch 24 ]  - Training     loss : 0.04329 , acc : 0.983 , elapse : 0.37153 min  - Validation   loss : 0.04501 , acc : 0.983 , elapse : 0.05453 min
[ Epoch 25 ]  - Training     loss : 0.04550 , acc : 0.982 , elapse : 0.37779 min  - Validation   loss : 0.04503 , acc : 0.984 , elapse : 0.05394 min
[ Epoch 26 ]  - Training     loss : 0.04369 , acc : 0.983 , elapse : 0.37674 min  - Validation   loss : 0.04392 , acc : 0.984 , elapse : 0.05474 min    - [Info] The checkpoint file has been updated.
[ Epoch 27 ]  - Training     loss : 0.04189 , acc : 0.983 , elapse : 0.37337 min  - Validation   loss : 0.04197 , acc : 0.985 , elapse : 0.05242 min    - [Info] The checkpoint file has been updated.
[ Epoch 28 ]  - Training     loss : 0.04090 , acc : 0.984 , elapse : 0.36964 min  - Validation   loss : 0.04118 , acc : 0.985 , elapse : 0.05304 min    - [Info] The checkpoint file has been updated.
[ Epoch 29 ]  - Training     loss : 0.03826 , acc : 0.984 , elapse : 0.37632 min  - Validation   loss : 0.04049 , acc : 0.985 , elapse : 0.05561 min    - [Info] The checkpoint file has been updated.
[ Epoch 30 ]  - Training     loss : 0.03739 , acc : 0.985 , elapse : 0.37904 min  - Validation   loss : 0.04153 , acc : 0.985 , elapse : 0.05291 min
[ Epoch 31 ]  - Training     loss : 0.03608 , acc : 0.985 , elapse : 0.37226 min  - Validation   loss : 0.03925 , acc : 0.986 , elapse : 0.05257 min    - [Info] The checkpoint file has been updated.
[ Epoch 32 ]  - Training     loss : 0.03488 , acc : 0.985 , elapse : 0.37021 min  - Validation   loss : 0.03827 , acc : 0.986 , elapse : 0.05298 min
[ Epoch 33 ]  - Training     loss : 0.03305 , acc : 0.986 , elapse : 0.38536 min  - Validation   loss : 0.03690 , acc : 0.986 , elapse : 0.05231 min    - [Info] The checkpoint file has been updated.
[ Epoch 34 ]  - Training     loss : 0.03223 , acc : 0.986 , elapse : 0.36983 min  - Validation   loss : 0.03686 , acc : 0.987 , elapse : 0.05301 min    - [Info] The checkpoint file has been updated.
[ Epoch 35 ]  - Training     loss : 0.03166 , acc : 0.986 , elapse : 0.36837 min  - Validation   loss : 0.03692 , acc : 0.987 , elapse : 0.05250 min
[ Epoch 36 ]  - Training     loss : 0.03000 , acc : 0.987 , elapse : 0.37126 min  - Validation   loss : 0.03531 , acc : 0.987 , elapse : 0.05521 min    - [Info] The checkpoint file has been updated.
[ Epoch 37 ]  - Training     loss : 0.02935 , acc : 0.987 , elapse : 0.38932 min  - Validation   loss : 0.03593 , acc : 0.987 , elapse : 0.05265 min
[ Epoch 38 ]  - Training     loss : 0.02790 , acc : 0.987 , elapse : 0.37001 min  - Validation   loss : 0.03524 , acc : 0.987 , elapse : 0.05290 min    - [Info] The checkpoint file has been updated.
[ Epoch 39 ]  - Training     loss : 0.02762 , acc : 0.988 , elapse : 0.37128 min  - Validation   loss : 0.03451 , acc : 0.987 , elapse : 0.05284 min    - [Info] The checkpoint file has been updated.
[ Epoch 40 ]  - Training     loss : 0.02682 , acc : 0.988 , elapse : 0.38360 min  - Validation   loss : 0.03504 , acc : 0.987 , elapse : 0.05975 min
[ Epoch 41 ]  - Training     loss : 0.02608 , acc : 0.988 , elapse : 0.38096 min  - Validation   loss : 0.03503 , acc : 0.988 , elapse : 0.05262 min
[ Epoch 42 ]  - Training     loss : 0.02599 , acc : 0.988 , elapse : 0.37092 min  - Validation   loss : 0.03490 , acc : 0.988 , elapse : 0.05313 min
[ Epoch 43 ]  - Training     loss : 0.02537 , acc : 0.988 , elapse : 0.37268 min  - Validation   loss : 0.03467 , acc : 0.988 , elapse : 0.05281 min
[ Epoch 44 ]  - Training     loss : 0.02507 , acc : 0.988 , elapse : 0.38398 min  - Validation   loss : 0.03448 , acc : 0.988 , elapse : 0.05675 min    - [Info] The checkpoint file has been updated.
[ Epoch 45 ]  - Training     loss : 0.02448 , acc : 0.988 , elapse : 0.37924 min  - Validation   loss : 0.03422 , acc : 0.988 , elapse : 0.05305 min    - [Info] The checkpoint file has been updated.
[ Epoch 46 ]  - Training     loss : 0.02472 , acc : 0.989 , elapse : 0.37012 min  - Validation   loss : 0.03418 , acc : 0.988 , elapse : 0.05246 min
[ Epoch 47 ]  - Training     loss : 0.02468 , acc : 0.989 , elapse : 0.37592 min  - Validation   loss : 0.03420 , acc : 0.988 , elapse : 0.05848 min
[ Epoch 48 ]  - Training     loss : 0.02455 , acc : 0.989 , elapse : 0.37550 min  - Validation   loss : 0.03420 , acc : 0.988 , elapse : 0.05333 min
[ Epoch 49 ]  - Training     loss : 0.02737 , acc : 0.988 , elapse : 0.37045 min  - Validation   loss : 0.03549 , acc : 0.987 , elapse : 0.05221 min
[ Epoch 50 ]  - Training     loss : 0.02792 , acc : 0.988 , elapse : 0.36826 min  - Validation   loss : 0.03429 , acc : 0.988 , elapse : 0.05277 min
[ Epoch 51 ]  - Training     loss : 0.02640 , acc : 0.988 , elapse : 0.37617 min  - Validation   loss : 0.03447 , acc : 0.988 , elapse : 0.05276 min
[ Epoch 52 ]  - Training     loss : 0.02644 , acc : 0.988 , elapse : 0.37166 min  - Validation   loss : 0.03453 , acc : 0.988 , elapse : 0.05301 min
[ Epoch 53 ]  - Training     loss : 0.02568 , acc : 0.988 , elapse : 0.43144 min  - Validation   loss : 0.03413 , acc : 0.988 , elapse : 0.05941 min    - [Info] The checkpoint file has been updated.
[ Epoch 54 ]  - Training     loss : 0.02490 , acc : 0.988 , elapse : 0.38227 min  - Validation   loss : 0.03347 , acc : 0.988 , elapse : 0.05780 min    - [Info] The checkpoint file has been updated.
[ Epoch 55 ]  - Training     loss : 0.02397 , acc : 0.989 , elapse : 0.38705 min  - Validation   loss : 0.03266 , acc : 0.989 , elapse : 0.05246 min    - [Info] The checkpoint file has been updated.
[ Epoch 56 ]  - Training     loss : 0.02265 , acc : 0.989 , elapse : 0.37123 min  - Validation   loss : 0.03252 , acc : 0.989 , elapse : 0.05339 min
[ Epoch 57 ]  - Training     loss : 0.02222 , acc : 0.989 , elapse : 0.38647 min  - Validation   loss : 0.03202 , acc : 0.989 , elapse : 0.05616 min
[ Epoch 58 ]  - Training     loss : 0.02208 , acc : 0.989 , elapse : 0.37387 min  - Validation   loss : 0.03253 , acc : 0.989 , elapse : 0.05304 min
[ Epoch 59 ]  - Training     loss : 0.02144 , acc : 0.990 , elapse : 0.37137 min  - Validation   loss : 0.03288 , acc : 0.989 , elapse : 0.05245 min
[ Epoch 60 ]  - Training     loss : 0.02040 , acc : 0.990 , elapse : 0.37175 min  - Validation   loss : 0.03116 , acc : 0.989 , elapse : 0.05314 min    - [Info] The checkpoint file has been updated.
[ Epoch 61 ]  - Training     loss : 0.02001 , acc : 0.990 , elapse : 0.37202 min  - Validation   loss : 0.03156 , acc : 0.989 , elapse : 0.05280 min
[ Epoch 62 ]  - Training     loss : 0.01901 , acc : 0.991 , elapse : 0.36990 min  - Validation   loss : 0.03156 , acc : 0.989 , elapse : 0.05306 min
[ Epoch 63 ]  - Training     loss : 0.01873 , acc : 0.991 , elapse : 0.37041 min  - Validation   loss : 0.03071 , acc : 0.990 , elapse : 0.05291 min    - [Info] The checkpoint file has been updated.
[ Epoch 64 ]  - Training     loss : 0.01765 , acc : 0.991 , elapse : 0.37077 min  - Validation   loss : 0.03026 , acc : 0.990 , elapse : 0.05293 min    - [Info] The checkpoint file has been updated.
[ Epoch 65 ]  - Training     loss : 0.01771 , acc : 0.991 , elapse : 0.37195 min  - Validation   loss : 0.03057 , acc : 0.990 , elapse : 0.05242 min
[ Epoch 66 ]  - Training     loss : 0.01694 , acc : 0.992 , elapse : 0.37014 min  - Validation   loss : 0.03162 , acc : 0.990 , elapse : 0.05345 min
[ Epoch 67 ]  - Training     loss : 0.01648 , acc : 0.992 , elapse : 0.37178 min  - Validation   loss : 0.03047 , acc : 0.990 , elapse : 0.05219 min
[ Epoch 68 ]  - Training     loss : 0.01581 , acc : 0.992 , elapse : 0.36918 min  - Validation   loss : 0.03025 , acc : 0.990 , elapse : 0.05278 min    - [Info] The checkpoint file has been updated.
[ Epoch 69 ]  - Training     loss : 0.01570 , acc : 0.992 , elapse : 0.37064 min  - Validation   loss : 0.02935 , acc : 0.990 , elapse : 0.05316 min    - [Info] The checkpoint file has been updated.
[ Epoch 70 ]  - Training     loss : 0.01497 , acc : 0.992 , elapse : 0.37086 min  - Validation   loss : 0.03090 , acc : 0.990 , elapse : 0.05252 min
[ Epoch 71 ]  - Training     loss : 0.01473 , acc : 0.993 , elapse : 0.36955 min  - Validation   loss : 0.03038 , acc : 0.990 , elapse : 0.05228 min
[ Epoch 72 ]  - Training     loss : 0.01484 , acc : 0.992 , elapse : 0.37027 min  - Validation   loss : 0.03136 , acc : 0.990 , elapse : 0.05365 min
[ Epoch 73 ]  - Training     loss : 0.01444 , acc : 0.993 , elapse : 0.37204 min  - Validation   loss : 0.03052 , acc : 0.990 , elapse : 0.05212 min
[ Epoch 74 ]  - Training     loss : 0.01409 , acc : 0.993 , elapse : 0.36878 min  - Validation   loss : 0.03002 , acc : 0.990 , elapse : 0.05259 min
[ Epoch 75 ]  - Training     loss : 0.01348 , acc : 0.993 , elapse : 0.37087 min  - Validation   loss : 0.03098 , acc : 0.990 , elapse : 0.05304 min
[ Epoch 76 ]  - Training     loss : 0.01323 , acc : 0.993 , elapse : 0.37108 min  - Validation   loss : 0.03094 , acc : 0.991 , elapse : 0.05239 min
[ Epoch 77 ]  - Training     loss : 0.01267 , acc : 0.993 , elapse : 0.36905 min  - Validation   loss : 0.03081 , acc : 0.990 , elapse : 0.05237 min
[ Epoch 78 ]  - Training     loss : 0.01241 , acc : 0.994 , elapse : 0.37000 min  - Validation   loss : 0.03047 , acc : 0.991 , elapse : 0.05338 min
[ Epoch 79 ]  - Training     loss : 0.01246 , acc : 0.994 , elapse : 0.37130 min  - Validation   loss : 0.02981 , acc : 0.991 , elapse : 0.05212 min
[ Epoch 80 ]  - Training     loss : 0.01178 , acc : 0.994 , elapse : 0.36876 min  - Validation   loss : 0.03022 , acc : 0.991 , elapse : 0.05282 min
[ Epoch 81 ]  - Training     loss : 0.01160 , acc : 0.994 , elapse : 0.37032 min  - Validation   loss : 0.02971 , acc : 0.991 , elapse : 0.05303 min
[ Epoch 82 ]  - Training     loss : 0.01131 , acc : 0.994 , elapse : 0.37107 min  - Validation   loss : 0.02999 , acc : 0.991 , elapse : 0.05257 min
[ Epoch 83 ]  - Training     loss : 0.01142 , acc : 0.994 , elapse : 0.36961 min  - Validation   loss : 0.02986 , acc : 0.991 , elapse : 0.05251 min
[ Epoch 84 ]  - Training     loss : 0.01115 , acc : 0.994 , elapse : 0.36980 min  - Validation   loss : 0.02927 , acc : 0.991 , elapse : 0.05341 min
[ Epoch 85 ]  - Training     loss : 0.01105 , acc : 0.994 , elapse : 0.37115 min  - Validation   loss : 0.02876 , acc : 0.991 , elapse : 0.05216 min    - [Info] The checkpoint file has been updated.
[ Epoch 86 ]  - Training     loss : 0.01085 , acc : 0.994 , elapse : 0.36895 min  - Validation   loss : 0.02897 , acc : 0.991 , elapse : 0.05274 min
[ Epoch 87 ]  - Training     loss : 0.01072 , acc : 0.994 , elapse : 0.37106 min  - Validation   loss : 0.02919 , acc : 0.991 , elapse : 0.05319 min
[ Epoch 88 ]  - Training     loss : 0.01076 , acc : 0.994 , elapse : 0.37050 min  - Validation   loss : 0.02903 , acc : 0.991 , elapse : 0.05231 min
[ Epoch 89 ]  - Training     loss : 0.01057 , acc : 0.994 , elapse : 0.36902 min  - Validation   loss : 0.02893 , acc : 0.991 , elapse : 0.05246 min
[ Epoch 90 ]  - Training     loss : 0.01016 , acc : 0.995 , elapse : 0.37037 min  - Validation   loss : 0.02906 , acc : 0.991 , elapse : 0.05353 min
[ Epoch 91 ]  - Training     loss : 0.01071 , acc : 0.994 , elapse : 0.37112 min  - Validation   loss : 0.02910 , acc : 0.991 , elapse : 0.05241 min
[ Epoch 92 ]  - Training     loss : 0.01025 , acc : 0.994 , elapse : 0.36913 min  - Validation   loss : 0.02902 , acc : 0.991 , elapse : 0.05275 min
[ Epoch 93 ]  - Training     loss : 0.01047 , acc : 0.994 , elapse : 0.37052 min  - Validation   loss : 0.02896 , acc : 0.991 , elapse : 0.05293 min
[ Epoch 94 ]  - Training     loss : 0.01015 , acc : 0.994 , elapse : 0.37107 min  - Validation   loss : 0.02899 , acc : 0.991 , elapse : 0.05250 min
[ Epoch 95 ]  - Training     loss : 0.01039 , acc : 0.994 , elapse : 0.36960 min  - Validation   loss : 0.02896 , acc : 0.991 , elapse : 0.05240 min
[ Epoch 96 ]  - Training     loss : 0.01039 , acc : 0.994 , elapse : 0.36994 min  - Validation   loss : 0.02894 , acc : 0.991 , elapse : 0.05354 min
[ Epoch 97 ]  - Training     loss : 0.01059 , acc : 0.995 , elapse : 0.37122 min  - Validation   loss : 0.02893 , acc : 0.991 , elapse : 0.05217 min
[ Epoch 98 ]  - Training     loss : 0.01133 , acc : 0.994 , elapse : 0.36926 min  - Validation   loss : 0.02984 , acc : 0.991 , elapse : 0.05260 min
[ Epoch 99 ]  - Training     loss : 0.01320 , acc : 0.993 , elapse : 0.37045 min  - Validation   loss : 0.03011 , acc : 0.991 , elapse : 0.05311 min
Finish training ~ v ~
~~~~~~~~~~~~~~~~~~~~~~~~~~~~~
2th fold (total : 5)
Create model...
Start training...
[ Epoch 0 ]  - Training     loss : 0.24900 , acc : 0.920 , elapse : 0.37904 min  - Validation   loss : 0.19442 , acc : 0.935 , elapse : 0.05264 min    - [Info] The checkpoint file has been updated.
[ Epoch 1 ]  - Training     loss : 0.17572 , acc : 0.944 , elapse : 0.36948 min  - Validation   loss : 0.14560 , acc : 0.954 , elapse : 0.05232 min    - [Info] The checkpoint file has been updated.
[ Epoch 2 ]  - Training     loss : 0.14197 , acc : 0.954 , elapse : 0.37071 min  - Validation   loss : 0.12877 , acc : 0.958 , elapse : 0.05325 min    - [Info] The checkpoint file has been updated.
[ Epoch 3 ]  - Training     loss : 0.12246 , acc : 0.959 , elapse : 0.37096 min  - Validation   loss : 0.10277 , acc : 0.967 , elapse : 0.05213 min    - [Info] The checkpoint file has been updated.
[ Epoch 4 ]  - Training     loss : 0.10310 , acc : 0.965 , elapse : 0.36849 min  - Validation   loss : 0.09267 , acc : 0.970 , elapse : 0.05256 min    - [Info] The checkpoint file has been updated.
[ Epoch 5 ]  - Training     loss : 0.09632 , acc : 0.967 , elapse : 0.37037 min  - Validation   loss : 0.09047 , acc : 0.971 , elapse : 0.05295 min    - [Info] The checkpoint file has been updated.
[ Epoch 6 ]  - Training     loss : 0.09226 , acc : 0.969 , elapse : 0.37036 min  - Validation   loss : 0.08164 , acc : 0.974 , elapse : 0.05253 min    - [Info] The checkpoint file has been updated.
[ Epoch 7 ]  - Training     loss : 0.08295 , acc : 0.971 , elapse : 0.36881 min  - Validation   loss : 0.07372 , acc : 0.976 , elapse : 0.05238 min    - [Info] The checkpoint file has been updated.
[ Epoch 8 ]  - Training     loss : 0.07522 , acc : 0.974 , elapse : 0.36965 min  - Validation   loss : 0.06899 , acc : 0.978 , elapse : 0.05334 min    - [Info] The checkpoint file has been updated.
[ Epoch 9 ]  - Training     loss : 0.07031 , acc : 0.975 , elapse : 0.37113 min  - Validation   loss : 0.06614 , acc : 0.978 , elapse : 0.05228 min    - [Info] The checkpoint file has been updated.
[ Epoch 10 ]  - Training     loss : 0.06790 , acc : 0.976 , elapse : 0.36860 min  - Validation   loss : 0.06465 , acc : 0.979 , elapse : 0.05272 min    - [Info] The checkpoint file has been updated.
[ Epoch 11 ]  - Training     loss : 0.06691 , acc : 0.976 , elapse : 0.37070 min  - Validation   loss : 0.06406 , acc : 0.979 , elapse : 0.05304 min    - [Info] The checkpoint file has been updated.
[ Epoch 12 ]  - Training     loss : 0.06669 , acc : 0.976 , elapse : 0.37095 min  - Validation   loss : 0.06396 , acc : 0.979 , elapse : 0.05252 min    - [Info] The checkpoint file has been updated.
[ Epoch 13 ]  - Training     loss : 0.06351 , acc : 0.977 , elapse : 0.36923 min  - Validation   loss : 0.05971 , acc : 0.981 , elapse : 0.05238 min    - [Info] The checkpoint file has been updated.
[ Epoch 14 ]  - Training     loss : 0.05975 , acc : 0.979 , elapse : 0.37026 min  - Validation   loss : 0.05544 , acc : 0.982 , elapse : 0.05338 min    - [Info] The checkpoint file has been updated.
[ Epoch 15 ]  - Training     loss : 0.05676 , acc : 0.979 , elapse : 0.37165 min  - Validation   loss : 0.05397 , acc : 0.982 , elapse : 0.05225 min    - [Info] The checkpoint file has been updated.
[ Epoch 16 ]  - Training     loss : 0.05334 , acc : 0.980 , elapse : 0.36885 min  - Validation   loss : 0.05193 , acc : 0.983 , elapse : 0.05267 min    - [Info] The checkpoint file has been updated.
[ Epoch 17 ]  - Training     loss : 0.05133 , acc : 0.981 , elapse : 0.37059 min  - Validation   loss : 0.05068 , acc : 0.983 , elapse : 0.05301 min    - [Info] The checkpoint file has been updated.
[ Epoch 18 ]  - Training     loss : 0.04911 , acc : 0.982 , elapse : 0.37086 min  - Validation   loss : 0.04985 , acc : 0.983 , elapse : 0.05248 min    - [Info] The checkpoint file has been updated.
[ Epoch 19 ]  - Training     loss : 0.04687 , acc : 0.982 , elapse : 0.36913 min  - Validation   loss : 0.04881 , acc : 0.984 , elapse : 0.05227 min    - [Info] The checkpoint file has been updated.
[ Epoch 20 ]  - Training     loss : 0.04594 , acc : 0.983 , elapse : 0.36972 min  - Validation   loss : 0.04742 , acc : 0.984 , elapse : 0.05327 min    - [Info] The checkpoint file has been updated.
[ Epoch 21 ]  - Training     loss : 0.04479 , acc : 0.983 , elapse : 0.37097 min  - Validation   loss : 0.04733 , acc : 0.984 , elapse : 0.05218 min    - [Info] The checkpoint file has been updated.
[ Epoch 22 ]  - Training     loss : 0.04455 , acc : 0.983 , elapse : 0.36854 min  - Validation   loss : 0.04734 , acc : 0.984 , elapse : 0.05263 min
[ Epoch 23 ]  - Training     loss : 0.04405 , acc : 0.983 , elapse : 0.37038 min  - Validation   loss : 0.04689 , acc : 0.984 , elapse : 0.05338 min    - [Info] The checkpoint file has been updated.
[ Epoch 24 ]  - Training     loss : 0.04463 , acc : 0.983 , elapse : 0.37107 min  - Validation   loss : 0.04814 , acc : 0.984 , elapse : 0.05256 min
[ Epoch 25 ]  - Training     loss : 0.04628 , acc : 0.982 , elapse : 0.36949 min  - Validation   loss : 0.04601 , acc : 0.985 , elapse : 0.05246 min    - [Info] The checkpoint file has been updated.
[ Epoch 26 ]  - Training     loss : 0.04441 , acc : 0.983 , elapse : 0.37197 min  - Validation   loss : 0.04588 , acc : 0.985 , elapse : 0.05334 min    - [Info] The checkpoint file has been updated.
[ Epoch 27 ]  - Training     loss : 0.04226 , acc : 0.983 , elapse : 0.37316 min  - Validation   loss : 0.04495 , acc : 0.985 , elapse : 0.05253 min
[ Epoch 28 ]  - Training     loss : 0.04064 , acc : 0.984 , elapse : 0.37077 min  - Validation   loss : 0.04617 , acc : 0.985 , elapse : 0.05303 min
[ Epoch 29 ]  - Training     loss : 0.03890 , acc : 0.984 , elapse : 0.37232 min  - Validation   loss : 0.04319 , acc : 0.986 , elapse : 0.05291 min    - [Info] The checkpoint file has been updated.
[ Epoch 30 ]  - Training     loss : 0.03793 , acc : 0.985 , elapse : 0.37260 min  - Validation   loss : 0.04231 , acc : 0.986 , elapse : 0.05293 min    - [Info] The checkpoint file has been updated.
[ Epoch 31 ]  - Training     loss : 0.03603 , acc : 0.985 , elapse : 0.37118 min  - Validation   loss : 0.04137 , acc : 0.986 , elapse : 0.05234 min    - [Info] The checkpoint file has been updated.
[ Epoch 32 ]  - Training     loss : 0.03457 , acc : 0.986 , elapse : 0.37011 min  - Validation   loss : 0.04204 , acc : 0.987 , elapse : 0.05334 min
[ Epoch 33 ]  - Training     loss : 0.03371 , acc : 0.986 , elapse : 0.37132 min  - Validation   loss : 0.04147 , acc : 0.987 , elapse : 0.05214 min
[ Epoch 34 ]  - Training     loss : 0.03186 , acc : 0.986 , elapse : 0.36854 min  - Validation   loss : 0.04124 , acc : 0.987 , elapse : 0.05259 min    - [Info] The checkpoint file has been updated.
[ Epoch 35 ]  - Training     loss : 0.03030 , acc : 0.987 , elapse : 0.37048 min  - Validation   loss : 0.04158 , acc : 0.987 , elapse : 0.05330 min
[ Epoch 36 ]  - Training     loss : 0.03023 , acc : 0.987 , elapse : 0.37113 min  - Validation   loss : 0.03993 , acc : 0.987 , elapse : 0.05248 min    - [Info] The checkpoint file has been updated.
[ Epoch 37 ]  - Training     loss : 0.02874 , acc : 0.987 , elapse : 0.36921 min  - Validation   loss : 0.03924 , acc : 0.988 , elapse : 0.05232 min    - [Info] The checkpoint file has been updated.
[ Epoch 38 ]  - Training     loss : 0.02827 , acc : 0.988 , elapse : 0.36988 min  - Validation   loss : 0.03914 , acc : 0.988 , elapse : 0.05334 min    - [Info] The checkpoint file has been updated.
[ Epoch 39 ]  - Training     loss : 0.02704 , acc : 0.988 , elapse : 0.37140 min  - Validation   loss : 0.03936 , acc : 0.988 , elapse : 0.05218 min
[ Epoch 40 ]  - Training     loss : 0.02649 , acc : 0.988 , elapse : 0.36897 min  - Validation   loss : 0.03782 , acc : 0.988 , elapse : 0.05271 min    - [Info] The checkpoint file has been updated.
[ Epoch 41 ]  - Training     loss : 0.02625 , acc : 0.988 , elapse : 0.37067 min  - Validation   loss : 0.03839 , acc : 0.988 , elapse : 0.05308 min
[ Epoch 42 ]  - Training     loss : 0.02539 , acc : 0.989 , elapse : 0.37095 min  - Validation   loss : 0.03822 , acc : 0.988 , elapse : 0.05255 min
[ Epoch 43 ]  - Training     loss : 0.02525 , acc : 0.989 , elapse : 0.36904 min  - Validation   loss : 0.03802 , acc : 0.988 , elapse : 0.05253 min
[ Epoch 44 ]  - Training     loss : 0.02478 , acc : 0.989 , elapse : 0.37023 min  - Validation   loss : 0.03742 , acc : 0.988 , elapse : 0.05345 min    - [Info] The checkpoint file has been updated.
[ Epoch 45 ]  - Training     loss : 0.02424 , acc : 0.989 , elapse : 0.37136 min  - Validation   loss : 0.03730 , acc : 0.988 , elapse : 0.05216 min
[ Epoch 46 ]  - Training     loss : 0.02448 , acc : 0.989 , elapse : 0.36926 min  - Validation   loss : 0.03740 , acc : 0.988 , elapse : 0.05266 min
[ Epoch 47 ]  - Training     loss : 0.02450 , acc : 0.989 , elapse : 0.37062 min  - Validation   loss : 0.03734 , acc : 0.988 , elapse : 0.05301 min
[ Epoch 48 ]  - Training     loss : 0.02407 , acc : 0.989 , elapse : 0.37071 min  - Validation   loss : 0.03737 , acc : 0.988 , elapse : 0.05234 min
[ Epoch 49 ]  - Training     loss : 0.02703 , acc : 0.988 , elapse : 0.36885 min  - Validation   loss : 0.03942 , acc : 0.988 , elapse : 0.05244 min
[ Epoch 50 ]  - Training     loss : 0.02719 , acc : 0.988 , elapse : 0.37232 min  - Validation   loss : 0.03972 , acc : 0.988 , elapse : 0.05347 min
[ Epoch 51 ]  - Training     loss : 0.02605 , acc : 0.988 , elapse : 0.37238 min  - Validation   loss : 0.03913 , acc : 0.988 , elapse : 0.05246 min
[ Epoch 52 ]  - Training     loss : 0.02619 , acc : 0.988 , elapse : 0.37006 min  - Validation   loss : 0.03795 , acc : 0.988 , elapse : 0.05277 min
[ Epoch 53 ]  - Training     loss : 0.02498 , acc : 0.989 , elapse : 0.37052 min  - Validation   loss : 0.03885 , acc : 0.988 , elapse : 0.05312 min
[ Epoch 54 ]  - Training     loss : 0.02484 , acc : 0.989 , elapse : 0.37118 min  - Validation   loss : 0.03867 , acc : 0.988 , elapse : 0.05253 min
[ Epoch 55 ]  - Training     loss : 0.02372 , acc : 0.989 , elapse : 0.36945 min  - Validation   loss : 0.03737 , acc : 0.989 , elapse : 0.05223 min
[ Epoch 56 ]  - Training     loss : 0.02325 , acc : 0.989 , elapse : 0.36970 min  - Validation   loss : 0.03748 , acc : 0.989 , elapse : 0.05333 min
[ Epoch 57 ]  - Training     loss : 0.02200 , acc : 0.990 , elapse : 0.37087 min  - Validation   loss : 0.03851 , acc : 0.988 , elapse : 0.05211 min
[ Epoch 58 ]  - Training     loss : 0.02199 , acc : 0.990 , elapse : 0.36836 min  - Validation   loss : 0.03811 , acc : 0.989 , elapse : 0.05261 min
[ Epoch 59 ]  - Training     loss : 0.02064 , acc : 0.990 , elapse : 0.37021 min  - Validation   loss : 0.03861 , acc : 0.989 , elapse : 0.05297 min
[ Epoch 60 ]  - Training     loss : 0.02038 , acc : 0.990 , elapse : 0.37065 min  - Validation   loss : 0.03741 , acc : 0.989 , elapse : 0.05244 min
[ Epoch 61 ]  - Training     loss : 0.02002 , acc : 0.991 , elapse : 0.37000 min  - Validation   loss : 0.03758 , acc : 0.989 , elapse : 0.05237 min
[ Epoch 62 ]  - Training     loss : 0.01903 , acc : 0.991 , elapse : 0.36971 min  - Validation   loss : 0.03643 , acc : 0.989 , elapse : 0.05327 min
[ Epoch 63 ]  - Training     loss : 0.01896 , acc : 0.991 , elapse : 0.37119 min  - Validation   loss : 0.03946 , acc : 0.989 , elapse : 0.05212 min
[ Epoch 64 ]  - Training     loss : 0.01841 , acc : 0.991 , elapse : 0.36848 min  - Validation   loss : 0.04007 , acc : 0.989 , elapse : 0.05222 min
[ Epoch 65 ]  - Training     loss : 0.01770 , acc : 0.991 , elapse : 0.37067 min  - Validation   loss : 0.03936 , acc : 0.989 , elapse : 0.05306 min
[ Epoch 66 ]  - Training     loss : 0.01760 , acc : 0.992 , elapse : 0.37053 min  - Validation   loss : 0.03824 , acc : 0.989 , elapse : 0.05242 min
[ Epoch 67 ]  - Training     loss : 0.01661 , acc : 0.992 , elapse : 0.36978 min  - Validation   loss : 0.03910 , acc : 0.989 , elapse : 0.05258 min
[ Epoch 68 ]  - Training     loss : 0.01596 , acc : 0.992 , elapse : 0.37022 min  - Validation   loss : 0.03750 , acc : 0.989 , elapse : 0.05328 min
[ Epoch 69 ]  - Training     loss : 0.01582 , acc : 0.992 , elapse : 0.37113 min  - Validation   loss : 0.03817 , acc : 0.990 , elapse : 0.05215 min
[ Epoch 70 ]  - Training     loss : 0.01593 , acc : 0.992 , elapse : 0.36872 min  - Validation   loss : 0.03883 , acc : 0.989 , elapse : 0.05256 min
[ Epoch 71 ]  - Training     loss : 0.01518 , acc : 0.992 , elapse : 0.37005 min  - Validation   loss : 0.03910 , acc : 0.989 , elapse : 0.05326 min
[ Epoch 72 ]  - Training     loss : 0.01464 , acc : 0.993 , elapse : 0.37105 min  - Validation   loss : 0.03710 , acc : 0.990 , elapse : 0.05248 min
[ Epoch 73 ]  - Training     loss : 0.01422 , acc : 0.993 , elapse : 0.36949 min  - Validation   loss : 0.03769 , acc : 0.990 , elapse : 0.05232 min
[ Epoch 74 ]  - Training     loss : 0.01398 , acc : 0.993 , elapse : 0.36989 min  - Validation   loss : 0.03674 , acc : 0.990 , elapse : 0.05334 min
[ Epoch 75 ]  - Training     loss : 0.01353 , acc : 0.993 , elapse : 0.37089 min  - Validation   loss : 0.03755 , acc : 0.990 , elapse : 0.05206 min
[ Epoch 76 ]  - Training     loss : 0.01327 , acc : 0.993 , elapse : 0.36832 min  - Validation   loss : 0.03729 , acc : 0.990 , elapse : 0.05264 min
[ Epoch 77 ]  - Training     loss : 0.01279 , acc : 0.994 , elapse : 0.37197 min  - Validation   loss : 0.03750 , acc : 0.990 , elapse : 0.05294 min
[ Epoch 78 ]  - Training     loss : 0.01293 , acc : 0.993 , elapse : 0.37098 min  - Validation   loss : 0.03682 , acc : 0.990 , elapse : 0.05312 min
[ Epoch 79 ]  - Training     loss : 0.01252 , acc : 0.994 , elapse : 0.37147 min  - Validation   loss : 0.03758 , acc : 0.990 , elapse : 0.05241 min
[ Epoch 80 ]  - Training     loss : 0.01187 , acc : 0.994 , elapse : 0.37009 min  - Validation   loss : 0.03719 , acc : 0.990 , elapse : 0.05335 min
[ Epoch 81 ]  - Training     loss : 0.01202 , acc : 0.994 , elapse : 0.37131 min  - Validation   loss : 0.03747 , acc : 0.990 , elapse : 0.05212 min
[ Epoch 82 ]  - Training     loss : 0.01205 , acc : 0.994 , elapse : 0.36871 min  - Validation   loss : 0.03783 , acc : 0.990 , elapse : 0.05259 min
[ Epoch 83 ]  - Training     loss : 0.01159 , acc : 0.994 , elapse : 0.37053 min  - Validation   loss : 0.03789 , acc : 0.990 , elapse : 0.05306 min
[ Epoch 84 ]  - Training     loss : 0.01170 , acc : 0.994 , elapse : 0.37071 min  - Validation   loss : 0.03714 , acc : 0.990 , elapse : 0.05250 min
[ Epoch 85 ]  - Training     loss : 0.01132 , acc : 0.994 , elapse : 0.36931 min  - Validation   loss : 0.03775 , acc : 0.990 , elapse : 0.05225 min
[ Epoch 86 ]  - Training     loss : 0.01124 , acc : 0.994 , elapse : 0.37003 min  - Validation   loss : 0.03716 , acc : 0.990 , elapse : 0.05341 min
[ Epoch 87 ]  - Training     loss : 0.01102 , acc : 0.994 , elapse : 0.37133 min  - Validation   loss : 0.03695 , acc : 0.990 , elapse : 0.05222 min
[ Epoch 88 ]  - Training     loss : 0.01095 , acc : 0.994 , elapse : 0.36879 min  - Validation   loss : 0.03714 , acc : 0.990 , elapse : 0.05274 min
[ Epoch 89 ]  - Training     loss : 0.01107 , acc : 0.994 , elapse : 0.37053 min  - Validation   loss : 0.03713 , acc : 0.990 , elapse : 0.05306 min
[ Epoch 90 ]  - Training     loss : 0.01068 , acc : 0.994 , elapse : 0.37081 min  - Validation   loss : 0.03713 , acc : 0.990 , elapse : 0.05251 min
[ Epoch 91 ]  - Training     loss : 0.01081 , acc : 0.994 , elapse : 0.36932 min  - Validation   loss : 0.03721 , acc : 0.990 , elapse : 0.05222 min
[ Epoch 92 ]  - Training     loss : 0.01048 , acc : 0.995 , elapse : 0.37028 min  - Validation   loss : 0.03697 , acc : 0.990 , elapse : 0.05334 min
[ Epoch 93 ]  - Training     loss : 0.01069 , acc : 0.994 , elapse : 0.37109 min  - Validation   loss : 0.03682 , acc : 0.990 , elapse : 0.05221 min
[ Epoch 94 ]  - Training     loss : 0.01064 , acc : 0.994 , elapse : 0.36847 min  - Validation   loss : 0.03682 , acc : 0.990 , elapse : 0.05268 min
[ Epoch 95 ]  - Training     loss : 0.01055 , acc : 0.994 , elapse : 0.37039 min  - Validation   loss : 0.03685 , acc : 0.990 , elapse : 0.05302 min
[ Epoch 96 ]  - Training     loss : 0.01070 , acc : 0.994 , elapse : 0.37066 min  - Validation   loss : 0.03688 , acc : 0.990 , elapse : 0.05250 min
[ Epoch 97 ]  - Training     loss : 0.01064 , acc : 0.994 , elapse : 0.36860 min  - Validation   loss : 0.03693 , acc : 0.990 , elapse : 0.05222 min
[ Epoch 98 ]  - Training     loss : 0.01218 , acc : 0.994 , elapse : 0.36980 min  - Validation   loss : 0.04005 , acc : 0.990 , elapse : 0.05331 min
[ Epoch 99 ]  - Training     loss : 0.01305 , acc : 0.993 , elapse : 0.37089 min  - Validation   loss : 0.03766 , acc : 0.989 , elapse : 0.05211 min
Finish training ~ v ~
~~~~~~~~~~~~~~~~~~~~~~~~~~~~~
3th fold (total : 5)
Create model...
Start training...
[ Epoch 0 ]  - Training     loss : 0.24646 , acc : 0.921 , elapse : 0.36851 min  - Validation   loss : 0.19631 , acc : 0.933 , elapse : 0.05272 min    - [Info] The checkpoint file has been updated.
[ Epoch 1 ]  - Training     loss : 0.17684 , acc : 0.943 , elapse : 0.37010 min  - Validation   loss : 0.15253 , acc : 0.949 , elapse : 0.05309 min    - [Info] The checkpoint file has been updated.
[ Epoch 2 ]  - Training     loss : 0.14257 , acc : 0.953 , elapse : 0.37058 min  - Validation   loss : 0.13576 , acc : 0.956 , elapse : 0.05251 min    - [Info] The checkpoint file has been updated.
[ Epoch 3 ]  - Training     loss : 0.12355 , acc : 0.958 , elapse : 0.37032 min  - Validation   loss : 0.10824 , acc : 0.964 , elapse : 0.05217 min    - [Info] The checkpoint file has been updated.
[ Epoch 4 ]  - Training     loss : 0.10310 , acc : 0.965 , elapse : 0.37174 min  - Validation   loss : 0.09620 , acc : 0.969 , elapse : 0.05336 min    - [Info] The checkpoint file has been updated.
[ Epoch 5 ]  - Training     loss : 0.09488 , acc : 0.967 , elapse : 0.37214 min  - Validation   loss : 0.09337 , acc : 0.971 , elapse : 0.05230 min    - [Info] The checkpoint file has been updated.
[ Epoch 6 ]  - Training     loss : 0.09058 , acc : 0.968 , elapse : 0.36979 min  - Validation   loss : 0.08257 , acc : 0.974 , elapse : 0.05252 min    - [Info] The checkpoint file has been updated.
[ Epoch 7 ]  - Training     loss : 0.08093 , acc : 0.972 , elapse : 0.36995 min  - Validation   loss : 0.07510 , acc : 0.976 , elapse : 0.05304 min    - [Info] The checkpoint file has been updated.
[ Epoch 8 ]  - Training     loss : 0.07425 , acc : 0.974 , elapse : 0.37011 min  - Validation   loss : 0.07187 , acc : 0.978 , elapse : 0.05254 min    - [Info] The checkpoint file has been updated.
[ Epoch 9 ]  - Training     loss : 0.06971 , acc : 0.975 , elapse : 0.36843 min  - Validation   loss : 0.06801 , acc : 0.979 , elapse : 0.05229 min    - [Info] The checkpoint file has been updated.
[ Epoch 10 ]  - Training     loss : 0.06720 , acc : 0.976 , elapse : 0.36894 min  - Validation   loss : 0.06637 , acc : 0.979 , elapse : 0.05329 min    - [Info] The checkpoint file has been updated.
[ Epoch 11 ]  - Training     loss : 0.06543 , acc : 0.976 , elapse : 0.37040 min  - Validation   loss : 0.06572 , acc : 0.979 , elapse : 0.05228 min    - [Info] The checkpoint file has been updated.
[ Epoch 12 ]  - Training     loss : 0.06691 , acc : 0.976 , elapse : 0.36790 min  - Validation   loss : 0.06545 , acc : 0.979 , elapse : 0.05254 min
[ Epoch 13 ]  - Training     loss : 0.06371 , acc : 0.977 , elapse : 0.36938 min  - Validation   loss : 0.06379 , acc : 0.980 , elapse : 0.05303 min    - [Info] The checkpoint file has been updated.
[ Epoch 14 ]  - Training     loss : 0.06074 , acc : 0.978 , elapse : 0.37006 min  - Validation   loss : 0.05924 , acc : 0.981 , elapse : 0.05254 min    - [Info] The checkpoint file has been updated.
[ Epoch 15 ]  - Training     loss : 0.05667 , acc : 0.979 , elapse : 0.36835 min  - Validation   loss : 0.05558 , acc : 0.983 , elapse : 0.05225 min    - [Info] The checkpoint file has been updated.
[ Epoch 16 ]  - Training     loss : 0.05454 , acc : 0.980 , elapse : 0.36882 min  - Validation   loss : 0.05592 , acc : 0.982 , elapse : 0.05327 min
[ Epoch 17 ]  - Training     loss : 0.05106 , acc : 0.981 , elapse : 0.37040 min  - Validation   loss : 0.05302 , acc : 0.983 , elapse : 0.05208 min    - [Info] The checkpoint file has been updated.
[ Epoch 18 ]  - Training     loss : 0.04934 , acc : 0.982 , elapse : 0.36808 min  - Validation   loss : 0.05201 , acc : 0.984 , elapse : 0.05269 min    - [Info] The checkpoint file has been updated.
[ Epoch 19 ]  - Training     loss : 0.04819 , acc : 0.982 , elapse : 0.36933 min  - Validation   loss : 0.05158 , acc : 0.984 , elapse : 0.05307 min    - [Info] The checkpoint file has been updated.
[ Epoch 20 ]  - Training     loss : 0.04675 , acc : 0.982 , elapse : 0.36989 min  - Validation   loss : 0.05054 , acc : 0.984 , elapse : 0.05258 min    - [Info] The checkpoint file has been updated.
[ Epoch 21 ]  - Training     loss : 0.04585 , acc : 0.982 , elapse : 0.36844 min  - Validation   loss : 0.04994 , acc : 0.985 , elapse : 0.05235 min    - [Info] The checkpoint file has been updated.
[ Epoch 22 ]  - Training     loss : 0.04488 , acc : 0.983 , elapse : 0.37109 min  - Validation   loss : 0.04980 , acc : 0.985 , elapse : 0.05326 min
[ Epoch 23 ]  - Training     loss : 0.04448 , acc : 0.983 , elapse : 0.37221 min  - Validation   loss : 0.04963 , acc : 0.985 , elapse : 0.05268 min
[ Epoch 24 ]  - Training     loss : 0.04523 , acc : 0.983 , elapse : 0.37013 min  - Validation   loss : 0.05218 , acc : 0.984 , elapse : 0.05267 min
[ Epoch 25 ]  - Training     loss : 0.04726 , acc : 0.982 , elapse : 0.36958 min  - Validation   loss : 0.04927 , acc : 0.985 , elapse : 0.05303 min
[ Epoch 26 ]  - Training     loss : 0.04519 , acc : 0.983 , elapse : 0.36989 min  - Validation   loss : 0.04882 , acc : 0.985 , elapse : 0.05234 min    - [Info] The checkpoint file has been updated.
[ Epoch 27 ]  - Training     loss : 0.04367 , acc : 0.983 , elapse : 0.36849 min  - Validation   loss : 0.04702 , acc : 0.985 , elapse : 0.05228 min    - [Info] The checkpoint file has been updated.
[ Epoch 28 ]  - Training     loss : 0.04133 , acc : 0.984 , elapse : 0.36886 min  - Validation   loss : 0.04635 , acc : 0.985 , elapse : 0.05349 min
[ Epoch 29 ]  - Training     loss : 0.03983 , acc : 0.984 , elapse : 0.37025 min  - Validation   loss : 0.04535 , acc : 0.986 , elapse : 0.05210 min    - [Info] The checkpoint file has been updated.
[ Epoch 30 ]  - Training     loss : 0.03884 , acc : 0.984 , elapse : 0.36818 min  - Validation   loss : 0.04526 , acc : 0.986 , elapse : 0.05260 min
[ Epoch 31 ]  - Training     loss : 0.03727 , acc : 0.985 , elapse : 0.36942 min  - Validation   loss : 0.04495 , acc : 0.986 , elapse : 0.05308 min
[ Epoch 32 ]  - Training     loss : 0.03642 , acc : 0.985 , elapse : 0.36991 min  - Validation   loss : 0.04499 , acc : 0.986 , elapse : 0.05281 min
[ Epoch 33 ]  - Training     loss : 0.03517 , acc : 0.986 , elapse : 0.37028 min  - Validation   loss : 0.04277 , acc : 0.987 , elapse : 0.05275 min    - [Info] The checkpoint file has been updated.
[ Epoch 34 ]  - Training     loss : 0.03346 , acc : 0.986 , elapse : 0.37079 min  - Validation   loss : 0.04347 , acc : 0.987 , elapse : 0.05281 min
[ Epoch 35 ]  - Training     loss : 0.03237 , acc : 0.986 , elapse : 0.37193 min  - Validation   loss : 0.04239 , acc : 0.987 , elapse : 0.05266 min
[ Epoch 36 ]  - Training     loss : 0.03134 , acc : 0.987 , elapse : 0.36977 min  - Validation   loss : 0.04120 , acc : 0.987 , elapse : 0.05294 min    - [Info] The checkpoint file has been updated.
[ Epoch 37 ]  - Training     loss : 0.03036 , acc : 0.987 , elapse : 0.37135 min  - Validation   loss : 0.04044 , acc : 0.988 , elapse : 0.05290 min    - [Info] The checkpoint file has been updated.
[ Epoch 38 ]  - Training     loss : 0.02952 , acc : 0.987 , elapse : 0.37190 min  - Validation   loss : 0.04058 , acc : 0.988 , elapse : 0.05256 min
[ Epoch 39 ]  - Training     loss : 0.02847 , acc : 0.987 , elapse : 0.36852 min  - Validation   loss : 0.03984 , acc : 0.988 , elapse : 0.05266 min    - [Info] The checkpoint file has been updated.
[ Epoch 40 ]  - Training     loss : 0.02782 , acc : 0.988 , elapse : 0.36889 min  - Validation   loss : 0.03927 , acc : 0.988 , elapse : 0.05263 min    - [Info] The checkpoint file has been updated.
[ Epoch 41 ]  - Training     loss : 0.02736 , acc : 0.988 , elapse : 0.37078 min  - Validation   loss : 0.03941 , acc : 0.988 , elapse : 0.05222 min
[ Epoch 42 ]  - Training     loss : 0.02670 , acc : 0.988 , elapse : 0.36792 min  - Validation   loss : 0.04005 , acc : 0.988 , elapse : 0.05296 min
[ Epoch 43 ]  - Training     loss : 0.02643 , acc : 0.988 , elapse : 0.36913 min  - Validation   loss : 0.04007 , acc : 0.988 , elapse : 0.05236 min
[ Epoch 44 ]  - Training     loss : 0.02590 , acc : 0.988 , elapse : 0.37081 min  - Validation   loss : 0.03984 , acc : 0.988 , elapse : 0.05281 min
[ Epoch 45 ]  - Training     loss : 0.02599 , acc : 0.988 , elapse : 0.36891 min  - Validation   loss : 0.03930 , acc : 0.988 , elapse : 0.05266 min
[ Epoch 46 ]  - Training     loss : 0.02555 , acc : 0.988 , elapse : 0.36890 min  - Validation   loss : 0.03926 , acc : 0.988 , elapse : 0.05254 min
[ Epoch 47 ]  - Training     loss : 0.02569 , acc : 0.988 , elapse : 0.37098 min  - Validation   loss : 0.03924 , acc : 0.988 , elapse : 0.05227 min
[ Epoch 48 ]  - Training     loss : 0.02576 , acc : 0.988 , elapse : 0.36811 min  - Validation   loss : 0.03925 , acc : 0.988 , elapse : 0.05310 min
[ Epoch 49 ]  - Training     loss : 0.02834 , acc : 0.987 , elapse : 0.36932 min  - Validation   loss : 0.04000 , acc : 0.988 , elapse : 0.05227 min
[ Epoch 50 ]  - Training     loss : 0.02835 , acc : 0.987 , elapse : 0.37001 min  - Validation   loss : 0.04038 , acc : 0.988 , elapse : 0.05261 min
[ Epoch 51 ]  - Training     loss : 0.02717 , acc : 0.988 , elapse : 0.37077 min  - Validation   loss : 0.03959 , acc : 0.988 , elapse : 0.05265 min
[ Epoch 52 ]  - Training     loss : 0.02776 , acc : 0.988 , elapse : 0.37192 min  - Validation   loss : 0.03862 , acc : 0.988 , elapse : 0.05351 min
[ Epoch 53 ]  - Training     loss : 0.02623 , acc : 0.988 , elapse : 0.40092 min  - Validation   loss : 0.03892 , acc : 0.988 , elapse : 0.05375 min
[ Epoch 54 ]  - Training     loss : 0.02557 , acc : 0.988 , elapse : 0.37126 min  - Validation   loss : 0.04005 , acc : 0.988 , elapse : 0.05298 min
[ Epoch 55 ]  - Training     loss : 0.02439 , acc : 0.989 , elapse : 0.37615 min  - Validation   loss : 0.03787 , acc : 0.989 , elapse : 0.05408 min    - [Info] The checkpoint file has been updated.
[ Epoch 56 ]  - Training     loss : 0.02392 , acc : 0.989 , elapse : 0.37878 min  - Validation   loss : 0.03702 , acc : 0.989 , elapse : 0.05382 min    - [Info] The checkpoint file has been updated.
[ Epoch 57 ]  - Training     loss : 0.02356 , acc : 0.989 , elapse : 0.37844 min  - Validation   loss : 0.03752 , acc : 0.989 , elapse : 0.05386 min
[ Epoch 58 ]  - Training     loss : 0.02311 , acc : 0.989 , elapse : 0.37912 min  - Validation   loss : 0.03801 , acc : 0.989 , elapse : 0.05390 min
[ Epoch 59 ]  - Training     loss : 0.02132 , acc : 0.990 , elapse : 0.37734 min  - Validation   loss : 0.03684 , acc : 0.989 , elapse : 0.05379 min
[ Epoch 60 ]  - Training     loss : 0.02106 , acc : 0.990 , elapse : 0.37788 min  - Validation   loss : 0.03600 , acc : 0.990 , elapse : 0.05406 min    - [Info] The checkpoint file has been updated.
[ Epoch 61 ]  - Training     loss : 0.02000 , acc : 0.990 , elapse : 0.37958 min  - Validation   loss : 0.03679 , acc : 0.989 , elapse : 0.05350 min
[ Epoch 62 ]  - Training     loss : 0.01988 , acc : 0.990 , elapse : 0.37701 min  - Validation   loss : 0.03642 , acc : 0.990 , elapse : 0.05393 min
[ Epoch 63 ]  - Training     loss : 0.01915 , acc : 0.991 , elapse : 0.37855 min  - Validation   loss : 0.03745 , acc : 0.990 , elapse : 0.05392 min
[ Epoch 64 ]  - Training     loss : 0.01899 , acc : 0.991 , elapse : 0.37847 min  - Validation   loss : 0.03574 , acc : 0.990 , elapse : 0.05408 min    - [Info] The checkpoint file has been updated.
[ Epoch 65 ]  - Training     loss : 0.01767 , acc : 0.991 , elapse : 0.37743 min  - Validation   loss : 0.03516 , acc : 0.990 , elapse : 0.05381 min
[ Epoch 66 ]  - Training     loss : 0.01783 , acc : 0.991 , elapse : 0.37771 min  - Validation   loss : 0.03722 , acc : 0.990 , elapse : 0.05424 min
[ Epoch 67 ]  - Training     loss : 0.01723 , acc : 0.991 , elapse : 0.37901 min  - Validation   loss : 0.03661 , acc : 0.990 , elapse : 0.05369 min
[ Epoch 68 ]  - Training     loss : 0.01673 , acc : 0.992 , elapse : 0.37669 min  - Validation   loss : 0.03584 , acc : 0.990 , elapse : 0.05386 min
[ Epoch 69 ]  - Training     loss : 0.01636 , acc : 0.992 , elapse : 0.37822 min  - Validation   loss : 0.03566 , acc : 0.990 , elapse : 0.05385 min
[ Epoch 70 ]  - Training     loss : 0.01593 , acc : 0.992 , elapse : 0.37861 min  - Validation   loss : 0.03495 , acc : 0.990 , elapse : 0.05392 min    - [Info] The checkpoint file has been updated.
[ Epoch 71 ]  - Training     loss : 0.01564 , acc : 0.992 , elapse : 0.37117 min  - Validation   loss : 0.03500 , acc : 0.990 , elapse : 0.05232 min
[ Epoch 72 ]  - Training     loss : 0.01485 , acc : 0.992 , elapse : 0.36872 min  - Validation   loss : 0.03557 , acc : 0.990 , elapse : 0.05300 min
[ Epoch 73 ]  - Training     loss : 0.01475 , acc : 0.993 , elapse : 0.37091 min  - Validation   loss : 0.03515 , acc : 0.990 , elapse : 0.05230 min
[ Epoch 74 ]  - Training     loss : 0.01412 , acc : 0.993 , elapse : 0.36801 min  - Validation   loss : 0.03528 , acc : 0.991 , elapse : 0.05254 min
[ Epoch 75 ]  - Training     loss : 0.01391 , acc : 0.993 , elapse : 0.36908 min  - Validation   loss : 0.03493 , acc : 0.990 , elapse : 0.05263 min
[ Epoch 76 ]  - Training     loss : 0.01374 , acc : 0.993 , elapse : 0.37017 min  - Validation   loss : 0.03484 , acc : 0.990 , elapse : 0.05266 min
[ Epoch 77 ]  - Training     loss : 0.01339 , acc : 0.993 , elapse : 0.36837 min  - Validation   loss : 0.03434 , acc : 0.991 , elapse : 0.05229 min    - [Info] The checkpoint file has been updated.
[ Epoch 78 ]  - Training     loss : 0.01275 , acc : 0.993 , elapse : 0.36883 min  - Validation   loss : 0.03447 , acc : 0.991 , elapse : 0.05298 min
[ Epoch 79 ]  - Training     loss : 0.01277 , acc : 0.993 , elapse : 0.37061 min  - Validation   loss : 0.03526 , acc : 0.990 , elapse : 0.05261 min
[ Epoch 80 ]  - Training     loss : 0.01241 , acc : 0.994 , elapse : 0.37004 min  - Validation   loss : 0.03464 , acc : 0.991 , elapse : 0.05305 min
[ Epoch 81 ]  - Training     loss : 0.01222 , acc : 0.994 , elapse : 0.37115 min  - Validation   loss : 0.03518 , acc : 0.991 , elapse : 0.05236 min
[ Epoch 82 ]  - Training     loss : 0.01186 , acc : 0.994 , elapse : 0.36996 min  - Validation   loss : 0.03509 , acc : 0.991 , elapse : 0.05323 min
[ Epoch 83 ]  - Training     loss : 0.01198 , acc : 0.994 , elapse : 0.36878 min  - Validation   loss : 0.03526 , acc : 0.991 , elapse : 0.05263 min
[ Epoch 84 ]  - Training     loss : 0.01155 , acc : 0.994 , elapse : 0.37103 min  - Validation   loss : 0.03466 , acc : 0.991 , elapse : 0.05302 min
[ Epoch 85 ]  - Training     loss : 0.01135 , acc : 0.994 , elapse : 0.37265 min  - Validation   loss : 0.03544 , acc : 0.991 , elapse : 0.05231 min
[ Epoch 86 ]  - Training     loss : 0.01148 , acc : 0.994 , elapse : 0.36807 min  - Validation   loss : 0.03500 , acc : 0.991 , elapse : 0.05316 min
[ Epoch 87 ]  - Training     loss : 0.01134 , acc : 0.994 , elapse : 0.37934 min  - Validation   loss : 0.03504 , acc : 0.991 , elapse : 0.05213 min
[ Epoch 88 ]  - Training     loss : 0.01130 , acc : 0.994 , elapse : 0.37019 min  - Validation   loss : 0.03514 , acc : 0.991 , elapse : 0.05268 min
[ Epoch 89 ]  - Training     loss : 0.01118 , acc : 0.994 , elapse : 0.36852 min  - Validation   loss : 0.03494 , acc : 0.991 , elapse : 0.05278 min
[ Epoch 90 ]  - Training     loss : 0.01087 , acc : 0.994 , elapse : 0.36905 min  - Validation   loss : 0.03491 , acc : 0.991 , elapse : 0.05232 min
[ Epoch 91 ]  - Training     loss : 0.01088 , acc : 0.994 , elapse : 0.37041 min  - Validation   loss : 0.03483 , acc : 0.991 , elapse : 0.05224 min
[ Epoch 92 ]  - Training     loss : 0.01109 , acc : 0.994 , elapse : 0.36798 min  - Validation   loss : 0.03485 , acc : 0.991 , elapse : 0.05307 min
[ Epoch 93 ]  - Training     loss : 0.01076 , acc : 0.994 , elapse : 0.36916 min  - Validation   loss : 0.03477 , acc : 0.991 , elapse : 0.05216 min
[ Epoch 94 ]  - Training     loss : 0.01047 , acc : 0.994 , elapse : 0.37012 min  - Validation   loss : 0.03483 , acc : 0.991 , elapse : 0.05277 min
[ Epoch 95 ]  - Training     loss : 0.01058 , acc : 0.994 , elapse : 0.36849 min  - Validation   loss : 0.03479 , acc : 0.991 , elapse : 0.05281 min
[ Epoch 96 ]  - Training     loss : 0.01069 , acc : 0.994 , elapse : 0.36871 min  - Validation   loss : 0.03478 , acc : 0.991 , elapse : 0.05249 min
[ Epoch 97 ]  - Training     loss : 0.01039 , acc : 0.994 , elapse : 0.37035 min  - Validation   loss : 0.03477 , acc : 0.991 , elapse : 0.05235 min
[ Epoch 98 ]  - Training     loss : 0.01196 , acc : 0.994 , elapse : 0.36798 min  - Validation   loss : 0.03797 , acc : 0.990 , elapse : 0.05310 min
[ Epoch 99 ]  - Training     loss : 0.01382 , acc : 0.993 , elapse : 0.36931 min  - Validation   loss : 0.03626 , acc : 0.990 , elapse : 0.05209 min
Finish training ~ v ~
~~~~~~~~~~~~~~~~~~~~~~~~~~~~~
4th fold (total : 5)
Create model...
Start training...
[ Epoch 0 ]  - Training     loss : 0.24879 , acc : 0.920 , elapse : 0.36974 min  - Validation   loss : 0.19519 , acc : 0.938 , elapse : 0.05264 min    - [Info] The checkpoint file has been updated.
[ Epoch 1 ]  - Training     loss : 0.17911 , acc : 0.943 , elapse : 0.37732 min  - Validation   loss : 0.14999 , acc : 0.951 , elapse : 0.05266 min    - [Info] The checkpoint file has been updated.
[ Epoch 2 ]  - Training     loss : 0.14422 , acc : 0.953 , elapse : 0.36950 min  - Validation   loss : 0.13237 , acc : 0.957 , elapse : 0.05279 min    - [Info] The checkpoint file has been updated.
[ Epoch 3 ]  - Training     loss : 0.12527 , acc : 0.958 , elapse : 0.37197 min  - Validation   loss : 0.10283 , acc : 0.968 , elapse : 0.05285 min    - [Info] The checkpoint file has been updated.
[ Epoch 4 ]  - Training     loss : 0.10393 , acc : 0.965 , elapse : 0.36981 min  - Validation   loss : 0.09159 , acc : 0.971 , elapse : 0.05229 min    - [Info] The checkpoint file has been updated.
[ Epoch 5 ]  - Training     loss : 0.09601 , acc : 0.967 , elapse : 0.37119 min  - Validation   loss : 0.08902 , acc : 0.972 , elapse : 0.05253 min    - [Info] The checkpoint file has been updated.
[ Epoch 6 ]  - Training     loss : 0.09445 , acc : 0.968 , elapse : 0.37154 min  - Validation   loss : 0.08196 , acc : 0.974 , elapse : 0.05304 min    - [Info] The checkpoint file has been updated.
[ Epoch 7 ]  - Training     loss : 0.08429 , acc : 0.971 , elapse : 0.37006 min  - Validation   loss : 0.07392 , acc : 0.977 , elapse : 0.05257 min    - [Info] The checkpoint file has been updated.
[ Epoch 8 ]  - Training     loss : 0.07647 , acc : 0.973 , elapse : 0.37042 min  - Validation   loss : 0.07036 , acc : 0.978 , elapse : 0.05287 min    - [Info] The checkpoint file has been updated.
[ Epoch 9 ]  - Training     loss : 0.07194 , acc : 0.975 , elapse : 0.37194 min  - Validation   loss : 0.06642 , acc : 0.979 , elapse : 0.05289 min    - [Info] The checkpoint file has been updated.
[ Epoch 10 ]  - Training     loss : 0.06838 , acc : 0.976 , elapse : 0.37008 min  - Validation   loss : 0.06490 , acc : 0.979 , elapse : 0.05300 min    - [Info] The checkpoint file has been updated.
[ Epoch 11 ]  - Training     loss : 0.06692 , acc : 0.976 , elapse : 0.37015 min  - Validation   loss : 0.06477 , acc : 0.980 , elapse : 0.05259 min    - [Info] The checkpoint file has been updated.
[ Epoch 12 ]  - Training     loss : 0.06796 , acc : 0.976 , elapse : 0.37011 min  - Validation   loss : 0.06385 , acc : 0.980 , elapse : 0.05332 min    - [Info] The checkpoint file has been updated.
[ Epoch 13 ]  - Training     loss : 0.06595 , acc : 0.977 , elapse : 0.37034 min  - Validation   loss : 0.06148 , acc : 0.981 , elapse : 0.05255 min    - [Info] The checkpoint file has been updated.
[ Epoch 14 ]  - Training     loss : 0.06143 , acc : 0.978 , elapse : 0.37076 min  - Validation   loss : 0.05901 , acc : 0.982 , elapse : 0.05275 min    - [Info] The checkpoint file has been updated.
[ Epoch 15 ]  - Training     loss : 0.05794 , acc : 0.979 , elapse : 0.37089 min  - Validation   loss : 0.05629 , acc : 0.983 , elapse : 0.05309 min    - [Info] The checkpoint file has been updated.
[ Epoch 16 ]  - Training     loss : 0.05578 , acc : 0.980 , elapse : 0.36803 min  - Validation   loss : 0.05379 , acc : 0.983 , elapse : 0.05248 min    - [Info] The checkpoint file has been updated.
[ Epoch 17 ]  - Training     loss : 0.05290 , acc : 0.981 , elapse : 0.36951 min  - Validation   loss : 0.05384 , acc : 0.983 , elapse : 0.05233 min
[ Epoch 18 ]  - Training     loss : 0.05064 , acc : 0.981 , elapse : 0.37027 min  - Validation   loss : 0.05118 , acc : 0.984 , elapse : 0.05350 min    - [Info] The checkpoint file has been updated.
[ Epoch 19 ]  - Training     loss : 0.04806 , acc : 0.982 , elapse : 0.36828 min  - Validation   loss : 0.05077 , acc : 0.985 , elapse : 0.05216 min    - [Info] The checkpoint file has been updated.
[ Epoch 20 ]  - Training     loss : 0.04715 , acc : 0.982 , elapse : 0.36894 min  - Validation   loss : 0.04960 , acc : 0.985 , elapse : 0.05264 min    - [Info] The checkpoint file has been updated.
[ Epoch 21 ]  - Training     loss : 0.04564 , acc : 0.983 , elapse : 0.37201 min  - Validation   loss : 0.04861 , acc : 0.985 , elapse : 0.05294 min    - [Info] The checkpoint file has been updated.
[ Epoch 22 ]  - Training     loss : 0.04453 , acc : 0.983 , elapse : 0.36965 min  - Validation   loss : 0.04908 , acc : 0.985 , elapse : 0.05286 min
[ Epoch 23 ]  - Training     loss : 0.04449 , acc : 0.983 , elapse : 0.37105 min  - Validation   loss : 0.04902 , acc : 0.985 , elapse : 0.05233 min
[ Epoch 24 ]  - Training     loss : 0.04625 , acc : 0.982 , elapse : 0.36998 min  - Validation   loss : 0.05103 , acc : 0.984 , elapse : 0.05338 min
[ Epoch 25 ]  - Training     loss : 0.04712 , acc : 0.982 , elapse : 0.36801 min  - Validation   loss : 0.04945 , acc : 0.985 , elapse : 0.05203 min
[ Epoch 26 ]  - Training     loss : 0.04580 , acc : 0.983 , elapse : 0.36911 min  - Validation   loss : 0.04822 , acc : 0.986 , elapse : 0.05278 min    - [Info] The checkpoint file has been updated.
[ Epoch 27 ]  - Training     loss : 0.04384 , acc : 0.983 , elapse : 0.37202 min  - Validation   loss : 0.04799 , acc : 0.985 , elapse : 0.05286 min
[ Epoch 28 ]  - Training     loss : 0.04171 , acc : 0.983 , elapse : 0.36952 min  - Validation   loss : 0.04536 , acc : 0.986 , elapse : 0.05287 min    - [Info] The checkpoint file has been updated.
[ Epoch 29 ]  - Training     loss : 0.04081 , acc : 0.984 , elapse : 0.37123 min  - Validation   loss : 0.04588 , acc : 0.986 , elapse : 0.05241 min
[ Epoch 30 ]  - Training     loss : 0.03824 , acc : 0.985 , elapse : 0.37169 min  - Validation   loss : 0.04358 , acc : 0.987 , elapse : 0.05323 min    - [Info] The checkpoint file has been updated.
[ Epoch 31 ]  - Training     loss : 0.03787 , acc : 0.985 , elapse : 0.36987 min  - Validation   loss : 0.04414 , acc : 0.987 , elapse : 0.05245 min
[ Epoch 32 ]  - Training     loss : 0.03576 , acc : 0.986 , elapse : 0.37062 min  - Validation   loss : 0.04324 , acc : 0.987 , elapse : 0.05275 min    - [Info] The checkpoint file has been updated.
[ Epoch 33 ]  - Training     loss : 0.03478 , acc : 0.986 , elapse : 0.37062 min  - Validation   loss : 0.04228 , acc : 0.988 , elapse : 0.05303 min    - [Info] The checkpoint file has been updated.
[ Epoch 34 ]  - Training     loss : 0.03316 , acc : 0.986 , elapse : 0.36781 min  - Validation   loss : 0.04236 , acc : 0.988 , elapse : 0.05237 min
[ Epoch 35 ]  - Training     loss : 0.03256 , acc : 0.987 , elapse : 0.36919 min  - Validation   loss : 0.04085 , acc : 0.988 , elapse : 0.05227 min    - [Info] The checkpoint file has been updated.
[ Epoch 36 ]  - Training     loss : 0.03150 , acc : 0.987 , elapse : 0.37003 min  - Validation   loss : 0.03985 , acc : 0.988 , elapse : 0.05346 min    - [Info] The checkpoint file has been updated.
[ Epoch 37 ]  - Training     loss : 0.03020 , acc : 0.987 , elapse : 0.36830 min  - Validation   loss : 0.03978 , acc : 0.988 , elapse : 0.05207 min    - [Info] The checkpoint file has been updated.
[ Epoch 38 ]  - Training     loss : 0.02943 , acc : 0.987 , elapse : 0.36889 min  - Validation   loss : 0.03983 , acc : 0.989 , elapse : 0.05268 min
[ Epoch 39 ]  - Training     loss : 0.02809 , acc : 0.988 , elapse : 0.37039 min  - Validation   loss : 0.03944 , acc : 0.988 , elapse : 0.05302 min
[ Epoch 40 ]  - Training     loss : 0.02775 , acc : 0.988 , elapse : 0.36772 min  - Validation   loss : 0.03806 , acc : 0.989 , elapse : 0.05249 min    - [Info] The checkpoint file has been updated.
[ Epoch 41 ]  - Training     loss : 0.02672 , acc : 0.988 , elapse : 0.36927 min  - Validation   loss : 0.03793 , acc : 0.989 , elapse : 0.05224 min    - [Info] The checkpoint file has been updated.
[ Epoch 42 ]  - Training     loss : 0.02657 , acc : 0.988 , elapse : 0.37012 min  - Validation   loss : 0.03775 , acc : 0.989 , elapse : 0.05348 min
[ Epoch 43 ]  - Training     loss : 0.02595 , acc : 0.989 , elapse : 0.36836 min  - Validation   loss : 0.03820 , acc : 0.989 , elapse : 0.05213 min
[ Epoch 44 ]  - Training     loss : 0.02580 , acc : 0.989 , elapse : 0.36914 min  - Validation   loss : 0.03789 , acc : 0.989 , elapse : 0.05252 min
[ Epoch 45 ]  - Training     loss : 0.02525 , acc : 0.989 , elapse : 0.37043 min  - Validation   loss : 0.03775 , acc : 0.989 , elapse : 0.05308 min
[ Epoch 46 ]  - Training     loss : 0.02583 , acc : 0.989 , elapse : 0.36782 min  - Validation   loss : 0.03766 , acc : 0.989 , elapse : 0.05254 min    - [Info] The checkpoint file has been updated.
[ Epoch 47 ]  - Training     loss : 0.02522 , acc : 0.989 , elapse : 0.36968 min  - Validation   loss : 0.03782 , acc : 0.989 , elapse : 0.05225 min
[ Epoch 48 ]  - Training     loss : 0.02500 , acc : 0.989 , elapse : 0.37012 min  - Validation   loss : 0.03783 , acc : 0.989 , elapse : 0.05332 min
[ Epoch 49 ]  - Training     loss : 0.02763 , acc : 0.988 , elapse : 0.36854 min  - Validation   loss : 0.03869 , acc : 0.989 , elapse : 0.05214 min
[ Epoch 50 ]  - Training     loss : 0.02914 , acc : 0.988 , elapse : 0.36910 min  - Validation   loss : 0.03914 , acc : 0.989 , elapse : 0.05254 min
[ Epoch 51 ]  - Training     loss : 0.02756 , acc : 0.988 , elapse : 0.37068 min  - Validation   loss : 0.03634 , acc : 0.989 , elapse : 0.05302 min    - [Info] The checkpoint file has been updated.
[ Epoch 52 ]  - Training     loss : 0.02646 , acc : 0.988 , elapse : 0.36801 min  - Validation   loss : 0.03737 , acc : 0.989 , elapse : 0.05261 min
[ Epoch 53 ]  - Training     loss : 0.02651 , acc : 0.988 , elapse : 0.36944 min  - Validation   loss : 0.03774 , acc : 0.989 , elapse : 0.05228 min
[ Epoch 54 ]  - Training     loss : 0.02482 , acc : 0.989 , elapse : 0.37013 min  - Validation   loss : 0.03631 , acc : 0.989 , elapse : 0.05346 min
[ Epoch 55 ]  - Training     loss : 0.02449 , acc : 0.989 , elapse : 0.36828 min  - Validation   loss : 0.03650 , acc : 0.989 , elapse : 0.05212 min
[ Epoch 56 ]  - Training     loss : 0.02333 , acc : 0.989 , elapse : 0.36906 min  - Validation   loss : 0.03516 , acc : 0.990 , elapse : 0.05266 min    - [Info] The checkpoint file has been updated.
[ Epoch 57 ]  - Training     loss : 0.02249 , acc : 0.989 , elapse : 0.37043 min  - Validation   loss : 0.03502 , acc : 0.990 , elapse : 0.05484 min
[ Epoch 58 ]  - Training     loss : 0.02319 , acc : 0.989 , elapse : 0.36794 min  - Validation   loss : 0.03662 , acc : 0.989 , elapse : 0.05248 min
[ Epoch 59 ]  - Training     loss : 0.02196 , acc : 0.990 , elapse : 0.36954 min  - Validation   loss : 0.03518 , acc : 0.990 , elapse : 0.05220 min
[ Epoch 60 ]  - Training     loss : 0.02118 , acc : 0.990 , elapse : 0.37057 min  - Validation   loss : 0.03515 , acc : 0.990 , elapse : 0.05341 min
[ Epoch 61 ]  - Training     loss : 0.02064 , acc : 0.990 , elapse : 0.36839 min  - Validation   loss : 0.03488 , acc : 0.990 , elapse : 0.05212 min    - [Info] The checkpoint file has been updated.
[ Epoch 62 ]  - Training     loss : 0.01983 , acc : 0.990 , elapse : 0.36878 min  - Validation   loss : 0.03549 , acc : 0.990 , elapse : 0.05270 min
[ Epoch 63 ]  - Training     loss : 0.01921 , acc : 0.991 , elapse : 0.37218 min  - Validation   loss : 0.03324 , acc : 0.990 , elapse : 0.05299 min    - [Info] The checkpoint file has been updated.
[ Epoch 64 ]  - Training     loss : 0.01848 , acc : 0.991 , elapse : 0.36958 min  - Validation   loss : 0.03392 , acc : 0.990 , elapse : 0.05292 min
[ Epoch 65 ]  - Training     loss : 0.01862 , acc : 0.991 , elapse : 0.37101 min  - Validation   loss : 0.03332 , acc : 0.990 , elapse : 0.05256 min
[ Epoch 66 ]  - Training     loss : 0.01762 , acc : 0.991 , elapse : 0.37176 min  - Validation   loss : 0.03412 , acc : 0.990 , elapse : 0.05326 min
[ Epoch 67 ]  - Training     loss : 0.01728 , acc : 0.992 , elapse : 0.37009 min  - Validation   loss : 0.03424 , acc : 0.990 , elapse : 0.05264 min
[ Epoch 68 ]  - Training     loss : 0.01657 , acc : 0.992 , elapse : 0.37045 min  - Validation   loss : 0.03260 , acc : 0.991 , elapse : 0.05274 min    - [Info] The checkpoint file has been updated.
[ Epoch 69 ]  - Training     loss : 0.01605 , acc : 0.992 , elapse : 0.37046 min  - Validation   loss : 0.03320 , acc : 0.991 , elapse : 0.05296 min
[ Epoch 70 ]  - Training     loss : 0.01546 , acc : 0.992 , elapse : 0.36822 min  - Validation   loss : 0.03295 , acc : 0.991 , elapse : 0.05258 min
[ Epoch 71 ]  - Training     loss : 0.01542 , acc : 0.993 , elapse : 0.36950 min  - Validation   loss : 0.03212 , acc : 0.991 , elapse : 0.05224 min    - [Info] The checkpoint file has been updated.
[ Epoch 72 ]  - Training     loss : 0.01462 , acc : 0.993 , elapse : 0.37029 min  - Validation   loss : 0.03262 , acc : 0.991 , elapse : 0.05367 min
[ Epoch 73 ]  - Training     loss : 0.01423 , acc : 0.993 , elapse : 0.36885 min  - Validation   loss : 0.03206 , acc : 0.991 , elapse : 0.05211 min
[ Epoch 74 ]  - Training     loss : 0.01412 , acc : 0.993 , elapse : 0.36903 min  - Validation   loss : 0.03127 , acc : 0.991 , elapse : 0.05261 min
[ Epoch 75 ]  - Training     loss : 0.01399 , acc : 0.993 , elapse : 0.37059 min  - Validation   loss : 0.03276 , acc : 0.991 , elapse : 0.05303 min
[ Epoch 76 ]  - Training     loss : 0.01351 , acc : 0.993 , elapse : 0.36797 min  - Validation   loss : 0.03285 , acc : 0.991 , elapse : 0.05247 min
[ Epoch 77 ]  - Training     loss : 0.01298 , acc : 0.993 , elapse : 0.36948 min  - Validation   loss : 0.03226 , acc : 0.991 , elapse : 0.05228 min
[ Epoch 78 ]  - Training     loss : 0.01279 , acc : 0.993 , elapse : 0.37000 min  - Validation   loss : 0.03245 , acc : 0.991 , elapse : 0.05323 min
[ Epoch 79 ]  - Training     loss : 0.01286 , acc : 0.994 , elapse : 0.36829 min  - Validation   loss : 0.03280 , acc : 0.991 , elapse : 0.05261 min
[ Epoch 80 ]  - Training     loss : 0.01202 , acc : 0.994 , elapse : 0.37092 min  - Validation   loss : 0.03215 , acc : 0.991 , elapse : 0.05301 min
[ Epoch 81 ]  - Training     loss : 0.01186 , acc : 0.994 , elapse : 0.37245 min  - Validation   loss : 0.03365 , acc : 0.991 , elapse : 0.05236 min
[ Epoch 82 ]  - Training     loss : 0.01194 , acc : 0.994 , elapse : 0.36788 min  - Validation   loss : 0.03265 , acc : 0.991 , elapse : 0.05306 min
[ Epoch 83 ]  - Training     loss : 0.01154 , acc : 0.994 , elapse : 0.36911 min  - Validation   loss : 0.03277 , acc : 0.991 , elapse : 0.05200 min
[ Epoch 84 ]  - Training     loss : 0.01137 , acc : 0.994 , elapse : 0.36996 min  - Validation   loss : 0.03266 , acc : 0.991 , elapse : 0.05283 min
[ Epoch 85 ]  - Training     loss : 0.01117 , acc : 0.994 , elapse : 0.36812 min  - Validation   loss : 0.03228 , acc : 0.991 , elapse : 0.05276 min
[ Epoch 86 ]  - Training     loss : 0.01120 , acc : 0.994 , elapse : 0.36886 min  - Validation   loss : 0.03238 , acc : 0.991 , elapse : 0.05248 min
[ Epoch 87 ]  - Training     loss : 0.01134 , acc : 0.994 , elapse : 0.37065 min  - Validation   loss : 0.03237 , acc : 0.991 , elapse : 0.05236 min
[ Epoch 88 ]  - Training     loss : 0.01104 , acc : 0.994 , elapse : 0.36779 min  - Validation   loss : 0.03278 , acc : 0.991 , elapse : 0.05304 min
[ Epoch 89 ]  - Training     loss : 0.01083 , acc : 0.994 , elapse : 0.36933 min  - Validation   loss : 0.03287 , acc : 0.991 , elapse : 0.05206 min
[ Epoch 90 ]  - Training     loss : 0.01072 , acc : 0.994 , elapse : 0.36994 min  - Validation   loss : 0.03279 , acc : 0.991 , elapse : 0.05292 min
[ Epoch 91 ]  - Training     loss : 0.01076 , acc : 0.995 , elapse : 0.36812 min  - Validation   loss : 0.03248 , acc : 0.991 , elapse : 0.05268 min
[ Epoch 92 ]  - Training     loss : 0.01070 , acc : 0.994 , elapse : 0.36871 min  - Validation   loss : 0.03225 , acc : 0.991 , elapse : 0.05241 min
[ Epoch 93 ]  - Training     loss : 0.01074 , acc : 0.994 , elapse : 0.37040 min  - Validation   loss : 0.03252 , acc : 0.991 , elapse : 0.05232 min
[ Epoch 94 ]  - Training     loss : 0.01039 , acc : 0.995 , elapse : 0.36760 min  - Validation   loss : 0.03247 , acc : 0.991 , elapse : 0.05315 min
[ Epoch 95 ]  - Training     loss : 0.01065 , acc : 0.994 , elapse : 0.36906 min  - Validation   loss : 0.03245 , acc : 0.991 , elapse : 0.05201 min
[ Epoch 96 ]  - Training     loss : 0.01057 , acc : 0.995 , elapse : 0.36975 min  - Validation   loss : 0.03244 , acc : 0.991 , elapse : 0.05268 min
[ Epoch 97 ]  - Training     loss : 0.01052 , acc : 0.995 , elapse : 0.36789 min  - Validation   loss : 0.03240 , acc : 0.991 , elapse : 0.05277 min
[ Epoch 98 ]  - Training     loss : 0.01187 , acc : 0.994 , elapse : 0.36852 min  - Validation   loss : 0.03431 , acc : 0.991 , elapse : 0.05230 min
[ Epoch 99 ]  - Training     loss : 0.01322 , acc : 0.993 , elapse : 0.37048 min  - Validation   loss : 0.03323 , acc : 0.991 , elapse : 0.05258 min
Finish training ~ v ~
min losses: [0.027792313165264204, 0.028759714012267068, 0.0364320533699356, 0.03434408424072899, 0.03127009916352108] mean losses: 0.03171965279034339
max accs: [0.9913456357758621, 0.9911520070043105, 0.9904532596982758, 0.9909836341594828, 0.9913961476293104] mean accs: 0.9910661368534482
Empty DataFrame
Columns: [pred, label]
Index: []
