Shell for /hpcfs/juno/junogpu/xuhangkun/SoftWare/VsCode/.local/share/virtualenvs/tianchi_channel_1-2IKVIXD7 already activated.
No action taken to avoid nested environments.
If the cuda is avaliable ?
True
Start getting data...
Finish getting data ~ v ~
[Info] Training performance will be written to file: ./user_data/model_data/TextRCNN/TextRCNN_train.csv
Namespace(batch_size=128, bert_path='/hpcfs/juno/junogpu/xuhangkun/ML/MyselfProject/Test/tianchi_channel_1/user_data/bert', dropout=0.5, eda_alpha=0.0, epoch=100, fold_index=-1, fold_k=5, frazing_bert_encode=False, hidden_size=64, input='./tcdata/train.csv', label_smoothing=0.0, lr=0.0005, lstm_layer=2, max_len=100, model='TextRCNN', n_aug=0.0, nclass=29, nemb=100, no_word2vec_pretrain=True, ntokens=859, output_dir='./user_data/model_data/TextRCNN', pad_token=858, save_mode='best', save_per_epoch=5, save_start_epoch=5, seed=None, stop_early=False, tokenizer_path='/hpcfs/juno/junogpu/xuhangkun/ML/MyselfProject/Test/tianchi_channel_1/user_data/bert', word2vec_path='/hpcfs/juno/junogpu/xuhangkun/ML/MyselfProject/Test/tianchi_channel_1/user_data/word_pretrain/word2vector.model')
~~~~~~~~~~~~~~~~~~~~~~~~~~~~~
0th fold (total : 5)
Create model...
TextRCNNModel(
  (embed): Embedding(859, 100, padding_idx=858)
  (emb_dropout_layer): Dropout(p=0.5, inplace=False)
  (lstm): LSTM(100, 64, num_layers=2, batch_first=True, dropout=0.1, bidirectional=True)
  (W2): Linear(in_features=228, out_features=128, bias=True)
  (final_dropout_layer): Dropout(p=0.5, inplace=False)
  (fc): Linear(in_features=128, out_features=29, bias=True)
  (sigmoid): Sigmoid()
)
Start training...
[ Epoch 0 ]  - Training     loss : 0.35401 , acc : 0.876 , elapse : 0.22118 min  - Validation   loss : 0.22536 , acc : 0.930 , elapse : 0.04402 min    - [Info] The checkpoint file has been updated.
[ Epoch 1 ]  - Training     loss : 0.22740 , acc : 0.928 , elapse : 0.21722 min  - Validation   loss : 0.21724 , acc : 0.930 , elapse : 0.04405 min    - [Info] The checkpoint file has been updated.
[ Epoch 2 ]  - Training     loss : 0.22097 , acc : 0.928 , elapse : 0.21746 min  - Validation   loss : 0.21432 , acc : 0.930 , elapse : 0.04409 min    - [Info] The checkpoint file has been updated.
[ Epoch 3 ]  - Training     loss : 0.21579 , acc : 0.930 , elapse : 0.21725 min  - Validation   loss : 0.20346 , acc : 0.932 , elapse : 0.04413 min    - [Info] The checkpoint file has been updated.
[ Epoch 4 ]  - Training     loss : 0.20296 , acc : 0.933 , elapse : 0.21727 min  - Validation   loss : 0.18998 , acc : 0.937 , elapse : 0.04412 min    - [Info] The checkpoint file has been updated.
[ Epoch 5 ]  - Training     loss : 0.19440 , acc : 0.936 , elapse : 0.21744 min  - Validation   loss : 0.18660 , acc : 0.938 , elapse : 0.04410 min    - [Info] The checkpoint file has been updated.
[ Epoch 6 ]  - Training     loss : 0.18476 , acc : 0.938 , elapse : 0.21727 min  - Validation   loss : 0.16992 , acc : 0.944 , elapse : 0.04407 min    - [Info] The checkpoint file has been updated.
[ Epoch 7 ]  - Training     loss : 0.16856 , acc : 0.944 , elapse : 0.21722 min  - Validation   loss : 0.15901 , acc : 0.950 , elapse : 0.04410 min    - [Info] The checkpoint file has been updated.
[ Epoch 8 ]  - Training     loss : 0.15920 , acc : 0.946 , elapse : 0.21730 min  - Validation   loss : 0.15300 , acc : 0.952 , elapse : 0.04413 min    - [Info] The checkpoint file has been updated.
[ Epoch 9 ]  - Training     loss : 0.15406 , acc : 0.948 , elapse : 0.21728 min  - Validation   loss : 0.14747 , acc : 0.953 , elapse : 0.04413 min    - [Info] The checkpoint file has been updated.
[ Epoch 10 ]  - Training     loss : 0.15005 , acc : 0.949 , elapse : 0.21717 min  - Validation   loss : 0.14544 , acc : 0.954 , elapse : 0.04414 min    - [Info] The checkpoint file has been updated.
[ Epoch 11 ]  - Training     loss : 0.15014 , acc : 0.949 , elapse : 0.21907 min  - Validation   loss : 0.14466 , acc : 0.954 , elapse : 0.04412 min    - [Info] The checkpoint file has been updated.
[ Epoch 12 ]  - Training     loss : 0.14784 , acc : 0.950 , elapse : 0.21750 min  - Validation   loss : 0.13975 , acc : 0.955 , elapse : 0.04397 min    - [Info] The checkpoint file has been updated.
[ Epoch 13 ]  - Training     loss : 0.14012 , acc : 0.951 , elapse : 0.21750 min  - Validation   loss : 0.12989 , acc : 0.957 , elapse : 0.04402 min    - [Info] The checkpoint file has been updated.
[ Epoch 14 ]  - Training     loss : 0.13292 , acc : 0.953 , elapse : 0.21749 min  - Validation   loss : 0.12453 , acc : 0.958 , elapse : 0.04418 min    - [Info] The checkpoint file has been updated.
[ Epoch 15 ]  - Training     loss : 0.12809 , acc : 0.954 , elapse : 0.21738 min  - Validation   loss : 0.11812 , acc : 0.960 , elapse : 0.04415 min    - [Info] The checkpoint file has been updated.
[ Epoch 16 ]  - Training     loss : 0.12402 , acc : 0.955 , elapse : 0.21757 min  - Validation   loss : 0.11388 , acc : 0.961 , elapse : 0.04420 min    - [Info] The checkpoint file has been updated.
[ Epoch 17 ]  - Training     loss : 0.12091 , acc : 0.957 , elapse : 0.21743 min  - Validation   loss : 0.11165 , acc : 0.962 , elapse : 0.04413 min    - [Info] The checkpoint file has been updated.
[ Epoch 18 ]  - Training     loss : 0.11897 , acc : 0.957 , elapse : 0.21742 min  - Validation   loss : 0.10719 , acc : 0.963 , elapse : 0.04414 min    - [Info] The checkpoint file has been updated.
[ Epoch 19 ]  - Training     loss : 0.11687 , acc : 0.957 , elapse : 0.21746 min  - Validation   loss : 0.10571 , acc : 0.964 , elapse : 0.04419 min    - [Info] The checkpoint file has been updated.
[ Epoch 20 ]  - Training     loss : 0.11558 , acc : 0.958 , elapse : 0.21741 min  - Validation   loss : 0.10462 , acc : 0.965 , elapse : 0.04415 min    - [Info] The checkpoint file has been updated.
[ Epoch 21 ]  - Training     loss : 0.11454 , acc : 0.958 , elapse : 0.21754 min  - Validation   loss : 0.10365 , acc : 0.965 , elapse : 0.04418 min    - [Info] The checkpoint file has been updated.
[ Epoch 22 ]  - Training     loss : 0.11421 , acc : 0.958 , elapse : 0.21740 min  - Validation   loss : 0.10324 , acc : 0.965 , elapse : 0.04415 min    - [Info] The checkpoint file has been updated.
[ Epoch 23 ]  - Training     loss : 0.11372 , acc : 0.959 , elapse : 0.21751 min  - Validation   loss : 0.10297 , acc : 0.965 , elapse : 0.04420 min    - [Info] The checkpoint file has been updated.
[ Epoch 24 ]  - Training     loss : 0.11321 , acc : 0.958 , elapse : 0.21740 min  - Validation   loss : 0.10057 , acc : 0.966 , elapse : 0.04407 min    - [Info] The checkpoint file has been updated.
[ Epoch 25 ]  - Training     loss : 0.11190 , acc : 0.959 , elapse : 0.21745 min  - Validation   loss : 0.09943 , acc : 0.967 , elapse : 0.04401 min    - [Info] The checkpoint file has been updated.
[ Epoch 26 ]  - Training     loss : 0.10911 , acc : 0.960 , elapse : 0.21756 min  - Validation   loss : 0.09586 , acc : 0.968 , elapse : 0.04415 min    - [Info] The checkpoint file has been updated.
[ Epoch 27 ]  - Training     loss : 0.10712 , acc : 0.961 , elapse : 0.21756 min  - Validation   loss : 0.09331 , acc : 0.969 , elapse : 0.04416 min    - [Info] The checkpoint file has been updated.
[ Epoch 28 ]  - Training     loss : 0.10510 , acc : 0.961 , elapse : 0.21754 min  - Validation   loss : 0.09023 , acc : 0.970 , elapse : 0.04416 min    - [Info] The checkpoint file has been updated.
[ Epoch 29 ]  - Training     loss : 0.10368 , acc : 0.962 , elapse : 0.21752 min  - Validation   loss : 0.08812 , acc : 0.970 , elapse : 0.04416 min
[ Epoch 30 ]  - Training     loss : 0.10109 , acc : 0.963 , elapse : 0.21760 min  - Validation   loss : 0.08466 , acc : 0.971 , elapse : 0.04415 min    - [Info] The checkpoint file has been updated.
[ Epoch 31 ]  - Training     loss : 0.09786 , acc : 0.964 , elapse : 0.21757 min  - Validation   loss : 0.08375 , acc : 0.972 , elapse : 0.04419 min    - [Info] The checkpoint file has been updated.
[ Epoch 32 ]  - Training     loss : 0.09682 , acc : 0.964 , elapse : 0.21743 min  - Validation   loss : 0.08087 , acc : 0.973 , elapse : 0.04411 min    - [Info] The checkpoint file has been updated.
[ Epoch 33 ]  - Training     loss : 0.09451 , acc : 0.965 , elapse : 0.21751 min  - Validation   loss : 0.08025 , acc : 0.973 , elapse : 0.04412 min    - [Info] The checkpoint file has been updated.
[ Epoch 34 ]  - Training     loss : 0.09297 , acc : 0.966 , elapse : 0.21749 min  - Validation   loss : 0.07705 , acc : 0.975 , elapse : 0.04418 min    - [Info] The checkpoint file has been updated.
[ Epoch 35 ]  - Training     loss : 0.09113 , acc : 0.966 , elapse : 0.21744 min  - Validation   loss : 0.07629 , acc : 0.975 , elapse : 0.04404 min
[ Epoch 36 ]  - Training     loss : 0.09141 , acc : 0.966 , elapse : 0.21679 min  - Validation   loss : 0.07493 , acc : 0.975 , elapse : 0.04404 min    - [Info] The checkpoint file has been updated.
[ Epoch 37 ]  - Training     loss : 0.08924 , acc : 0.967 , elapse : 0.21690 min  - Validation   loss : 0.07468 , acc : 0.975 , elapse : 0.04407 min    - [Info] The checkpoint file has been updated.
[ Epoch 38 ]  - Training     loss : 0.08807 , acc : 0.967 , elapse : 0.21678 min  - Validation   loss : 0.07300 , acc : 0.976 , elapse : 0.04395 min    - [Info] The checkpoint file has been updated.
[ Epoch 39 ]  - Training     loss : 0.08719 , acc : 0.967 , elapse : 0.21693 min  - Validation   loss : 0.07277 , acc : 0.976 , elapse : 0.04396 min
[ Epoch 40 ]  - Training     loss : 0.08615 , acc : 0.968 , elapse : 0.21687 min  - Validation   loss : 0.07218 , acc : 0.976 , elapse : 0.04401 min    - [Info] The checkpoint file has been updated.
[ Epoch 41 ]  - Training     loss : 0.08662 , acc : 0.967 , elapse : 0.21687 min  - Validation   loss : 0.07176 , acc : 0.976 , elapse : 0.04400 min    - [Info] The checkpoint file has been updated.
[ Epoch 42 ]  - Training     loss : 0.08544 , acc : 0.968 , elapse : 0.21667 min  - Validation   loss : 0.07133 , acc : 0.976 , elapse : 0.04406 min    - [Info] The checkpoint file has been updated.
[ Epoch 43 ]  - Training     loss : 0.08529 , acc : 0.968 , elapse : 0.21666 min  - Validation   loss : 0.07109 , acc : 0.976 , elapse : 0.04398 min    - [Info] The checkpoint file has been updated.
[ Epoch 44 ]  - Training     loss : 0.08533 , acc : 0.968 , elapse : 0.21687 min  - Validation   loss : 0.07086 , acc : 0.976 , elapse : 0.04404 min
[ Epoch 45 ]  - Training     loss : 0.08465 , acc : 0.968 , elapse : 0.21672 min  - Validation   loss : 0.07053 , acc : 0.976 , elapse : 0.04408 min
[ Epoch 46 ]  - Training     loss : 0.08516 , acc : 0.968 , elapse : 0.21774 min  - Validation   loss : 0.07038 , acc : 0.976 , elapse : 0.04430 min    - [Info] The checkpoint file has been updated.
[ Epoch 47 ]  - Training     loss : 0.08488 , acc : 0.968 , elapse : 0.21681 min  - Validation   loss : 0.07048 , acc : 0.977 , elapse : 0.04399 min
[ Epoch 48 ]  - Training     loss : 0.08545 , acc : 0.968 , elapse : 0.21664 min  - Validation   loss : 0.07042 , acc : 0.977 , elapse : 0.04399 min
[ Epoch 49 ]  - Training     loss : 0.08636 , acc : 0.968 , elapse : 0.21672 min  - Validation   loss : 0.07007 , acc : 0.977 , elapse : 0.04399 min    - [Info] The checkpoint file has been updated.
[ Epoch 50 ]  - Training     loss : 0.08370 , acc : 0.968 , elapse : 0.21685 min  - Validation   loss : 0.06955 , acc : 0.977 , elapse : 0.04405 min
[ Epoch 51 ]  - Training     loss : 0.08370 , acc : 0.969 , elapse : 0.21684 min  - Validation   loss : 0.06717 , acc : 0.978 , elapse : 0.04388 min    - [Info] The checkpoint file has been updated.
[ Epoch 52 ]  - Training     loss : 0.08135 , acc : 0.969 , elapse : 0.21682 min  - Validation   loss : 0.06798 , acc : 0.977 , elapse : 0.04391 min
[ Epoch 53 ]  - Training     loss : 0.08185 , acc : 0.970 , elapse : 0.21684 min  - Validation   loss : 0.06442 , acc : 0.979 , elapse : 0.04416 min    - [Info] The checkpoint file has been updated.
[ Epoch 54 ]  - Training     loss : 0.07995 , acc : 0.970 , elapse : 0.21748 min  - Validation   loss : 0.06433 , acc : 0.979 , elapse : 0.04413 min
[ Epoch 55 ]  - Training     loss : 0.07816 , acc : 0.970 , elapse : 0.21735 min  - Validation   loss : 0.06157 , acc : 0.980 , elapse : 0.04415 min    - [Info] The checkpoint file has been updated.
[ Epoch 56 ]  - Training     loss : 0.07746 , acc : 0.971 , elapse : 0.21729 min  - Validation   loss : 0.06247 , acc : 0.979 , elapse : 0.04422 min
[ Epoch 57 ]  - Training     loss : 0.07600 , acc : 0.971 , elapse : 0.21738 min  - Validation   loss : 0.06002 , acc : 0.980 , elapse : 0.04417 min    - [Info] The checkpoint file has been updated.
[ Epoch 58 ]  - Training     loss : 0.07444 , acc : 0.971 , elapse : 0.21750 min  - Validation   loss : 0.05992 , acc : 0.980 , elapse : 0.04412 min
[ Epoch 59 ]  - Training     loss : 0.07446 , acc : 0.972 , elapse : 0.21734 min  - Validation   loss : 0.05911 , acc : 0.981 , elapse : 0.04410 min    - [Info] The checkpoint file has been updated.
[ Epoch 60 ]  - Training     loss : 0.07402 , acc : 0.972 , elapse : 0.21738 min  - Validation   loss : 0.05824 , acc : 0.982 , elapse : 0.04413 min    - [Info] The checkpoint file has been updated.
[ Epoch 61 ]  - Training     loss : 0.07248 , acc : 0.972 , elapse : 0.21737 min  - Validation   loss : 0.05776 , acc : 0.981 , elapse : 0.04406 min
[ Epoch 62 ]  - Training     loss : 0.07124 , acc : 0.973 , elapse : 0.21737 min  - Validation   loss : 0.05727 , acc : 0.982 , elapse : 0.04417 min    - [Info] The checkpoint file has been updated.
[ Epoch 63 ]  - Training     loss : 0.07104 , acc : 0.973 , elapse : 0.21747 min  - Validation   loss : 0.05663 , acc : 0.982 , elapse : 0.04403 min    - [Info] The checkpoint file has been updated.
[ Epoch 64 ]  - Training     loss : 0.06976 , acc : 0.973 , elapse : 0.21755 min  - Validation   loss : 0.05603 , acc : 0.982 , elapse : 0.04399 min
[ Epoch 65 ]  - Training     loss : 0.06855 , acc : 0.973 , elapse : 0.21735 min  - Validation   loss : 0.05604 , acc : 0.982 , elapse : 0.04404 min
[ Epoch 66 ]  - Training     loss : 0.06843 , acc : 0.974 , elapse : 0.21759 min  - Validation   loss : 0.05530 , acc : 0.982 , elapse : 0.04419 min    - [Info] The checkpoint file has been updated.
[ Epoch 67 ]  - Training     loss : 0.06797 , acc : 0.974 , elapse : 0.21745 min  - Validation   loss : 0.05370 , acc : 0.983 , elapse : 0.04414 min    - [Info] The checkpoint file has been updated.
[ Epoch 68 ]  - Training     loss : 0.06688 , acc : 0.974 , elapse : 0.21757 min  - Validation   loss : 0.05459 , acc : 0.982 , elapse : 0.04412 min
[ Epoch 69 ]  - Training     loss : 0.06701 , acc : 0.974 , elapse : 0.21748 min  - Validation   loss : 0.05228 , acc : 0.983 , elapse : 0.04417 min    - [Info] The checkpoint file has been updated.
[ Epoch 70 ]  - Training     loss : 0.06657 , acc : 0.974 , elapse : 0.21745 min  - Validation   loss : 0.05308 , acc : 0.983 , elapse : 0.04414 min
[ Epoch 71 ]  - Training     loss : 0.06585 , acc : 0.974 , elapse : 0.21742 min  - Validation   loss : 0.05234 , acc : 0.983 , elapse : 0.04415 min
[ Epoch 72 ]  - Training     loss : 0.06534 , acc : 0.975 , elapse : 0.21731 min  - Validation   loss : 0.05251 , acc : 0.983 , elapse : 0.04411 min
[ Epoch 73 ]  - Training     loss : 0.06445 , acc : 0.975 , elapse : 0.21728 min  - Validation   loss : 0.05241 , acc : 0.983 , elapse : 0.04413 min
[ Epoch 74 ]  - Training     loss : 0.06388 , acc : 0.975 , elapse : 0.21741 min  - Validation   loss : 0.05243 , acc : 0.983 , elapse : 0.04412 min
[ Epoch 75 ]  - Training     loss : 0.06419 , acc : 0.975 , elapse : 0.21745 min  - Validation   loss : 0.05223 , acc : 0.984 , elapse : 0.04420 min    - [Info] The checkpoint file has been updated.
[ Epoch 76 ]  - Training     loss : 0.06280 , acc : 0.975 , elapse : 0.21742 min  - Validation   loss : 0.05212 , acc : 0.983 , elapse : 0.04408 min
[ Epoch 77 ]  - Training     loss : 0.06322 , acc : 0.975 , elapse : 0.21762 min  - Validation   loss : 0.05204 , acc : 0.983 , elapse : 0.04399 min
[ Epoch 78 ]  - Training     loss : 0.06228 , acc : 0.976 , elapse : 0.21766 min  - Validation   loss : 0.05124 , acc : 0.984 , elapse : 0.04407 min    - [Info] The checkpoint file has been updated.
[ Epoch 79 ]  - Training     loss : 0.06159 , acc : 0.976 , elapse : 0.21754 min  - Validation   loss : 0.05115 , acc : 0.984 , elapse : 0.04411 min    - [Info] The checkpoint file has been updated.
[ Epoch 80 ]  - Training     loss : 0.06174 , acc : 0.976 , elapse : 0.21734 min  - Validation   loss : 0.05085 , acc : 0.984 , elapse : 0.04412 min    - [Info] The checkpoint file has been updated.
[ Epoch 81 ]  - Training     loss : 0.06182 , acc : 0.976 , elapse : 0.21738 min  - Validation   loss : 0.05113 , acc : 0.984 , elapse : 0.04410 min
[ Epoch 82 ]  - Training     loss : 0.06200 , acc : 0.976 , elapse : 0.21746 min  - Validation   loss : 0.05052 , acc : 0.984 , elapse : 0.04413 min    - [Info] The checkpoint file has been updated.
[ Epoch 83 ]  - Training     loss : 0.06079 , acc : 0.976 , elapse : 0.21741 min  - Validation   loss : 0.05068 , acc : 0.984 , elapse : 0.04419 min
[ Epoch 84 ]  - Training     loss : 0.06089 , acc : 0.976 , elapse : 0.21797 min  - Validation   loss : 0.05023 , acc : 0.984 , elapse : 0.04412 min    - [Info] The checkpoint file has been updated.
[ Epoch 85 ]  - Training     loss : 0.06024 , acc : 0.976 , elapse : 0.21741 min  - Validation   loss : 0.05018 , acc : 0.984 , elapse : 0.04420 min    - [Info] The checkpoint file has been updated.
[ Epoch 86 ]  - Training     loss : 0.05997 , acc : 0.976 , elapse : 0.21746 min  - Validation   loss : 0.05038 , acc : 0.984 , elapse : 0.04420 min
[ Epoch 87 ]  - Training     loss : 0.06007 , acc : 0.976 , elapse : 0.21776 min  - Validation   loss : 0.05003 , acc : 0.984 , elapse : 0.04420 min
[ Epoch 88 ]  - Training     loss : 0.05957 , acc : 0.976 , elapse : 0.21738 min  - Validation   loss : 0.04979 , acc : 0.984 , elapse : 0.04412 min    - [Info] The checkpoint file has been updated.
[ Epoch 89 ]  - Training     loss : 0.06029 , acc : 0.976 , elapse : 0.21754 min  - Validation   loss : 0.04986 , acc : 0.984 , elapse : 0.04422 min
[ Epoch 90 ]  - Training     loss : 0.06032 , acc : 0.976 , elapse : 0.21764 min  - Validation   loss : 0.04996 , acc : 0.984 , elapse : 0.04405 min
[ Epoch 91 ]  - Training     loss : 0.05978 , acc : 0.976 , elapse : 0.21759 min  - Validation   loss : 0.04968 , acc : 0.984 , elapse : 0.04401 min    - [Info] The checkpoint file has been updated.
[ Epoch 92 ]  - Training     loss : 0.05945 , acc : 0.976 , elapse : 0.21757 min  - Validation   loss : 0.04979 , acc : 0.984 , elapse : 0.04418 min
[ Epoch 93 ]  - Training     loss : 0.05999 , acc : 0.977 , elapse : 0.21761 min  - Validation   loss : 0.04964 , acc : 0.984 , elapse : 0.04416 min    - [Info] The checkpoint file has been updated.
[ Epoch 94 ]  - Training     loss : 0.05945 , acc : 0.976 , elapse : 0.21754 min  - Validation   loss : 0.04969 , acc : 0.984 , elapse : 0.04410 min
[ Epoch 95 ]  - Training     loss : 0.05987 , acc : 0.976 , elapse : 0.21741 min  - Validation   loss : 0.04964 , acc : 0.984 , elapse : 0.04412 min
[ Epoch 96 ]  - Training     loss : 0.06003 , acc : 0.977 , elapse : 0.21735 min  - Validation   loss : 0.04963 , acc : 0.984 , elapse : 0.04419 min
[ Epoch 97 ]  - Training     loss : 0.06018 , acc : 0.976 , elapse : 0.21754 min  - Validation   loss : 0.04963 , acc : 0.984 , elapse : 0.04415 min
[ Epoch 98 ]  - Training     loss : 0.06041 , acc : 0.976 , elapse : 0.21739 min  - Validation   loss : 0.05147 , acc : 0.984 , elapse : 0.04414 min
[ Epoch 99 ]  - Training     loss : 0.06156 , acc : 0.976 , elapse : 0.21746 min  - Validation   loss : 0.05052 , acc : 0.984 , elapse : 0.04406 min
Finish training ~ v ~
~~~~~~~~~~~~~~~~~~~~~~~~~~~~~
1th fold (total : 5)
Create model...
Start training...
[ Epoch 0 ]  - Training     loss : 0.35638 , acc : 0.875 , elapse : 0.21747 min  - Validation   loss : 0.21974 , acc : 0.930 , elapse : 0.04419 min    - [Info] The checkpoint file has been updated.
[ Epoch 1 ]  - Training     loss : 0.22743 , acc : 0.928 , elapse : 0.21761 min  - Validation   loss : 0.20967 , acc : 0.930 , elapse : 0.04421 min    - [Info] The checkpoint file has been updated.
[ Epoch 2 ]  - Training     loss : 0.21828 , acc : 0.930 , elapse : 0.21767 min  - Validation   loss : 0.20494 , acc : 0.930 , elapse : 0.04422 min    - [Info] The checkpoint file has been updated.
[ Epoch 3 ]  - Training     loss : 0.20861 , acc : 0.932 , elapse : 0.21888 min  - Validation   loss : 0.18668 , acc : 0.936 , elapse : 0.04421 min    - [Info] The checkpoint file has been updated.
[ Epoch 4 ]  - Training     loss : 0.18830 , acc : 0.938 , elapse : 0.21798 min  - Validation   loss : 0.17165 , acc : 0.940 , elapse : 0.04404 min    - [Info] The checkpoint file has been updated.
[ Epoch 5 ]  - Training     loss : 0.17977 , acc : 0.941 , elapse : 0.21798 min  - Validation   loss : 0.16912 , acc : 0.942 , elapse : 0.04420 min    - [Info] The checkpoint file has been updated.
[ Epoch 6 ]  - Training     loss : 0.17341 , acc : 0.943 , elapse : 0.21797 min  - Validation   loss : 0.15705 , acc : 0.947 , elapse : 0.04433 min    - [Info] The checkpoint file has been updated.
[ Epoch 7 ]  - Training     loss : 0.16245 , acc : 0.946 , elapse : 0.21785 min  - Validation   loss : 0.14831 , acc : 0.950 , elapse : 0.04418 min    - [Info] The checkpoint file has been updated.
[ Epoch 8 ]  - Training     loss : 0.15525 , acc : 0.949 , elapse : 0.21767 min  - Validation   loss : 0.14202 , acc : 0.951 , elapse : 0.04425 min    - [Info] The checkpoint file has been updated.
[ Epoch 9 ]  - Training     loss : 0.15004 , acc : 0.950 , elapse : 0.21770 min  - Validation   loss : 0.13740 , acc : 0.953 , elapse : 0.04417 min    - [Info] The checkpoint file has been updated.
[ Epoch 10 ]  - Training     loss : 0.14745 , acc : 0.951 , elapse : 0.21764 min  - Validation   loss : 0.13603 , acc : 0.954 , elapse : 0.04423 min    - [Info] The checkpoint file has been updated.
[ Epoch 11 ]  - Training     loss : 0.14586 , acc : 0.951 , elapse : 0.21780 min  - Validation   loss : 0.13544 , acc : 0.954 , elapse : 0.04425 min    - [Info] The checkpoint file has been updated.
[ Epoch 12 ]  - Training     loss : 0.14410 , acc : 0.951 , elapse : 0.21758 min  - Validation   loss : 0.13044 , acc : 0.955 , elapse : 0.04426 min    - [Info] The checkpoint file has been updated.
[ Epoch 13 ]  - Training     loss : 0.13844 , acc : 0.953 , elapse : 0.21785 min  - Validation   loss : 0.12384 , acc : 0.957 , elapse : 0.04420 min    - [Info] The checkpoint file has been updated.
[ Epoch 14 ]  - Training     loss : 0.13290 , acc : 0.955 , elapse : 0.21769 min  - Validation   loss : 0.11803 , acc : 0.959 , elapse : 0.04423 min    - [Info] The checkpoint file has been updated.
[ Epoch 15 ]  - Training     loss : 0.12883 , acc : 0.956 , elapse : 0.21767 min  - Validation   loss : 0.11394 , acc : 0.961 , elapse : 0.04422 min    - [Info] The checkpoint file has been updated.
[ Epoch 16 ]  - Training     loss : 0.12522 , acc : 0.957 , elapse : 0.21781 min  - Validation   loss : 0.11018 , acc : 0.962 , elapse : 0.04418 min    - [Info] The checkpoint file has been updated.
[ Epoch 17 ]  - Training     loss : 0.12177 , acc : 0.958 , elapse : 0.21783 min  - Validation   loss : 0.10756 , acc : 0.963 , elapse : 0.04403 min    - [Info] The checkpoint file has been updated.
[ Epoch 18 ]  - Training     loss : 0.11830 , acc : 0.959 , elapse : 0.21775 min  - Validation   loss : 0.10556 , acc : 0.964 , elapse : 0.04412 min    - [Info] The checkpoint file has been updated.
[ Epoch 19 ]  - Training     loss : 0.11689 , acc : 0.959 , elapse : 0.21773 min  - Validation   loss : 0.10338 , acc : 0.965 , elapse : 0.04424 min    - [Info] The checkpoint file has been updated.
[ Epoch 20 ]  - Training     loss : 0.11536 , acc : 0.960 , elapse : 0.21784 min  - Validation   loss : 0.10214 , acc : 0.966 , elapse : 0.04422 min    - [Info] The checkpoint file has been updated.
[ Epoch 21 ]  - Training     loss : 0.11488 , acc : 0.960 , elapse : 0.21757 min  - Validation   loss : 0.10137 , acc : 0.966 , elapse : 0.04419 min    - [Info] The checkpoint file has been updated.
[ Epoch 22 ]  - Training     loss : 0.11415 , acc : 0.960 , elapse : 0.21747 min  - Validation   loss : 0.10075 , acc : 0.966 , elapse : 0.04424 min    - [Info] The checkpoint file has been updated.
[ Epoch 23 ]  - Training     loss : 0.11383 , acc : 0.960 , elapse : 0.21769 min  - Validation   loss : 0.10065 , acc : 0.966 , elapse : 0.04419 min    - [Info] The checkpoint file has been updated.
[ Epoch 24 ]  - Training     loss : 0.11377 , acc : 0.960 , elapse : 0.21770 min  - Validation   loss : 0.09990 , acc : 0.966 , elapse : 0.04429 min
[ Epoch 25 ]  - Training     loss : 0.11194 , acc : 0.961 , elapse : 0.21765 min  - Validation   loss : 0.09619 , acc : 0.967 , elapse : 0.04423 min    - [Info] The checkpoint file has been updated.
[ Epoch 26 ]  - Training     loss : 0.10920 , acc : 0.961 , elapse : 0.21751 min  - Validation   loss : 0.09262 , acc : 0.968 , elapse : 0.04422 min    - [Info] The checkpoint file has been updated.
[ Epoch 27 ]  - Training     loss : 0.10619 , acc : 0.962 , elapse : 0.21756 min  - Validation   loss : 0.09053 , acc : 0.969 , elapse : 0.04418 min    - [Info] The checkpoint file has been updated.
[ Epoch 28 ]  - Training     loss : 0.10427 , acc : 0.962 , elapse : 0.21779 min  - Validation   loss : 0.08788 , acc : 0.970 , elapse : 0.04429 min    - [Info] The checkpoint file has been updated.
[ Epoch 29 ]  - Training     loss : 0.10204 , acc : 0.964 , elapse : 0.21776 min  - Validation   loss : 0.08619 , acc : 0.970 , elapse : 0.04414 min
[ Epoch 30 ]  - Training     loss : 0.10086 , acc : 0.964 , elapse : 0.21794 min  - Validation   loss : 0.08429 , acc : 0.971 , elapse : 0.04420 min    - [Info] The checkpoint file has been updated.
[ Epoch 31 ]  - Training     loss : 0.09946 , acc : 0.965 , elapse : 0.21808 min  - Validation   loss : 0.08266 , acc : 0.971 , elapse : 0.04421 min    - [Info] The checkpoint file has been updated.
[ Epoch 32 ]  - Training     loss : 0.09778 , acc : 0.965 , elapse : 0.21807 min  - Validation   loss : 0.08102 , acc : 0.972 , elapse : 0.04429 min    - [Info] The checkpoint file has been updated.
[ Epoch 33 ]  - Training     loss : 0.09592 , acc : 0.965 , elapse : 0.21792 min  - Validation   loss : 0.08065 , acc : 0.971 , elapse : 0.04428 min
[ Epoch 34 ]  - Training     loss : 0.09521 , acc : 0.965 , elapse : 0.21787 min  - Validation   loss : 0.07937 , acc : 0.972 , elapse : 0.04428 min    - [Info] The checkpoint file has been updated.
[ Epoch 35 ]  - Training     loss : 0.09349 , acc : 0.966 , elapse : 0.21798 min  - Validation   loss : 0.07845 , acc : 0.972 , elapse : 0.04433 min    - [Info] The checkpoint file has been updated.
[ Epoch 36 ]  - Training     loss : 0.09258 , acc : 0.966 , elapse : 0.21798 min  - Validation   loss : 0.07754 , acc : 0.973 , elapse : 0.04432 min    - [Info] The checkpoint file has been updated.
[ Epoch 37 ]  - Training     loss : 0.09232 , acc : 0.966 , elapse : 0.21787 min  - Validation   loss : 0.07673 , acc : 0.973 , elapse : 0.04434 min    - [Info] The checkpoint file has been updated.
[ Epoch 38 ]  - Training     loss : 0.09112 , acc : 0.967 , elapse : 0.21790 min  - Validation   loss : 0.07600 , acc : 0.973 , elapse : 0.04436 min    - [Info] The checkpoint file has been updated.
[ Epoch 39 ]  - Training     loss : 0.09163 , acc : 0.967 , elapse : 0.21791 min  - Validation   loss : 0.07531 , acc : 0.974 , elapse : 0.04432 min    - [Info] The checkpoint file has been updated.
[ Epoch 40 ]  - Training     loss : 0.08989 , acc : 0.967 , elapse : 0.21806 min  - Validation   loss : 0.07503 , acc : 0.974 , elapse : 0.04437 min    - [Info] The checkpoint file has been updated.
[ Epoch 41 ]  - Training     loss : 0.08948 , acc : 0.967 , elapse : 0.21788 min  - Validation   loss : 0.07459 , acc : 0.974 , elapse : 0.04428 min    - [Info] The checkpoint file has been updated.
[ Epoch 42 ]  - Training     loss : 0.08961 , acc : 0.967 , elapse : 0.21778 min  - Validation   loss : 0.07418 , acc : 0.974 , elapse : 0.04434 min    - [Info] The checkpoint file has been updated.
[ Epoch 43 ]  - Training     loss : 0.08857 , acc : 0.967 , elapse : 0.21800 min  - Validation   loss : 0.07402 , acc : 0.974 , elapse : 0.04422 min
[ Epoch 44 ]  - Training     loss : 0.08823 , acc : 0.967 , elapse : 0.21818 min  - Validation   loss : 0.07371 , acc : 0.974 , elapse : 0.04426 min
[ Epoch 45 ]  - Training     loss : 0.08800 , acc : 0.967 , elapse : 0.21801 min  - Validation   loss : 0.07375 , acc : 0.974 , elapse : 0.04421 min
[ Epoch 46 ]  - Training     loss : 0.08751 , acc : 0.967 , elapse : 0.21796 min  - Validation   loss : 0.07372 , acc : 0.974 , elapse : 0.04427 min
[ Epoch 47 ]  - Training     loss : 0.08820 , acc : 0.967 , elapse : 0.21795 min  - Validation   loss : 0.07367 , acc : 0.974 , elapse : 0.04432 min    - [Info] The checkpoint file has been updated.
[ Epoch 48 ]  - Training     loss : 0.08904 , acc : 0.967 , elapse : 0.21814 min  - Validation   loss : 0.07367 , acc : 0.974 , elapse : 0.04429 min
[ Epoch 49 ]  - Training     loss : 0.08978 , acc : 0.967 , elapse : 0.21798 min  - Validation   loss : 0.07329 , acc : 0.974 , elapse : 0.04432 min    - [Info] The checkpoint file has been updated.
[ Epoch 50 ]  - Training     loss : 0.08881 , acc : 0.967 , elapse : 0.21788 min  - Validation   loss : 0.07306 , acc : 0.973 , elapse : 0.04434 min
[ Epoch 51 ]  - Training     loss : 0.08650 , acc : 0.968 , elapse : 0.21796 min  - Validation   loss : 0.07160 , acc : 0.974 , elapse : 0.04434 min
[ Epoch 52 ]  - Training     loss : 0.08596 , acc : 0.968 , elapse : 0.21796 min  - Validation   loss : 0.07041 , acc : 0.975 , elapse : 0.04433 min    - [Info] The checkpoint file has been updated.
[ Epoch 53 ]  - Training     loss : 0.08557 , acc : 0.968 , elapse : 0.21786 min  - Validation   loss : 0.06919 , acc : 0.975 , elapse : 0.04435 min    - [Info] The checkpoint file has been updated.
[ Epoch 54 ]  - Training     loss : 0.08432 , acc : 0.969 , elapse : 0.21810 min  - Validation   loss : 0.06784 , acc : 0.976 , elapse : 0.04435 min    - [Info] The checkpoint file has been updated.
[ Epoch 55 ]  - Training     loss : 0.08363 , acc : 0.969 , elapse : 0.21791 min  - Validation   loss : 0.06790 , acc : 0.975 , elapse : 0.04430 min
[ Epoch 56 ]  - Training     loss : 0.08130 , acc : 0.970 , elapse : 0.21804 min  - Validation   loss : 0.06543 , acc : 0.976 , elapse : 0.04429 min    - [Info] The checkpoint file has been updated.
[ Epoch 57 ]  - Training     loss : 0.08011 , acc : 0.970 , elapse : 0.21806 min  - Validation   loss : 0.06442 , acc : 0.977 , elapse : 0.04420 min    - [Info] The checkpoint file has been updated.
[ Epoch 58 ]  - Training     loss : 0.08069 , acc : 0.970 , elapse : 0.21800 min  - Validation   loss : 0.06393 , acc : 0.977 , elapse : 0.04424 min    - [Info] The checkpoint file has been updated.
[ Epoch 59 ]  - Training     loss : 0.07905 , acc : 0.971 , elapse : 0.21826 min  - Validation   loss : 0.06312 , acc : 0.977 , elapse : 0.04426 min    - [Info] The checkpoint file has been updated.
[ Epoch 60 ]  - Training     loss : 0.07791 , acc : 0.971 , elapse : 0.21824 min  - Validation   loss : 0.06283 , acc : 0.977 , elapse : 0.04430 min
[ Epoch 61 ]  - Training     loss : 0.07648 , acc : 0.971 , elapse : 0.21785 min  - Validation   loss : 0.06153 , acc : 0.978 , elapse : 0.04431 min    - [Info] The checkpoint file has been updated.
[ Epoch 62 ]  - Training     loss : 0.07668 , acc : 0.971 , elapse : 0.21807 min  - Validation   loss : 0.06154 , acc : 0.978 , elapse : 0.04431 min
[ Epoch 63 ]  - Training     loss : 0.07518 , acc : 0.972 , elapse : 0.21798 min  - Validation   loss : 0.06029 , acc : 0.978 , elapse : 0.04444 min    - [Info] The checkpoint file has been updated.
[ Epoch 64 ]  - Training     loss : 0.07528 , acc : 0.972 , elapse : 0.21813 min  - Validation   loss : 0.06028 , acc : 0.978 , elapse : 0.04429 min    - [Info] The checkpoint file has been updated.
[ Epoch 65 ]  - Training     loss : 0.07445 , acc : 0.972 , elapse : 0.21801 min  - Validation   loss : 0.05937 , acc : 0.979 , elapse : 0.04430 min    - [Info] The checkpoint file has been updated.
[ Epoch 66 ]  - Training     loss : 0.07407 , acc : 0.972 , elapse : 0.21792 min  - Validation   loss : 0.05920 , acc : 0.979 , elapse : 0.04430 min    - [Info] The checkpoint file has been updated.
[ Epoch 67 ]  - Training     loss : 0.07243 , acc : 0.972 , elapse : 0.21806 min  - Validation   loss : 0.05880 , acc : 0.979 , elapse : 0.04435 min
[ Epoch 68 ]  - Training     loss : 0.07305 , acc : 0.973 , elapse : 0.21815 min  - Validation   loss : 0.05804 , acc : 0.979 , elapse : 0.04427 min    - [Info] The checkpoint file has been updated.
[ Epoch 69 ]  - Training     loss : 0.07043 , acc : 0.973 , elapse : 0.21803 min  - Validation   loss : 0.05777 , acc : 0.979 , elapse : 0.04427 min
[ Epoch 70 ]  - Training     loss : 0.07089 , acc : 0.973 , elapse : 0.21795 min  - Validation   loss : 0.05738 , acc : 0.979 , elapse : 0.04436 min
[ Epoch 71 ]  - Training     loss : 0.07107 , acc : 0.973 , elapse : 0.21801 min  - Validation   loss : 0.05699 , acc : 0.979 , elapse : 0.04423 min    - [Info] The checkpoint file has been updated.
[ Epoch 72 ]  - Training     loss : 0.07050 , acc : 0.973 , elapse : 0.21815 min  - Validation   loss : 0.05624 , acc : 0.980 , elapse : 0.04421 min    - [Info] The checkpoint file has been updated.
[ Epoch 73 ]  - Training     loss : 0.06934 , acc : 0.974 , elapse : 0.21804 min  - Validation   loss : 0.05597 , acc : 0.980 , elapse : 0.04423 min    - [Info] The checkpoint file has been updated.
[ Epoch 74 ]  - Training     loss : 0.06919 , acc : 0.974 , elapse : 0.21802 min  - Validation   loss : 0.05571 , acc : 0.980 , elapse : 0.04435 min    - [Info] The checkpoint file has been updated.
[ Epoch 75 ]  - Training     loss : 0.06792 , acc : 0.974 , elapse : 0.21800 min  - Validation   loss : 0.05561 , acc : 0.980 , elapse : 0.04431 min    - [Info] The checkpoint file has been updated.
[ Epoch 76 ]  - Training     loss : 0.06853 , acc : 0.974 , elapse : 0.21819 min  - Validation   loss : 0.05547 , acc : 0.980 , elapse : 0.04431 min
[ Epoch 77 ]  - Training     loss : 0.06734 , acc : 0.974 , elapse : 0.21795 min  - Validation   loss : 0.05495 , acc : 0.980 , elapse : 0.04431 min
[ Epoch 78 ]  - Training     loss : 0.06664 , acc : 0.974 , elapse : 0.21795 min  - Validation   loss : 0.05537 , acc : 0.980 , elapse : 0.04436 min
[ Epoch 79 ]  - Training     loss : 0.06648 , acc : 0.974 , elapse : 0.21802 min  - Validation   loss : 0.05476 , acc : 0.980 , elapse : 0.04436 min    - [Info] The checkpoint file has been updated.
[ Epoch 80 ]  - Training     loss : 0.06638 , acc : 0.974 , elapse : 0.21812 min  - Validation   loss : 0.05484 , acc : 0.980 , elapse : 0.04432 min
[ Epoch 81 ]  - Training     loss : 0.06664 , acc : 0.974 , elapse : 0.21792 min  - Validation   loss : 0.05454 , acc : 0.981 , elapse : 0.04433 min    - [Info] The checkpoint file has been updated.
[ Epoch 82 ]  - Training     loss : 0.06622 , acc : 0.975 , elapse : 0.21799 min  - Validation   loss : 0.05445 , acc : 0.980 , elapse : 0.04454 min
[ Epoch 83 ]  - Training     loss : 0.06684 , acc : 0.974 , elapse : 0.21814 min  - Validation   loss : 0.05431 , acc : 0.980 , elapse : 0.04429 min
[ Epoch 84 ]  - Training     loss : 0.06648 , acc : 0.975 , elapse : 0.21792 min  - Validation   loss : 0.05411 , acc : 0.981 , elapse : 0.04433 min
[ Epoch 85 ]  - Training     loss : 0.06452 , acc : 0.975 , elapse : 0.21793 min  - Validation   loss : 0.05427 , acc : 0.980 , elapse : 0.04426 min
[ Epoch 86 ]  - Training     loss : 0.06459 , acc : 0.975 , elapse : 0.21806 min  - Validation   loss : 0.05397 , acc : 0.981 , elapse : 0.04423 min
[ Epoch 87 ]  - Training     loss : 0.06473 , acc : 0.975 , elapse : 0.21825 min  - Validation   loss : 0.05398 , acc : 0.981 , elapse : 0.04422 min
[ Epoch 88 ]  - Training     loss : 0.06531 , acc : 0.975 , elapse : 0.21786 min  - Validation   loss : 0.05379 , acc : 0.981 , elapse : 0.04434 min
[ Epoch 89 ]  - Training     loss : 0.06487 , acc : 0.975 , elapse : 0.21791 min  - Validation   loss : 0.05373 , acc : 0.981 , elapse : 0.04429 min    - [Info] The checkpoint file has been updated.
[ Epoch 90 ]  - Training     loss : 0.06565 , acc : 0.975 , elapse : 0.21789 min  - Validation   loss : 0.05380 , acc : 0.981 , elapse : 0.04434 min
[ Epoch 91 ]  - Training     loss : 0.06435 , acc : 0.975 , elapse : 0.21796 min  - Validation   loss : 0.05371 , acc : 0.981 , elapse : 0.04433 min    - [Info] The checkpoint file has been updated.
[ Epoch 92 ]  - Training     loss : 0.06447 , acc : 0.975 , elapse : 0.21787 min  - Validation   loss : 0.05361 , acc : 0.981 , elapse : 0.04435 min    - [Info] The checkpoint file has been updated.
[ Epoch 93 ]  - Training     loss : 0.06400 , acc : 0.975 , elapse : 0.21780 min  - Validation   loss : 0.05363 , acc : 0.981 , elapse : 0.04435 min
[ Epoch 94 ]  - Training     loss : 0.06429 , acc : 0.975 , elapse : 0.21796 min  - Validation   loss : 0.05361 , acc : 0.981 , elapse : 0.04434 min
[ Epoch 95 ]  - Training     loss : 0.06427 , acc : 0.975 , elapse : 0.21791 min  - Validation   loss : 0.05360 , acc : 0.981 , elapse : 0.04429 min
[ Epoch 96 ]  - Training     loss : 0.06441 , acc : 0.975 , elapse : 0.21796 min  - Validation   loss : 0.05358 , acc : 0.981 , elapse : 0.04431 min
[ Epoch 97 ]  - Training     loss : 0.06431 , acc : 0.975 , elapse : 0.21790 min  - Validation   loss : 0.05358 , acc : 0.981 , elapse : 0.04434 min
[ Epoch 98 ]  - Training     loss : 0.06561 , acc : 0.975 , elapse : 0.21811 min  - Validation   loss : 0.05434 , acc : 0.981 , elapse : 0.04429 min
[ Epoch 99 ]  - Training     loss : 0.06617 , acc : 0.975 , elapse : 0.21822 min  - Validation   loss : 0.05360 , acc : 0.981 , elapse : 0.04417 min
Finish training ~ v ~
~~~~~~~~~~~~~~~~~~~~~~~~~~~~~
2th fold (total : 5)
Create model...
Start training...
[ Epoch 0 ]  - Training     loss : 0.36772 , acc : 0.869 , elapse : 0.21910 min  - Validation   loss : 0.22926 , acc : 0.928 , elapse : 0.04417 min    - [Info] The checkpoint file has been updated.
[ Epoch 1 ]  - Training     loss : 0.23047 , acc : 0.928 , elapse : 0.21793 min  - Validation   loss : 0.21877 , acc : 0.928 , elapse : 0.04438 min    - [Info] The checkpoint file has been updated.
[ Epoch 2 ]  - Training     loss : 0.22226 , acc : 0.930 , elapse : 0.21791 min  - Validation   loss : 0.21503 , acc : 0.928 , elapse : 0.04435 min    - [Info] The checkpoint file has been updated.
[ Epoch 3 ]  - Training     loss : 0.21403 , acc : 0.932 , elapse : 0.21776 min  - Validation   loss : 0.19715 , acc : 0.934 , elapse : 0.04424 min    - [Info] The checkpoint file has been updated.
[ Epoch 4 ]  - Training     loss : 0.19462 , acc : 0.939 , elapse : 0.21768 min  - Validation   loss : 0.18185 , acc : 0.939 , elapse : 0.04426 min    - [Info] The checkpoint file has been updated.
[ Epoch 5 ]  - Training     loss : 0.18666 , acc : 0.941 , elapse : 0.21760 min  - Validation   loss : 0.17993 , acc : 0.942 , elapse : 0.04429 min    - [Info] The checkpoint file has been updated.
[ Epoch 6 ]  - Training     loss : 0.18246 , acc : 0.942 , elapse : 0.21781 min  - Validation   loss : 0.16974 , acc : 0.948 , elapse : 0.04426 min    - [Info] The checkpoint file has been updated.
[ Epoch 7 ]  - Training     loss : 0.17226 , acc : 0.946 , elapse : 0.21762 min  - Validation   loss : 0.16117 , acc : 0.949 , elapse : 0.04429 min    - [Info] The checkpoint file has been updated.
[ Epoch 8 ]  - Training     loss : 0.16575 , acc : 0.947 , elapse : 0.21776 min  - Validation   loss : 0.15570 , acc : 0.952 , elapse : 0.04426 min    - [Info] The checkpoint file has been updated.
[ Epoch 9 ]  - Training     loss : 0.16084 , acc : 0.948 , elapse : 0.21763 min  - Validation   loss : 0.15176 , acc : 0.953 , elapse : 0.04431 min    - [Info] The checkpoint file has been updated.
[ Epoch 10 ]  - Training     loss : 0.15843 , acc : 0.949 , elapse : 0.21777 min  - Validation   loss : 0.15016 , acc : 0.953 , elapse : 0.04427 min    - [Info] The checkpoint file has been updated.
[ Epoch 11 ]  - Training     loss : 0.15701 , acc : 0.949 , elapse : 0.21771 min  - Validation   loss : 0.14918 , acc : 0.954 , elapse : 0.04430 min    - [Info] The checkpoint file has been updated.
[ Epoch 12 ]  - Training     loss : 0.15575 , acc : 0.949 , elapse : 0.21771 min  - Validation   loss : 0.14401 , acc : 0.954 , elapse : 0.04420 min    - [Info] The checkpoint file has been updated.
[ Epoch 13 ]  - Training     loss : 0.14779 , acc : 0.951 , elapse : 0.21792 min  - Validation   loss : 0.13451 , acc : 0.955 , elapse : 0.04422 min    - [Info] The checkpoint file has been updated.
[ Epoch 14 ]  - Training     loss : 0.13996 , acc : 0.952 , elapse : 0.21781 min  - Validation   loss : 0.12622 , acc : 0.958 , elapse : 0.04419 min    - [Info] The checkpoint file has been updated.
[ Epoch 15 ]  - Training     loss : 0.13344 , acc : 0.953 , elapse : 0.21776 min  - Validation   loss : 0.11976 , acc : 0.960 , elapse : 0.04423 min    - [Info] The checkpoint file has been updated.
[ Epoch 16 ]  - Training     loss : 0.12942 , acc : 0.955 , elapse : 0.21800 min  - Validation   loss : 0.11640 , acc : 0.962 , elapse : 0.04428 min    - [Info] The checkpoint file has been updated.
[ Epoch 17 ]  - Training     loss : 0.12528 , acc : 0.956 , elapse : 0.21765 min  - Validation   loss : 0.11159 , acc : 0.964 , elapse : 0.04431 min    - [Info] The checkpoint file has been updated.
[ Epoch 18 ]  - Training     loss : 0.12248 , acc : 0.957 , elapse : 0.21781 min  - Validation   loss : 0.10955 , acc : 0.965 , elapse : 0.04429 min    - [Info] The checkpoint file has been updated.
[ Epoch 19 ]  - Training     loss : 0.12049 , acc : 0.957 , elapse : 0.21787 min  - Validation   loss : 0.10721 , acc : 0.965 , elapse : 0.04426 min    - [Info] The checkpoint file has been updated.
[ Epoch 20 ]  - Training     loss : 0.11807 , acc : 0.958 , elapse : 0.21778 min  - Validation   loss : 0.10576 , acc : 0.966 , elapse : 0.04438 min    - [Info] The checkpoint file has been updated.
[ Epoch 21 ]  - Training     loss : 0.11814 , acc : 0.958 , elapse : 0.21806 min  - Validation   loss : 0.10542 , acc : 0.966 , elapse : 0.04432 min
[ Epoch 22 ]  - Training     loss : 0.11685 , acc : 0.958 , elapse : 0.21817 min  - Validation   loss : 0.10489 , acc : 0.966 , elapse : 0.04429 min    - [Info] The checkpoint file has been updated.
[ Epoch 23 ]  - Training     loss : 0.11734 , acc : 0.958 , elapse : 0.21767 min  - Validation   loss : 0.10448 , acc : 0.966 , elapse : 0.04428 min    - [Info] The checkpoint file has been updated.
[ Epoch 24 ]  - Training     loss : 0.11748 , acc : 0.958 , elapse : 0.21773 min  - Validation   loss : 0.10370 , acc : 0.966 , elapse : 0.04428 min    - [Info] The checkpoint file has been updated.
[ Epoch 25 ]  - Training     loss : 0.11461 , acc : 0.959 , elapse : 0.21766 min  - Validation   loss : 0.10162 , acc : 0.967 , elapse : 0.04426 min    - [Info] The checkpoint file has been updated.
[ Epoch 26 ]  - Training     loss : 0.11349 , acc : 0.960 , elapse : 0.21790 min  - Validation   loss : 0.09756 , acc : 0.969 , elapse : 0.04421 min    - [Info] The checkpoint file has been updated.
[ Epoch 27 ]  - Training     loss : 0.11054 , acc : 0.961 , elapse : 0.21780 min  - Validation   loss : 0.09608 , acc : 0.969 , elapse : 0.04415 min    - [Info] The checkpoint file has been updated.
[ Epoch 28 ]  - Training     loss : 0.10751 , acc : 0.962 , elapse : 0.21786 min  - Validation   loss : 0.09304 , acc : 0.970 , elapse : 0.04421 min    - [Info] The checkpoint file has been updated.
[ Epoch 29 ]  - Training     loss : 0.10483 , acc : 0.963 , elapse : 0.21789 min  - Validation   loss : 0.08975 , acc : 0.971 , elapse : 0.04430 min    - [Info] The checkpoint file has been updated.
[ Epoch 30 ]  - Training     loss : 0.10331 , acc : 0.963 , elapse : 0.21789 min  - Validation   loss : 0.08778 , acc : 0.972 , elapse : 0.04428 min    - [Info] The checkpoint file has been updated.
[ Epoch 31 ]  - Training     loss : 0.10036 , acc : 0.965 , elapse : 0.21776 min  - Validation   loss : 0.08544 , acc : 0.973 , elapse : 0.04427 min    - [Info] The checkpoint file has been updated.
[ Epoch 32 ]  - Training     loss : 0.09982 , acc : 0.965 , elapse : 0.21777 min  - Validation   loss : 0.08478 , acc : 0.973 , elapse : 0.04428 min    - [Info] The checkpoint file has been updated.
[ Epoch 33 ]  - Training     loss : 0.09811 , acc : 0.965 , elapse : 0.21785 min  - Validation   loss : 0.08293 , acc : 0.974 , elapse : 0.04429 min    - [Info] The checkpoint file has been updated.
[ Epoch 34 ]  - Training     loss : 0.09652 , acc : 0.965 , elapse : 0.21783 min  - Validation   loss : 0.08105 , acc : 0.974 , elapse : 0.04428 min    - [Info] The checkpoint file has been updated.
[ Epoch 35 ]  - Training     loss : 0.09490 , acc : 0.966 , elapse : 0.21775 min  - Validation   loss : 0.08033 , acc : 0.974 , elapse : 0.04425 min    - [Info] The checkpoint file has been updated.
[ Epoch 36 ]  - Training     loss : 0.09392 , acc : 0.966 , elapse : 0.21780 min  - Validation   loss : 0.07911 , acc : 0.974 , elapse : 0.04430 min    - [Info] The checkpoint file has been updated.
[ Epoch 37 ]  - Training     loss : 0.09320 , acc : 0.967 , elapse : 0.21782 min  - Validation   loss : 0.07816 , acc : 0.975 , elapse : 0.04432 min    - [Info] The checkpoint file has been updated.
[ Epoch 38 ]  - Training     loss : 0.09318 , acc : 0.967 , elapse : 0.21775 min  - Validation   loss : 0.07740 , acc : 0.975 , elapse : 0.04422 min    - [Info] The checkpoint file has been updated.
[ Epoch 39 ]  - Training     loss : 0.09226 , acc : 0.967 , elapse : 0.21773 min  - Validation   loss : 0.07693 , acc : 0.975 , elapse : 0.04421 min
[ Epoch 40 ]  - Training     loss : 0.09124 , acc : 0.967 , elapse : 0.21796 min  - Validation   loss : 0.07657 , acc : 0.975 , elapse : 0.04413 min    - [Info] The checkpoint file has been updated.
[ Epoch 41 ]  - Training     loss : 0.09029 , acc : 0.967 , elapse : 0.21797 min  - Validation   loss : 0.07598 , acc : 0.975 , elapse : 0.04423 min
[ Epoch 42 ]  - Training     loss : 0.09036 , acc : 0.968 , elapse : 0.21804 min  - Validation   loss : 0.07576 , acc : 0.975 , elapse : 0.04427 min    - [Info] The checkpoint file has been updated.
[ Epoch 43 ]  - Training     loss : 0.08991 , acc : 0.968 , elapse : 0.21790 min  - Validation   loss : 0.07560 , acc : 0.975 , elapse : 0.04432 min    - [Info] The checkpoint file has been updated.
[ Epoch 44 ]  - Training     loss : 0.08953 , acc : 0.968 , elapse : 0.21796 min  - Validation   loss : 0.07534 , acc : 0.976 , elapse : 0.04427 min    - [Info] The checkpoint file has been updated.
[ Epoch 45 ]  - Training     loss : 0.08931 , acc : 0.968 , elapse : 0.21862 min  - Validation   loss : 0.07527 , acc : 0.976 , elapse : 0.04429 min    - [Info] The checkpoint file has been updated.
[ Epoch 46 ]  - Training     loss : 0.08945 , acc : 0.968 , elapse : 0.21820 min  - Validation   loss : 0.07515 , acc : 0.976 , elapse : 0.04432 min
[ Epoch 47 ]  - Training     loss : 0.08858 , acc : 0.968 , elapse : 0.21768 min  - Validation   loss : 0.07510 , acc : 0.976 , elapse : 0.04425 min    - [Info] The checkpoint file has been updated.
[ Epoch 48 ]  - Training     loss : 0.08836 , acc : 0.968 , elapse : 0.21858 min  - Validation   loss : 0.07511 , acc : 0.976 , elapse : 0.04432 min
[ Epoch 49 ]  - Training     loss : 0.08976 , acc : 0.967 , elapse : 0.21777 min  - Validation   loss : 0.07637 , acc : 0.975 , elapse : 0.04430 min
[ Epoch 50 ]  - Training     loss : 0.08993 , acc : 0.968 , elapse : 0.21778 min  - Validation   loss : 0.07380 , acc : 0.976 , elapse : 0.04427 min    - [Info] The checkpoint file has been updated.
[ Epoch 51 ]  - Training     loss : 0.08781 , acc : 0.968 , elapse : 0.21782 min  - Validation   loss : 0.07244 , acc : 0.976 , elapse : 0.04426 min    - [Info] The checkpoint file has been updated.
[ Epoch 52 ]  - Training     loss : 0.08694 , acc : 0.969 , elapse : 0.21787 min  - Validation   loss : 0.07296 , acc : 0.976 , elapse : 0.04431 min
[ Epoch 53 ]  - Training     loss : 0.08587 , acc : 0.969 , elapse : 0.21791 min  - Validation   loss : 0.07096 , acc : 0.977 , elapse : 0.04426 min    - [Info] The checkpoint file has been updated.
[ Epoch 54 ]  - Training     loss : 0.08467 , acc : 0.969 , elapse : 0.21800 min  - Validation   loss : 0.06979 , acc : 0.977 , elapse : 0.04415 min    - [Info] The checkpoint file has been updated.
[ Epoch 55 ]  - Training     loss : 0.08313 , acc : 0.970 , elapse : 0.21794 min  - Validation   loss : 0.06866 , acc : 0.977 , elapse : 0.04423 min    - [Info] The checkpoint file has been updated.
[ Epoch 56 ]  - Training     loss : 0.08174 , acc : 0.970 , elapse : 0.21786 min  - Validation   loss : 0.06720 , acc : 0.978 , elapse : 0.04429 min    - [Info] The checkpoint file has been updated.
[ Epoch 57 ]  - Training     loss : 0.08190 , acc : 0.971 , elapse : 0.21776 min  - Validation   loss : 0.06722 , acc : 0.978 , elapse : 0.04433 min
[ Epoch 58 ]  - Training     loss : 0.08025 , acc : 0.970 , elapse : 0.21778 min  - Validation   loss : 0.06656 , acc : 0.978 , elapse : 0.04426 min
[ Epoch 59 ]  - Training     loss : 0.07897 , acc : 0.971 , elapse : 0.21770 min  - Validation   loss : 0.06481 , acc : 0.979 , elapse : 0.04431 min    - [Info] The checkpoint file has been updated.
[ Epoch 60 ]  - Training     loss : 0.07777 , acc : 0.971 , elapse : 0.21776 min  - Validation   loss : 0.06455 , acc : 0.979 , elapse : 0.04428 min
[ Epoch 61 ]  - Training     loss : 0.07589 , acc : 0.972 , elapse : 0.21783 min  - Validation   loss : 0.06443 , acc : 0.979 , elapse : 0.04430 min    - [Info] The checkpoint file has been updated.
[ Epoch 62 ]  - Training     loss : 0.07635 , acc : 0.972 , elapse : 0.21760 min  - Validation   loss : 0.06301 , acc : 0.980 , elapse : 0.04432 min    - [Info] The checkpoint file has been updated.
[ Epoch 63 ]  - Training     loss : 0.07584 , acc : 0.972 , elapse : 0.21783 min  - Validation   loss : 0.06172 , acc : 0.980 , elapse : 0.04427 min
[ Epoch 64 ]  - Training     loss : 0.07483 , acc : 0.972 , elapse : 0.21779 min  - Validation   loss : 0.06157 , acc : 0.980 , elapse : 0.04425 min    - [Info] The checkpoint file has been updated.
[ Epoch 65 ]  - Training     loss : 0.07432 , acc : 0.972 , elapse : 0.21780 min  - Validation   loss : 0.06105 , acc : 0.980 , elapse : 0.04428 min    - [Info] The checkpoint file has been updated.
[ Epoch 66 ]  - Training     loss : 0.07458 , acc : 0.973 , elapse : 0.21783 min  - Validation   loss : 0.06012 , acc : 0.981 , elapse : 0.04421 min    - [Info] The checkpoint file has been updated.
[ Epoch 67 ]  - Training     loss : 0.07355 , acc : 0.973 , elapse : 0.21798 min  - Validation   loss : 0.05951 , acc : 0.981 , elapse : 0.04416 min    - [Info] The checkpoint file has been updated.
[ Epoch 68 ]  - Training     loss : 0.07231 , acc : 0.973 , elapse : 0.21798 min  - Validation   loss : 0.05961 , acc : 0.981 , elapse : 0.04417 min
[ Epoch 69 ]  - Training     loss : 0.07078 , acc : 0.974 , elapse : 0.21811 min  - Validation   loss : 0.05900 , acc : 0.981 , elapse : 0.04444 min
[ Epoch 70 ]  - Training     loss : 0.07112 , acc : 0.974 , elapse : 0.21847 min  - Validation   loss : 0.05866 , acc : 0.981 , elapse : 0.04425 min    - [Info] The checkpoint file has been updated.
[ Epoch 71 ]  - Training     loss : 0.07065 , acc : 0.973 , elapse : 0.21777 min  - Validation   loss : 0.05753 , acc : 0.982 , elapse : 0.04428 min    - [Info] The checkpoint file has been updated.
[ Epoch 72 ]  - Training     loss : 0.06996 , acc : 0.974 , elapse : 0.21770 min  - Validation   loss : 0.05854 , acc : 0.982 , elapse : 0.04435 min
[ Epoch 73 ]  - Training     loss : 0.07046 , acc : 0.974 , elapse : 0.21781 min  - Validation   loss : 0.05746 , acc : 0.982 , elapse : 0.04430 min    - [Info] The checkpoint file has been updated.
[ Epoch 74 ]  - Training     loss : 0.06884 , acc : 0.974 , elapse : 0.21781 min  - Validation   loss : 0.05705 , acc : 0.982 , elapse : 0.04423 min    - [Info] The checkpoint file has been updated.
[ Epoch 75 ]  - Training     loss : 0.06823 , acc : 0.974 , elapse : 0.21775 min  - Validation   loss : 0.05729 , acc : 0.982 , elapse : 0.04430 min
[ Epoch 76 ]  - Training     loss : 0.06836 , acc : 0.974 , elapse : 0.21752 min  - Validation   loss : 0.05650 , acc : 0.982 , elapse : 0.04417 min
[ Epoch 77 ]  - Training     loss : 0.06819 , acc : 0.974 , elapse : 0.21696 min  - Validation   loss : 0.05703 , acc : 0.982 , elapse : 0.04411 min
[ Epoch 78 ]  - Training     loss : 0.06709 , acc : 0.975 , elapse : 0.21728 min  - Validation   loss : 0.05629 , acc : 0.982 , elapse : 0.04414 min    - [Info] The checkpoint file has been updated.
[ Epoch 79 ]  - Training     loss : 0.06658 , acc : 0.975 , elapse : 0.21707 min  - Validation   loss : 0.05704 , acc : 0.982 , elapse : 0.04408 min
[ Epoch 80 ]  - Training     loss : 0.06671 , acc : 0.975 , elapse : 0.21694 min  - Validation   loss : 0.05648 , acc : 0.982 , elapse : 0.04411 min
[ Epoch 81 ]  - Training     loss : 0.06639 , acc : 0.975 , elapse : 0.21707 min  - Validation   loss : 0.05621 , acc : 0.982 , elapse : 0.04399 min
[ Epoch 82 ]  - Training     loss : 0.06537 , acc : 0.975 , elapse : 0.21691 min  - Validation   loss : 0.05579 , acc : 0.982 , elapse : 0.04407 min    - [Info] The checkpoint file has been updated.
[ Epoch 83 ]  - Training     loss : 0.06514 , acc : 0.975 , elapse : 0.21700 min  - Validation   loss : 0.05545 , acc : 0.982 , elapse : 0.04410 min    - [Info] The checkpoint file has been updated.
[ Epoch 84 ]  - Training     loss : 0.06510 , acc : 0.975 , elapse : 0.21694 min  - Validation   loss : 0.05533 , acc : 0.983 , elapse : 0.04420 min    - [Info] The checkpoint file has been updated.
[ Epoch 85 ]  - Training     loss : 0.06535 , acc : 0.975 , elapse : 0.21697 min  - Validation   loss : 0.05516 , acc : 0.983 , elapse : 0.04412 min
[ Epoch 86 ]  - Training     loss : 0.06444 , acc : 0.976 , elapse : 0.21688 min  - Validation   loss : 0.05534 , acc : 0.983 , elapse : 0.04413 min
[ Epoch 87 ]  - Training     loss : 0.06477 , acc : 0.975 , elapse : 0.21692 min  - Validation   loss : 0.05500 , acc : 0.983 , elapse : 0.04413 min
[ Epoch 88 ]  - Training     loss : 0.06487 , acc : 0.975 , elapse : 0.21692 min  - Validation   loss : 0.05516 , acc : 0.983 , elapse : 0.04412 min
[ Epoch 89 ]  - Training     loss : 0.06500 , acc : 0.975 , elapse : 0.21691 min  - Validation   loss : 0.05479 , acc : 0.983 , elapse : 0.04412 min    - [Info] The checkpoint file has been updated.
[ Epoch 90 ]  - Training     loss : 0.06427 , acc : 0.975 , elapse : 0.21678 min  - Validation   loss : 0.05456 , acc : 0.983 , elapse : 0.04412 min    - [Info] The checkpoint file has been updated.
[ Epoch 91 ]  - Training     loss : 0.06402 , acc : 0.976 , elapse : 0.21683 min  - Validation   loss : 0.05457 , acc : 0.983 , elapse : 0.04416 min
[ Epoch 92 ]  - Training     loss : 0.06583 , acc : 0.975 , elapse : 0.21776 min  - Validation   loss : 0.05469 , acc : 0.983 , elapse : 0.04424 min
[ Epoch 93 ]  - Training     loss : 0.06391 , acc : 0.976 , elapse : 0.21775 min  - Validation   loss : 0.05469 , acc : 0.983 , elapse : 0.04421 min
[ Epoch 94 ]  - Training     loss : 0.06339 , acc : 0.976 , elapse : 0.21785 min  - Validation   loss : 0.05466 , acc : 0.983 , elapse : 0.04414 min
[ Epoch 95 ]  - Training     loss : 0.06429 , acc : 0.976 , elapse : 0.21769 min  - Validation   loss : 0.05460 , acc : 0.983 , elapse : 0.04418 min
[ Epoch 96 ]  - Training     loss : 0.06402 , acc : 0.976 , elapse : 0.21792 min  - Validation   loss : 0.05465 , acc : 0.983 , elapse : 0.04429 min
[ Epoch 97 ]  - Training     loss : 0.06459 , acc : 0.975 , elapse : 0.21785 min  - Validation   loss : 0.05463 , acc : 0.983 , elapse : 0.04425 min
[ Epoch 98 ]  - Training     loss : 0.06623 , acc : 0.975 , elapse : 0.21766 min  - Validation   loss : 0.05501 , acc : 0.982 , elapse : 0.04433 min
[ Epoch 99 ]  - Training     loss : 0.06581 , acc : 0.975 , elapse : 0.21767 min  - Validation   loss : 0.05501 , acc : 0.982 , elapse : 0.04427 min
Finish training ~ v ~
~~~~~~~~~~~~~~~~~~~~~~~~~~~~~
3th fold (total : 5)
Create model...
Start training...
[ Epoch 0 ]  - Training     loss : 0.37001 , acc : 0.868 , elapse : 0.21793 min  - Validation   loss : 0.23081 , acc : 0.928 , elapse : 0.04437 min    - [Info] The checkpoint file has been updated.
[ Epoch 1 ]  - Training     loss : 0.22956 , acc : 0.928 , elapse : 0.21778 min  - Validation   loss : 0.21786 , acc : 0.928 , elapse : 0.04433 min    - [Info] The checkpoint file has been updated.
[ Epoch 2 ]  - Training     loss : 0.21859 , acc : 0.931 , elapse : 0.21787 min  - Validation   loss : 0.21258 , acc : 0.929 , elapse : 0.04423 min    - [Info] The checkpoint file has been updated.
[ Epoch 3 ]  - Training     loss : 0.20669 , acc : 0.934 , elapse : 0.21794 min  - Validation   loss : 0.19012 , acc : 0.937 , elapse : 0.04429 min    - [Info] The checkpoint file has been updated.
[ Epoch 4 ]  - Training     loss : 0.18676 , acc : 0.940 , elapse : 0.21789 min  - Validation   loss : 0.17844 , acc : 0.944 , elapse : 0.04428 min    - [Info] The checkpoint file has been updated.
[ Epoch 5 ]  - Training     loss : 0.18063 , acc : 0.942 , elapse : 0.21797 min  - Validation   loss : 0.17622 , acc : 0.944 , elapse : 0.04427 min    - [Info] The checkpoint file has been updated.
[ Epoch 6 ]  - Training     loss : 0.17477 , acc : 0.943 , elapse : 0.21781 min  - Validation   loss : 0.16469 , acc : 0.947 , elapse : 0.04426 min    - [Info] The checkpoint file has been updated.
[ Epoch 7 ]  - Training     loss : 0.16321 , acc : 0.946 , elapse : 0.21785 min  - Validation   loss : 0.15412 , acc : 0.950 , elapse : 0.04425 min    - [Info] The checkpoint file has been updated.
[ Epoch 8 ]  - Training     loss : 0.15491 , acc : 0.948 , elapse : 0.21804 min  - Validation   loss : 0.14722 , acc : 0.950 , elapse : 0.04420 min    - [Info] The checkpoint file has been updated.
[ Epoch 9 ]  - Training     loss : 0.14941 , acc : 0.948 , elapse : 0.21796 min  - Validation   loss : 0.14359 , acc : 0.952 , elapse : 0.04419 min    - [Info] The checkpoint file has been updated.
[ Epoch 10 ]  - Training     loss : 0.14606 , acc : 0.949 , elapse : 0.21794 min  - Validation   loss : 0.14222 , acc : 0.952 , elapse : 0.04430 min    - [Info] The checkpoint file has been updated.
[ Epoch 11 ]  - Training     loss : 0.14582 , acc : 0.949 , elapse : 0.21793 min  - Validation   loss : 0.14155 , acc : 0.952 , elapse : 0.04428 min    - [Info] The checkpoint file has been updated.
[ Epoch 12 ]  - Training     loss : 0.14413 , acc : 0.950 , elapse : 0.21789 min  - Validation   loss : 0.13708 , acc : 0.953 , elapse : 0.04430 min    - [Info] The checkpoint file has been updated.
[ Epoch 13 ]  - Training     loss : 0.13866 , acc : 0.951 , elapse : 0.21774 min  - Validation   loss : 0.13131 , acc : 0.956 , elapse : 0.04426 min    - [Info] The checkpoint file has been updated.
[ Epoch 14 ]  - Training     loss : 0.13372 , acc : 0.953 , elapse : 0.21782 min  - Validation   loss : 0.12793 , acc : 0.957 , elapse : 0.04431 min    - [Info] The checkpoint file has been updated.
[ Epoch 15 ]  - Training     loss : 0.12988 , acc : 0.954 , elapse : 0.21787 min  - Validation   loss : 0.12088 , acc : 0.959 , elapse : 0.04428 min    - [Info] The checkpoint file has been updated.
[ Epoch 16 ]  - Training     loss : 0.12602 , acc : 0.955 , elapse : 0.21806 min  - Validation   loss : 0.11862 , acc : 0.960 , elapse : 0.04428 min    - [Info] The checkpoint file has been updated.
[ Epoch 17 ]  - Training     loss : 0.12198 , acc : 0.956 , elapse : 0.21784 min  - Validation   loss : 0.11599 , acc : 0.961 , elapse : 0.04429 min    - [Info] The checkpoint file has been updated.
[ Epoch 18 ]  - Training     loss : 0.12036 , acc : 0.956 , elapse : 0.21789 min  - Validation   loss : 0.11333 , acc : 0.962 , elapse : 0.04426 min    - [Info] The checkpoint file has been updated.
[ Epoch 19 ]  - Training     loss : 0.11855 , acc : 0.957 , elapse : 0.21784 min  - Validation   loss : 0.11208 , acc : 0.963 , elapse : 0.04436 min    - [Info] The checkpoint file has been updated.
[ Epoch 20 ]  - Training     loss : 0.11704 , acc : 0.958 , elapse : 0.21799 min  - Validation   loss : 0.11168 , acc : 0.963 , elapse : 0.04423 min
[ Epoch 21 ]  - Training     loss : 0.11568 , acc : 0.958 , elapse : 0.21797 min  - Validation   loss : 0.11085 , acc : 0.963 , elapse : 0.04417 min    - [Info] The checkpoint file has been updated.
[ Epoch 22 ]  - Training     loss : 0.11540 , acc : 0.958 , elapse : 0.21799 min  - Validation   loss : 0.11050 , acc : 0.963 , elapse : 0.04417 min    - [Info] The checkpoint file has been updated.
[ Epoch 23 ]  - Training     loss : 0.11504 , acc : 0.959 , elapse : 0.21792 min  - Validation   loss : 0.11070 , acc : 0.963 , elapse : 0.04429 min
[ Epoch 24 ]  - Training     loss : 0.11517 , acc : 0.958 , elapse : 0.21799 min  - Validation   loss : 0.10911 , acc : 0.964 , elapse : 0.04424 min    - [Info] The checkpoint file has been updated.
[ Epoch 25 ]  - Training     loss : 0.11418 , acc : 0.958 , elapse : 0.21781 min  - Validation   loss : 0.10598 , acc : 0.965 , elapse : 0.04440 min    - [Info] The checkpoint file has been updated.
[ Epoch 26 ]  - Training     loss : 0.11137 , acc : 0.959 , elapse : 0.21788 min  - Validation   loss : 0.10409 , acc : 0.966 , elapse : 0.04439 min    - [Info] The checkpoint file has been updated.
[ Epoch 27 ]  - Training     loss : 0.10869 , acc : 0.960 , elapse : 0.21794 min  - Validation   loss : 0.10092 , acc : 0.967 , elapse : 0.04434 min    - [Info] The checkpoint file has been updated.
[ Epoch 28 ]  - Training     loss : 0.10629 , acc : 0.961 , elapse : 0.21792 min  - Validation   loss : 0.09654 , acc : 0.969 , elapse : 0.04433 min    - [Info] The checkpoint file has been updated.
[ Epoch 29 ]  - Training     loss : 0.10381 , acc : 0.962 , elapse : 0.21786 min  - Validation   loss : 0.09451 , acc : 0.969 , elapse : 0.04428 min    - [Info] The checkpoint file has been updated.
[ Epoch 30 ]  - Training     loss : 0.10143 , acc : 0.963 , elapse : 0.21777 min  - Validation   loss : 0.09200 , acc : 0.971 , elapse : 0.04440 min    - [Info] The checkpoint file has been updated.
[ Epoch 31 ]  - Training     loss : 0.10030 , acc : 0.964 , elapse : 0.21805 min  - Validation   loss : 0.09116 , acc : 0.971 , elapse : 0.04434 min    - [Info] The checkpoint file has been updated.
[ Epoch 32 ]  - Training     loss : 0.09869 , acc : 0.964 , elapse : 0.21812 min  - Validation   loss : 0.08897 , acc : 0.972 , elapse : 0.04430 min    - [Info] The checkpoint file has been updated.
[ Epoch 33 ]  - Training     loss : 0.09819 , acc : 0.965 , elapse : 0.21809 min  - Validation   loss : 0.08691 , acc : 0.973 , elapse : 0.04435 min    - [Info] The checkpoint file has been updated.
[ Epoch 34 ]  - Training     loss : 0.09670 , acc : 0.965 , elapse : 0.21811 min  - Validation   loss : 0.08584 , acc : 0.973 , elapse : 0.04425 min    - [Info] The checkpoint file has been updated.
[ Epoch 35 ]  - Training     loss : 0.09399 , acc : 0.966 , elapse : 0.21840 min  - Validation   loss : 0.08593 , acc : 0.973 , elapse : 0.04430 min
[ Epoch 36 ]  - Training     loss : 0.09267 , acc : 0.966 , elapse : 0.21820 min  - Validation   loss : 0.08352 , acc : 0.973 , elapse : 0.04417 min    - [Info] The checkpoint file has been updated.
[ Epoch 37 ]  - Training     loss : 0.09183 , acc : 0.966 , elapse : 0.21795 min  - Validation   loss : 0.08185 , acc : 0.974 , elapse : 0.04428 min    - [Info] The checkpoint file has been updated.
[ Epoch 38 ]  - Training     loss : 0.09137 , acc : 0.966 , elapse : 0.21784 min  - Validation   loss : 0.08142 , acc : 0.974 , elapse : 0.04427 min    - [Info] The checkpoint file has been updated.
[ Epoch 39 ]  - Training     loss : 0.09017 , acc : 0.967 , elapse : 0.21803 min  - Validation   loss : 0.08097 , acc : 0.975 , elapse : 0.04435 min    - [Info] The checkpoint file has been updated.
[ Epoch 40 ]  - Training     loss : 0.08956 , acc : 0.967 , elapse : 0.21770 min  - Validation   loss : 0.08033 , acc : 0.975 , elapse : 0.04430 min    - [Info] The checkpoint file has been updated.
[ Epoch 41 ]  - Training     loss : 0.08893 , acc : 0.967 , elapse : 0.21787 min  - Validation   loss : 0.08039 , acc : 0.975 , elapse : 0.04426 min
[ Epoch 42 ]  - Training     loss : 0.08873 , acc : 0.967 , elapse : 0.21786 min  - Validation   loss : 0.08018 , acc : 0.975 , elapse : 0.04431 min
[ Epoch 43 ]  - Training     loss : 0.08848 , acc : 0.968 , elapse : 0.21791 min  - Validation   loss : 0.07988 , acc : 0.975 , elapse : 0.04426 min    - [Info] The checkpoint file has been updated.
[ Epoch 44 ]  - Training     loss : 0.08837 , acc : 0.968 , elapse : 0.21785 min  - Validation   loss : 0.07924 , acc : 0.975 , elapse : 0.04440 min    - [Info] The checkpoint file has been updated.
[ Epoch 45 ]  - Training     loss : 0.08732 , acc : 0.968 , elapse : 0.21782 min  - Validation   loss : 0.07977 , acc : 0.975 , elapse : 0.04426 min
[ Epoch 46 ]  - Training     loss : 0.08778 , acc : 0.968 , elapse : 0.21790 min  - Validation   loss : 0.07956 , acc : 0.975 , elapse : 0.04441 min
[ Epoch 47 ]  - Training     loss : 0.08841 , acc : 0.967 , elapse : 0.21797 min  - Validation   loss : 0.07959 , acc : 0.975 , elapse : 0.04429 min
[ Epoch 48 ]  - Training     loss : 0.08830 , acc : 0.968 , elapse : 0.21779 min  - Validation   loss : 0.07947 , acc : 0.975 , elapse : 0.04417 min
[ Epoch 49 ]  - Training     loss : 0.08963 , acc : 0.967 , elapse : 0.21799 min  - Validation   loss : 0.07931 , acc : 0.975 , elapse : 0.04414 min
[ Epoch 50 ]  - Training     loss : 0.08894 , acc : 0.967 , elapse : 0.21806 min  - Validation   loss : 0.07678 , acc : 0.976 , elapse : 0.04424 min    - [Info] The checkpoint file has been updated.
[ Epoch 51 ]  - Training     loss : 0.08686 , acc : 0.968 , elapse : 0.21796 min  - Validation   loss : 0.07578 , acc : 0.976 , elapse : 0.04428 min    - [Info] The checkpoint file has been updated.
[ Epoch 52 ]  - Training     loss : 0.08681 , acc : 0.968 , elapse : 0.21789 min  - Validation   loss : 0.07658 , acc : 0.976 , elapse : 0.04426 min
[ Epoch 53 ]  - Training     loss : 0.08546 , acc : 0.969 , elapse : 0.21794 min  - Validation   loss : 0.07412 , acc : 0.977 , elapse : 0.04430 min    - [Info] The checkpoint file has been updated.
[ Epoch 54 ]  - Training     loss : 0.08383 , acc : 0.969 , elapse : 0.21809 min  - Validation   loss : 0.07261 , acc : 0.977 , elapse : 0.04434 min    - [Info] The checkpoint file has been updated.
[ Epoch 55 ]  - Training     loss : 0.08251 , acc : 0.970 , elapse : 0.21791 min  - Validation   loss : 0.07149 , acc : 0.977 , elapse : 0.04428 min
[ Epoch 56 ]  - Training     loss : 0.08169 , acc : 0.970 , elapse : 0.21783 min  - Validation   loss : 0.07040 , acc : 0.978 , elapse : 0.04435 min    - [Info] The checkpoint file has been updated.
[ Epoch 57 ]  - Training     loss : 0.08094 , acc : 0.970 , elapse : 0.21795 min  - Validation   loss : 0.06914 , acc : 0.978 , elapse : 0.04428 min    - [Info] The checkpoint file has been updated.
[ Epoch 58 ]  - Training     loss : 0.08062 , acc : 0.970 , elapse : 0.21790 min  - Validation   loss : 0.06800 , acc : 0.979 , elapse : 0.04438 min    - [Info] The checkpoint file has been updated.
[ Epoch 59 ]  - Training     loss : 0.07879 , acc : 0.971 , elapse : 0.21791 min  - Validation   loss : 0.06708 , acc : 0.979 , elapse : 0.04424 min    - [Info] The checkpoint file has been updated.
[ Epoch 60 ]  - Training     loss : 0.07836 , acc : 0.971 , elapse : 0.21779 min  - Validation   loss : 0.06644 , acc : 0.979 , elapse : 0.04428 min    - [Info] The checkpoint file has been updated.
[ Epoch 61 ]  - Training     loss : 0.07755 , acc : 0.971 , elapse : 0.21800 min  - Validation   loss : 0.06644 , acc : 0.979 , elapse : 0.04426 min    - [Info] The checkpoint file has been updated.
[ Epoch 62 ]  - Training     loss : 0.07613 , acc : 0.972 , elapse : 0.21826 min  - Validation   loss : 0.06469 , acc : 0.979 , elapse : 0.04419 min    - [Info] The checkpoint file has been updated.
[ Epoch 63 ]  - Training     loss : 0.07509 , acc : 0.972 , elapse : 0.21806 min  - Validation   loss : 0.06384 , acc : 0.980 , elapse : 0.04428 min    - [Info] The checkpoint file has been updated.
[ Epoch 64 ]  - Training     loss : 0.07515 , acc : 0.972 , elapse : 0.21796 min  - Validation   loss : 0.06390 , acc : 0.980 , elapse : 0.04421 min
[ Epoch 65 ]  - Training     loss : 0.07401 , acc : 0.972 , elapse : 0.21784 min  - Validation   loss : 0.06300 , acc : 0.980 , elapse : 0.04433 min    - [Info] The checkpoint file has been updated.
[ Epoch 66 ]  - Training     loss : 0.07311 , acc : 0.972 , elapse : 0.21783 min  - Validation   loss : 0.06421 , acc : 0.980 , elapse : 0.04426 min
[ Epoch 67 ]  - Training     loss : 0.07334 , acc : 0.973 , elapse : 0.21778 min  - Validation   loss : 0.06234 , acc : 0.980 , elapse : 0.04433 min    - [Info] The checkpoint file has been updated.
[ Epoch 68 ]  - Training     loss : 0.07207 , acc : 0.973 , elapse : 0.21785 min  - Validation   loss : 0.06196 , acc : 0.981 , elapse : 0.04426 min    - [Info] The checkpoint file has been updated.
[ Epoch 69 ]  - Training     loss : 0.07175 , acc : 0.973 , elapse : 0.21786 min  - Validation   loss : 0.06108 , acc : 0.981 , elapse : 0.04427 min    - [Info] The checkpoint file has been updated.
[ Epoch 70 ]  - Training     loss : 0.07132 , acc : 0.973 , elapse : 0.21787 min  - Validation   loss : 0.06078 , acc : 0.981 , elapse : 0.04429 min    - [Info] The checkpoint file has been updated.
[ Epoch 71 ]  - Training     loss : 0.07100 , acc : 0.973 , elapse : 0.21779 min  - Validation   loss : 0.06043 , acc : 0.981 , elapse : 0.04427 min
[ Epoch 72 ]  - Training     loss : 0.06939 , acc : 0.973 , elapse : 0.21773 min  - Validation   loss : 0.05932 , acc : 0.981 , elapse : 0.04429 min    - [Info] The checkpoint file has been updated.
[ Epoch 73 ]  - Training     loss : 0.06871 , acc : 0.974 , elapse : 0.21799 min  - Validation   loss : 0.05919 , acc : 0.981 , elapse : 0.04432 min    - [Info] The checkpoint file has been updated.
[ Epoch 74 ]  - Training     loss : 0.06936 , acc : 0.974 , elapse : 0.21794 min  - Validation   loss : 0.05905 , acc : 0.981 , elapse : 0.04430 min    - [Info] The checkpoint file has been updated.
[ Epoch 75 ]  - Training     loss : 0.06937 , acc : 0.974 , elapse : 0.21792 min  - Validation   loss : 0.05853 , acc : 0.981 , elapse : 0.04419 min    - [Info] The checkpoint file has been updated.
[ Epoch 76 ]  - Training     loss : 0.06806 , acc : 0.974 , elapse : 0.21798 min  - Validation   loss : 0.05858 , acc : 0.981 , elapse : 0.04417 min
[ Epoch 77 ]  - Training     loss : 0.06718 , acc : 0.974 , elapse : 0.21805 min  - Validation   loss : 0.05860 , acc : 0.981 , elapse : 0.04426 min
[ Epoch 78 ]  - Training     loss : 0.06808 , acc : 0.974 , elapse : 0.21798 min  - Validation   loss : 0.05765 , acc : 0.982 , elapse : 0.04427 min    - [Info] The checkpoint file has been updated.
[ Epoch 79 ]  - Training     loss : 0.06651 , acc : 0.974 , elapse : 0.21789 min  - Validation   loss : 0.05745 , acc : 0.981 , elapse : 0.04430 min
[ Epoch 80 ]  - Training     loss : 0.06767 , acc : 0.974 , elapse : 0.21789 min  - Validation   loss : 0.05740 , acc : 0.982 , elapse : 0.04429 min
[ Epoch 81 ]  - Training     loss : 0.06594 , acc : 0.975 , elapse : 0.21793 min  - Validation   loss : 0.05768 , acc : 0.982 , elapse : 0.04429 min
[ Epoch 82 ]  - Training     loss : 0.06604 , acc : 0.975 , elapse : 0.21801 min  - Validation   loss : 0.05787 , acc : 0.982 , elapse : 0.04426 min
[ Epoch 83 ]  - Training     loss : 0.06645 , acc : 0.975 , elapse : 0.21785 min  - Validation   loss : 0.05733 , acc : 0.982 , elapse : 0.04430 min    - [Info] The checkpoint file has been updated.
[ Epoch 84 ]  - Training     loss : 0.06478 , acc : 0.975 , elapse : 0.21778 min  - Validation   loss : 0.05710 , acc : 0.982 , elapse : 0.04428 min    - [Info] The checkpoint file has been updated.
[ Epoch 85 ]  - Training     loss : 0.06491 , acc : 0.975 , elapse : 0.21794 min  - Validation   loss : 0.05701 , acc : 0.982 , elapse : 0.04432 min    - [Info] The checkpoint file has been updated.
[ Epoch 86 ]  - Training     loss : 0.06553 , acc : 0.975 , elapse : 0.21796 min  - Validation   loss : 0.05694 , acc : 0.982 , elapse : 0.04430 min
[ Epoch 87 ]  - Training     loss : 0.06495 , acc : 0.975 , elapse : 0.21774 min  - Validation   loss : 0.05708 , acc : 0.982 , elapse : 0.04432 min
[ Epoch 88 ]  - Training     loss : 0.06573 , acc : 0.975 , elapse : 0.21783 min  - Validation   loss : 0.05709 , acc : 0.982 , elapse : 0.04425 min
[ Epoch 89 ]  - Training     loss : 0.06505 , acc : 0.975 , elapse : 0.21799 min  - Validation   loss : 0.05726 , acc : 0.982 , elapse : 0.04418 min
[ Epoch 90 ]  - Training     loss : 0.06482 , acc : 0.975 , elapse : 0.21803 min  - Validation   loss : 0.05677 , acc : 0.982 , elapse : 0.04420 min
[ Epoch 91 ]  - Training     loss : 0.06454 , acc : 0.975 , elapse : 0.21792 min  - Validation   loss : 0.05682 , acc : 0.982 , elapse : 0.04426 min
[ Epoch 92 ]  - Training     loss : 0.06406 , acc : 0.975 , elapse : 0.21794 min  - Validation   loss : 0.05665 , acc : 0.982 , elapse : 0.04436 min    - [Info] The checkpoint file has been updated.
[ Epoch 93 ]  - Training     loss : 0.06432 , acc : 0.975 , elapse : 0.21782 min  - Validation   loss : 0.05658 , acc : 0.982 , elapse : 0.04435 min    - [Info] The checkpoint file has been updated.
[ Epoch 94 ]  - Training     loss : 0.06435 , acc : 0.975 , elapse : 0.21813 min  - Validation   loss : 0.05681 , acc : 0.982 , elapse : 0.04430 min
[ Epoch 95 ]  - Training     loss : 0.06473 , acc : 0.975 , elapse : 0.21793 min  - Validation   loss : 0.05666 , acc : 0.982 , elapse : 0.04430 min
[ Epoch 96 ]  - Training     loss : 0.06483 , acc : 0.975 , elapse : 0.21798 min  - Validation   loss : 0.05660 , acc : 0.982 , elapse : 0.04427 min
[ Epoch 97 ]  - Training     loss : 0.06429 , acc : 0.975 , elapse : 0.21806 min  - Validation   loss : 0.05661 , acc : 0.982 , elapse : 0.04439 min
[ Epoch 98 ]  - Training     loss : 0.06519 , acc : 0.975 , elapse : 0.21808 min  - Validation   loss : 0.05689 , acc : 0.982 , elapse : 0.04430 min
[ Epoch 99 ]  - Training     loss : 0.06699 , acc : 0.974 , elapse : 0.21795 min  - Validation   loss : 0.05776 , acc : 0.982 , elapse : 0.04434 min
Finish training ~ v ~
~~~~~~~~~~~~~~~~~~~~~~~~~~~~~
4th fold (total : 5)
Create model...
Start training...
[ Epoch 0 ]  - Training     loss : 0.35603 , acc : 0.879 , elapse : 0.21799 min  - Validation   loss : 0.23172 , acc : 0.929 , elapse : 0.04437 min    - [Info] The checkpoint file has been updated.
[ Epoch 1 ]  - Training     loss : 0.23009 , acc : 0.928 , elapse : 0.21802 min  - Validation   loss : 0.22372 , acc : 0.929 , elapse : 0.04428 min    - [Info] The checkpoint file has been updated.
[ Epoch 2 ]  - Training     loss : 0.22517 , acc : 0.929 , elapse : 0.21784 min  - Validation   loss : 0.22058 , acc : 0.929 , elapse : 0.04424 min    - [Info] The checkpoint file has been updated.
[ Epoch 3 ]  - Training     loss : 0.21798 , acc : 0.930 , elapse : 0.21799 min  - Validation   loss : 0.20714 , acc : 0.931 , elapse : 0.04419 min    - [Info] The checkpoint file has been updated.
[ Epoch 4 ]  - Training     loss : 0.20186 , acc : 0.936 , elapse : 0.21793 min  - Validation   loss : 0.19012 , acc : 0.938 , elapse : 0.04416 min    - [Info] The checkpoint file has been updated.
[ Epoch 5 ]  - Training     loss : 0.19255 , acc : 0.938 , elapse : 0.21798 min  - Validation   loss : 0.18737 , acc : 0.938 , elapse : 0.04428 min    - [Info] The checkpoint file has been updated.
[ Epoch 6 ]  - Training     loss : 0.18569 , acc : 0.939 , elapse : 0.21783 min  - Validation   loss : 0.17201 , acc : 0.943 , elapse : 0.04428 min    - [Info] The checkpoint file has been updated.
[ Epoch 7 ]  - Training     loss : 0.17180 , acc : 0.943 , elapse : 0.21768 min  - Validation   loss : 0.16137 , acc : 0.947 , elapse : 0.04431 min    - [Info] The checkpoint file has been updated.
[ Epoch 8 ]  - Training     loss : 0.16291 , acc : 0.946 , elapse : 0.21776 min  - Validation   loss : 0.15245 , acc : 0.950 , elapse : 0.04433 min    - [Info] The checkpoint file has been updated.
[ Epoch 9 ]  - Training     loss : 0.15629 , acc : 0.947 , elapse : 0.21791 min  - Validation   loss : 0.14841 , acc : 0.952 , elapse : 0.04434 min    - [Info] The checkpoint file has been updated.
[ Epoch 10 ]  - Training     loss : 0.15166 , acc : 0.948 , elapse : 0.21770 min  - Validation   loss : 0.14464 , acc : 0.953 , elapse : 0.04429 min    - [Info] The checkpoint file has been updated.
[ Epoch 11 ]  - Training     loss : 0.15099 , acc : 0.949 , elapse : 0.21808 min  - Validation   loss : 0.14518 , acc : 0.953 , elapse : 0.04428 min
[ Epoch 12 ]  - Training     loss : 0.14941 , acc : 0.949 , elapse : 0.21775 min  - Validation   loss : 0.14065 , acc : 0.953 , elapse : 0.04427 min
[ Epoch 13 ]  - Training     loss : 0.14135 , acc : 0.951 , elapse : 0.21788 min  - Validation   loss : 0.13021 , acc : 0.957 , elapse : 0.04430 min    - [Info] The checkpoint file has been updated.
[ Epoch 14 ]  - Training     loss : 0.13360 , acc : 0.953 , elapse : 0.21779 min  - Validation   loss : 0.12039 , acc : 0.960 , elapse : 0.04425 min    - [Info] The checkpoint file has been updated.
[ Epoch 15 ]  - Training     loss : 0.12818 , acc : 0.955 , elapse : 0.21781 min  - Validation   loss : 0.11711 , acc : 0.961 , elapse : 0.04423 min    - [Info] The checkpoint file has been updated.
[ Epoch 16 ]  - Training     loss : 0.12388 , acc : 0.956 , elapse : 0.21787 min  - Validation   loss : 0.11179 , acc : 0.963 , elapse : 0.04424 min    - [Info] The checkpoint file has been updated.
[ Epoch 17 ]  - Training     loss : 0.12059 , acc : 0.957 , elapse : 0.21788 min  - Validation   loss : 0.10803 , acc : 0.965 , elapse : 0.04414 min    - [Info] The checkpoint file has been updated.
[ Epoch 18 ]  - Training     loss : 0.11838 , acc : 0.958 , elapse : 0.21789 min  - Validation   loss : 0.10537 , acc : 0.966 , elapse : 0.04428 min    - [Info] The checkpoint file has been updated.
[ Epoch 19 ]  - Training     loss : 0.11595 , acc : 0.959 , elapse : 0.21788 min  - Validation   loss : 0.10400 , acc : 0.966 , elapse : 0.04440 min    - [Info] The checkpoint file has been updated.
[ Epoch 20 ]  - Training     loss : 0.11494 , acc : 0.959 , elapse : 0.21796 min  - Validation   loss : 0.10296 , acc : 0.966 , elapse : 0.04433 min    - [Info] The checkpoint file has been updated.
[ Epoch 21 ]  - Training     loss : 0.11355 , acc : 0.959 , elapse : 0.21824 min  - Validation   loss : 0.10271 , acc : 0.966 , elapse : 0.04430 min
[ Epoch 22 ]  - Training     loss : 0.11332 , acc : 0.959 , elapse : 0.21784 min  - Validation   loss : 0.10177 , acc : 0.967 , elapse : 0.04428 min    - [Info] The checkpoint file has been updated.
[ Epoch 23 ]  - Training     loss : 0.11335 , acc : 0.959 , elapse : 0.21786 min  - Validation   loss : 0.10162 , acc : 0.967 , elapse : 0.04426 min    - [Info] The checkpoint file has been updated.
[ Epoch 24 ]  - Training     loss : 0.11315 , acc : 0.959 , elapse : 0.21789 min  - Validation   loss : 0.10379 , acc : 0.966 , elapse : 0.04428 min
[ Epoch 25 ]  - Training     loss : 0.11204 , acc : 0.960 , elapse : 0.21793 min  - Validation   loss : 0.09754 , acc : 0.968 , elapse : 0.04433 min    - [Info] The checkpoint file has been updated.
[ Epoch 26 ]  - Training     loss : 0.10870 , acc : 0.961 , elapse : 0.21776 min  - Validation   loss : 0.09477 , acc : 0.969 , elapse : 0.04427 min    - [Info] The checkpoint file has been updated.
[ Epoch 27 ]  - Training     loss : 0.10671 , acc : 0.962 , elapse : 0.21777 min  - Validation   loss : 0.09191 , acc : 0.971 , elapse : 0.04426 min    - [Info] The checkpoint file has been updated.
[ Epoch 28 ]  - Training     loss : 0.10343 , acc : 0.963 , elapse : 0.21777 min  - Validation   loss : 0.09007 , acc : 0.971 , elapse : 0.04429 min    - [Info] The checkpoint file has been updated.
[ Epoch 29 ]  - Training     loss : 0.10214 , acc : 0.963 , elapse : 0.21790 min  - Validation   loss : 0.08852 , acc : 0.972 , elapse : 0.04428 min    - [Info] The checkpoint file has been updated.
[ Epoch 30 ]  - Training     loss : 0.09964 , acc : 0.964 , elapse : 0.21796 min  - Validation   loss : 0.08688 , acc : 0.973 , elapse : 0.04424 min    - [Info] The checkpoint file has been updated.
[ Epoch 31 ]  - Training     loss : 0.09829 , acc : 0.965 , elapse : 0.21797 min  - Validation   loss : 0.08541 , acc : 0.974 , elapse : 0.04412 min    - [Info] The checkpoint file has been updated.
[ Epoch 32 ]  - Training     loss : 0.09709 , acc : 0.965 , elapse : 0.21802 min  - Validation   loss : 0.08339 , acc : 0.975 , elapse : 0.04431 min    - [Info] The checkpoint file has been updated.
[ Epoch 33 ]  - Training     loss : 0.09562 , acc : 0.966 , elapse : 0.21775 min  - Validation   loss : 0.08273 , acc : 0.975 , elapse : 0.04424 min    - [Info] The checkpoint file has been updated.
[ Epoch 34 ]  - Training     loss : 0.09354 , acc : 0.966 , elapse : 0.21785 min  - Validation   loss : 0.08164 , acc : 0.975 , elapse : 0.04439 min    - [Info] The checkpoint file has been updated.
[ Epoch 35 ]  - Training     loss : 0.09306 , acc : 0.966 , elapse : 0.21794 min  - Validation   loss : 0.08064 , acc : 0.976 , elapse : 0.04429 min    - [Info] The checkpoint file has been updated.
[ Epoch 36 ]  - Training     loss : 0.09115 , acc : 0.967 , elapse : 0.21793 min  - Validation   loss : 0.07948 , acc : 0.976 , elapse : 0.04440 min    - [Info] The checkpoint file has been updated.
[ Epoch 37 ]  - Training     loss : 0.09208 , acc : 0.967 , elapse : 0.21914 min  - Validation   loss : 0.07838 , acc : 0.976 , elapse : 0.04428 min    - [Info] The checkpoint file has been updated.
[ Epoch 38 ]  - Training     loss : 0.09061 , acc : 0.968 , elapse : 0.21792 min  - Validation   loss : 0.07863 , acc : 0.976 , elapse : 0.04428 min
[ Epoch 39 ]  - Training     loss : 0.09001 , acc : 0.968 , elapse : 0.21790 min  - Validation   loss : 0.07781 , acc : 0.976 , elapse : 0.04433 min    - [Info] The checkpoint file has been updated.
[ Epoch 40 ]  - Training     loss : 0.08940 , acc : 0.968 , elapse : 0.21783 min  - Validation   loss : 0.07709 , acc : 0.977 , elapse : 0.04431 min    - [Info] The checkpoint file has been updated.
[ Epoch 41 ]  - Training     loss : 0.08708 , acc : 0.968 , elapse : 0.21785 min  - Validation   loss : 0.07709 , acc : 0.977 , elapse : 0.04436 min
[ Epoch 42 ]  - Training     loss : 0.08814 , acc : 0.968 , elapse : 0.21796 min  - Validation   loss : 0.07610 , acc : 0.977 , elapse : 0.04429 min    - [Info] The checkpoint file has been updated.
[ Epoch 43 ]  - Training     loss : 0.08808 , acc : 0.968 , elapse : 0.21782 min  - Validation   loss : 0.07580 , acc : 0.977 , elapse : 0.04421 min    - [Info] The checkpoint file has been updated.
[ Epoch 44 ]  - Training     loss : 0.08679 , acc : 0.969 , elapse : 0.21795 min  - Validation   loss : 0.07587 , acc : 0.977 , elapse : 0.04420 min
[ Epoch 45 ]  - Training     loss : 0.08643 , acc : 0.969 , elapse : 0.21803 min  - Validation   loss : 0.07600 , acc : 0.977 , elapse : 0.04426 min
[ Epoch 46 ]  - Training     loss : 0.08708 , acc : 0.968 , elapse : 0.21789 min  - Validation   loss : 0.07560 , acc : 0.977 , elapse : 0.04434 min
[ Epoch 47 ]  - Training     loss : 0.08705 , acc : 0.969 , elapse : 0.21803 min  - Validation   loss : 0.07548 , acc : 0.977 , elapse : 0.04430 min    - [Info] The checkpoint file has been updated.
[ Epoch 48 ]  - Training     loss : 0.08694 , acc : 0.968 , elapse : 0.21799 min  - Validation   loss : 0.07545 , acc : 0.977 , elapse : 0.04436 min
[ Epoch 49 ]  - Training     loss : 0.08755 , acc : 0.969 , elapse : 0.21825 min  - Validation   loss : 0.07524 , acc : 0.977 , elapse : 0.04443 min    - [Info] The checkpoint file has been updated.
[ Epoch 50 ]  - Training     loss : 0.08743 , acc : 0.968 , elapse : 0.21824 min  - Validation   loss : 0.07249 , acc : 0.978 , elapse : 0.04431 min    - [Info] The checkpoint file has been updated.
[ Epoch 51 ]  - Training     loss : 0.08601 , acc : 0.969 , elapse : 0.21784 min  - Validation   loss : 0.07363 , acc : 0.978 , elapse : 0.04426 min
[ Epoch 52 ]  - Training     loss : 0.08516 , acc : 0.969 , elapse : 0.21797 min  - Validation   loss : 0.07302 , acc : 0.978 , elapse : 0.04435 min
[ Epoch 53 ]  - Training     loss : 0.08408 , acc : 0.970 , elapse : 0.21793 min  - Validation   loss : 0.07126 , acc : 0.978 , elapse : 0.04426 min    - [Info] The checkpoint file has been updated.
[ Epoch 54 ]  - Training     loss : 0.08342 , acc : 0.970 , elapse : 0.21788 min  - Validation   loss : 0.07036 , acc : 0.979 , elapse : 0.04427 min    - [Info] The checkpoint file has been updated.
[ Epoch 55 ]  - Training     loss : 0.08226 , acc : 0.970 , elapse : 0.21790 min  - Validation   loss : 0.07034 , acc : 0.979 , elapse : 0.04428 min    - [Info] The checkpoint file has been updated.
[ Epoch 56 ]  - Training     loss : 0.08176 , acc : 0.971 , elapse : 0.21796 min  - Validation   loss : 0.06857 , acc : 0.979 , elapse : 0.04429 min    - [Info] The checkpoint file has been updated.
[ Epoch 57 ]  - Training     loss : 0.08117 , acc : 0.971 , elapse : 0.21797 min  - Validation   loss : 0.06713 , acc : 0.980 , elapse : 0.04422 min    - [Info] The checkpoint file has been updated.
[ Epoch 58 ]  - Training     loss : 0.07959 , acc : 0.971 , elapse : 0.21789 min  - Validation   loss : 0.06769 , acc : 0.980 , elapse : 0.04415 min
[ Epoch 59 ]  - Training     loss : 0.07924 , acc : 0.971 , elapse : 0.21800 min  - Validation   loss : 0.06512 , acc : 0.980 , elapse : 0.04424 min
[ Epoch 60 ]  - Training     loss : 0.07793 , acc : 0.971 , elapse : 0.21814 min  - Validation   loss : 0.06504 , acc : 0.980 , elapse : 0.04441 min    - [Info] The checkpoint file has been updated.
[ Epoch 61 ]  - Training     loss : 0.07699 , acc : 0.971 , elapse : 0.21788 min  - Validation   loss : 0.06446 , acc : 0.981 , elapse : 0.04427 min    - [Info] The checkpoint file has been updated.
[ Epoch 62 ]  - Training     loss : 0.07602 , acc : 0.972 , elapse : 0.21791 min  - Validation   loss : 0.06401 , acc : 0.981 , elapse : 0.04434 min    - [Info] The checkpoint file has been updated.
[ Epoch 63 ]  - Training     loss : 0.07506 , acc : 0.972 , elapse : 0.21780 min  - Validation   loss : 0.06325 , acc : 0.981 , elapse : 0.04428 min    - [Info] The checkpoint file has been updated.
[ Epoch 64 ]  - Training     loss : 0.07425 , acc : 0.972 , elapse : 0.21792 min  - Validation   loss : 0.06182 , acc : 0.981 , elapse : 0.04429 min    - [Info] The checkpoint file has been updated.
[ Epoch 65 ]  - Training     loss : 0.07327 , acc : 0.973 , elapse : 0.21783 min  - Validation   loss : 0.05968 , acc : 0.981 , elapse : 0.04426 min    - [Info] The checkpoint file has been updated.
[ Epoch 66 ]  - Training     loss : 0.07343 , acc : 0.973 , elapse : 0.21787 min  - Validation   loss : 0.06042 , acc : 0.981 , elapse : 0.04436 min
[ Epoch 67 ]  - Training     loss : 0.07229 , acc : 0.973 , elapse : 0.21784 min  - Validation   loss : 0.06016 , acc : 0.981 , elapse : 0.04432 min
[ Epoch 68 ]  - Training     loss : 0.07218 , acc : 0.973 , elapse : 0.21802 min  - Validation   loss : 0.05910 , acc : 0.982 , elapse : 0.04442 min    - [Info] The checkpoint file has been updated.
[ Epoch 69 ]  - Training     loss : 0.07155 , acc : 0.973 , elapse : 0.21802 min  - Validation   loss : 0.05877 , acc : 0.982 , elapse : 0.04433 min
[ Epoch 70 ]  - Training     loss : 0.07065 , acc : 0.973 , elapse : 0.21801 min  - Validation   loss : 0.05967 , acc : 0.982 , elapse : 0.04422 min
[ Epoch 71 ]  - Training     loss : 0.07035 , acc : 0.974 , elapse : 0.21817 min  - Validation   loss : 0.05825 , acc : 0.982 , elapse : 0.04436 min    - [Info] The checkpoint file has been updated.
[ Epoch 72 ]  - Training     loss : 0.06825 , acc : 0.974 , elapse : 0.21811 min  - Validation   loss : 0.05824 , acc : 0.982 , elapse : 0.04428 min    - [Info] The checkpoint file has been updated.
[ Epoch 73 ]  - Training     loss : 0.06940 , acc : 0.974 , elapse : 0.21782 min  - Validation   loss : 0.05629 , acc : 0.983 , elapse : 0.04440 min    - [Info] The checkpoint file has been updated.
[ Epoch 74 ]  - Training     loss : 0.06901 , acc : 0.974 , elapse : 0.21792 min  - Validation   loss : 0.05696 , acc : 0.982 , elapse : 0.04423 min
[ Epoch 75 ]  - Training     loss : 0.06738 , acc : 0.975 , elapse : 0.21793 min  - Validation   loss : 0.05726 , acc : 0.982 , elapse : 0.04443 min
[ Epoch 76 ]  - Training     loss : 0.06722 , acc : 0.975 , elapse : 0.21793 min  - Validation   loss : 0.05601 , acc : 0.983 , elapse : 0.04430 min
[ Epoch 77 ]  - Training     loss : 0.06812 , acc : 0.975 , elapse : 0.21767 min  - Validation   loss : 0.05651 , acc : 0.983 , elapse : 0.04429 min
[ Epoch 78 ]  - Training     loss : 0.06632 , acc : 0.975 , elapse : 0.21792 min  - Validation   loss : 0.05592 , acc : 0.982 , elapse : 0.04433 min
[ Epoch 79 ]  - Training     loss : 0.06698 , acc : 0.975 , elapse : 0.21795 min  - Validation   loss : 0.05602 , acc : 0.983 , elapse : 0.04445 min
[ Epoch 80 ]  - Training     loss : 0.06679 , acc : 0.975 , elapse : 0.21800 min  - Validation   loss : 0.05641 , acc : 0.983 , elapse : 0.04430 min
[ Epoch 81 ]  - Training     loss : 0.06611 , acc : 0.975 , elapse : 0.21793 min  - Validation   loss : 0.05447 , acc : 0.983 , elapse : 0.04442 min    - [Info] The checkpoint file has been updated.
[ Epoch 82 ]  - Training     loss : 0.06596 , acc : 0.975 , elapse : 0.21792 min  - Validation   loss : 0.05555 , acc : 0.983 , elapse : 0.04435 min
[ Epoch 83 ]  - Training     loss : 0.06565 , acc : 0.975 , elapse : 0.21778 min  - Validation   loss : 0.05477 , acc : 0.983 , elapse : 0.04443 min
[ Epoch 84 ]  - Training     loss : 0.06536 , acc : 0.975 , elapse : 0.21793 min  - Validation   loss : 0.05497 , acc : 0.983 , elapse : 0.04436 min
[ Epoch 85 ]  - Training     loss : 0.06609 , acc : 0.975 , elapse : 0.21797 min  - Validation   loss : 0.05511 , acc : 0.983 , elapse : 0.04418 min
[ Epoch 86 ]  - Training     loss : 0.06497 , acc : 0.975 , elapse : 0.21809 min  - Validation   loss : 0.05447 , acc : 0.983 , elapse : 0.04432 min
[ Epoch 87 ]  - Training     loss : 0.06514 , acc : 0.976 , elapse : 0.21826 min  - Validation   loss : 0.05456 , acc : 0.983 , elapse : 0.04448 min
[ Epoch 88 ]  - Training     loss : 0.06553 , acc : 0.976 , elapse : 0.21809 min  - Validation   loss : 0.05483 , acc : 0.983 , elapse : 0.04436 min
[ Epoch 89 ]  - Training     loss : 0.06489 , acc : 0.976 , elapse : 0.21861 min  - Validation   loss : 0.05445 , acc : 0.983 , elapse : 0.04449 min    - [Info] The checkpoint file has been updated.
[ Epoch 90 ]  - Training     loss : 0.06502 , acc : 0.975 , elapse : 0.21800 min  - Validation   loss : 0.05471 , acc : 0.983 , elapse : 0.04427 min
[ Epoch 91 ]  - Training     loss : 0.06426 , acc : 0.976 , elapse : 0.21799 min  - Validation   loss : 0.05437 , acc : 0.983 , elapse : 0.04441 min    - [Info] The checkpoint file has been updated.
[ Epoch 92 ]  - Training     loss : 0.06364 , acc : 0.976 , elapse : 0.21784 min  - Validation   loss : 0.05429 , acc : 0.983 , elapse : 0.04431 min    - [Info] The checkpoint file has been updated.
[ Epoch 93 ]  - Training     loss : 0.06476 , acc : 0.976 , elapse : 0.21834 min  - Validation   loss : 0.05409 , acc : 0.983 , elapse : 0.04427 min    - [Info] The checkpoint file has been updated.
[ Epoch 94 ]  - Training     loss : 0.06452 , acc : 0.976 , elapse : 0.21887 min  - Validation   loss : 0.05411 , acc : 0.983 , elapse : 0.04428 min
[ Epoch 95 ]  - Training     loss : 0.06375 , acc : 0.976 , elapse : 0.21795 min  - Validation   loss : 0.05411 , acc : 0.983 , elapse : 0.04439 min
[ Epoch 96 ]  - Training     loss : 0.06506 , acc : 0.976 , elapse : 0.21792 min  - Validation   loss : 0.05411 , acc : 0.983 , elapse : 0.04430 min
[ Epoch 97 ]  - Training     loss : 0.06422 , acc : 0.975 , elapse : 0.21788 min  - Validation   loss : 0.05411 , acc : 0.983 , elapse : 0.04432 min
[ Epoch 98 ]  - Training     loss : 0.06524 , acc : 0.975 , elapse : 0.21797 min  - Validation   loss : 0.05492 , acc : 0.983 , elapse : 0.04421 min
[ Epoch 99 ]  - Training     loss : 0.06597 , acc : 0.975 , elapse : 0.21744 min  - Validation   loss : 0.05526 , acc : 0.983 , elapse : 0.04406 min
Finish training ~ v ~
min losses: [0.04962659440934658, 0.05357569083571434, 0.05455682601314038, 0.05657940328819677, 0.054091742844320834] mean losses: 0.05368605147814378
max accs: [0.9844591864224137, 0.980914938038793, 0.9828680630387931, 0.9821524784482761, 0.9833984375] mean accs: 0.9827586206896551
Empty DataFrame
Columns: [pred, label]
Index: []
