Shell for /hpcfs/juno/junogpu/xuhangkun/SoftWare/VsCode/.local/share/virtualenvs/tianchi_channel_1-2IKVIXD7 already activated.
No action taken to avoid nested environments.
If the cuda is avaliable ?
True
Start getting data...
Finish getting data ~ v ~
[Info] Training performance will be written to file: ./user_data/model_data/TextRCNN/TextRCNN_train.csv
Namespace(batch_size=128, bert_path='/hpcfs/juno/junogpu/xuhangkun/ML/MyselfProject/Test/tianchi_channel_1/user_data/bert', dropout=0.3, eda_alpha=0.0, epoch=100, fold_index=-1, fold_k=5, frazing_bert_encode=False, hidden_size=256, input='./tcdata/train.csv', label_smoothing=0.0, lr=0.0005, lstm_dropout=0.1, lstm_layer=2, max_len=100, model='TextRCNN', n_aug=0.0, nclass=29, nemb=100, no_word2vec_pretrain=True, ntokens=859, output_dir='./user_data/model_data/TextRCNN', pad_token=858, save_mode='best', save_per_epoch=5, save_start_epoch=5, seed=None, stop_early=False, tokenizer_path='/hpcfs/juno/junogpu/xuhangkun/ML/MyselfProject/Test/tianchi_channel_1/user_data/bert', word2vec_path='/hpcfs/juno/junogpu/xuhangkun/ML/MyselfProject/Test/tianchi_channel_1/user_data/word_pretrain/word2vector.model')
~~~~~~~~~~~~~~~~~~~~~~~~~~~~~
0th fold (total : 5)
Create model...
TextRCNNModel(
  (embed): Embedding(859, 100, padding_idx=858)
  (emb_dropout_layer): Dropout(p=0.3, inplace=False)
  (lstm): LSTM(100, 256, num_layers=2, batch_first=True, dropout=0.1, bidirectional=True)
  (W2): Linear(in_features=612, out_features=512, bias=True)
  (final_dropout_layer): Dropout(p=0.3, inplace=False)
  (fc): Linear(in_features=512, out_features=29, bias=True)
  (sigmoid): Sigmoid()
)
Start training...
[ Epoch 0 ]  - Training     loss : 0.24997 , acc : 0.920 , elapse : 0.26956 min  - Validation   loss : 0.19705 , acc : 0.935 , elapse : 0.04689 min    - [Info] The checkpoint file has been updated.
[ Epoch 1 ]  - Training     loss : 0.17947 , acc : 0.941 , elapse : 0.26984 min  - Validation   loss : 0.15914 , acc : 0.950 , elapse : 0.04657 min    - [Info] The checkpoint file has been updated.
[ Epoch 2 ]  - Training     loss : 0.14635 , acc : 0.951 , elapse : 0.26851 min  - Validation   loss : 0.14163 , acc : 0.954 , elapse : 0.04677 min    - [Info] The checkpoint file has been updated.
[ Epoch 3 ]  - Training     loss : 0.12772 , acc : 0.957 , elapse : 0.26902 min  - Validation   loss : 0.11124 , acc : 0.964 , elapse : 0.04682 min    - [Info] The checkpoint file has been updated.
[ Epoch 4 ]  - Training     loss : 0.10610 , acc : 0.963 , elapse : 0.27206 min  - Validation   loss : 0.09880 , acc : 0.969 , elapse : 0.04674 min    - [Info] The checkpoint file has been updated.
[ Epoch 5 ]  - Training     loss : 0.09741 , acc : 0.966 , elapse : 0.26858 min  - Validation   loss : 0.09553 , acc : 0.970 , elapse : 0.04671 min    - [Info] The checkpoint file has been updated.
[ Epoch 6 ]  - Training     loss : 0.09336 , acc : 0.968 , elapse : 0.26897 min  - Validation   loss : 0.08346 , acc : 0.973 , elapse : 0.04683 min    - [Info] The checkpoint file has been updated.
[ Epoch 7 ]  - Training     loss : 0.08108 , acc : 0.971 , elapse : 0.27292 min  - Validation   loss : 0.07496 , acc : 0.976 , elapse : 0.04659 min    - [Info] The checkpoint file has been updated.
[ Epoch 8 ]  - Training     loss : 0.07319 , acc : 0.974 , elapse : 0.26889 min  - Validation   loss : 0.06953 , acc : 0.977 , elapse : 0.04679 min    - [Info] The checkpoint file has been updated.
[ Epoch 9 ]  - Training     loss : 0.06816 , acc : 0.975 , elapse : 0.26941 min  - Validation   loss : 0.06535 , acc : 0.979 , elapse : 0.04703 min    - [Info] The checkpoint file has been updated.
[ Epoch 10 ]  - Training     loss : 0.06430 , acc : 0.976 , elapse : 0.27237 min  - Validation   loss : 0.06415 , acc : 0.979 , elapse : 0.04676 min    - [Info] The checkpoint file has been updated.
[ Epoch 11 ]  - Training     loss : 0.06270 , acc : 0.977 , elapse : 0.27012 min  - Validation   loss : 0.06326 , acc : 0.979 , elapse : 0.04663 min    - [Info] The checkpoint file has been updated.
[ Epoch 12 ]  - Training     loss : 0.06397 , acc : 0.977 , elapse : 0.26911 min  - Validation   loss : 0.06363 , acc : 0.979 , elapse : 0.04693 min
[ Epoch 13 ]  - Training     loss : 0.06033 , acc : 0.978 , elapse : 0.27317 min  - Validation   loss : 0.05757 , acc : 0.981 , elapse : 0.04649 min    - [Info] The checkpoint file has been updated.
[ Epoch 14 ]  - Training     loss : 0.05573 , acc : 0.979 , elapse : 0.26850 min  - Validation   loss : 0.05391 , acc : 0.982 , elapse : 0.04670 min    - [Info] The checkpoint file has been updated.
[ Epoch 15 ]  - Training     loss : 0.05231 , acc : 0.980 , elapse : 0.26898 min  - Validation   loss : 0.05129 , acc : 0.983 , elapse : 0.04699 min    - [Info] The checkpoint file has been updated.
[ Epoch 16 ]  - Training     loss : 0.04841 , acc : 0.981 , elapse : 0.27156 min  - Validation   loss : 0.04939 , acc : 0.984 , elapse : 0.04685 min    - [Info] The checkpoint file has been updated.
[ Epoch 17 ]  - Training     loss : 0.04558 , acc : 0.982 , elapse : 0.26862 min  - Validation   loss : 0.04685 , acc : 0.984 , elapse : 0.04671 min    - [Info] The checkpoint file has been updated.
[ Epoch 18 ]  - Training     loss : 0.04281 , acc : 0.983 , elapse : 0.26954 min  - Validation   loss : 0.04578 , acc : 0.985 , elapse : 0.04685 min    - [Info] The checkpoint file has been updated.
[ Epoch 19 ]  - Training     loss : 0.04124 , acc : 0.983 , elapse : 0.27054 min  - Validation   loss : 0.04442 , acc : 0.985 , elapse : 0.04656 min    - [Info] The checkpoint file has been updated.
[ Epoch 20 ]  - Training     loss : 0.03965 , acc : 0.984 , elapse : 0.26909 min  - Validation   loss : 0.04372 , acc : 0.985 , elapse : 0.04674 min
[ Epoch 21 ]  - Training     loss : 0.03835 , acc : 0.984 , elapse : 0.26916 min  - Validation   loss : 0.04295 , acc : 0.986 , elapse : 0.04676 min    - [Info] The checkpoint file has been updated.
[ Epoch 22 ]  - Training     loss : 0.03730 , acc : 0.984 , elapse : 0.27177 min  - Validation   loss : 0.04280 , acc : 0.986 , elapse : 0.04684 min    - [Info] The checkpoint file has been updated.
[ Epoch 23 ]  - Training     loss : 0.03719 , acc : 0.985 , elapse : 0.26889 min  - Validation   loss : 0.04280 , acc : 0.986 , elapse : 0.04671 min    - [Info] The checkpoint file has been updated.
[ Epoch 24 ]  - Training     loss : 0.03867 , acc : 0.984 , elapse : 0.26901 min  - Validation   loss : 0.04802 , acc : 0.984 , elapse : 0.04683 min
[ Epoch 25 ]  - Training     loss : 0.04050 , acc : 0.983 , elapse : 0.27210 min  - Validation   loss : 0.04336 , acc : 0.986 , elapse : 0.04661 min
[ Epoch 26 ]  - Training     loss : 0.03816 , acc : 0.984 , elapse : 0.26921 min  - Validation   loss : 0.04294 , acc : 0.986 , elapse : 0.04661 min
[ Epoch 27 ]  - Training     loss : 0.03578 , acc : 0.985 , elapse : 0.26910 min  - Validation   loss : 0.04144 , acc : 0.986 , elapse : 0.04687 min    - [Info] The checkpoint file has been updated.
[ Epoch 28 ]  - Training     loss : 0.03349 , acc : 0.986 , elapse : 0.27135 min  - Validation   loss : 0.04112 , acc : 0.986 , elapse : 0.04661 min
[ Epoch 29 ]  - Training     loss : 0.03155 , acc : 0.986 , elapse : 0.26871 min  - Validation   loss : 0.03932 , acc : 0.987 , elapse : 0.04674 min    - [Info] The checkpoint file has been updated.
[ Epoch 30 ]  - Training     loss : 0.03026 , acc : 0.987 , elapse : 0.26914 min  - Validation   loss : 0.03758 , acc : 0.987 , elapse : 0.04714 min    - [Info] The checkpoint file has been updated.
[ Epoch 31 ]  - Training     loss : 0.02897 , acc : 0.987 , elapse : 0.27067 min  - Validation   loss : 0.03644 , acc : 0.988 , elapse : 0.04666 min    - [Info] The checkpoint file has been updated.
[ Epoch 32 ]  - Training     loss : 0.02729 , acc : 0.987 , elapse : 0.26897 min  - Validation   loss : 0.03582 , acc : 0.988 , elapse : 0.04665 min    - [Info] The checkpoint file has been updated.
[ Epoch 33 ]  - Training     loss : 0.02591 , acc : 0.988 , elapse : 0.26881 min  - Validation   loss : 0.03572 , acc : 0.988 , elapse : 0.04665 min
[ Epoch 34 ]  - Training     loss : 0.02485 , acc : 0.988 , elapse : 0.27361 min  - Validation   loss : 0.03582 , acc : 0.988 , elapse : 0.04667 min
[ Epoch 35 ]  - Training     loss : 0.02368 , acc : 0.989 , elapse : 0.26882 min  - Validation   loss : 0.03394 , acc : 0.988 , elapse : 0.04670 min    - [Info] The checkpoint file has been updated.
[ Epoch 36 ]  - Training     loss : 0.02265 , acc : 0.989 , elapse : 0.26865 min  - Validation   loss : 0.03403 , acc : 0.989 , elapse : 0.04662 min
[ Epoch 37 ]  - Training     loss : 0.02187 , acc : 0.989 , elapse : 0.27193 min  - Validation   loss : 0.03341 , acc : 0.989 , elapse : 0.04684 min    - [Info] The checkpoint file has been updated.
[ Epoch 38 ]  - Training     loss : 0.02120 , acc : 0.989 , elapse : 0.26918 min  - Validation   loss : 0.03266 , acc : 0.989 , elapse : 0.04661 min
[ Epoch 39 ]  - Training     loss : 0.02034 , acc : 0.990 , elapse : 0.26899 min  - Validation   loss : 0.03232 , acc : 0.989 , elapse : 0.04666 min    - [Info] The checkpoint file has been updated.
[ Epoch 40 ]  - Training     loss : 0.01969 , acc : 0.990 , elapse : 0.27038 min  - Validation   loss : 0.03171 , acc : 0.989 , elapse : 0.04674 min
[ Epoch 41 ]  - Training     loss : 0.01898 , acc : 0.990 , elapse : 0.26915 min  - Validation   loss : 0.03169 , acc : 0.990 , elapse : 0.04659 min    - [Info] The checkpoint file has been updated.
[ Epoch 42 ]  - Training     loss : 0.01873 , acc : 0.990 , elapse : 0.26823 min  - Validation   loss : 0.03129 , acc : 0.990 , elapse : 0.04657 min    - [Info] The checkpoint file has been updated.
[ Epoch 43 ]  - Training     loss : 0.01825 , acc : 0.991 , elapse : 0.27071 min  - Validation   loss : 0.03125 , acc : 0.990 , elapse : 0.04669 min
[ Epoch 44 ]  - Training     loss : 0.01796 , acc : 0.991 , elapse : 0.26878 min  - Validation   loss : 0.03123 , acc : 0.990 , elapse : 0.04664 min
[ Epoch 45 ]  - Training     loss : 0.01779 , acc : 0.991 , elapse : 0.26883 min  - Validation   loss : 0.03121 , acc : 0.990 , elapse : 0.04664 min
[ Epoch 46 ]  - Training     loss : 0.01745 , acc : 0.991 , elapse : 0.27093 min  - Validation   loss : 0.03101 , acc : 0.990 , elapse : 0.04662 min    - [Info] The checkpoint file has been updated.
[ Epoch 47 ]  - Training     loss : 0.01748 , acc : 0.991 , elapse : 0.26921 min  - Validation   loss : 0.03096 , acc : 0.990 , elapse : 0.04660 min
[ Epoch 48 ]  - Training     loss : 0.01743 , acc : 0.991 , elapse : 0.26884 min  - Validation   loss : 0.03094 , acc : 0.990 , elapse : 0.04670 min
[ Epoch 49 ]  - Training     loss : 0.01962 , acc : 0.990 , elapse : 0.27132 min  - Validation   loss : 0.03499 , acc : 0.989 , elapse : 0.04657 min
[ Epoch 50 ]  - Training     loss : 0.02035 , acc : 0.990 , elapse : 0.26917 min  - Validation   loss : 0.03306 , acc : 0.989 , elapse : 0.04669 min
[ Epoch 51 ]  - Training     loss : 0.01952 , acc : 0.990 , elapse : 0.26885 min  - Validation   loss : 0.03442 , acc : 0.989 , elapse : 0.04699 min
[ Epoch 52 ]  - Training     loss : 0.01824 , acc : 0.991 , elapse : 0.27014 min  - Validation   loss : 0.03333 , acc : 0.989 , elapse : 0.04660 min
[ Epoch 53 ]  - Training     loss : 0.01773 , acc : 0.991 , elapse : 0.26893 min  - Validation   loss : 0.03499 , acc : 0.989 , elapse : 0.04657 min
[ Epoch 54 ]  - Training     loss : 0.01717 , acc : 0.991 , elapse : 0.26982 min  - Validation   loss : 0.03257 , acc : 0.990 , elapse : 0.04697 min
[ Epoch 55 ]  - Training     loss : 0.01616 , acc : 0.991 , elapse : 0.27161 min  - Validation   loss : 0.03169 , acc : 0.990 , elapse : 0.04653 min
[ Epoch 56 ]  - Training     loss : 0.01510 , acc : 0.992 , elapse : 0.26901 min  - Validation   loss : 0.03155 , acc : 0.990 , elapse : 0.04658 min
[ Epoch 57 ]  - Training     loss : 0.01529 , acc : 0.992 , elapse : 0.26908 min  - Validation   loss : 0.03182 , acc : 0.990 , elapse : 0.04678 min
[ Epoch 58 ]  - Training     loss : 0.01433 , acc : 0.992 , elapse : 0.27207 min  - Validation   loss : 0.02993 , acc : 0.990 , elapse : 0.04666 min    - [Info] The checkpoint file has been updated.
[ Epoch 59 ]  - Training     loss : 0.01360 , acc : 0.993 , elapse : 0.26879 min  - Validation   loss : 0.02996 , acc : 0.990 , elapse : 0.04669 min
[ Epoch 60 ]  - Training     loss : 0.01330 , acc : 0.993 , elapse : 0.26961 min  - Validation   loss : 0.03144 , acc : 0.990 , elapse : 0.04674 min
[ Epoch 61 ]  - Training     loss : 0.01244 , acc : 0.993 , elapse : 0.27088 min  - Validation   loss : 0.03064 , acc : 0.991 , elapse : 0.04657 min
[ Epoch 62 ]  - Training     loss : 0.01201 , acc : 0.993 , elapse : 0.26901 min  - Validation   loss : 0.03012 , acc : 0.990 , elapse : 0.04661 min
[ Epoch 63 ]  - Training     loss : 0.01127 , acc : 0.994 , elapse : 0.26939 min  - Validation   loss : 0.03086 , acc : 0.991 , elapse : 0.04682 min
[ Epoch 64 ]  - Training     loss : 0.01094 , acc : 0.994 , elapse : 0.27094 min  - Validation   loss : 0.03086 , acc : 0.991 , elapse : 0.04677 min
[ Epoch 65 ]  - Training     loss : 0.01053 , acc : 0.994 , elapse : 0.26907 min  - Validation   loss : 0.02964 , acc : 0.991 , elapse : 0.04663 min    - [Info] The checkpoint file has been updated.
[ Epoch 66 ]  - Training     loss : 0.00991 , acc : 0.994 , elapse : 0.26949 min  - Validation   loss : 0.02899 , acc : 0.991 , elapse : 0.04671 min    - [Info] The checkpoint file has been updated.
[ Epoch 67 ]  - Training     loss : 0.00969 , acc : 0.994 , elapse : 0.27109 min  - Validation   loss : 0.02939 , acc : 0.991 , elapse : 0.04655 min
[ Epoch 68 ]  - Training     loss : 0.00936 , acc : 0.995 , elapse : 0.26872 min  - Validation   loss : 0.03092 , acc : 0.991 , elapse : 0.04650 min
[ Epoch 69 ]  - Training     loss : 0.00906 , acc : 0.995 , elapse : 0.26804 min  - Validation   loss : 0.03021 , acc : 0.991 , elapse : 0.04688 min
[ Epoch 70 ]  - Training     loss : 0.00825 , acc : 0.995 , elapse : 0.27033 min  - Validation   loss : 0.03036 , acc : 0.991 , elapse : 0.04675 min
[ Epoch 71 ]  - Training     loss : 0.00807 , acc : 0.995 , elapse : 0.26902 min  - Validation   loss : 0.03000 , acc : 0.991 , elapse : 0.04671 min
[ Epoch 72 ]  - Training     loss : 0.00786 , acc : 0.995 , elapse : 0.26940 min  - Validation   loss : 0.02980 , acc : 0.991 , elapse : 0.04685 min
[ Epoch 73 ]  - Training     loss : 0.00747 , acc : 0.996 , elapse : 0.27095 min  - Validation   loss : 0.02882 , acc : 0.991 , elapse : 0.04670 min
[ Epoch 74 ]  - Training     loss : 0.00743 , acc : 0.996 , elapse : 0.26915 min  - Validation   loss : 0.02983 , acc : 0.991 , elapse : 0.04654 min
[ Epoch 75 ]  - Training     loss : 0.00699 , acc : 0.996 , elapse : 0.26909 min  - Validation   loss : 0.02950 , acc : 0.991 , elapse : 0.04663 min
[ Epoch 76 ]  - Training     loss : 0.00659 , acc : 0.996 , elapse : 0.26990 min  - Validation   loss : 0.02972 , acc : 0.991 , elapse : 0.04666 min
[ Epoch 77 ]  - Training     loss : 0.00661 , acc : 0.996 , elapse : 0.26910 min  - Validation   loss : 0.02937 , acc : 0.991 , elapse : 0.04671 min
[ Epoch 78 ]  - Training     loss : 0.00639 , acc : 0.996 , elapse : 0.26924 min  - Validation   loss : 0.02937 , acc : 0.991 , elapse : 0.04681 min
[ Epoch 79 ]  - Training     loss : 0.00623 , acc : 0.996 , elapse : 0.27139 min  - Validation   loss : 0.02960 , acc : 0.992 , elapse : 0.04665 min
[ Epoch 80 ]  - Training     loss : 0.00616 , acc : 0.996 , elapse : 0.26926 min  - Validation   loss : 0.02992 , acc : 0.991 , elapse : 0.04657 min
[ Epoch 81 ]  - Training     loss : 0.00585 , acc : 0.996 , elapse : 0.26938 min  - Validation   loss : 0.02939 , acc : 0.992 , elapse : 0.04677 min
[ Epoch 82 ]  - Training     loss : 0.00571 , acc : 0.997 , elapse : 0.27269 min  - Validation   loss : 0.02950 , acc : 0.992 , elapse : 0.04636 min
[ Epoch 83 ]  - Training     loss : 0.00555 , acc : 0.997 , elapse : 0.26861 min  - Validation   loss : 0.02899 , acc : 0.992 , elapse : 0.04647 min
[ Epoch 84 ]  - Training     loss : 0.00550 , acc : 0.997 , elapse : 0.26943 min  - Validation   loss : 0.02954 , acc : 0.992 , elapse : 0.04645 min
[ Epoch 85 ]  - Training     loss : 0.00541 , acc : 0.997 , elapse : 0.27106 min  - Validation   loss : 0.02866 , acc : 0.992 , elapse : 0.04641 min
[ Epoch 86 ]  - Training     loss : 0.00523 , acc : 0.997 , elapse : 0.26997 min  - Validation   loss : 0.02949 , acc : 0.992 , elapse : 0.04667 min
[ Epoch 87 ]  - Training     loss : 0.00518 , acc : 0.997 , elapse : 0.27086 min  - Validation   loss : 0.03007 , acc : 0.992 , elapse : 0.04669 min
[ Epoch 88 ]  - Training     loss : 0.00511 , acc : 0.997 , elapse : 0.27658 min  - Validation   loss : 0.02911 , acc : 0.992 , elapse : 0.04656 min
[ Epoch 89 ]  - Training     loss : 0.00493 , acc : 0.997 , elapse : 0.27029 min  - Validation   loss : 0.02946 , acc : 0.992 , elapse : 0.04644 min
[ Epoch 90 ]  - Training     loss : 0.00506 , acc : 0.997 , elapse : 0.27033 min  - Validation   loss : 0.02948 , acc : 0.992 , elapse : 0.04645 min
[ Epoch 91 ]  - Training     loss : 0.00495 , acc : 0.997 , elapse : 0.27172 min  - Validation   loss : 0.02954 , acc : 0.992 , elapse : 0.04637 min
[ Epoch 92 ]  - Training     loss : 0.00494 , acc : 0.997 , elapse : 0.27012 min  - Validation   loss : 0.02954 , acc : 0.992 , elapse : 0.04636 min
[ Epoch 93 ]  - Training     loss : 0.00494 , acc : 0.997 , elapse : 0.27002 min  - Validation   loss : 0.02949 , acc : 0.992 , elapse : 0.04682 min
[ Epoch 94 ]  - Training     loss : 0.00490 , acc : 0.997 , elapse : 0.27238 min  - Validation   loss : 0.02966 , acc : 0.992 , elapse : 0.04632 min
[ Epoch 95 ]  - Training     loss : 0.00473 , acc : 0.997 , elapse : 0.26960 min  - Validation   loss : 0.02956 , acc : 0.992 , elapse : 0.04624 min
[ Epoch 96 ]  - Training     loss : 0.00470 , acc : 0.997 , elapse : 0.27017 min  - Validation   loss : 0.02962 , acc : 0.992 , elapse : 0.04671 min
[ Epoch 97 ]  - Training     loss : 0.00485 , acc : 0.997 , elapse : 0.27312 min  - Validation   loss : 0.02962 , acc : 0.992 , elapse : 0.04650 min
[ Epoch 98 ]  - Training     loss : 0.00612 , acc : 0.996 , elapse : 0.27015 min  - Validation   loss : 0.03113 , acc : 0.991 , elapse : 0.04638 min
[ Epoch 99 ]  - Training     loss : 0.00695 , acc : 0.996 , elapse : 0.26982 min  - Validation   loss : 0.03104 , acc : 0.991 , elapse : 0.04659 min
Finish training ~ v ~
~~~~~~~~~~~~~~~~~~~~~~~~~~~~~
1th fold (total : 5)
Create model...
Start training...
[ Epoch 0 ]  - Training     loss : 0.24893 , acc : 0.923 , elapse : 0.27313 min  - Validation   loss : 0.19553 , acc : 0.934 , elapse : 0.04676 min    - [Info] The checkpoint file has been updated.
[ Epoch 1 ]  - Training     loss : 0.18134 , acc : 0.941 , elapse : 0.27054 min  - Validation   loss : 0.15244 , acc : 0.948 , elapse : 0.04667 min    - [Info] The checkpoint file has been updated.
[ Epoch 2 ]  - Training     loss : 0.14315 , acc : 0.952 , elapse : 0.27195 min  - Validation   loss : 0.13427 , acc : 0.953 , elapse : 0.04674 min    - [Info] The checkpoint file has been updated.
[ Epoch 3 ]  - Training     loss : 0.12315 , acc : 0.958 , elapse : 0.27384 min  - Validation   loss : 0.10413 , acc : 0.965 , elapse : 0.04666 min    - [Info] The checkpoint file has been updated.
[ Epoch 4 ]  - Training     loss : 0.10149 , acc : 0.966 , elapse : 0.27023 min  - Validation   loss : 0.09255 , acc : 0.969 , elapse : 0.04689 min    - [Info] The checkpoint file has been updated.
[ Epoch 5 ]  - Training     loss : 0.09322 , acc : 0.968 , elapse : 0.27024 min  - Validation   loss : 0.09012 , acc : 0.970 , elapse : 0.04689 min    - [Info] The checkpoint file has been updated.
[ Epoch 6 ]  - Training     loss : 0.08974 , acc : 0.969 , elapse : 0.27238 min  - Validation   loss : 0.07999 , acc : 0.972 , elapse : 0.04684 min    - [Info] The checkpoint file has been updated.
[ Epoch 7 ]  - Training     loss : 0.07815 , acc : 0.973 , elapse : 0.27026 min  - Validation   loss : 0.07315 , acc : 0.974 , elapse : 0.04681 min    - [Info] The checkpoint file has been updated.
[ Epoch 8 ]  - Training     loss : 0.07069 , acc : 0.975 , elapse : 0.27019 min  - Validation   loss : 0.06722 , acc : 0.976 , elapse : 0.04729 min    - [Info] The checkpoint file has been updated.
[ Epoch 9 ]  - Training     loss : 0.06516 , acc : 0.976 , elapse : 0.27303 min  - Validation   loss : 0.06376 , acc : 0.977 , elapse : 0.04668 min    - [Info] The checkpoint file has been updated.
[ Epoch 10 ]  - Training     loss : 0.06293 , acc : 0.977 , elapse : 0.26959 min  - Validation   loss : 0.06239 , acc : 0.978 , elapse : 0.04671 min    - [Info] The checkpoint file has been updated.
[ Epoch 11 ]  - Training     loss : 0.06097 , acc : 0.978 , elapse : 0.27025 min  - Validation   loss : 0.06217 , acc : 0.978 , elapse : 0.04708 min    - [Info] The checkpoint file has been updated.
[ Epoch 12 ]  - Training     loss : 0.06184 , acc : 0.977 , elapse : 0.27220 min  - Validation   loss : 0.05995 , acc : 0.978 , elapse : 0.04684 min    - [Info] The checkpoint file has been updated.
[ Epoch 13 ]  - Training     loss : 0.05810 , acc : 0.978 , elapse : 0.27043 min  - Validation   loss : 0.05682 , acc : 0.979 , elapse : 0.04694 min    - [Info] The checkpoint file has been updated.
[ Epoch 14 ]  - Training     loss : 0.05445 , acc : 0.980 , elapse : 0.27030 min  - Validation   loss : 0.05417 , acc : 0.981 , elapse : 0.04698 min    - [Info] The checkpoint file has been updated.
[ Epoch 15 ]  - Training     loss : 0.05100 , acc : 0.980 , elapse : 0.27517 min  - Validation   loss : 0.05244 , acc : 0.981 , elapse : 0.04696 min    - [Info] The checkpoint file has been updated.
[ Epoch 16 ]  - Training     loss : 0.04714 , acc : 0.982 , elapse : 0.27017 min  - Validation   loss : 0.04925 , acc : 0.982 , elapse : 0.04689 min    - [Info] The checkpoint file has been updated.
[ Epoch 17 ]  - Training     loss : 0.04473 , acc : 0.982 , elapse : 0.27037 min  - Validation   loss : 0.04762 , acc : 0.983 , elapse : 0.04697 min    - [Info] The checkpoint file has been updated.
[ Epoch 18 ]  - Training     loss : 0.04231 , acc : 0.983 , elapse : 0.27413 min  - Validation   loss : 0.04677 , acc : 0.983 , elapse : 0.04691 min    - [Info] The checkpoint file has been updated.
[ Epoch 19 ]  - Training     loss : 0.04003 , acc : 0.984 , elapse : 0.27035 min  - Validation   loss : 0.04514 , acc : 0.984 , elapse : 0.04697 min    - [Info] The checkpoint file has been updated.
[ Epoch 20 ]  - Training     loss : 0.03849 , acc : 0.984 , elapse : 0.27050 min  - Validation   loss : 0.04415 , acc : 0.984 , elapse : 0.04702 min    - [Info] The checkpoint file has been updated.
[ Epoch 21 ]  - Training     loss : 0.03767 , acc : 0.984 , elapse : 0.27246 min  - Validation   loss : 0.04347 , acc : 0.984 , elapse : 0.04690 min    - [Info] The checkpoint file has been updated.
[ Epoch 22 ]  - Training     loss : 0.03716 , acc : 0.984 , elapse : 0.27015 min  - Validation   loss : 0.04354 , acc : 0.984 , elapse : 0.04682 min
[ Epoch 23 ]  - Training     loss : 0.03644 , acc : 0.985 , elapse : 0.27009 min  - Validation   loss : 0.04316 , acc : 0.984 , elapse : 0.04673 min    - [Info] The checkpoint file has been updated.
[ Epoch 24 ]  - Training     loss : 0.03716 , acc : 0.984 , elapse : 0.27135 min  - Validation   loss : 0.04505 , acc : 0.984 , elapse : 0.04683 min
[ Epoch 25 ]  - Training     loss : 0.03994 , acc : 0.984 , elapse : 0.27038 min  - Validation   loss : 0.04372 , acc : 0.984 , elapse : 0.04697 min
[ Epoch 26 ]  - Training     loss : 0.03686 , acc : 0.984 , elapse : 0.27055 min  - Validation   loss : 0.04198 , acc : 0.984 , elapse : 0.04718 min    - [Info] The checkpoint file has been updated.
[ Epoch 27 ]  - Training     loss : 0.03549 , acc : 0.985 , elapse : 0.27260 min  - Validation   loss : 0.04054 , acc : 0.985 , elapse : 0.04683 min    - [Info] The checkpoint file has been updated.
[ Epoch 28 ]  - Training     loss : 0.03303 , acc : 0.986 , elapse : 0.26979 min  - Validation   loss : 0.04007 , acc : 0.985 , elapse : 0.04691 min    - [Info] The checkpoint file has been updated.
[ Epoch 29 ]  - Training     loss : 0.03248 , acc : 0.986 , elapse : 0.27013 min  - Validation   loss : 0.03893 , acc : 0.986 , elapse : 0.04702 min    - [Info] The checkpoint file has been updated.
[ Epoch 30 ]  - Training     loss : 0.03048 , acc : 0.986 , elapse : 0.27485 min  - Validation   loss : 0.03724 , acc : 0.986 , elapse : 0.04683 min    - [Info] The checkpoint file has been updated.
[ Epoch 31 ]  - Training     loss : 0.02834 , acc : 0.987 , elapse : 0.27012 min  - Validation   loss : 0.03684 , acc : 0.986 , elapse : 0.04680 min    - [Info] The checkpoint file has been updated.
[ Epoch 32 ]  - Training     loss : 0.02765 , acc : 0.987 , elapse : 0.27047 min  - Validation   loss : 0.03576 , acc : 0.987 , elapse : 0.04723 min    - [Info] The checkpoint file has been updated.
[ Epoch 33 ]  - Training     loss : 0.02568 , acc : 0.988 , elapse : 0.27246 min  - Validation   loss : 0.03583 , acc : 0.987 , elapse : 0.04683 min
[ Epoch 34 ]  - Training     loss : 0.02506 , acc : 0.988 , elapse : 0.27025 min  - Validation   loss : 0.03500 , acc : 0.987 , elapse : 0.04695 min    - [Info] The checkpoint file has been updated.
[ Epoch 35 ]  - Training     loss : 0.02374 , acc : 0.989 , elapse : 0.26988 min  - Validation   loss : 0.03440 , acc : 0.988 , elapse : 0.04722 min    - [Info] The checkpoint file has been updated.
[ Epoch 36 ]  - Training     loss : 0.02276 , acc : 0.989 , elapse : 0.27295 min  - Validation   loss : 0.03474 , acc : 0.988 , elapse : 0.04686 min
[ Epoch 37 ]  - Training     loss : 0.02155 , acc : 0.989 , elapse : 0.26977 min  - Validation   loss : 0.03384 , acc : 0.988 , elapse : 0.04674 min    - [Info] The checkpoint file has been updated.
[ Epoch 38 ]  - Training     loss : 0.02139 , acc : 0.989 , elapse : 0.26920 min  - Validation   loss : 0.03328 , acc : 0.988 , elapse : 0.04711 min    - [Info] The checkpoint file has been updated.
[ Epoch 39 ]  - Training     loss : 0.02033 , acc : 0.990 , elapse : 0.27261 min  - Validation   loss : 0.03295 , acc : 0.988 , elapse : 0.04696 min    - [Info] The checkpoint file has been updated.
[ Epoch 40 ]  - Training     loss : 0.01971 , acc : 0.990 , elapse : 0.27068 min  - Validation   loss : 0.03268 , acc : 0.988 , elapse : 0.04683 min    - [Info] The checkpoint file has been updated.
[ Epoch 41 ]  - Training     loss : 0.01918 , acc : 0.990 , elapse : 0.27031 min  - Validation   loss : 0.03195 , acc : 0.988 , elapse : 0.04693 min    - [Info] The checkpoint file has been updated.
[ Epoch 42 ]  - Training     loss : 0.01870 , acc : 0.991 , elapse : 0.27389 min  - Validation   loss : 0.03177 , acc : 0.989 , elapse : 0.04698 min    - [Info] The checkpoint file has been updated.
[ Epoch 43 ]  - Training     loss : 0.01837 , acc : 0.991 , elapse : 0.27007 min  - Validation   loss : 0.03210 , acc : 0.989 , elapse : 0.04684 min
[ Epoch 44 ]  - Training     loss : 0.01800 , acc : 0.991 , elapse : 0.27020 min  - Validation   loss : 0.03209 , acc : 0.988 , elapse : 0.04679 min
[ Epoch 45 ]  - Training     loss : 0.01768 , acc : 0.991 , elapse : 0.27358 min  - Validation   loss : 0.03185 , acc : 0.989 , elapse : 0.04679 min
[ Epoch 46 ]  - Training     loss : 0.01779 , acc : 0.991 , elapse : 0.27045 min  - Validation   loss : 0.03176 , acc : 0.989 , elapse : 0.04690 min    - [Info] The checkpoint file has been updated.
[ Epoch 47 ]  - Training     loss : 0.01741 , acc : 0.991 , elapse : 0.27015 min  - Validation   loss : 0.03173 , acc : 0.989 , elapse : 0.04710 min
[ Epoch 48 ]  - Training     loss : 0.01743 , acc : 0.991 , elapse : 0.27347 min  - Validation   loss : 0.03173 , acc : 0.989 , elapse : 0.04685 min
[ Epoch 49 ]  - Training     loss : 0.02049 , acc : 0.990 , elapse : 0.27003 min  - Validation   loss : 0.03308 , acc : 0.988 , elapse : 0.04694 min
[ Epoch 50 ]  - Training     loss : 0.02059 , acc : 0.990 , elapse : 0.26986 min  - Validation   loss : 0.03349 , acc : 0.988 , elapse : 0.04703 min
[ Epoch 51 ]  - Training     loss : 0.01941 , acc : 0.990 , elapse : 0.27094 min  - Validation   loss : 0.03310 , acc : 0.988 , elapse : 0.04700 min
[ Epoch 52 ]  - Training     loss : 0.01940 , acc : 0.990 , elapse : 0.27005 min  - Validation   loss : 0.03321 , acc : 0.988 , elapse : 0.04698 min
[ Epoch 53 ]  - Training     loss : 0.01850 , acc : 0.990 , elapse : 0.27030 min  - Validation   loss : 0.03148 , acc : 0.989 , elapse : 0.04698 min    - [Info] The checkpoint file has been updated.
[ Epoch 54 ]  - Training     loss : 0.01693 , acc : 0.991 , elapse : 0.27420 min  - Validation   loss : 0.03205 , acc : 0.989 , elapse : 0.04695 min
[ Epoch 55 ]  - Training     loss : 0.01654 , acc : 0.991 , elapse : 0.27042 min  - Validation   loss : 0.03147 , acc : 0.989 , elapse : 0.04688 min    - [Info] The checkpoint file has been updated.
[ Epoch 56 ]  - Training     loss : 0.01580 , acc : 0.992 , elapse : 0.27000 min  - Validation   loss : 0.03174 , acc : 0.989 , elapse : 0.04717 min
[ Epoch 57 ]  - Training     loss : 0.01537 , acc : 0.992 , elapse : 0.27275 min  - Validation   loss : 0.03077 , acc : 0.990 , elapse : 0.04690 min    - [Info] The checkpoint file has been updated.
[ Epoch 58 ]  - Training     loss : 0.01435 , acc : 0.992 , elapse : 0.27043 min  - Validation   loss : 0.03149 , acc : 0.989 , elapse : 0.04677 min
[ Epoch 59 ]  - Training     loss : 0.01381 , acc : 0.992 , elapse : 0.27052 min  - Validation   loss : 0.02927 , acc : 0.990 , elapse : 0.04700 min    - [Info] The checkpoint file has been updated.
[ Epoch 60 ]  - Training     loss : 0.01351 , acc : 0.993 , elapse : 0.27329 min  - Validation   loss : 0.03113 , acc : 0.990 , elapse : 0.04685 min
[ Epoch 61 ]  - Training     loss : 0.01252 , acc : 0.993 , elapse : 0.27001 min  - Validation   loss : 0.02986 , acc : 0.990 , elapse : 0.04695 min
[ Epoch 62 ]  - Training     loss : 0.01180 , acc : 0.993 , elapse : 0.27033 min  - Validation   loss : 0.03064 , acc : 0.990 , elapse : 0.04697 min
[ Epoch 63 ]  - Training     loss : 0.01151 , acc : 0.993 , elapse : 0.27424 min  - Validation   loss : 0.02894 , acc : 0.990 , elapse : 0.04676 min    - [Info] The checkpoint file has been updated.
[ Epoch 64 ]  - Training     loss : 0.01095 , acc : 0.994 , elapse : 0.26926 min  - Validation   loss : 0.02936 , acc : 0.990 , elapse : 0.04663 min
[ Epoch 65 ]  - Training     loss : 0.01073 , acc : 0.994 , elapse : 0.27011 min  - Validation   loss : 0.02951 , acc : 0.991 , elapse : 0.04715 min
[ Epoch 66 ]  - Training     loss : 0.01021 , acc : 0.994 , elapse : 0.27236 min  - Validation   loss : 0.02880 , acc : 0.991 , elapse : 0.04683 min    - [Info] The checkpoint file has been updated.
[ Epoch 67 ]  - Training     loss : 0.00963 , acc : 0.994 , elapse : 0.26995 min  - Validation   loss : 0.02895 , acc : 0.991 , elapse : 0.04699 min
[ Epoch 68 ]  - Training     loss : 0.00921 , acc : 0.995 , elapse : 0.27028 min  - Validation   loss : 0.02876 , acc : 0.991 , elapse : 0.04715 min
[ Epoch 69 ]  - Training     loss : 0.00888 , acc : 0.995 , elapse : 0.27517 min  - Validation   loss : 0.02915 , acc : 0.991 , elapse : 0.04690 min
[ Epoch 70 ]  - Training     loss : 0.00873 , acc : 0.995 , elapse : 0.27020 min  - Validation   loss : 0.02887 , acc : 0.991 , elapse : 0.04691 min
[ Epoch 71 ]  - Training     loss : 0.00833 , acc : 0.995 , elapse : 0.27005 min  - Validation   loss : 0.02896 , acc : 0.991 , elapse : 0.04697 min
[ Epoch 72 ]  - Training     loss : 0.00773 , acc : 0.996 , elapse : 0.27243 min  - Validation   loss : 0.02929 , acc : 0.991 , elapse : 0.04688 min
[ Epoch 73 ]  - Training     loss : 0.00770 , acc : 0.995 , elapse : 0.27049 min  - Validation   loss : 0.02854 , acc : 0.991 , elapse : 0.04675 min    - [Info] The checkpoint file has been updated.
[ Epoch 74 ]  - Training     loss : 0.00740 , acc : 0.996 , elapse : 0.27019 min  - Validation   loss : 0.02907 , acc : 0.991 , elapse : 0.04690 min
[ Epoch 75 ]  - Training     loss : 0.00695 , acc : 0.996 , elapse : 0.27233 min  - Validation   loss : 0.02816 , acc : 0.991 , elapse : 0.04678 min    - [Info] The checkpoint file has been updated.
[ Epoch 76 ]  - Training     loss : 0.00686 , acc : 0.996 , elapse : 0.27003 min  - Validation   loss : 0.02892 , acc : 0.991 , elapse : 0.04679 min
[ Epoch 77 ]  - Training     loss : 0.00657 , acc : 0.996 , elapse : 0.26970 min  - Validation   loss : 0.02947 , acc : 0.991 , elapse : 0.04689 min
[ Epoch 78 ]  - Training     loss : 0.00647 , acc : 0.996 , elapse : 0.27168 min  - Validation   loss : 0.02832 , acc : 0.991 , elapse : 0.04673 min
[ Epoch 79 ]  - Training     loss : 0.00623 , acc : 0.996 , elapse : 0.27051 min  - Validation   loss : 0.02803 , acc : 0.992 , elapse : 0.04661 min    - [Info] The checkpoint file has been updated.
[ Epoch 80 ]  - Training     loss : 0.00595 , acc : 0.997 , elapse : 0.27053 min  - Validation   loss : 0.02824 , acc : 0.991 , elapse : 0.04710 min
[ Epoch 81 ]  - Training     loss : 0.00589 , acc : 0.997 , elapse : 0.27310 min  - Validation   loss : 0.02813 , acc : 0.992 , elapse : 0.04663 min
[ Epoch 82 ]  - Training     loss : 0.00568 , acc : 0.997 , elapse : 0.27071 min  - Validation   loss : 0.02774 , acc : 0.992 , elapse : 0.04661 min    - [Info] The checkpoint file has been updated.
[ Epoch 83 ]  - Training     loss : 0.00560 , acc : 0.997 , elapse : 0.27055 min  - Validation   loss : 0.02761 , acc : 0.992 , elapse : 0.04667 min    - [Info] The checkpoint file has been updated.
[ Epoch 84 ]  - Training     loss : 0.00546 , acc : 0.997 , elapse : 0.27364 min  - Validation   loss : 0.02786 , acc : 0.992 , elapse : 0.04649 min
[ Epoch 85 ]  - Training     loss : 0.00529 , acc : 0.997 , elapse : 0.27070 min  - Validation   loss : 0.02807 , acc : 0.992 , elapse : 0.04646 min
[ Epoch 86 ]  - Training     loss : 0.00527 , acc : 0.997 , elapse : 0.27069 min  - Validation   loss : 0.02775 , acc : 0.992 , elapse : 0.04667 min
[ Epoch 87 ]  - Training     loss : 0.00512 , acc : 0.997 , elapse : 0.27319 min  - Validation   loss : 0.02785 , acc : 0.992 , elapse : 0.04646 min
[ Epoch 88 ]  - Training     loss : 0.00512 , acc : 0.997 , elapse : 0.27096 min  - Validation   loss : 0.02797 , acc : 0.992 , elapse : 0.04647 min
[ Epoch 89 ]  - Training     loss : 0.00488 , acc : 0.997 , elapse : 0.27054 min  - Validation   loss : 0.02783 , acc : 0.992 , elapse : 0.04671 min
[ Epoch 90 ]  - Training     loss : 0.00511 , acc : 0.997 , elapse : 0.27401 min  - Validation   loss : 0.02779 , acc : 0.992 , elapse : 0.04654 min
[ Epoch 91 ]  - Training     loss : 0.00483 , acc : 0.997 , elapse : 0.27035 min  - Validation   loss : 0.02801 , acc : 0.992 , elapse : 0.04652 min
[ Epoch 92 ]  - Training     loss : 0.00482 , acc : 0.997 , elapse : 0.26991 min  - Validation   loss : 0.02796 , acc : 0.992 , elapse : 0.04653 min
[ Epoch 93 ]  - Training     loss : 0.00482 , acc : 0.997 , elapse : 0.27233 min  - Validation   loss : 0.02790 , acc : 0.992 , elapse : 0.04659 min
[ Epoch 94 ]  - Training     loss : 0.00478 , acc : 0.997 , elapse : 0.27040 min  - Validation   loss : 0.02800 , acc : 0.992 , elapse : 0.04664 min
[ Epoch 95 ]  - Training     loss : 0.00476 , acc : 0.997 , elapse : 0.27066 min  - Validation   loss : 0.02793 , acc : 0.992 , elapse : 0.04711 min
[ Epoch 96 ]  - Training     loss : 0.00472 , acc : 0.997 , elapse : 0.27226 min  - Validation   loss : 0.02792 , acc : 0.992 , elapse : 0.04704 min
[ Epoch 97 ]  - Training     loss : 0.00479 , acc : 0.997 , elapse : 0.27063 min  - Validation   loss : 0.02794 , acc : 0.992 , elapse : 0.04675 min
[ Epoch 98 ]  - Training     loss : 0.00585 , acc : 0.996 , elapse : 0.27012 min  - Validation   loss : 0.03131 , acc : 0.991 , elapse : 0.04719 min
[ Epoch 99 ]  - Training     loss : 0.00698 , acc : 0.996 , elapse : 0.27345 min  - Validation   loss : 0.02871 , acc : 0.991 , elapse : 0.04681 min
Finish training ~ v ~
~~~~~~~~~~~~~~~~~~~~~~~~~~~~~
2th fold (total : 5)
Create model...
Start training...
[ Epoch 0 ]  - Training     loss : 0.25154 , acc : 0.922 , elapse : 0.27104 min  - Validation   loss : 0.20577 , acc : 0.931 , elapse : 0.04680 min    - [Info] The checkpoint file has been updated.
[ Epoch 1 ]  - Training     loss : 0.18830 , acc : 0.939 , elapse : 0.26997 min  - Validation   loss : 0.16053 , acc : 0.948 , elapse : 0.04693 min    - [Info] The checkpoint file has been updated.
[ Epoch 2 ]  - Training     loss : 0.14736 , acc : 0.951 , elapse : 0.27285 min  - Validation   loss : 0.13871 , acc : 0.955 , elapse : 0.04695 min    - [Info] The checkpoint file has been updated.
[ Epoch 3 ]  - Training     loss : 0.12633 , acc : 0.959 , elapse : 0.27012 min  - Validation   loss : 0.10626 , acc : 0.966 , elapse : 0.04690 min    - [Info] The checkpoint file has been updated.
[ Epoch 4 ]  - Training     loss : 0.10186 , acc : 0.966 , elapse : 0.27513 min  - Validation   loss : 0.09358 , acc : 0.970 , elapse : 0.04707 min    - [Info] The checkpoint file has been updated.
[ Epoch 5 ]  - Training     loss : 0.09398 , acc : 0.969 , elapse : 0.27278 min  - Validation   loss : 0.09054 , acc : 0.971 , elapse : 0.04697 min    - [Info] The checkpoint file has been updated.
[ Epoch 6 ]  - Training     loss : 0.09045 , acc : 0.970 , elapse : 0.26957 min  - Validation   loss : 0.08073 , acc : 0.974 , elapse : 0.04678 min    - [Info] The checkpoint file has been updated.
[ Epoch 7 ]  - Training     loss : 0.07865 , acc : 0.974 , elapse : 0.26954 min  - Validation   loss : 0.07286 , acc : 0.977 , elapse : 0.04708 min    - [Info] The checkpoint file has been updated.
[ Epoch 8 ]  - Training     loss : 0.07178 , acc : 0.976 , elapse : 0.27268 min  - Validation   loss : 0.06896 , acc : 0.977 , elapse : 0.04679 min    - [Info] The checkpoint file has been updated.
[ Epoch 9 ]  - Training     loss : 0.06657 , acc : 0.977 , elapse : 0.26998 min  - Validation   loss : 0.06520 , acc : 0.979 , elapse : 0.04685 min    - [Info] The checkpoint file has been updated.
[ Epoch 10 ]  - Training     loss : 0.06316 , acc : 0.978 , elapse : 0.26994 min  - Validation   loss : 0.06315 , acc : 0.979 , elapse : 0.04714 min    - [Info] The checkpoint file has been updated.
[ Epoch 11 ]  - Training     loss : 0.06156 , acc : 0.978 , elapse : 0.27087 min  - Validation   loss : 0.06285 , acc : 0.979 , elapse : 0.04704 min
[ Epoch 12 ]  - Training     loss : 0.06250 , acc : 0.978 , elapse : 0.27014 min  - Validation   loss : 0.06296 , acc : 0.979 , elapse : 0.04699 min
[ Epoch 13 ]  - Training     loss : 0.05964 , acc : 0.979 , elapse : 0.27011 min  - Validation   loss : 0.05830 , acc : 0.981 , elapse : 0.04729 min    - [Info] The checkpoint file has been updated.
[ Epoch 14 ]  - Training     loss : 0.05511 , acc : 0.980 , elapse : 0.27337 min  - Validation   loss : 0.05591 , acc : 0.981 , elapse : 0.04683 min    - [Info] The checkpoint file has been updated.
[ Epoch 15 ]  - Training     loss : 0.05117 , acc : 0.981 , elapse : 0.27010 min  - Validation   loss : 0.05234 , acc : 0.983 , elapse : 0.04695 min    - [Info] The checkpoint file has been updated.
[ Epoch 16 ]  - Training     loss : 0.04813 , acc : 0.982 , elapse : 0.27000 min  - Validation   loss : 0.05057 , acc : 0.983 , elapse : 0.04698 min    - [Info] The checkpoint file has been updated.
[ Epoch 17 ]  - Training     loss : 0.04502 , acc : 0.983 , elapse : 0.27461 min  - Validation   loss : 0.04943 , acc : 0.984 , elapse : 0.04685 min    - [Info] The checkpoint file has been updated.
[ Epoch 18 ]  - Training     loss : 0.04227 , acc : 0.983 , elapse : 0.27001 min  - Validation   loss : 0.04811 , acc : 0.984 , elapse : 0.04689 min    - [Info] The checkpoint file has been updated.
[ Epoch 19 ]  - Training     loss : 0.04100 , acc : 0.984 , elapse : 0.27030 min  - Validation   loss : 0.04750 , acc : 0.984 , elapse : 0.04717 min    - [Info] The checkpoint file has been updated.
[ Epoch 20 ]  - Training     loss : 0.03910 , acc : 0.984 , elapse : 0.27082 min  - Validation   loss : 0.04604 , acc : 0.985 , elapse : 0.04682 min    - [Info] The checkpoint file has been updated.
[ Epoch 21 ]  - Training     loss : 0.03800 , acc : 0.985 , elapse : 0.26953 min  - Validation   loss : 0.04582 , acc : 0.985 , elapse : 0.04677 min
[ Epoch 22 ]  - Training     loss : 0.03700 , acc : 0.985 , elapse : 0.26995 min  - Validation   loss : 0.04580 , acc : 0.985 , elapse : 0.04710 min
[ Epoch 23 ]  - Training     loss : 0.03694 , acc : 0.985 , elapse : 0.27209 min  - Validation   loss : 0.04543 , acc : 0.985 , elapse : 0.04685 min
[ Epoch 24 ]  - Training     loss : 0.03779 , acc : 0.985 , elapse : 0.27016 min  - Validation   loss : 0.04734 , acc : 0.984 , elapse : 0.04688 min
[ Epoch 25 ]  - Training     loss : 0.03973 , acc : 0.984 , elapse : 0.27013 min  - Validation   loss : 0.04587 , acc : 0.985 , elapse : 0.04702 min
[ Epoch 26 ]  - Training     loss : 0.03713 , acc : 0.985 , elapse : 0.27325 min  - Validation   loss : 0.04382 , acc : 0.985 , elapse : 0.04698 min    - [Info] The checkpoint file has been updated.
[ Epoch 27 ]  - Training     loss : 0.03462 , acc : 0.985 , elapse : 0.27006 min  - Validation   loss : 0.04427 , acc : 0.985 , elapse : 0.04689 min
[ Epoch 28 ]  - Training     loss : 0.03351 , acc : 0.986 , elapse : 0.26970 min  - Validation   loss : 0.04203 , acc : 0.986 , elapse : 0.04702 min    - [Info] The checkpoint file has been updated.
[ Epoch 29 ]  - Training     loss : 0.03160 , acc : 0.986 , elapse : 0.27381 min  - Validation   loss : 0.04229 , acc : 0.986 , elapse : 0.04680 min
[ Epoch 30 ]  - Training     loss : 0.02949 , acc : 0.987 , elapse : 0.27031 min  - Validation   loss : 0.04207 , acc : 0.986 , elapse : 0.04695 min
[ Epoch 31 ]  - Training     loss : 0.02770 , acc : 0.988 , elapse : 0.27019 min  - Validation   loss : 0.04026 , acc : 0.987 , elapse : 0.04702 min    - [Info] The checkpoint file has been updated.
[ Epoch 32 ]  - Training     loss : 0.02663 , acc : 0.988 , elapse : 0.27173 min  - Validation   loss : 0.04021 , acc : 0.987 , elapse : 0.04666 min
[ Epoch 33 ]  - Training     loss : 0.02508 , acc : 0.988 , elapse : 0.26916 min  - Validation   loss : 0.03976 , acc : 0.987 , elapse : 0.04676 min    - [Info] The checkpoint file has been updated.
[ Epoch 34 ]  - Training     loss : 0.02416 , acc : 0.989 , elapse : 0.27033 min  - Validation   loss : 0.04009 , acc : 0.987 , elapse : 0.04709 min
[ Epoch 35 ]  - Training     loss : 0.02334 , acc : 0.989 , elapse : 0.27466 min  - Validation   loss : 0.03842 , acc : 0.987 , elapse : 0.04680 min    - [Info] The checkpoint file has been updated.
[ Epoch 36 ]  - Training     loss : 0.02184 , acc : 0.989 , elapse : 0.26987 min  - Validation   loss : 0.03810 , acc : 0.988 , elapse : 0.04685 min    - [Info] The checkpoint file has been updated.
[ Epoch 37 ]  - Training     loss : 0.02113 , acc : 0.990 , elapse : 0.27021 min  - Validation   loss : 0.03706 , acc : 0.988 , elapse : 0.04724 min    - [Info] The checkpoint file has been updated.
[ Epoch 38 ]  - Training     loss : 0.02003 , acc : 0.990 , elapse : 0.27275 min  - Validation   loss : 0.03761 , acc : 0.988 , elapse : 0.04686 min
[ Epoch 39 ]  - Training     loss : 0.01956 , acc : 0.990 , elapse : 0.26943 min  - Validation   loss : 0.03697 , acc : 0.988 , elapse : 0.04680 min    - [Info] The checkpoint file has been updated.
[ Epoch 40 ]  - Training     loss : 0.01898 , acc : 0.990 , elapse : 0.27008 min  - Validation   loss : 0.03667 , acc : 0.988 , elapse : 0.04728 min    - [Info] The checkpoint file has been updated.
[ Epoch 41 ]  - Training     loss : 0.01868 , acc : 0.991 , elapse : 0.27256 min  - Validation   loss : 0.03612 , acc : 0.988 , elapse : 0.04693 min    - [Info] The checkpoint file has been updated.
[ Epoch 42 ]  - Training     loss : 0.01817 , acc : 0.991 , elapse : 0.26962 min  - Validation   loss : 0.03577 , acc : 0.988 , elapse : 0.04687 min    - [Info] The checkpoint file has been updated.
[ Epoch 43 ]  - Training     loss : 0.01759 , acc : 0.991 , elapse : 0.27023 min  - Validation   loss : 0.03606 , acc : 0.988 , elapse : 0.04709 min
[ Epoch 44 ]  - Training     loss : 0.01751 , acc : 0.991 , elapse : 0.27137 min  - Validation   loss : 0.03595 , acc : 0.988 , elapse : 0.04690 min
[ Epoch 45 ]  - Training     loss : 0.01706 , acc : 0.991 , elapse : 0.26981 min  - Validation   loss : 0.03570 , acc : 0.988 , elapse : 0.04686 min
[ Epoch 46 ]  - Training     loss : 0.01705 , acc : 0.991 , elapse : 0.26974 min  - Validation   loss : 0.03581 , acc : 0.988 , elapse : 0.04682 min
[ Epoch 47 ]  - Training     loss : 0.01696 , acc : 0.991 , elapse : 0.27072 min  - Validation   loss : 0.03582 , acc : 0.988 , elapse : 0.04681 min
[ Epoch 48 ]  - Training     loss : 0.01680 , acc : 0.991 , elapse : 0.27013 min  - Validation   loss : 0.03582 , acc : 0.988 , elapse : 0.04693 min
[ Epoch 49 ]  - Training     loss : 0.02003 , acc : 0.990 , elapse : 0.26962 min  - Validation   loss : 0.03869 , acc : 0.988 , elapse : 0.04699 min
[ Epoch 50 ]  - Training     loss : 0.01952 , acc : 0.990 , elapse : 0.27284 min  - Validation   loss : 0.03873 , acc : 0.988 , elapse : 0.04683 min
[ Epoch 51 ]  - Training     loss : 0.01868 , acc : 0.990 , elapse : 0.26978 min  - Validation   loss : 0.03763 , acc : 0.988 , elapse : 0.04693 min
[ Epoch 52 ]  - Training     loss : 0.01805 , acc : 0.991 , elapse : 0.27027 min  - Validation   loss : 0.03711 , acc : 0.988 , elapse : 0.04707 min
[ Epoch 53 ]  - Training     loss : 0.01739 , acc : 0.991 , elapse : 0.27235 min  - Validation   loss : 0.03688 , acc : 0.989 , elapse : 0.04693 min
[ Epoch 54 ]  - Training     loss : 0.01657 , acc : 0.991 , elapse : 0.26988 min  - Validation   loss : 0.03704 , acc : 0.988 , elapse : 0.04687 min
[ Epoch 55 ]  - Training     loss : 0.01539 , acc : 0.992 , elapse : 0.27005 min  - Validation   loss : 0.03590 , acc : 0.989 , elapse : 0.04710 min
[ Epoch 56 ]  - Training     loss : 0.01487 , acc : 0.992 , elapse : 0.27411 min  - Validation   loss : 0.03618 , acc : 0.989 , elapse : 0.04678 min
[ Epoch 57 ]  - Training     loss : 0.01418 , acc : 0.992 , elapse : 0.26974 min  - Validation   loss : 0.03708 , acc : 0.989 , elapse : 0.04695 min
[ Epoch 58 ]  - Training     loss : 0.01338 , acc : 0.993 , elapse : 0.26982 min  - Validation   loss : 0.03730 , acc : 0.989 , elapse : 0.04724 min
[ Epoch 59 ]  - Training     loss : 0.01316 , acc : 0.993 , elapse : 0.27705 min  - Validation   loss : 0.03750 , acc : 0.989 , elapse : 0.04688 min
[ Epoch 60 ]  - Training     loss : 0.01271 , acc : 0.993 , elapse : 0.27007 min  - Validation   loss : 0.03656 , acc : 0.989 , elapse : 0.04696 min
[ Epoch 61 ]  - Training     loss : 0.01216 , acc : 0.993 , elapse : 0.26993 min  - Validation   loss : 0.03597 , acc : 0.990 , elapse : 0.04694 min
[ Epoch 62 ]  - Training     loss : 0.01104 , acc : 0.994 , elapse : 0.27107 min  - Validation   loss : 0.03480 , acc : 0.990 , elapse : 0.04688 min    - [Info] The checkpoint file has been updated.
[ Epoch 63 ]  - Training     loss : 0.01095 , acc : 0.994 , elapse : 0.26993 min  - Validation   loss : 0.03664 , acc : 0.990 , elapse : 0.04677 min
[ Epoch 64 ]  - Training     loss : 0.01032 , acc : 0.994 , elapse : 0.26997 min  - Validation   loss : 0.03563 , acc : 0.990 , elapse : 0.04703 min
[ Epoch 65 ]  - Training     loss : 0.01008 , acc : 0.994 , elapse : 0.27104 min  - Validation   loss : 0.03572 , acc : 0.990 , elapse : 0.04693 min
[ Epoch 66 ]  - Training     loss : 0.00966 , acc : 0.994 , elapse : 0.27026 min  - Validation   loss : 0.03475 , acc : 0.990 , elapse : 0.04698 min    - [Info] The checkpoint file has been updated.
[ Epoch 67 ]  - Training     loss : 0.00926 , acc : 0.995 , elapse : 0.27003 min  - Validation   loss : 0.03474 , acc : 0.990 , elapse : 0.04716 min    - [Info] The checkpoint file has been updated.
[ Epoch 68 ]  - Training     loss : 0.00878 , acc : 0.995 , elapse : 0.27152 min  - Validation   loss : 0.03520 , acc : 0.990 , elapse : 0.04686 min
[ Epoch 69 ]  - Training     loss : 0.00828 , acc : 0.995 , elapse : 0.27004 min  - Validation   loss : 0.03448 , acc : 0.990 , elapse : 0.04693 min    - [Info] The checkpoint file has been updated.
[ Epoch 70 ]  - Training     loss : 0.00808 , acc : 0.995 , elapse : 0.27020 min  - Validation   loss : 0.03439 , acc : 0.990 , elapse : 0.04720 min    - [Info] The checkpoint file has been updated.
[ Epoch 71 ]  - Training     loss : 0.00765 , acc : 0.996 , elapse : 0.27151 min  - Validation   loss : 0.03496 , acc : 0.990 , elapse : 0.04683 min
[ Epoch 72 ]  - Training     loss : 0.00772 , acc : 0.996 , elapse : 0.27019 min  - Validation   loss : 0.03511 , acc : 0.990 , elapse : 0.04684 min
[ Epoch 73 ]  - Training     loss : 0.00725 , acc : 0.996 , elapse : 0.27018 min  - Validation   loss : 0.03453 , acc : 0.991 , elapse : 0.04706 min
[ Epoch 74 ]  - Training     loss : 0.00683 , acc : 0.996 , elapse : 0.27350 min  - Validation   loss : 0.03405 , acc : 0.991 , elapse : 0.04682 min    - [Info] The checkpoint file has been updated.
[ Epoch 75 ]  - Training     loss : 0.00660 , acc : 0.996 , elapse : 0.27010 min  - Validation   loss : 0.03435 , acc : 0.991 , elapse : 0.04680 min
[ Epoch 76 ]  - Training     loss : 0.00682 , acc : 0.996 , elapse : 0.26950 min  - Validation   loss : 0.03403 , acc : 0.991 , elapse : 0.04683 min    - [Info] The checkpoint file has been updated.
[ Epoch 77 ]  - Training     loss : 0.00606 , acc : 0.996 , elapse : 0.27250 min  - Validation   loss : 0.03518 , acc : 0.991 , elapse : 0.04669 min
[ Epoch 78 ]  - Training     loss : 0.00585 , acc : 0.996 , elapse : 0.27024 min  - Validation   loss : 0.03404 , acc : 0.991 , elapse : 0.04671 min
[ Epoch 79 ]  - Training     loss : 0.00596 , acc : 0.996 , elapse : 0.27024 min  - Validation   loss : 0.03459 , acc : 0.991 , elapse : 0.04702 min
[ Epoch 80 ]  - Training     loss : 0.00565 , acc : 0.997 , elapse : 0.27210 min  - Validation   loss : 0.03456 , acc : 0.991 , elapse : 0.04671 min
[ Epoch 81 ]  - Training     loss : 0.00532 , acc : 0.997 , elapse : 0.27035 min  - Validation   loss : 0.03464 , acc : 0.991 , elapse : 0.04668 min
[ Epoch 82 ]  - Training     loss : 0.00539 , acc : 0.997 , elapse : 0.27047 min  - Validation   loss : 0.03423 , acc : 0.991 , elapse : 0.04694 min
[ Epoch 83 ]  - Training     loss : 0.00510 , acc : 0.997 , elapse : 0.27586 min  - Validation   loss : 0.03441 , acc : 0.991 , elapse : 0.04669 min
[ Epoch 84 ]  - Training     loss : 0.00514 , acc : 0.997 , elapse : 0.27065 min  - Validation   loss : 0.03376 , acc : 0.991 , elapse : 0.04650 min    - [Info] The checkpoint file has been updated.
[ Epoch 85 ]  - Training     loss : 0.00492 , acc : 0.997 , elapse : 0.27056 min  - Validation   loss : 0.03421 , acc : 0.991 , elapse : 0.04681 min
[ Epoch 86 ]  - Training     loss : 0.00480 , acc : 0.997 , elapse : 0.27379 min  - Validation   loss : 0.03402 , acc : 0.991 , elapse : 0.04653 min
[ Epoch 87 ]  - Training     loss : 0.00470 , acc : 0.997 , elapse : 0.27070 min  - Validation   loss : 0.03407 , acc : 0.991 , elapse : 0.04651 min
[ Epoch 88 ]  - Training     loss : 0.00471 , acc : 0.997 , elapse : 0.27044 min  - Validation   loss : 0.03427 , acc : 0.991 , elapse : 0.04656 min
[ Epoch 89 ]  - Training     loss : 0.00468 , acc : 0.997 , elapse : 0.27306 min  - Validation   loss : 0.03422 , acc : 0.991 , elapse : 0.04653 min
[ Epoch 90 ]  - Training     loss : 0.00446 , acc : 0.997 , elapse : 0.27006 min  - Validation   loss : 0.03392 , acc : 0.991 , elapse : 0.04643 min
[ Epoch 91 ]  - Training     loss : 0.00456 , acc : 0.997 , elapse : 0.27009 min  - Validation   loss : 0.03440 , acc : 0.991 , elapse : 0.04661 min
[ Epoch 92 ]  - Training     loss : 0.00445 , acc : 0.997 , elapse : 0.27408 min  - Validation   loss : 0.03432 , acc : 0.991 , elapse : 0.04660 min
[ Epoch 93 ]  - Training     loss : 0.00448 , acc : 0.997 , elapse : 0.27073 min  - Validation   loss : 0.03442 , acc : 0.991 , elapse : 0.04670 min
[ Epoch 94 ]  - Training     loss : 0.00443 , acc : 0.997 , elapse : 0.27070 min  - Validation   loss : 0.03418 , acc : 0.991 , elapse : 0.04679 min
[ Epoch 95 ]  - Training     loss : 0.00445 , acc : 0.997 , elapse : 0.27388 min  - Validation   loss : 0.03423 , acc : 0.991 , elapse : 0.04673 min
[ Epoch 96 ]  - Training     loss : 0.00439 , acc : 0.997 , elapse : 0.27030 min  - Validation   loss : 0.03425 , acc : 0.991 , elapse : 0.04675 min
[ Epoch 97 ]  - Training     loss : 0.00437 , acc : 0.997 , elapse : 0.27041 min  - Validation   loss : 0.03426 , acc : 0.991 , elapse : 0.04682 min
[ Epoch 98 ]  - Training     loss : 0.00535 , acc : 0.997 , elapse : 0.27392 min  - Validation   loss : 0.03674 , acc : 0.990 , elapse : 0.04675 min
[ Epoch 99 ]  - Training     loss : 0.00654 , acc : 0.996 , elapse : 0.27031 min  - Validation   loss : 0.03703 , acc : 0.991 , elapse : 0.04678 min
Finish training ~ v ~
~~~~~~~~~~~~~~~~~~~~~~~~~~~~~
3th fold (total : 5)
Create model...
Start training...
[ Epoch 0 ]  - Training     loss : 0.25139 , acc : 0.919 , elapse : 0.27016 min  - Validation   loss : 0.20540 , acc : 0.932 , elapse : 0.04686 min    - [Info] The checkpoint file has been updated.
[ Epoch 1 ]  - Training     loss : 0.18474 , acc : 0.939 , elapse : 0.27524 min  - Validation   loss : 0.15902 , acc : 0.950 , elapse : 0.04677 min    - [Info] The checkpoint file has been updated.
[ Epoch 2 ]  - Training     loss : 0.14453 , acc : 0.952 , elapse : 0.27027 min  - Validation   loss : 0.14061 , acc : 0.954 , elapse : 0.04685 min    - [Info] The checkpoint file has been updated.
[ Epoch 3 ]  - Training     loss : 0.12506 , acc : 0.958 , elapse : 0.27161 min  - Validation   loss : 0.11305 , acc : 0.963 , elapse : 0.04695 min    - [Info] The checkpoint file has been updated.
[ Epoch 4 ]  - Training     loss : 0.10384 , acc : 0.964 , elapse : 0.27280 min  - Validation   loss : 0.10115 , acc : 0.967 , elapse : 0.04681 min    - [Info] The checkpoint file has been updated.
[ Epoch 5 ]  - Training     loss : 0.09573 , acc : 0.967 , elapse : 0.27029 min  - Validation   loss : 0.09804 , acc : 0.968 , elapse : 0.04687 min    - [Info] The checkpoint file has been updated.
[ Epoch 6 ]  - Training     loss : 0.09176 , acc : 0.968 , elapse : 0.27032 min  - Validation   loss : 0.08698 , acc : 0.972 , elapse : 0.04717 min    - [Info] The checkpoint file has been updated.
[ Epoch 7 ]  - Training     loss : 0.08043 , acc : 0.972 , elapse : 0.27302 min  - Validation   loss : 0.07855 , acc : 0.975 , elapse : 0.04681 min    - [Info] The checkpoint file has been updated.
[ Epoch 8 ]  - Training     loss : 0.07187 , acc : 0.974 , elapse : 0.27011 min  - Validation   loss : 0.07195 , acc : 0.977 , elapse : 0.04685 min    - [Info] The checkpoint file has been updated.
[ Epoch 9 ]  - Training     loss : 0.06649 , acc : 0.976 , elapse : 0.27062 min  - Validation   loss : 0.06797 , acc : 0.978 , elapse : 0.04700 min    - [Info] The checkpoint file has been updated.
[ Epoch 10 ]  - Training     loss : 0.06266 , acc : 0.977 , elapse : 0.27216 min  - Validation   loss : 0.06614 , acc : 0.979 , elapse : 0.04683 min    - [Info] The checkpoint file has been updated.
[ Epoch 11 ]  - Training     loss : 0.06067 , acc : 0.978 , elapse : 0.27019 min  - Validation   loss : 0.06562 , acc : 0.979 , elapse : 0.04688 min    - [Info] The checkpoint file has been updated.
[ Epoch 12 ]  - Training     loss : 0.06270 , acc : 0.977 , elapse : 0.27036 min  - Validation   loss : 0.06392 , acc : 0.979 , elapse : 0.04718 min    - [Info] The checkpoint file has been updated.
[ Epoch 13 ]  - Training     loss : 0.05899 , acc : 0.978 , elapse : 0.27150 min  - Validation   loss : 0.06134 , acc : 0.980 , elapse : 0.04673 min    - [Info] The checkpoint file has been updated.
[ Epoch 14 ]  - Training     loss : 0.05456 , acc : 0.980 , elapse : 0.27020 min  - Validation   loss : 0.05789 , acc : 0.982 , elapse : 0.04682 min    - [Info] The checkpoint file has been updated.
[ Epoch 15 ]  - Training     loss : 0.05126 , acc : 0.981 , elapse : 0.27044 min  - Validation   loss : 0.05552 , acc : 0.982 , elapse : 0.04708 min    - [Info] The checkpoint file has been updated.
[ Epoch 16 ]  - Training     loss : 0.04795 , acc : 0.981 , elapse : 0.27406 min  - Validation   loss : 0.05355 , acc : 0.983 , elapse : 0.04673 min    - [Info] The checkpoint file has been updated.
[ Epoch 17 ]  - Training     loss : 0.04557 , acc : 0.982 , elapse : 0.26951 min  - Validation   loss : 0.05157 , acc : 0.983 , elapse : 0.04672 min    - [Info] The checkpoint file has been updated.
[ Epoch 18 ]  - Training     loss : 0.04335 , acc : 0.983 , elapse : 0.27040 min  - Validation   loss : 0.05093 , acc : 0.984 , elapse : 0.04708 min    - [Info] The checkpoint file has been updated.
[ Epoch 19 ]  - Training     loss : 0.04161 , acc : 0.983 , elapse : 0.27263 min  - Validation   loss : 0.04957 , acc : 0.984 , elapse : 0.04683 min    - [Info] The checkpoint file has been updated.
[ Epoch 20 ]  - Training     loss : 0.03960 , acc : 0.984 , elapse : 0.27022 min  - Validation   loss : 0.04833 , acc : 0.985 , elapse : 0.04677 min    - [Info] The checkpoint file has been updated.
[ Epoch 21 ]  - Training     loss : 0.03843 , acc : 0.984 , elapse : 0.26997 min  - Validation   loss : 0.04785 , acc : 0.985 , elapse : 0.04699 min
[ Epoch 22 ]  - Training     loss : 0.03769 , acc : 0.984 , elapse : 0.27696 min  - Validation   loss : 0.04784 , acc : 0.985 , elapse : 0.04676 min
[ Epoch 23 ]  - Training     loss : 0.03747 , acc : 0.985 , elapse : 0.27002 min  - Validation   loss : 0.04769 , acc : 0.985 , elapse : 0.04686 min
[ Epoch 24 ]  - Training     loss : 0.03840 , acc : 0.984 , elapse : 0.27041 min  - Validation   loss : 0.05001 , acc : 0.984 , elapse : 0.04701 min
[ Epoch 25 ]  - Training     loss : 0.04061 , acc : 0.984 , elapse : 0.27334 min  - Validation   loss : 0.04764 , acc : 0.985 , elapse : 0.04680 min    - [Info] The checkpoint file has been updated.
[ Epoch 26 ]  - Training     loss : 0.03857 , acc : 0.984 , elapse : 0.27028 min  - Validation   loss : 0.04699 , acc : 0.985 , elapse : 0.04680 min    - [Info] The checkpoint file has been updated.
[ Epoch 27 ]  - Training     loss : 0.03611 , acc : 0.985 , elapse : 0.27024 min  - Validation   loss : 0.04600 , acc : 0.985 , elapse : 0.04698 min    - [Info] The checkpoint file has been updated.
[ Epoch 28 ]  - Training     loss : 0.03478 , acc : 0.985 , elapse : 0.27554 min  - Validation   loss : 0.04458 , acc : 0.986 , elapse : 0.04683 min    - [Info] The checkpoint file has been updated.
[ Epoch 29 ]  - Training     loss : 0.03275 , acc : 0.986 , elapse : 0.27021 min  - Validation   loss : 0.04337 , acc : 0.986 , elapse : 0.04689 min
[ Epoch 30 ]  - Training     loss : 0.03086 , acc : 0.987 , elapse : 0.27004 min  - Validation   loss : 0.04343 , acc : 0.986 , elapse : 0.04694 min
[ Epoch 31 ]  - Training     loss : 0.02974 , acc : 0.987 , elapse : 0.27386 min  - Validation   loss : 0.04193 , acc : 0.987 , elapse : 0.04684 min    - [Info] The checkpoint file has been updated.
[ Epoch 32 ]  - Training     loss : 0.02811 , acc : 0.987 , elapse : 0.27045 min  - Validation   loss : 0.04255 , acc : 0.987 , elapse : 0.04684 min
[ Epoch 33 ]  - Training     loss : 0.02699 , acc : 0.988 , elapse : 0.27000 min  - Validation   loss : 0.04062 , acc : 0.988 , elapse : 0.04706 min    - [Info] The checkpoint file has been updated.
[ Epoch 34 ]  - Training     loss : 0.02568 , acc : 0.988 , elapse : 0.27155 min  - Validation   loss : 0.03914 , acc : 0.988 , elapse : 0.04682 min    - [Info] The checkpoint file has been updated.
[ Epoch 35 ]  - Training     loss : 0.02431 , acc : 0.989 , elapse : 0.27013 min  - Validation   loss : 0.03919 , acc : 0.988 , elapse : 0.04676 min
[ Epoch 36 ]  - Training     loss : 0.02325 , acc : 0.989 , elapse : 0.27068 min  - Validation   loss : 0.03844 , acc : 0.988 , elapse : 0.04718 min    - [Info] The checkpoint file has been updated.
[ Epoch 37 ]  - Training     loss : 0.02214 , acc : 0.989 , elapse : 0.27354 min  - Validation   loss : 0.03747 , acc : 0.988 , elapse : 0.04693 min    - [Info] The checkpoint file has been updated.
[ Epoch 38 ]  - Training     loss : 0.02157 , acc : 0.989 , elapse : 0.27008 min  - Validation   loss : 0.03644 , acc : 0.989 , elapse : 0.04681 min    - [Info] The checkpoint file has been updated.
[ Epoch 39 ]  - Training     loss : 0.02078 , acc : 0.990 , elapse : 0.27034 min  - Validation   loss : 0.03638 , acc : 0.988 , elapse : 0.04684 min
[ Epoch 40 ]  - Training     loss : 0.02022 , acc : 0.990 , elapse : 0.27494 min  - Validation   loss : 0.03609 , acc : 0.989 , elapse : 0.04674 min
[ Epoch 41 ]  - Training     loss : 0.01944 , acc : 0.990 , elapse : 0.27063 min  - Validation   loss : 0.03624 , acc : 0.989 , elapse : 0.04679 min
[ Epoch 42 ]  - Training     loss : 0.01934 , acc : 0.990 , elapse : 0.27002 min  - Validation   loss : 0.03592 , acc : 0.989 , elapse : 0.04704 min    - [Info] The checkpoint file has been updated.
[ Epoch 43 ]  - Training     loss : 0.01861 , acc : 0.991 , elapse : 0.27276 min  - Validation   loss : 0.03590 , acc : 0.989 , elapse : 0.04665 min
[ Epoch 44 ]  - Training     loss : 0.01851 , acc : 0.991 , elapse : 0.26964 min  - Validation   loss : 0.03571 , acc : 0.989 , elapse : 0.04674 min
[ Epoch 45 ]  - Training     loss : 0.01802 , acc : 0.991 , elapse : 0.27042 min  - Validation   loss : 0.03574 , acc : 0.989 , elapse : 0.04714 min
[ Epoch 46 ]  - Training     loss : 0.01798 , acc : 0.991 , elapse : 0.27140 min  - Validation   loss : 0.03557 , acc : 0.989 , elapse : 0.04677 min    - [Info] The checkpoint file has been updated.
[ Epoch 47 ]  - Training     loss : 0.01791 , acc : 0.991 , elapse : 0.26970 min  - Validation   loss : 0.03565 , acc : 0.989 , elapse : 0.04674 min
[ Epoch 48 ]  - Training     loss : 0.01758 , acc : 0.991 , elapse : 0.27039 min  - Validation   loss : 0.03561 , acc : 0.989 , elapse : 0.04700 min
[ Epoch 49 ]  - Training     loss : 0.02105 , acc : 0.990 , elapse : 0.27340 min  - Validation   loss : 0.03748 , acc : 0.988 , elapse : 0.04684 min
[ Epoch 50 ]  - Training     loss : 0.02075 , acc : 0.990 , elapse : 0.27055 min  - Validation   loss : 0.03727 , acc : 0.988 , elapse : 0.04677 min
[ Epoch 51 ]  - Training     loss : 0.01951 , acc : 0.990 , elapse : 0.27014 min  - Validation   loss : 0.03865 , acc : 0.988 , elapse : 0.04686 min
[ Epoch 52 ]  - Training     loss : 0.01910 , acc : 0.990 , elapse : 0.27578 min  - Validation   loss : 0.03831 , acc : 0.989 , elapse : 0.04686 min
[ Epoch 53 ]  - Training     loss : 0.01846 , acc : 0.991 , elapse : 0.27015 min  - Validation   loss : 0.03756 , acc : 0.989 , elapse : 0.04681 min
[ Epoch 54 ]  - Training     loss : 0.01730 , acc : 0.991 , elapse : 0.26995 min  - Validation   loss : 0.03515 , acc : 0.989 , elapse : 0.04681 min    - [Info] The checkpoint file has been updated.
[ Epoch 55 ]  - Training     loss : 0.01686 , acc : 0.991 , elapse : 0.27293 min  - Validation   loss : 0.03591 , acc : 0.989 , elapse : 0.04682 min
[ Epoch 56 ]  - Training     loss : 0.01623 , acc : 0.992 , elapse : 0.26976 min  - Validation   loss : 0.03709 , acc : 0.989 , elapse : 0.04668 min
[ Epoch 57 ]  - Training     loss : 0.01552 , acc : 0.992 , elapse : 0.26972 min  - Validation   loss : 0.03520 , acc : 0.990 , elapse : 0.04698 min
[ Epoch 58 ]  - Training     loss : 0.01470 , acc : 0.992 , elapse : 0.27173 min  - Validation   loss : 0.03536 , acc : 0.989 , elapse : 0.04686 min
[ Epoch 59 ]  - Training     loss : 0.01355 , acc : 0.993 , elapse : 0.27041 min  - Validation   loss : 0.03476 , acc : 0.990 , elapse : 0.04684 min    - [Info] The checkpoint file has been updated.
[ Epoch 60 ]  - Training     loss : 0.01335 , acc : 0.993 , elapse : 0.27023 min  - Validation   loss : 0.03361 , acc : 0.990 , elapse : 0.04710 min    - [Info] The checkpoint file has been updated.
[ Epoch 61 ]  - Training     loss : 0.01293 , acc : 0.993 , elapse : 0.27455 min  - Validation   loss : 0.03469 , acc : 0.990 , elapse : 0.04677 min
[ Epoch 62 ]  - Training     loss : 0.01237 , acc : 0.993 , elapse : 0.27034 min  - Validation   loss : 0.03518 , acc : 0.990 , elapse : 0.04687 min
[ Epoch 63 ]  - Training     loss : 0.01204 , acc : 0.993 , elapse : 0.27017 min  - Validation   loss : 0.03384 , acc : 0.990 , elapse : 0.04690 min
[ Epoch 64 ]  - Training     loss : 0.01131 , acc : 0.994 , elapse : 0.27598 min  - Validation   loss : 0.03447 , acc : 0.991 , elapse : 0.04680 min
[ Epoch 65 ]  - Training     loss : 0.01117 , acc : 0.994 , elapse : 0.27015 min  - Validation   loss : 0.03414 , acc : 0.991 , elapse : 0.04683 min
[ Epoch 66 ]  - Training     loss : 0.01046 , acc : 0.994 , elapse : 0.27039 min  - Validation   loss : 0.03430 , acc : 0.991 , elapse : 0.04704 min
[ Epoch 67 ]  - Training     loss : 0.01007 , acc : 0.994 , elapse : 0.27334 min  - Validation   loss : 0.03269 , acc : 0.991 , elapse : 0.04682 min    - [Info] The checkpoint file has been updated.
[ Epoch 68 ]  - Training     loss : 0.00964 , acc : 0.995 , elapse : 0.27029 min  - Validation   loss : 0.03274 , acc : 0.991 , elapse : 0.04676 min
[ Epoch 69 ]  - Training     loss : 0.00934 , acc : 0.995 , elapse : 0.27045 min  - Validation   loss : 0.03273 , acc : 0.991 , elapse : 0.04693 min
[ Epoch 70 ]  - Training     loss : 0.00892 , acc : 0.995 , elapse : 0.27058 min  - Validation   loss : 0.03328 , acc : 0.991 , elapse : 0.04694 min
[ Epoch 71 ]  - Training     loss : 0.00852 , acc : 0.995 , elapse : 0.27081 min  - Validation   loss : 0.03181 , acc : 0.991 , elapse : 0.04671 min    - [Info] The checkpoint file has been updated.
[ Epoch 72 ]  - Training     loss : 0.00827 , acc : 0.995 , elapse : 0.27050 min  - Validation   loss : 0.03351 , acc : 0.991 , elapse : 0.04692 min
[ Epoch 73 ]  - Training     loss : 0.00792 , acc : 0.995 , elapse : 0.27446 min  - Validation   loss : 0.03166 , acc : 0.991 , elapse : 0.04674 min    - [Info] The checkpoint file has been updated.
[ Epoch 74 ]  - Training     loss : 0.00759 , acc : 0.996 , elapse : 0.27053 min  - Validation   loss : 0.03206 , acc : 0.991 , elapse : 0.04660 min
[ Epoch 75 ]  - Training     loss : 0.00731 , acc : 0.996 , elapse : 0.27031 min  - Validation   loss : 0.03257 , acc : 0.991 , elapse : 0.04666 min
[ Epoch 76 ]  - Training     loss : 0.00722 , acc : 0.996 , elapse : 0.27287 min  - Validation   loss : 0.03143 , acc : 0.991 , elapse : 0.04652 min    - [Info] The checkpoint file has been updated.
[ Epoch 77 ]  - Training     loss : 0.00679 , acc : 0.996 , elapse : 0.27069 min  - Validation   loss : 0.03247 , acc : 0.991 , elapse : 0.04649 min
[ Epoch 78 ]  - Training     loss : 0.00639 , acc : 0.996 , elapse : 0.27039 min  - Validation   loss : 0.03280 , acc : 0.992 , elapse : 0.04679 min
[ Epoch 79 ]  - Training     loss : 0.00638 , acc : 0.996 , elapse : 0.27373 min  - Validation   loss : 0.03271 , acc : 0.992 , elapse : 0.04647 min
[ Epoch 80 ]  - Training     loss : 0.00614 , acc : 0.996 , elapse : 0.27066 min  - Validation   loss : 0.03140 , acc : 0.992 , elapse : 0.04658 min    - [Info] The checkpoint file has been updated.
[ Epoch 81 ]  - Training     loss : 0.00597 , acc : 0.996 , elapse : 0.27081 min  - Validation   loss : 0.03168 , acc : 0.992 , elapse : 0.04645 min
[ Epoch 82 ]  - Training     loss : 0.00580 , acc : 0.997 , elapse : 0.27501 min  - Validation   loss : 0.03109 , acc : 0.992 , elapse : 0.04619 min    - [Info] The checkpoint file has been updated.
[ Epoch 83 ]  - Training     loss : 0.00568 , acc : 0.997 , elapse : 0.26997 min  - Validation   loss : 0.03093 , acc : 0.992 , elapse : 0.04652 min
[ Epoch 84 ]  - Training     loss : 0.00559 , acc : 0.997 , elapse : 0.27058 min  - Validation   loss : 0.03114 , acc : 0.992 , elapse : 0.04682 min
[ Epoch 85 ]  - Training     loss : 0.00544 , acc : 0.997 , elapse : 0.27198 min  - Validation   loss : 0.03153 , acc : 0.992 , elapse : 0.04651 min
[ Epoch 86 ]  - Training     loss : 0.00539 , acc : 0.997 , elapse : 0.27039 min  - Validation   loss : 0.03172 , acc : 0.992 , elapse : 0.04663 min
[ Epoch 87 ]  - Training     loss : 0.00528 , acc : 0.997 , elapse : 0.27053 min  - Validation   loss : 0.03170 , acc : 0.992 , elapse : 0.04690 min
[ Epoch 88 ]  - Training     loss : 0.00520 , acc : 0.997 , elapse : 0.27393 min  - Validation   loss : 0.03145 , acc : 0.992 , elapse : 0.04665 min
[ Epoch 89 ]  - Training     loss : 0.00522 , acc : 0.997 , elapse : 0.27034 min  - Validation   loss : 0.03182 , acc : 0.992 , elapse : 0.04655 min
[ Epoch 90 ]  - Training     loss : 0.00510 , acc : 0.997 , elapse : 0.27032 min  - Validation   loss : 0.03197 , acc : 0.992 , elapse : 0.04677 min
[ Epoch 91 ]  - Training     loss : 0.00506 , acc : 0.997 , elapse : 0.27453 min  - Validation   loss : 0.03204 , acc : 0.992 , elapse : 0.04675 min
[ Epoch 92 ]  - Training     loss : 0.00495 , acc : 0.997 , elapse : 0.27037 min  - Validation   loss : 0.03163 , acc : 0.992 , elapse : 0.04680 min
[ Epoch 93 ]  - Training     loss : 0.00495 , acc : 0.997 , elapse : 0.27034 min  - Validation   loss : 0.03167 , acc : 0.992 , elapse : 0.04708 min
[ Epoch 94 ]  - Training     loss : 0.00499 , acc : 0.997 , elapse : 0.27138 min  - Validation   loss : 0.03155 , acc : 0.992 , elapse : 0.04682 min
[ Epoch 95 ]  - Training     loss : 0.00493 , acc : 0.997 , elapse : 0.27033 min  - Validation   loss : 0.03155 , acc : 0.992 , elapse : 0.04674 min
[ Epoch 96 ]  - Training     loss : 0.00490 , acc : 0.997 , elapse : 0.27014 min  - Validation   loss : 0.03159 , acc : 0.992 , elapse : 0.04661 min
[ Epoch 97 ]  - Training     loss : 0.00499 , acc : 0.997 , elapse : 0.27136 min  - Validation   loss : 0.03162 , acc : 0.992 , elapse : 0.04665 min
[ Epoch 98 ]  - Training     loss : 0.00633 , acc : 0.996 , elapse : 0.27028 min  - Validation   loss : 0.03430 , acc : 0.991 , elapse : 0.04679 min
[ Epoch 99 ]  - Training     loss : 0.00727 , acc : 0.996 , elapse : 0.27021 min  - Validation   loss : 0.03425 , acc : 0.991 , elapse : 0.04683 min
Finish training ~ v ~
~~~~~~~~~~~~~~~~~~~~~~~~~~~~~
4th fold (total : 5)
Create model...
Start training...
[ Epoch 0 ]  - Training     loss : 0.25293 , acc : 0.919 , elapse : 0.27444 min  - Validation   loss : 0.20710 , acc : 0.935 , elapse : 0.04676 min    - [Info] The checkpoint file has been updated.
[ Epoch 1 ]  - Training     loss : 0.18525 , acc : 0.940 , elapse : 0.27105 min  - Validation   loss : 0.15981 , acc : 0.948 , elapse : 0.04686 min    - [Info] The checkpoint file has been updated.
[ Epoch 2 ]  - Training     loss : 0.14674 , acc : 0.951 , elapse : 0.27000 min  - Validation   loss : 0.13979 , acc : 0.954 , elapse : 0.04684 min    - [Info] The checkpoint file has been updated.
[ Epoch 3 ]  - Training     loss : 0.12576 , acc : 0.958 , elapse : 0.27253 min  - Validation   loss : 0.10927 , acc : 0.966 , elapse : 0.04676 min    - [Info] The checkpoint file has been updated.
[ Epoch 4 ]  - Training     loss : 0.10387 , acc : 0.965 , elapse : 0.26989 min  - Validation   loss : 0.09674 , acc : 0.970 , elapse : 0.04676 min    - [Info] The checkpoint file has been updated.
[ Epoch 5 ]  - Training     loss : 0.09569 , acc : 0.967 , elapse : 0.27001 min  - Validation   loss : 0.09349 , acc : 0.970 , elapse : 0.04700 min    - [Info] The checkpoint file has been updated.
[ Epoch 6 ]  - Training     loss : 0.09098 , acc : 0.969 , elapse : 0.27264 min  - Validation   loss : 0.08290 , acc : 0.975 , elapse : 0.04672 min    - [Info] The checkpoint file has been updated.
[ Epoch 7 ]  - Training     loss : 0.08026 , acc : 0.973 , elapse : 0.27028 min  - Validation   loss : 0.07496 , acc : 0.978 , elapse : 0.04719 min    - [Info] The checkpoint file has been updated.
[ Epoch 8 ]  - Training     loss : 0.07236 , acc : 0.975 , elapse : 0.27010 min  - Validation   loss : 0.06990 , acc : 0.979 , elapse : 0.04700 min    - [Info] The checkpoint file has been updated.
[ Epoch 9 ]  - Training     loss : 0.06723 , acc : 0.977 , elapse : 0.27089 min  - Validation   loss : 0.06605 , acc : 0.980 , elapse : 0.04689 min    - [Info] The checkpoint file has been updated.
[ Epoch 10 ]  - Training     loss : 0.06472 , acc : 0.978 , elapse : 0.26985 min  - Validation   loss : 0.06449 , acc : 0.980 , elapse : 0.04677 min    - [Info] The checkpoint file has been updated.
[ Epoch 11 ]  - Training     loss : 0.06305 , acc : 0.978 , elapse : 0.27075 min  - Validation   loss : 0.06388 , acc : 0.980 , elapse : 0.04686 min    - [Info] The checkpoint file has been updated.
[ Epoch 12 ]  - Training     loss : 0.06449 , acc : 0.978 , elapse : 0.27472 min  - Validation   loss : 0.06273 , acc : 0.980 , elapse : 0.04687 min
[ Epoch 13 ]  - Training     loss : 0.06143 , acc : 0.979 , elapse : 0.27031 min  - Validation   loss : 0.05978 , acc : 0.982 , elapse : 0.04689 min    - [Info] The checkpoint file has been updated.
[ Epoch 14 ]  - Training     loss : 0.05686 , acc : 0.980 , elapse : 0.26997 min  - Validation   loss : 0.05676 , acc : 0.982 , elapse : 0.04679 min    - [Info] The checkpoint file has been updated.
[ Epoch 15 ]  - Training     loss : 0.05388 , acc : 0.980 , elapse : 0.27369 min  - Validation   loss : 0.05394 , acc : 0.983 , elapse : 0.04679 min    - [Info] The checkpoint file has been updated.
[ Epoch 16 ]  - Training     loss : 0.05077 , acc : 0.981 , elapse : 0.27000 min  - Validation   loss : 0.05240 , acc : 0.984 , elapse : 0.04691 min    - [Info] The checkpoint file has been updated.
[ Epoch 17 ]  - Training     loss : 0.04829 , acc : 0.982 , elapse : 0.26994 min  - Validation   loss : 0.05062 , acc : 0.984 , elapse : 0.04685 min    - [Info] The checkpoint file has been updated.
[ Epoch 18 ]  - Training     loss : 0.04547 , acc : 0.983 , elapse : 0.27094 min  - Validation   loss : 0.04944 , acc : 0.985 , elapse : 0.04670 min    - [Info] The checkpoint file has been updated.
[ Epoch 19 ]  - Training     loss : 0.04326 , acc : 0.983 , elapse : 0.27052 min  - Validation   loss : 0.04780 , acc : 0.985 , elapse : 0.04679 min    - [Info] The checkpoint file has been updated.
[ Epoch 20 ]  - Training     loss : 0.04201 , acc : 0.984 , elapse : 0.26950 min  - Validation   loss : 0.04742 , acc : 0.985 , elapse : 0.04704 min    - [Info] The checkpoint file has been updated.
[ Epoch 21 ]  - Training     loss : 0.04083 , acc : 0.984 , elapse : 0.27125 min  - Validation   loss : 0.04715 , acc : 0.985 , elapse : 0.04681 min    - [Info] The checkpoint file has been updated.
[ Epoch 22 ]  - Training     loss : 0.03970 , acc : 0.984 , elapse : 0.26999 min  - Validation   loss : 0.04697 , acc : 0.986 , elapse : 0.04688 min    - [Info] The checkpoint file has been updated.
[ Epoch 23 ]  - Training     loss : 0.03982 , acc : 0.985 , elapse : 0.26993 min  - Validation   loss : 0.04670 , acc : 0.986 , elapse : 0.04683 min    - [Info] The checkpoint file has been updated.
[ Epoch 24 ]  - Training     loss : 0.04049 , acc : 0.984 , elapse : 0.27250 min  - Validation   loss : 0.04815 , acc : 0.985 , elapse : 0.04675 min
[ Epoch 25 ]  - Training     loss : 0.04144 , acc : 0.984 , elapse : 0.27078 min  - Validation   loss : 0.04582 , acc : 0.986 , elapse : 0.04709 min    - [Info] The checkpoint file has been updated.
[ Epoch 26 ]  - Training     loss : 0.03959 , acc : 0.984 , elapse : 0.27050 min  - Validation   loss : 0.04543 , acc : 0.986 , elapse : 0.04704 min    - [Info] The checkpoint file has been updated.
[ Epoch 27 ]  - Training     loss : 0.03760 , acc : 0.985 , elapse : 0.27307 min  - Validation   loss : 0.04447 , acc : 0.986 , elapse : 0.04683 min    - [Info] The checkpoint file has been updated.
[ Epoch 28 ]  - Training     loss : 0.03556 , acc : 0.985 , elapse : 0.27014 min  - Validation   loss : 0.04335 , acc : 0.986 , elapse : 0.04740 min    - [Info] The checkpoint file has been updated.
[ Epoch 29 ]  - Training     loss : 0.03376 , acc : 0.986 , elapse : 0.26994 min  - Validation   loss : 0.04212 , acc : 0.987 , elapse : 0.04712 min    - [Info] The checkpoint file has been updated.
[ Epoch 30 ]  - Training     loss : 0.03245 , acc : 0.986 , elapse : 0.27205 min  - Validation   loss : 0.04097 , acc : 0.987 , elapse : 0.04684 min    - [Info] The checkpoint file has been updated.
[ Epoch 31 ]  - Training     loss : 0.03112 , acc : 0.987 , elapse : 0.26999 min  - Validation   loss : 0.03939 , acc : 0.987 , elapse : 0.04677 min    - [Info] The checkpoint file has been updated.
[ Epoch 32 ]  - Training     loss : 0.02895 , acc : 0.987 , elapse : 0.26969 min  - Validation   loss : 0.03874 , acc : 0.988 , elapse : 0.04705 min    - [Info] The checkpoint file has been updated.
[ Epoch 33 ]  - Training     loss : 0.02740 , acc : 0.988 , elapse : 0.27153 min  - Validation   loss : 0.03818 , acc : 0.988 , elapse : 0.04667 min
[ Epoch 34 ]  - Training     loss : 0.02654 , acc : 0.988 , elapse : 0.26913 min  - Validation   loss : 0.03784 , acc : 0.988 , elapse : 0.04680 min    - [Info] The checkpoint file has been updated.
[ Epoch 35 ]  - Training     loss : 0.02498 , acc : 0.989 , elapse : 0.26947 min  - Validation   loss : 0.03686 , acc : 0.989 , elapse : 0.04715 min    - [Info] The checkpoint file has been updated.
[ Epoch 36 ]  - Training     loss : 0.02381 , acc : 0.989 , elapse : 0.27166 min  - Validation   loss : 0.03600 , acc : 0.989 , elapse : 0.04730 min
[ Epoch 37 ]  - Training     loss : 0.02267 , acc : 0.989 , elapse : 0.27090 min  - Validation   loss : 0.03656 , acc : 0.989 , elapse : 0.04688 min
[ Epoch 38 ]  - Training     loss : 0.02219 , acc : 0.990 , elapse : 0.26947 min  - Validation   loss : 0.03567 , acc : 0.989 , elapse : 0.04707 min
[ Epoch 39 ]  - Training     loss : 0.02184 , acc : 0.990 , elapse : 0.27278 min  - Validation   loss : 0.03471 , acc : 0.989 , elapse : 0.04680 min    - [Info] The checkpoint file has been updated.
[ Epoch 40 ]  - Training     loss : 0.02070 , acc : 0.990 , elapse : 0.27068 min  - Validation   loss : 0.03485 , acc : 0.989 , elapse : 0.04689 min
[ Epoch 41 ]  - Training     loss : 0.01999 , acc : 0.990 , elapse : 0.26974 min  - Validation   loss : 0.03446 , acc : 0.989 , elapse : 0.04713 min    - [Info] The checkpoint file has been updated.
[ Epoch 42 ]  - Training     loss : 0.01961 , acc : 0.990 , elapse : 0.27235 min  - Validation   loss : 0.03460 , acc : 0.989 , elapse : 0.04683 min
[ Epoch 43 ]  - Training     loss : 0.01927 , acc : 0.991 , elapse : 0.26943 min  - Validation   loss : 0.03472 , acc : 0.989 , elapse : 0.04687 min
[ Epoch 44 ]  - Training     loss : 0.01903 , acc : 0.991 , elapse : 0.27014 min  - Validation   loss : 0.03456 , acc : 0.989 , elapse : 0.04690 min
[ Epoch 45 ]  - Training     loss : 0.01903 , acc : 0.991 , elapse : 0.27347 min  - Validation   loss : 0.03447 , acc : 0.989 , elapse : 0.04669 min
[ Epoch 46 ]  - Training     loss : 0.01853 , acc : 0.991 , elapse : 0.26964 min  - Validation   loss : 0.03433 , acc : 0.989 , elapse : 0.04673 min    - [Info] The checkpoint file has been updated.
[ Epoch 47 ]  - Training     loss : 0.01859 , acc : 0.991 , elapse : 0.26997 min  - Validation   loss : 0.03427 , acc : 0.989 , elapse : 0.04697 min    - [Info] The checkpoint file has been updated.
[ Epoch 48 ]  - Training     loss : 0.01867 , acc : 0.991 , elapse : 0.27105 min  - Validation   loss : 0.03426 , acc : 0.989 , elapse : 0.04686 min    - [Info] The checkpoint file has been updated.
[ Epoch 49 ]  - Training     loss : 0.02087 , acc : 0.990 , elapse : 0.26986 min  - Validation   loss : 0.03638 , acc : 0.989 , elapse : 0.04689 min
[ Epoch 50 ]  - Training     loss : 0.02180 , acc : 0.990 , elapse : 0.26956 min  - Validation   loss : 0.03646 , acc : 0.989 , elapse : 0.04688 min
[ Epoch 51 ]  - Training     loss : 0.02050 , acc : 0.990 , elapse : 0.27327 min  - Validation   loss : 0.03635 , acc : 0.989 , elapse : 0.04706 min
[ Epoch 52 ]  - Training     loss : 0.01941 , acc : 0.991 , elapse : 0.27096 min  - Validation   loss : 0.03482 , acc : 0.989 , elapse : 0.04677 min
[ Epoch 53 ]  - Training     loss : 0.01916 , acc : 0.990 , elapse : 0.26975 min  - Validation   loss : 0.03457 , acc : 0.990 , elapse : 0.04708 min
[ Epoch 54 ]  - Training     loss : 0.01766 , acc : 0.991 , elapse : 0.27224 min  - Validation   loss : 0.03405 , acc : 0.990 , elapse : 0.04678 min
[ Epoch 55 ]  - Training     loss : 0.01721 , acc : 0.991 , elapse : 0.27064 min  - Validation   loss : 0.03451 , acc : 0.990 , elapse : 0.04688 min
[ Epoch 56 ]  - Training     loss : 0.01686 , acc : 0.991 , elapse : 0.26974 min  - Validation   loss : 0.03420 , acc : 0.990 , elapse : 0.04685 min
[ Epoch 57 ]  - Training     loss : 0.01607 , acc : 0.992 , elapse : 0.27237 min  - Validation   loss : 0.03441 , acc : 0.990 , elapse : 0.04684 min
[ Epoch 58 ]  - Training     loss : 0.01521 , acc : 0.992 , elapse : 0.26953 min  - Validation   loss : 0.03308 , acc : 0.990 , elapse : 0.04672 min
[ Epoch 59 ]  - Training     loss : 0.01458 , acc : 0.992 , elapse : 0.26934 min  - Validation   loss : 0.03401 , acc : 0.990 , elapse : 0.04716 min
[ Epoch 60 ]  - Training     loss : 0.01458 , acc : 0.992 , elapse : 0.27137 min  - Validation   loss : 0.03424 , acc : 0.990 , elapse : 0.04685 min
[ Epoch 61 ]  - Training     loss : 0.01343 , acc : 0.993 , elapse : 0.26959 min  - Validation   loss : 0.03338 , acc : 0.990 , elapse : 0.04678 min
[ Epoch 62 ]  - Training     loss : 0.01271 , acc : 0.993 , elapse : 0.26914 min  - Validation   loss : 0.03366 , acc : 0.990 , elapse : 0.04688 min
[ Epoch 63 ]  - Training     loss : 0.01227 , acc : 0.993 , elapse : 0.27420 min  - Validation   loss : 0.03382 , acc : 0.990 , elapse : 0.04711 min
[ Epoch 64 ]  - Training     loss : 0.01155 , acc : 0.994 , elapse : 0.27086 min  - Validation   loss : 0.03212 , acc : 0.991 , elapse : 0.04688 min    - [Info] The checkpoint file has been updated.
[ Epoch 65 ]  - Training     loss : 0.01126 , acc : 0.994 , elapse : 0.26981 min  - Validation   loss : 0.03245 , acc : 0.991 , elapse : 0.04696 min
[ Epoch 66 ]  - Training     loss : 0.01123 , acc : 0.994 , elapse : 0.27430 min  - Validation   loss : 0.03124 , acc : 0.991 , elapse : 0.04678 min    - [Info] The checkpoint file has been updated.
[ Epoch 67 ]  - Training     loss : 0.01019 , acc : 0.994 , elapse : 0.27100 min  - Validation   loss : 0.03309 , acc : 0.991 , elapse : 0.04686 min
[ Epoch 68 ]  - Training     loss : 0.01021 , acc : 0.994 , elapse : 0.27014 min  - Validation   loss : 0.03191 , acc : 0.991 , elapse : 0.04711 min
[ Epoch 69 ]  - Training     loss : 0.00961 , acc : 0.995 , elapse : 0.27310 min  - Validation   loss : 0.03238 , acc : 0.991 , elapse : 0.04684 min
[ Epoch 70 ]  - Training     loss : 0.00903 , acc : 0.995 , elapse : 0.27028 min  - Validation   loss : 0.03232 , acc : 0.991 , elapse : 0.04687 min
[ Epoch 71 ]  - Training     loss : 0.00882 , acc : 0.995 , elapse : 0.27009 min  - Validation   loss : 0.03121 , acc : 0.991 , elapse : 0.04706 min    - [Info] The checkpoint file has been updated.
[ Epoch 72 ]  - Training     loss : 0.00853 , acc : 0.995 , elapse : 0.27228 min  - Validation   loss : 0.03229 , acc : 0.991 , elapse : 0.04670 min
[ Epoch 73 ]  - Training     loss : 0.00802 , acc : 0.995 , elapse : 0.26938 min  - Validation   loss : 0.03205 , acc : 0.992 , elapse : 0.04676 min
[ Epoch 74 ]  - Training     loss : 0.00807 , acc : 0.995 , elapse : 0.26956 min  - Validation   loss : 0.03120 , acc : 0.992 , elapse : 0.04693 min
[ Epoch 75 ]  - Training     loss : 0.00764 , acc : 0.996 , elapse : 0.27195 min  - Validation   loss : 0.03257 , acc : 0.991 , elapse : 0.04712 min
[ Epoch 76 ]  - Training     loss : 0.00766 , acc : 0.996 , elapse : 0.27083 min  - Validation   loss : 0.03112 , acc : 0.992 , elapse : 0.04685 min    - [Info] The checkpoint file has been updated.
[ Epoch 77 ]  - Training     loss : 0.00725 , acc : 0.996 , elapse : 0.26968 min  - Validation   loss : 0.03204 , acc : 0.992 , elapse : 0.04704 min
[ Epoch 78 ]  - Training     loss : 0.00712 , acc : 0.996 , elapse : 0.27269 min  - Validation   loss : 0.03181 , acc : 0.992 , elapse : 0.04720 min
[ Epoch 79 ]  - Training     loss : 0.00699 , acc : 0.996 , elapse : 0.26985 min  - Validation   loss : 0.03214 , acc : 0.992 , elapse : 0.04679 min
[ Epoch 80 ]  - Training     loss : 0.00676 , acc : 0.996 , elapse : 0.26974 min  - Validation   loss : 0.03241 , acc : 0.992 , elapse : 0.04705 min
[ Epoch 81 ]  - Training     loss : 0.00647 , acc : 0.996 , elapse : 0.27232 min  - Validation   loss : 0.03211 , acc : 0.992 , elapse : 0.04682 min
[ Epoch 82 ]  - Training     loss : 0.00634 , acc : 0.996 , elapse : 0.27020 min  - Validation   loss : 0.03265 , acc : 0.992 , elapse : 0.04680 min
[ Epoch 83 ]  - Training     loss : 0.00618 , acc : 0.996 , elapse : 0.26996 min  - Validation   loss : 0.03175 , acc : 0.992 , elapse : 0.04708 min
[ Epoch 84 ]  - Training     loss : 0.00616 , acc : 0.996 , elapse : 0.27229 min  - Validation   loss : 0.03250 , acc : 0.992 , elapse : 0.04673 min
[ Epoch 85 ]  - Training     loss : 0.00591 , acc : 0.997 , elapse : 0.26920 min  - Validation   loss : 0.03232 , acc : 0.992 , elapse : 0.04674 min
[ Epoch 86 ]  - Training     loss : 0.00587 , acc : 0.997 , elapse : 0.26943 min  - Validation   loss : 0.03249 , acc : 0.992 , elapse : 0.04697 min
[ Epoch 87 ]  - Training     loss : 0.00585 , acc : 0.996 , elapse : 0.27070 min  - Validation   loss : 0.03250 , acc : 0.992 , elapse : 0.04673 min
[ Epoch 88 ]  - Training     loss : 0.00569 , acc : 0.997 , elapse : 0.26977 min  - Validation   loss : 0.03222 , acc : 0.992 , elapse : 0.04672 min
[ Epoch 89 ]  - Training     loss : 0.00572 , acc : 0.997 , elapse : 0.27135 min  - Validation   loss : 0.03219 , acc : 0.992 , elapse : 0.04706 min
[ Epoch 90 ]  - Training     loss : 0.00559 , acc : 0.997 , elapse : 0.27250 min  - Validation   loss : 0.03240 , acc : 0.992 , elapse : 0.04674 min
[ Epoch 91 ]  - Training     loss : 0.00539 , acc : 0.997 , elapse : 0.27004 min  - Validation   loss : 0.03245 , acc : 0.992 , elapse : 0.04664 min
[ Epoch 92 ]  - Training     loss : 0.00540 , acc : 0.997 , elapse : 0.27093 min  - Validation   loss : 0.03225 , acc : 0.992 , elapse : 0.04700 min
[ Epoch 93 ]  - Training     loss : 0.00554 , acc : 0.997 , elapse : 0.27232 min  - Validation   loss : 0.03226 , acc : 0.992 , elapse : 0.04658 min
[ Epoch 94 ]  - Training     loss : 0.00547 , acc : 0.997 , elapse : 0.26958 min  - Validation   loss : 0.03225 , acc : 0.992 , elapse : 0.04660 min
[ Epoch 95 ]  - Training     loss : 0.00544 , acc : 0.997 , elapse : 0.26592 min  - Validation   loss : 0.03227 , acc : 0.992 , elapse : 0.04625 min
[ Epoch 96 ]  - Training     loss : 0.00537 , acc : 0.997 , elapse : 0.27078 min  - Validation   loss : 0.03226 , acc : 0.992 , elapse : 0.04600 min
[ Epoch 97 ]  - Training     loss : 0.00533 , acc : 0.997 , elapse : 0.26526 min  - Validation   loss : 0.03226 , acc : 0.992 , elapse : 0.04614 min
[ Epoch 98 ]  - Training     loss : 0.00701 , acc : 0.996 , elapse : 0.26573 min  - Validation   loss : 0.03399 , acc : 0.991 , elapse : 0.04631 min
[ Epoch 99 ]  - Training     loss : 0.00728 , acc : 0.996 , elapse : 0.26838 min  - Validation   loss : 0.03451 , acc : 0.991 , elapse : 0.04623 min
Finish training ~ v ~
min losses: [0.028656309412326664, 0.027613877115072682, 0.033760188991436735, 0.03093316114973277, 0.031117261125473306] mean losses: 0.03041615955880843
max accs: [0.9917581492456895, 0.991741311961207, 0.9911856815732758, 0.9919854525862067, 0.9920359644396551] mean accs: 0.9917413119612067
Empty DataFrame
Columns: [pred, label]
Index: []
