Shell for /hpcfs/juno/junogpu/xuhangkun/SoftWare/VsCode/.local/share/virtualenvs/tianchi_channel_1-2IKVIXD7 already activated.
No action taken to avoid nested environments.
If the cuda is avaliable ?
True
Start getting data...
Finish getting data ~ v ~
[Info] Training performance will be written to file: ./user_data/model_data/TextRCNN/TextRCNN_train.csv
Namespace(batch_size=128, bert_path='/hpcfs/juno/junogpu/xuhangkun/ML/MyselfProject/Test/tianchi_channel_1/user_data/bert', dropout=0.5, eda_alpha=0.0, epoch=100, fold_index=-1, fold_k=5, frazing_bert_encode=False, hidden_size=256, input='./tcdata/train.csv', label_smoothing=0.0, lr=0.0005, lstm_dropout=0.3, lstm_layer=2, max_len=100, model='TextRCNN', n_aug=0.0, nclass=29, nemb=100, no_word2vec_pretrain=True, ntokens=859, output_dir='./user_data/model_data/TextRCNN', pad_token=858, save_mode='best', save_per_epoch=5, save_start_epoch=5, seed=None, stop_early=False, tokenizer_path='/hpcfs/juno/junogpu/xuhangkun/ML/MyselfProject/Test/tianchi_channel_1/user_data/bert', word2vec_path='/hpcfs/juno/junogpu/xuhangkun/ML/MyselfProject/Test/tianchi_channel_1/user_data/word_pretrain/word2vector.model')
~~~~~~~~~~~~~~~~~~~~~~~~~~~~~
0th fold (total : 5)
Create model...
TextRCNNModel(
  (embed): Embedding(859, 100, padding_idx=858)
  (emb_dropout_layer): Dropout(p=0.5, inplace=False)
  (lstm): LSTM(100, 256, num_layers=2, batch_first=True, dropout=0.3, bidirectional=True)
  (W2): Linear(in_features=612, out_features=512, bias=True)
  (final_dropout_layer): Dropout(p=0.5, inplace=False)
  (fc): Linear(in_features=512, out_features=29, bias=True)
  (sigmoid): Sigmoid()
)
Start training...
[ Epoch 0 ]  - Training     loss : 0.25510 , acc : 0.919 , elapse : 0.31678 min  - Validation   loss : 0.21188 , acc : 0.930 , elapse : 0.05623 min    - [Info] The checkpoint file has been updated.
[ Epoch 1 ]  - Training     loss : 0.19946 , acc : 0.935 , elapse : 0.31398 min  - Validation   loss : 0.16888 , acc : 0.947 , elapse : 0.05596 min    - [Info] The checkpoint file has been updated.
[ Epoch 2 ]  - Training     loss : 0.16194 , acc : 0.947 , elapse : 0.31739 min  - Validation   loss : 0.15316 , acc : 0.951 , elapse : 0.05551 min    - [Info] The checkpoint file has been updated.
[ Epoch 3 ]  - Training     loss : 0.14309 , acc : 0.951 , elapse : 0.31875 min  - Validation   loss : 0.12203 , acc : 0.959 , elapse : 0.05546 min    - [Info] The checkpoint file has been updated.
[ Epoch 4 ]  - Training     loss : 0.12098 , acc : 0.957 , elapse : 0.31564 min  - Validation   loss : 0.10791 , acc : 0.964 , elapse : 0.05662 min    - [Info] The checkpoint file has been updated.
[ Epoch 5 ]  - Training     loss : 0.11279 , acc : 0.960 , elapse : 0.31400 min  - Validation   loss : 0.10477 , acc : 0.965 , elapse : 0.05596 min    - [Info] The checkpoint file has been updated.
[ Epoch 6 ]  - Training     loss : 0.10901 , acc : 0.961 , elapse : 0.31731 min  - Validation   loss : 0.09279 , acc : 0.969 , elapse : 0.05500 min    - [Info] The checkpoint file has been updated.
[ Epoch 7 ]  - Training     loss : 0.09763 , acc : 0.965 , elapse : 0.31891 min  - Validation   loss : 0.08434 , acc : 0.972 , elapse : 0.05474 min    - [Info] The checkpoint file has been updated.
[ Epoch 8 ]  - Training     loss : 0.08867 , acc : 0.968 , elapse : 0.31771 min  - Validation   loss : 0.07648 , acc : 0.975 , elapse : 0.05637 min    - [Info] The checkpoint file has been updated.
[ Epoch 9 ]  - Training     loss : 0.08225 , acc : 0.970 , elapse : 0.31422 min  - Validation   loss : 0.07220 , acc : 0.976 , elapse : 0.05616 min    - [Info] The checkpoint file has been updated.
[ Epoch 10 ]  - Training     loss : 0.07848 , acc : 0.971 , elapse : 0.31929 min  - Validation   loss : 0.07056 , acc : 0.977 , elapse : 0.05639 min    - [Info] The checkpoint file has been updated.
[ Epoch 11 ]  - Training     loss : 0.07681 , acc : 0.972 , elapse : 0.31972 min  - Validation   loss : 0.07007 , acc : 0.977 , elapse : 0.05393 min    - [Info] The checkpoint file has been updated.
[ Epoch 12 ]  - Training     loss : 0.07738 , acc : 0.972 , elapse : 0.31789 min  - Validation   loss : 0.06706 , acc : 0.978 , elapse : 0.05704 min    - [Info] The checkpoint file has been updated.
[ Epoch 13 ]  - Training     loss : 0.07291 , acc : 0.973 , elapse : 0.31678 min  - Validation   loss : 0.06383 , acc : 0.978 , elapse : 0.05606 min    - [Info] The checkpoint file has been updated.
[ Epoch 14 ]  - Training     loss : 0.07000 , acc : 0.975 , elapse : 0.31405 min  - Validation   loss : 0.05992 , acc : 0.980 , elapse : 0.05656 min    - [Info] The checkpoint file has been updated.
[ Epoch 15 ]  - Training     loss : 0.06508 , acc : 0.976 , elapse : 0.31694 min  - Validation   loss : 0.05643 , acc : 0.981 , elapse : 0.05461 min    - [Info] The checkpoint file has been updated.
[ Epoch 16 ]  - Training     loss : 0.06102 , acc : 0.977 , elapse : 0.31843 min  - Validation   loss : 0.05517 , acc : 0.981 , elapse : 0.05498 min    - [Info] The checkpoint file has been updated.
[ Epoch 17 ]  - Training     loss : 0.05913 , acc : 0.978 , elapse : 0.31734 min  - Validation   loss : 0.05368 , acc : 0.982 , elapse : 0.05583 min    - [Info] The checkpoint file has been updated.
[ Epoch 18 ]  - Training     loss : 0.05648 , acc : 0.978 , elapse : 0.31676 min  - Validation   loss : 0.05152 , acc : 0.983 , elapse : 0.05604 min    - [Info] The checkpoint file has been updated.
[ Epoch 19 ]  - Training     loss : 0.05489 , acc : 0.979 , elapse : 0.31468 min  - Validation   loss : 0.05107 , acc : 0.983 , elapse : 0.05641 min    - [Info] The checkpoint file has been updated.
[ Epoch 20 ]  - Training     loss : 0.05365 , acc : 0.979 , elapse : 0.31728 min  - Validation   loss : 0.04978 , acc : 0.983 , elapse : 0.05558 min    - [Info] The checkpoint file has been updated.
[ Epoch 21 ]  - Training     loss : 0.05167 , acc : 0.980 , elapse : 0.31846 min  - Validation   loss : 0.04919 , acc : 0.983 , elapse : 0.05493 min    - [Info] The checkpoint file has been updated.
[ Epoch 22 ]  - Training     loss : 0.05082 , acc : 0.980 , elapse : 0.31723 min  - Validation   loss : 0.04925 , acc : 0.983 , elapse : 0.05595 min
[ Epoch 23 ]  - Training     loss : 0.04976 , acc : 0.980 , elapse : 0.31564 min  - Validation   loss : 0.04900 , acc : 0.983 , elapse : 0.05686 min    - [Info] The checkpoint file has been updated.
[ Epoch 24 ]  - Training     loss : 0.05111 , acc : 0.980 , elapse : 0.31539 min  - Validation   loss : 0.05177 , acc : 0.983 , elapse : 0.05544 min
[ Epoch 25 ]  - Training     loss : 0.05307 , acc : 0.980 , elapse : 0.31792 min  - Validation   loss : 0.05039 , acc : 0.983 , elapse : 0.05393 min
[ Epoch 26 ]  - Training     loss : 0.04982 , acc : 0.980 , elapse : 0.31782 min  - Validation   loss : 0.04708 , acc : 0.984 , elapse : 0.05621 min    - [Info] The checkpoint file has been updated.
[ Epoch 27 ]  - Training     loss : 0.04947 , acc : 0.981 , elapse : 0.31654 min  - Validation   loss : 0.04585 , acc : 0.984 , elapse : 0.05613 min    - [Info] The checkpoint file has been updated.
[ Epoch 28 ]  - Training     loss : 0.04683 , acc : 0.981 , elapse : 0.31506 min  - Validation   loss : 0.04466 , acc : 0.985 , elapse : 0.05716 min    - [Info] The checkpoint file has been updated.
[ Epoch 29 ]  - Training     loss : 0.04461 , acc : 0.982 , elapse : 0.31664 min  - Validation   loss : 0.04347 , acc : 0.985 , elapse : 0.05494 min    - [Info] The checkpoint file has been updated.
[ Epoch 30 ]  - Training     loss : 0.04346 , acc : 0.982 , elapse : 0.31815 min  - Validation   loss : 0.04207 , acc : 0.986 , elapse : 0.05525 min    - [Info] The checkpoint file has been updated.
[ Epoch 31 ]  - Training     loss : 0.04191 , acc : 0.983 , elapse : 0.31611 min  - Validation   loss : 0.04107 , acc : 0.986 , elapse : 0.05646 min    - [Info] The checkpoint file has been updated.
[ Epoch 32 ]  - Training     loss : 0.04044 , acc : 0.983 , elapse : 0.31546 min  - Validation   loss : 0.04070 , acc : 0.986 , elapse : 0.05547 min    - [Info] The checkpoint file has been updated.
[ Epoch 33 ]  - Training     loss : 0.03889 , acc : 0.984 , elapse : 0.31713 min  - Validation   loss : 0.04020 , acc : 0.987 , elapse : 0.05597 min    - [Info] The checkpoint file has been updated.
[ Epoch 34 ]  - Training     loss : 0.03785 , acc : 0.984 , elapse : 0.31786 min  - Validation   loss : 0.04005 , acc : 0.986 , elapse : 0.05341 min
[ Epoch 35 ]  - Training     loss : 0.03657 , acc : 0.985 , elapse : 0.31910 min  - Validation   loss : 0.03921 , acc : 0.987 , elapse : 0.05508 min    - [Info] The checkpoint file has been updated.
[ Epoch 36 ]  - Training     loss : 0.03518 , acc : 0.985 , elapse : 0.31513 min  - Validation   loss : 0.03792 , acc : 0.987 , elapse : 0.05647 min
[ Epoch 37 ]  - Training     loss : 0.03422 , acc : 0.985 , elapse : 0.31502 min  - Validation   loss : 0.03731 , acc : 0.987 , elapse : 0.05558 min    - [Info] The checkpoint file has been updated.
[ Epoch 38 ]  - Training     loss : 0.03329 , acc : 0.986 , elapse : 0.31784 min  - Validation   loss : 0.03728 , acc : 0.987 , elapse : 0.05352 min    - [Info] The checkpoint file has been updated.
[ Epoch 39 ]  - Training     loss : 0.03239 , acc : 0.986 , elapse : 0.31919 min  - Validation   loss : 0.03633 , acc : 0.987 , elapse : 0.05647 min    - [Info] The checkpoint file has been updated.
[ Epoch 40 ]  - Training     loss : 0.03153 , acc : 0.986 , elapse : 0.31823 min  - Validation   loss : 0.03576 , acc : 0.988 , elapse : 0.05627 min    - [Info] The checkpoint file has been updated.
[ Epoch 41 ]  - Training     loss : 0.03061 , acc : 0.986 , elapse : 0.31514 min  - Validation   loss : 0.03550 , acc : 0.988 , elapse : 0.05647 min    - [Info] The checkpoint file has been updated.
[ Epoch 42 ]  - Training     loss : 0.03089 , acc : 0.986 , elapse : 0.31634 min  - Validation   loss : 0.03546 , acc : 0.987 , elapse : 0.05605 min
[ Epoch 43 ]  - Training     loss : 0.02988 , acc : 0.987 , elapse : 0.31834 min  - Validation   loss : 0.03497 , acc : 0.988 , elapse : 0.05447 min    - [Info] The checkpoint file has been updated.
[ Epoch 44 ]  - Training     loss : 0.02959 , acc : 0.987 , elapse : 0.31827 min  - Validation   loss : 0.03528 , acc : 0.988 , elapse : 0.05616 min
[ Epoch 45 ]  - Training     loss : 0.02922 , acc : 0.987 , elapse : 0.31632 min  - Validation   loss : 0.03534 , acc : 0.987 , elapse : 0.05672 min
[ Epoch 46 ]  - Training     loss : 0.02880 , acc : 0.987 , elapse : 0.31572 min  - Validation   loss : 0.03518 , acc : 0.988 , elapse : 0.05641 min
[ Epoch 47 ]  - Training     loss : 0.02873 , acc : 0.987 , elapse : 0.31704 min  - Validation   loss : 0.03510 , acc : 0.988 , elapse : 0.05487 min
[ Epoch 48 ]  - Training     loss : 0.02895 , acc : 0.987 , elapse : 0.31878 min  - Validation   loss : 0.03509 , acc : 0.988 , elapse : 0.05523 min
[ Epoch 49 ]  - Training     loss : 0.03136 , acc : 0.986 , elapse : 0.31842 min  - Validation   loss : 0.03632 , acc : 0.988 , elapse : 0.05627 min
[ Epoch 50 ]  - Training     loss : 0.03223 , acc : 0.986 , elapse : 0.31450 min  - Validation   loss : 0.03591 , acc : 0.987 , elapse : 0.05639 min
[ Epoch 51 ]  - Training     loss : 0.03169 , acc : 0.986 , elapse : 0.31466 min  - Validation   loss : 0.03574 , acc : 0.988 , elapse : 0.05603 min
[ Epoch 52 ]  - Training     loss : 0.03094 , acc : 0.986 , elapse : 0.31739 min  - Validation   loss : 0.03525 , acc : 0.988 , elapse : 0.05397 min
[ Epoch 53 ]  - Training     loss : 0.03060 , acc : 0.986 , elapse : 0.31800 min  - Validation   loss : 0.03593 , acc : 0.988 , elapse : 0.05607 min
[ Epoch 54 ]  - Training     loss : 0.02951 , acc : 0.987 , elapse : 0.31644 min  - Validation   loss : 0.03430 , acc : 0.988 , elapse : 0.05596 min
[ Epoch 55 ]  - Training     loss : 0.02826 , acc : 0.987 , elapse : 0.31701 min  - Validation   loss : 0.03469 , acc : 0.988 , elapse : 0.05634 min
[ Epoch 56 ]  - Training     loss : 0.02712 , acc : 0.987 , elapse : 0.31729 min  - Validation   loss : 0.03536 , acc : 0.988 , elapse : 0.05611 min
[ Epoch 57 ]  - Training     loss : 0.02645 , acc : 0.988 , elapse : 0.31752 min  - Validation   loss : 0.03367 , acc : 0.989 , elapse : 0.05501 min    - [Info] The checkpoint file has been updated.
[ Epoch 58 ]  - Training     loss : 0.02568 , acc : 0.988 , elapse : 0.31881 min  - Validation   loss : 0.03356 , acc : 0.989 , elapse : 0.05606 min
[ Epoch 59 ]  - Training     loss : 0.02499 , acc : 0.988 , elapse : 0.31608 min  - Validation   loss : 0.03343 , acc : 0.989 , elapse : 0.05677 min    - [Info] The checkpoint file has been updated.
[ Epoch 60 ]  - Training     loss : 0.02478 , acc : 0.988 , elapse : 0.31522 min  - Validation   loss : 0.03360 , acc : 0.989 , elapse : 0.05593 min
[ Epoch 61 ]  - Training     loss : 0.02375 , acc : 0.989 , elapse : 0.31855 min  - Validation   loss : 0.03246 , acc : 0.989 , elapse : 0.05471 min    - [Info] The checkpoint file has been updated.
[ Epoch 62 ]  - Training     loss : 0.02275 , acc : 0.989 , elapse : 0.31994 min  - Validation   loss : 0.03248 , acc : 0.989 , elapse : 0.05550 min
[ Epoch 63 ]  - Training     loss : 0.02264 , acc : 0.989 , elapse : 0.31802 min  - Validation   loss : 0.03202 , acc : 0.989 , elapse : 0.05608 min    - [Info] The checkpoint file has been updated.
[ Epoch 64 ]  - Training     loss : 0.02256 , acc : 0.989 , elapse : 0.31652 min  - Validation   loss : 0.03230 , acc : 0.989 , elapse : 0.05594 min
[ Epoch 65 ]  - Training     loss : 0.02107 , acc : 0.990 , elapse : 0.31687 min  - Validation   loss : 0.03229 , acc : 0.989 , elapse : 0.05606 min
[ Epoch 66 ]  - Training     loss : 0.02096 , acc : 0.990 , elapse : 0.31763 min  - Validation   loss : 0.03247 , acc : 0.989 , elapse : 0.05543 min
[ Epoch 67 ]  - Training     loss : 0.02011 , acc : 0.990 , elapse : 0.31749 min  - Validation   loss : 0.03279 , acc : 0.989 , elapse : 0.05392 min
[ Epoch 68 ]  - Training     loss : 0.01943 , acc : 0.990 , elapse : 0.32053 min  - Validation   loss : 0.03188 , acc : 0.990 , elapse : 0.05557 min    - [Info] The checkpoint file has been updated.
[ Epoch 69 ]  - Training     loss : 0.01871 , acc : 0.990 , elapse : 0.31661 min  - Validation   loss : 0.03136 , acc : 0.990 , elapse : 0.05662 min
[ Epoch 70 ]  - Training     loss : 0.01905 , acc : 0.990 , elapse : 0.31630 min  - Validation   loss : 0.02969 , acc : 0.990 , elapse : 0.05614 min    - [Info] The checkpoint file has been updated.
[ Epoch 71 ]  - Training     loss : 0.01751 , acc : 0.991 , elapse : 0.31688 min  - Validation   loss : 0.03011 , acc : 0.990 , elapse : 0.05679 min
[ Epoch 72 ]  - Training     loss : 0.01768 , acc : 0.991 , elapse : 0.31733 min  - Validation   loss : 0.03056 , acc : 0.990 , elapse : 0.05447 min
[ Epoch 73 ]  - Training     loss : 0.01699 , acc : 0.991 , elapse : 0.32069 min  - Validation   loss : 0.03084 , acc : 0.990 , elapse : 0.05613 min
[ Epoch 74 ]  - Training     loss : 0.01706 , acc : 0.991 , elapse : 0.32064 min  - Validation   loss : 0.03036 , acc : 0.990 , elapse : 0.05587 min
[ Epoch 75 ]  - Training     loss : 0.01648 , acc : 0.991 , elapse : 0.31660 min  - Validation   loss : 0.03046 , acc : 0.990 , elapse : 0.05656 min
[ Epoch 76 ]  - Training     loss : 0.01596 , acc : 0.991 , elapse : 0.31683 min  - Validation   loss : 0.02975 , acc : 0.990 , elapse : 0.05647 min
[ Epoch 77 ]  - Training     loss : 0.01574 , acc : 0.992 , elapse : 0.31690 min  - Validation   loss : 0.02958 , acc : 0.990 , elapse : 0.05612 min    - [Info] The checkpoint file has been updated.
[ Epoch 78 ]  - Training     loss : 0.01532 , acc : 0.992 , elapse : 0.32002 min  - Validation   loss : 0.02911 , acc : 0.991 , elapse : 0.05409 min    - [Info] The checkpoint file has been updated.
[ Epoch 79 ]  - Training     loss : 0.01528 , acc : 0.992 , elapse : 0.31810 min  - Validation   loss : 0.02893 , acc : 0.991 , elapse : 0.05640 min
[ Epoch 80 ]  - Training     loss : 0.01475 , acc : 0.992 , elapse : 0.31382 min  - Validation   loss : 0.02928 , acc : 0.991 , elapse : 0.05638 min
[ Epoch 81 ]  - Training     loss : 0.01437 , acc : 0.992 , elapse : 0.31581 min  - Validation   loss : 0.02874 , acc : 0.991 , elapse : 0.05643 min
[ Epoch 82 ]  - Training     loss : 0.01459 , acc : 0.992 , elapse : 0.31853 min  - Validation   loss : 0.02819 , acc : 0.991 , elapse : 0.05367 min    - [Info] The checkpoint file has been updated.
[ Epoch 83 ]  - Training     loss : 0.01414 , acc : 0.992 , elapse : 0.31846 min  - Validation   loss : 0.02929 , acc : 0.991 , elapse : 0.05663 min
[ Epoch 84 ]  - Training     loss : 0.01424 , acc : 0.992 , elapse : 0.31531 min  - Validation   loss : 0.02883 , acc : 0.991 , elapse : 0.05603 min
[ Epoch 85 ]  - Training     loss : 0.01375 , acc : 0.993 , elapse : 0.31457 min  - Validation   loss : 0.02899 , acc : 0.991 , elapse : 0.05648 min
[ Epoch 86 ]  - Training     loss : 0.01336 , acc : 0.993 , elapse : 0.31545 min  - Validation   loss : 0.02894 , acc : 0.991 , elapse : 0.05541 min
[ Epoch 87 ]  - Training     loss : 0.01354 , acc : 0.992 , elapse : 0.31844 min  - Validation   loss : 0.02867 , acc : 0.991 , elapse : 0.05405 min
[ Epoch 88 ]  - Training     loss : 0.01326 , acc : 0.993 , elapse : 0.31833 min  - Validation   loss : 0.02858 , acc : 0.991 , elapse : 0.05666 min
[ Epoch 89 ]  - Training     loss : 0.01334 , acc : 0.993 , elapse : 0.31569 min  - Validation   loss : 0.02868 , acc : 0.991 , elapse : 0.05631 min
[ Epoch 90 ]  - Training     loss : 0.01317 , acc : 0.993 , elapse : 0.31452 min  - Validation   loss : 0.02847 , acc : 0.991 , elapse : 0.05658 min
[ Epoch 91 ]  - Training     loss : 0.01319 , acc : 0.993 , elapse : 0.31723 min  - Validation   loss : 0.02845 , acc : 0.991 , elapse : 0.05539 min
[ Epoch 92 ]  - Training     loss : 0.01310 , acc : 0.993 , elapse : 0.31966 min  - Validation   loss : 0.02851 , acc : 0.991 , elapse : 0.05449 min
[ Epoch 93 ]  - Training     loss : 0.01342 , acc : 0.993 , elapse : 0.31784 min  - Validation   loss : 0.02847 , acc : 0.991 , elapse : 0.05660 min
[ Epoch 94 ]  - Training     loss : 0.01284 , acc : 0.993 , elapse : 0.31721 min  - Validation   loss : 0.02854 , acc : 0.991 , elapse : 0.05613 min
[ Epoch 95 ]  - Training     loss : 0.01335 , acc : 0.993 , elapse : 0.31567 min  - Validation   loss : 0.02849 , acc : 0.991 , elapse : 0.05620 min
[ Epoch 96 ]  - Training     loss : 0.01285 , acc : 0.993 , elapse : 0.31940 min  - Validation   loss : 0.02849 , acc : 0.991 , elapse : 0.05404 min
[ Epoch 97 ]  - Training     loss : 0.01306 , acc : 0.993 , elapse : 0.31733 min  - Validation   loss : 0.02849 , acc : 0.991 , elapse : 0.05428 min
[ Epoch 98 ]  - Training     loss : 0.01510 , acc : 0.992 , elapse : 0.31739 min  - Validation   loss : 0.02951 , acc : 0.990 , elapse : 0.05628 min
[ Epoch 99 ]  - Training     loss : 0.01593 , acc : 0.992 , elapse : 0.31666 min  - Validation   loss : 0.02961 , acc : 0.990 , elapse : 0.05626 min
Finish training ~ v ~
~~~~~~~~~~~~~~~~~~~~~~~~~~~~~
1th fold (total : 5)
Create model...
Start training...
[ Epoch 0 ]  - Training     loss : 0.26208 , acc : 0.914 , elapse : 0.31625 min  - Validation   loss : 0.20560 , acc : 0.931 , elapse : 0.05593 min    - [Info] The checkpoint file has been updated.
[ Epoch 1 ]  - Training     loss : 0.20015 , acc : 0.936 , elapse : 0.31796 min  - Validation   loss : 0.16573 , acc : 0.945 , elapse : 0.05375 min    - [Info] The checkpoint file has been updated.
[ Epoch 2 ]  - Training     loss : 0.16479 , acc : 0.946 , elapse : 0.31829 min  - Validation   loss : 0.15128 , acc : 0.949 , elapse : 0.05534 min    - [Info] The checkpoint file has been updated.
[ Epoch 3 ]  - Training     loss : 0.14877 , acc : 0.951 , elapse : 0.31844 min  - Validation   loss : 0.12456 , acc : 0.956 , elapse : 0.05612 min    - [Info] The checkpoint file has been updated.
[ Epoch 4 ]  - Training     loss : 0.12728 , acc : 0.955 , elapse : 0.31549 min  - Validation   loss : 0.11402 , acc : 0.960 , elapse : 0.05707 min    - [Info] The checkpoint file has been updated.
[ Epoch 5 ]  - Training     loss : 0.11970 , acc : 0.958 , elapse : 0.31754 min  - Validation   loss : 0.11054 , acc : 0.961 , elapse : 0.05699 min    - [Info] The checkpoint file has been updated.
[ Epoch 6 ]  - Training     loss : 0.11534 , acc : 0.959 , elapse : 0.32276 min  - Validation   loss : 0.09783 , acc : 0.967 , elapse : 0.05402 min    - [Info] The checkpoint file has been updated.
[ Epoch 7 ]  - Training     loss : 0.10303 , acc : 0.964 , elapse : 0.31931 min  - Validation   loss : 0.08971 , acc : 0.970 , elapse : 0.05573 min    - [Info] The checkpoint file has been updated.
[ Epoch 8 ]  - Training     loss : 0.09498 , acc : 0.967 , elapse : 0.31769 min  - Validation   loss : 0.08006 , acc : 0.972 , elapse : 0.05660 min    - [Info] The checkpoint file has been updated.
[ Epoch 9 ]  - Training     loss : 0.08738 , acc : 0.969 , elapse : 0.31527 min  - Validation   loss : 0.07700 , acc : 0.974 , elapse : 0.05672 min    - [Info] The checkpoint file has been updated.
[ Epoch 10 ]  - Training     loss : 0.08347 , acc : 0.971 , elapse : 0.31672 min  - Validation   loss : 0.07445 , acc : 0.974 , elapse : 0.05469 min    - [Info] The checkpoint file has been updated.
[ Epoch 11 ]  - Training     loss : 0.08126 , acc : 0.971 , elapse : 0.31931 min  - Validation   loss : 0.07488 , acc : 0.974 , elapse : 0.05446 min
[ Epoch 12 ]  - Training     loss : 0.08297 , acc : 0.971 , elapse : 0.31874 min  - Validation   loss : 0.07170 , acc : 0.975 , elapse : 0.05643 min    - [Info] The checkpoint file has been updated.
[ Epoch 13 ]  - Training     loss : 0.07909 , acc : 0.972 , elapse : 0.31623 min  - Validation   loss : 0.06753 , acc : 0.976 , elapse : 0.05608 min    - [Info] The checkpoint file has been updated.
[ Epoch 14 ]  - Training     loss : 0.07443 , acc : 0.973 , elapse : 0.31773 min  - Validation   loss : 0.06422 , acc : 0.978 , elapse : 0.05656 min    - [Info] The checkpoint file has been updated.
[ Epoch 15 ]  - Training     loss : 0.06900 , acc : 0.975 , elapse : 0.31836 min  - Validation   loss : 0.06036 , acc : 0.978 , elapse : 0.05465 min    - [Info] The checkpoint file has been updated.
[ Epoch 16 ]  - Training     loss : 0.06532 , acc : 0.976 , elapse : 0.32066 min  - Validation   loss : 0.05732 , acc : 0.979 , elapse : 0.05456 min    - [Info] The checkpoint file has been updated.
[ Epoch 17 ]  - Training     loss : 0.06329 , acc : 0.977 , elapse : 0.31891 min  - Validation   loss : 0.05625 , acc : 0.979 , elapse : 0.05597 min    - [Info] The checkpoint file has been updated.
[ Epoch 18 ]  - Training     loss : 0.05989 , acc : 0.978 , elapse : 0.31829 min  - Validation   loss : 0.05445 , acc : 0.980 , elapse : 0.05698 min    - [Info] The checkpoint file has been updated.
[ Epoch 19 ]  - Training     loss : 0.05828 , acc : 0.978 , elapse : 0.31576 min  - Validation   loss : 0.05341 , acc : 0.980 , elapse : 0.05624 min    - [Info] The checkpoint file has been updated.
[ Epoch 20 ]  - Training     loss : 0.05612 , acc : 0.979 , elapse : 0.31798 min  - Validation   loss : 0.05413 , acc : 0.980 , elapse : 0.05640 min
[ Epoch 21 ]  - Training     loss : 0.05510 , acc : 0.979 , elapse : 0.32097 min  - Validation   loss : 0.05343 , acc : 0.981 , elapse : 0.05373 min
[ Epoch 22 ]  - Training     loss : 0.05345 , acc : 0.979 , elapse : 0.31997 min  - Validation   loss : 0.05296 , acc : 0.981 , elapse : 0.05540 min    - [Info] The checkpoint file has been updated.
[ Epoch 23 ]  - Training     loss : 0.05314 , acc : 0.980 , elapse : 0.31777 min  - Validation   loss : 0.05335 , acc : 0.980 , elapse : 0.05646 min
[ Epoch 24 ]  - Training     loss : 0.05443 , acc : 0.979 , elapse : 0.31710 min  - Validation   loss : 0.05313 , acc : 0.981 , elapse : 0.05655 min
[ Epoch 25 ]  - Training     loss : 0.05735 , acc : 0.978 , elapse : 0.31694 min  - Validation   loss : 0.05269 , acc : 0.981 , elapse : 0.05565 min    - [Info] The checkpoint file has been updated.
[ Epoch 26 ]  - Training     loss : 0.05544 , acc : 0.979 , elapse : 0.32048 min  - Validation   loss : 0.05008 , acc : 0.982 , elapse : 0.05429 min    - [Info] The checkpoint file has been updated.
[ Epoch 27 ]  - Training     loss : 0.05269 , acc : 0.980 , elapse : 0.31799 min  - Validation   loss : 0.04937 , acc : 0.981 , elapse : 0.05589 min
[ Epoch 28 ]  - Training     loss : 0.05063 , acc : 0.980 , elapse : 0.31550 min  - Validation   loss : 0.04676 , acc : 0.983 , elapse : 0.05698 min    - [Info] The checkpoint file has been updated.
[ Epoch 29 ]  - Training     loss : 0.04878 , acc : 0.981 , elapse : 0.31607 min  - Validation   loss : 0.04603 , acc : 0.983 , elapse : 0.05641 min    - [Info] The checkpoint file has been updated.
[ Epoch 30 ]  - Training     loss : 0.04658 , acc : 0.982 , elapse : 0.31845 min  - Validation   loss : 0.04496 , acc : 0.983 , elapse : 0.05529 min    - [Info] The checkpoint file has been updated.
[ Epoch 31 ]  - Training     loss : 0.04559 , acc : 0.982 , elapse : 0.31884 min  - Validation   loss : 0.04442 , acc : 0.984 , elapse : 0.05429 min    - [Info] The checkpoint file has been updated.
[ Epoch 32 ]  - Training     loss : 0.04355 , acc : 0.983 , elapse : 0.31980 min  - Validation   loss : 0.04313 , acc : 0.984 , elapse : 0.05492 min    - [Info] The checkpoint file has been updated.
[ Epoch 33 ]  - Training     loss : 0.04244 , acc : 0.983 , elapse : 0.31712 min  - Validation   loss : 0.04194 , acc : 0.985 , elapse : 0.05656 min    - [Info] The checkpoint file has been updated.
[ Epoch 34 ]  - Training     loss : 0.04031 , acc : 0.983 , elapse : 0.31552 min  - Validation   loss : 0.04247 , acc : 0.984 , elapse : 0.05708 min
[ Epoch 35 ]  - Training     loss : 0.03974 , acc : 0.984 , elapse : 0.31514 min  - Validation   loss : 0.04113 , acc : 0.985 , elapse : 0.05688 min    - [Info] The checkpoint file has been updated.
[ Epoch 36 ]  - Training     loss : 0.03844 , acc : 0.984 , elapse : 0.31854 min  - Validation   loss : 0.04069 , acc : 0.985 , elapse : 0.05529 min    - [Info] The checkpoint file has been updated.
[ Epoch 37 ]  - Training     loss : 0.03720 , acc : 0.984 , elapse : 0.31960 min  - Validation   loss : 0.04082 , acc : 0.985 , elapse : 0.05466 min
[ Epoch 38 ]  - Training     loss : 0.03566 , acc : 0.985 , elapse : 0.32018 min  - Validation   loss : 0.04126 , acc : 0.985 , elapse : 0.05684 min
[ Epoch 39 ]  - Training     loss : 0.03530 , acc : 0.985 , elapse : 0.31811 min  - Validation   loss : 0.03986 , acc : 0.985 , elapse : 0.05631 min    - [Info] The checkpoint file has been updated.
[ Epoch 40 ]  - Training     loss : 0.03443 , acc : 0.985 , elapse : 0.31626 min  - Validation   loss : 0.04003 , acc : 0.986 , elapse : 0.05661 min
[ Epoch 41 ]  - Training     loss : 0.03433 , acc : 0.985 , elapse : 0.31854 min  - Validation   loss : 0.03911 , acc : 0.986 , elapse : 0.05440 min    - [Info] The checkpoint file has been updated.
[ Epoch 42 ]  - Training     loss : 0.03312 , acc : 0.986 , elapse : 0.32008 min  - Validation   loss : 0.04000 , acc : 0.985 , elapse : 0.05626 min
[ Epoch 43 ]  - Training     loss : 0.03295 , acc : 0.986 , elapse : 0.31819 min  - Validation   loss : 0.03973 , acc : 0.986 , elapse : 0.05657 min
[ Epoch 44 ]  - Training     loss : 0.03222 , acc : 0.986 , elapse : 0.31728 min  - Validation   loss : 0.03968 , acc : 0.986 , elapse : 0.05699 min
[ Epoch 45 ]  - Training     loss : 0.03230 , acc : 0.986 , elapse : 0.31744 min  - Validation   loss : 0.03944 , acc : 0.986 , elapse : 0.05692 min
[ Epoch 46 ]  - Training     loss : 0.03238 , acc : 0.986 , elapse : 0.31850 min  - Validation   loss : 0.03959 , acc : 0.986 , elapse : 0.05530 min
[ Epoch 47 ]  - Training     loss : 0.03154 , acc : 0.986 , elapse : 0.31921 min  - Validation   loss : 0.03952 , acc : 0.986 , elapse : 0.05420 min
[ Epoch 48 ]  - Training     loss : 0.03228 , acc : 0.986 , elapse : 0.31862 min  - Validation   loss : 0.03952 , acc : 0.986 , elapse : 0.05629 min
[ Epoch 49 ]  - Training     loss : 0.03518 , acc : 0.985 , elapse : 0.31675 min  - Validation   loss : 0.04008 , acc : 0.986 , elapse : 0.05715 min
[ Epoch 50 ]  - Training     loss : 0.03610 , acc : 0.985 , elapse : 0.31673 min  - Validation   loss : 0.04057 , acc : 0.985 , elapse : 0.05634 min
[ Epoch 51 ]  - Training     loss : 0.03445 , acc : 0.985 , elapse : 0.31710 min  - Validation   loss : 0.03947 , acc : 0.986 , elapse : 0.05547 min
[ Epoch 52 ]  - Training     loss : 0.03424 , acc : 0.985 , elapse : 0.32070 min  - Validation   loss : 0.03844 , acc : 0.986 , elapse : 0.05459 min    - [Info] The checkpoint file has been updated.
[ Epoch 53 ]  - Training     loss : 0.03363 , acc : 0.985 , elapse : 0.32136 min  - Validation   loss : 0.03814 , acc : 0.987 , elapse : 0.05477 min    - [Info] The checkpoint file has been updated.
[ Epoch 54 ]  - Training     loss : 0.03235 , acc : 0.986 , elapse : 0.31797 min  - Validation   loss : 0.03772 , acc : 0.987 , elapse : 0.05709 min    - [Info] The checkpoint file has been updated.
[ Epoch 55 ]  - Training     loss : 0.03146 , acc : 0.986 , elapse : 0.31572 min  - Validation   loss : 0.03807 , acc : 0.987 , elapse : 0.05687 min
[ Epoch 56 ]  - Training     loss : 0.03077 , acc : 0.986 , elapse : 0.31848 min  - Validation   loss : 0.03667 , acc : 0.987 , elapse : 0.05637 min    - [Info] The checkpoint file has been updated.
[ Epoch 57 ]  - Training     loss : 0.03028 , acc : 0.987 , elapse : 0.31800 min  - Validation   loss : 0.03683 , acc : 0.987 , elapse : 0.05383 min
[ Epoch 58 ]  - Training     loss : 0.02878 , acc : 0.987 , elapse : 0.32092 min  - Validation   loss : 0.03612 , acc : 0.987 , elapse : 0.05454 min
[ Epoch 59 ]  - Training     loss : 0.02808 , acc : 0.987 , elapse : 0.31936 min  - Validation   loss : 0.03740 , acc : 0.987 , elapse : 0.05606 min
[ Epoch 60 ]  - Training     loss : 0.02760 , acc : 0.987 , elapse : 0.31764 min  - Validation   loss : 0.03638 , acc : 0.987 , elapse : 0.05662 min
[ Epoch 61 ]  - Training     loss : 0.02636 , acc : 0.988 , elapse : 0.31680 min  - Validation   loss : 0.03635 , acc : 0.987 , elapse : 0.05627 min
[ Epoch 62 ]  - Training     loss : 0.02624 , acc : 0.988 , elapse : 0.31786 min  - Validation   loss : 0.03450 , acc : 0.988 , elapse : 0.05568 min    - [Info] The checkpoint file has been updated.
[ Epoch 63 ]  - Training     loss : 0.02547 , acc : 0.988 , elapse : 0.31908 min  - Validation   loss : 0.03438 , acc : 0.988 , elapse : 0.05427 min    - [Info] The checkpoint file has been updated.
[ Epoch 64 ]  - Training     loss : 0.02474 , acc : 0.988 , elapse : 0.31843 min  - Validation   loss : 0.03486 , acc : 0.988 , elapse : 0.05559 min
[ Epoch 65 ]  - Training     loss : 0.02371 , acc : 0.989 , elapse : 0.31699 min  - Validation   loss : 0.03427 , acc : 0.988 , elapse : 0.05644 min    - [Info] The checkpoint file has been updated.
[ Epoch 66 ]  - Training     loss : 0.02339 , acc : 0.989 , elapse : 0.31707 min  - Validation   loss : 0.03465 , acc : 0.988 , elapse : 0.05659 min
[ Epoch 67 ]  - Training     loss : 0.02298 , acc : 0.989 , elapse : 0.31775 min  - Validation   loss : 0.03344 , acc : 0.989 , elapse : 0.05595 min    - [Info] The checkpoint file has been updated.
[ Epoch 68 ]  - Training     loss : 0.02213 , acc : 0.989 , elapse : 0.31937 min  - Validation   loss : 0.03419 , acc : 0.989 , elapse : 0.05532 min
[ Epoch 69 ]  - Training     loss : 0.02160 , acc : 0.990 , elapse : 0.31780 min  - Validation   loss : 0.03347 , acc : 0.989 , elapse : 0.05654 min
[ Epoch 70 ]  - Training     loss : 0.02061 , acc : 0.990 , elapse : 0.31599 min  - Validation   loss : 0.03324 , acc : 0.989 , elapse : 0.05666 min    - [Info] The checkpoint file has been updated.
[ Epoch 71 ]  - Training     loss : 0.02023 , acc : 0.990 , elapse : 0.31620 min  - Validation   loss : 0.03246 , acc : 0.989 , elapse : 0.05622 min    - [Info] The checkpoint file has been updated.
[ Epoch 72 ]  - Training     loss : 0.01991 , acc : 0.990 , elapse : 0.31952 min  - Validation   loss : 0.03311 , acc : 0.989 , elapse : 0.05393 min
[ Epoch 73 ]  - Training     loss : 0.01945 , acc : 0.990 , elapse : 0.31879 min  - Validation   loss : 0.03227 , acc : 0.989 , elapse : 0.05647 min
[ Epoch 74 ]  - Training     loss : 0.01911 , acc : 0.990 , elapse : 0.31600 min  - Validation   loss : 0.03253 , acc : 0.989 , elapse : 0.05720 min
[ Epoch 75 ]  - Training     loss : 0.01843 , acc : 0.991 , elapse : 0.31602 min  - Validation   loss : 0.03229 , acc : 0.989 , elapse : 0.05668 min
[ Epoch 76 ]  - Training     loss : 0.01847 , acc : 0.991 , elapse : 0.31781 min  - Validation   loss : 0.03258 , acc : 0.989 , elapse : 0.05556 min
[ Epoch 77 ]  - Training     loss : 0.01780 , acc : 0.991 , elapse : 0.32165 min  - Validation   loss : 0.03237 , acc : 0.989 , elapse : 0.05440 min
[ Epoch 78 ]  - Training     loss : 0.01714 , acc : 0.991 , elapse : 0.31875 min  - Validation   loss : 0.03098 , acc : 0.989 , elapse : 0.05570 min    - [Info] The checkpoint file has been updated.
[ Epoch 79 ]  - Training     loss : 0.01739 , acc : 0.991 , elapse : 0.31614 min  - Validation   loss : 0.03139 , acc : 0.989 , elapse : 0.05645 min
[ Epoch 80 ]  - Training     loss : 0.01687 , acc : 0.992 , elapse : 0.31538 min  - Validation   loss : 0.03178 , acc : 0.989 , elapse : 0.05709 min
[ Epoch 81 ]  - Training     loss : 0.01663 , acc : 0.992 , elapse : 0.31772 min  - Validation   loss : 0.03185 , acc : 0.989 , elapse : 0.05590 min
[ Epoch 82 ]  - Training     loss : 0.01636 , acc : 0.992 , elapse : 0.31912 min  - Validation   loss : 0.03161 , acc : 0.989 , elapse : 0.05474 min
[ Epoch 83 ]  - Training     loss : 0.01569 , acc : 0.992 , elapse : 0.31941 min  - Validation   loss : 0.03148 , acc : 0.990 , elapse : 0.05564 min
[ Epoch 84 ]  - Training     loss : 0.01583 , acc : 0.992 , elapse : 0.31829 min  - Validation   loss : 0.03122 , acc : 0.989 , elapse : 0.05597 min
[ Epoch 85 ]  - Training     loss : 0.01566 , acc : 0.992 , elapse : 0.31591 min  - Validation   loss : 0.03084 , acc : 0.990 , elapse : 0.05610 min    - [Info] The checkpoint file has been updated.
[ Epoch 86 ]  - Training     loss : 0.01568 , acc : 0.992 , elapse : 0.32100 min  - Validation   loss : 0.03160 , acc : 0.990 , elapse : 0.05514 min
[ Epoch 87 ]  - Training     loss : 0.01505 , acc : 0.992 , elapse : 0.32084 min  - Validation   loss : 0.03155 , acc : 0.990 , elapse : 0.05511 min
[ Epoch 88 ]  - Training     loss : 0.01551 , acc : 0.992 , elapse : 0.32056 min  - Validation   loss : 0.03138 , acc : 0.990 , elapse : 0.05557 min
[ Epoch 89 ]  - Training     loss : 0.01550 , acc : 0.992 , elapse : 0.31811 min  - Validation   loss : 0.03134 , acc : 0.990 , elapse : 0.05670 min
[ Epoch 90 ]  - Training     loss : 0.01518 , acc : 0.992 , elapse : 0.31704 min  - Validation   loss : 0.03153 , acc : 0.990 , elapse : 0.05639 min
[ Epoch 91 ]  - Training     loss : 0.01493 , acc : 0.992 , elapse : 0.31686 min  - Validation   loss : 0.03171 , acc : 0.989 , elapse : 0.05729 min
[ Epoch 92 ]  - Training     loss : 0.01508 , acc : 0.992 , elapse : 0.31792 min  - Validation   loss : 0.03148 , acc : 0.990 , elapse : 0.05727 min
[ Epoch 93 ]  - Training     loss : 0.01494 , acc : 0.992 , elapse : 0.31854 min  - Validation   loss : 0.03151 , acc : 0.990 , elapse : 0.05530 min
[ Epoch 94 ]  - Training     loss : 0.01448 , acc : 0.992 , elapse : 0.31970 min  - Validation   loss : 0.03155 , acc : 0.990 , elapse : 0.05485 min
[ Epoch 95 ]  - Training     loss : 0.01470 , acc : 0.992 , elapse : 0.31866 min  - Validation   loss : 0.03146 , acc : 0.990 , elapse : 0.05645 min
[ Epoch 96 ]  - Training     loss : 0.01482 , acc : 0.992 , elapse : 0.31763 min  - Validation   loss : 0.03145 , acc : 0.990 , elapse : 0.05698 min
[ Epoch 97 ]  - Training     loss : 0.01429 , acc : 0.992 , elapse : 0.31631 min  - Validation   loss : 0.03144 , acc : 0.990 , elapse : 0.05681 min
[ Epoch 98 ]  - Training     loss : 0.01672 , acc : 0.991 , elapse : 0.31609 min  - Validation   loss : 0.03294 , acc : 0.989 , elapse : 0.05695 min
[ Epoch 99 ]  - Training     loss : 0.01770 , acc : 0.991 , elapse : 0.31748 min  - Validation   loss : 0.03238 , acc : 0.989 , elapse : 0.05495 min
Finish training ~ v ~
~~~~~~~~~~~~~~~~~~~~~~~~~~~~~
2th fold (total : 5)
Create model...
Start training...
[ Epoch 0 ]  - Training     loss : 0.26578 , acc : 0.911 , elapse : 0.32204 min  - Validation   loss : 0.20959 , acc : 0.929 , elapse : 0.05454 min    - [Info] The checkpoint file has been updated.
[ Epoch 1 ]  - Training     loss : 0.19529 , acc : 0.938 , elapse : 0.31970 min  - Validation   loss : 0.17022 , acc : 0.945 , elapse : 0.05612 min    - [Info] The checkpoint file has been updated.
[ Epoch 2 ]  - Training     loss : 0.16674 , acc : 0.946 , elapse : 0.31711 min  - Validation   loss : 0.15719 , acc : 0.949 , elapse : 0.05706 min    - [Info] The checkpoint file has been updated.
[ Epoch 3 ]  - Training     loss : 0.14945 , acc : 0.951 , elapse : 0.31609 min  - Validation   loss : 0.12749 , acc : 0.959 , elapse : 0.05734 min    - [Info] The checkpoint file has been updated.
[ Epoch 4 ]  - Training     loss : 0.12618 , acc : 0.957 , elapse : 0.31761 min  - Validation   loss : 0.11208 , acc : 0.963 , elapse : 0.05492 min    - [Info] The checkpoint file has been updated.
[ Epoch 5 ]  - Training     loss : 0.11656 , acc : 0.960 , elapse : 0.31988 min  - Validation   loss : 0.10949 , acc : 0.964 , elapse : 0.05470 min    - [Info] The checkpoint file has been updated.
[ Epoch 6 ]  - Training     loss : 0.11135 , acc : 0.962 , elapse : 0.31680 min  - Validation   loss : 0.09465 , acc : 0.969 , elapse : 0.05667 min    - [Info] The checkpoint file has been updated.
[ Epoch 7 ]  - Training     loss : 0.09896 , acc : 0.966 , elapse : 0.31468 min  - Validation   loss : 0.08367 , acc : 0.973 , elapse : 0.05651 min    - [Info] The checkpoint file has been updated.
[ Epoch 8 ]  - Training     loss : 0.08881 , acc : 0.969 , elapse : 0.31729 min  - Validation   loss : 0.07755 , acc : 0.975 , elapse : 0.05535 min    - [Info] The checkpoint file has been updated.
[ Epoch 9 ]  - Training     loss : 0.08187 , acc : 0.971 , elapse : 0.31917 min  - Validation   loss : 0.07376 , acc : 0.976 , elapse : 0.05521 min    - [Info] The checkpoint file has been updated.
[ Epoch 10 ]  - Training     loss : 0.07739 , acc : 0.973 , elapse : 0.31793 min  - Validation   loss : 0.07182 , acc : 0.977 , elapse : 0.05642 min    - [Info] The checkpoint file has been updated.
[ Epoch 11 ]  - Training     loss : 0.07633 , acc : 0.973 , elapse : 0.31569 min  - Validation   loss : 0.07132 , acc : 0.977 , elapse : 0.05585 min    - [Info] The checkpoint file has been updated.
[ Epoch 12 ]  - Training     loss : 0.07768 , acc : 0.973 , elapse : 0.31609 min  - Validation   loss : 0.06968 , acc : 0.977 , elapse : 0.05651 min
[ Epoch 13 ]  - Training     loss : 0.07354 , acc : 0.974 , elapse : 0.31927 min  - Validation   loss : 0.06496 , acc : 0.978 , elapse : 0.05422 min    - [Info] The checkpoint file has been updated.
[ Epoch 14 ]  - Training     loss : 0.06865 , acc : 0.975 , elapse : 0.31845 min  - Validation   loss : 0.06244 , acc : 0.980 , elapse : 0.05588 min    - [Info] The checkpoint file has been updated.
[ Epoch 15 ]  - Training     loss : 0.06457 , acc : 0.977 , elapse : 0.31738 min  - Validation   loss : 0.05843 , acc : 0.981 , elapse : 0.05606 min    - [Info] The checkpoint file has been updated.
[ Epoch 16 ]  - Training     loss : 0.06068 , acc : 0.978 , elapse : 0.31840 min  - Validation   loss : 0.05615 , acc : 0.982 , elapse : 0.05713 min    - [Info] The checkpoint file has been updated.
[ Epoch 17 ]  - Training     loss : 0.05831 , acc : 0.979 , elapse : 0.31673 min  - Validation   loss : 0.05537 , acc : 0.982 , elapse : 0.05553 min    - [Info] The checkpoint file has been updated.
[ Epoch 18 ]  - Training     loss : 0.05576 , acc : 0.979 , elapse : 0.31874 min  - Validation   loss : 0.05351 , acc : 0.982 , elapse : 0.05459 min    - [Info] The checkpoint file has been updated.
[ Epoch 19 ]  - Training     loss : 0.05364 , acc : 0.980 , elapse : 0.31941 min  - Validation   loss : 0.05256 , acc : 0.983 , elapse : 0.05447 min    - [Info] The checkpoint file has been updated.
[ Epoch 20 ]  - Training     loss : 0.05167 , acc : 0.981 , elapse : 0.31738 min  - Validation   loss : 0.05157 , acc : 0.983 , elapse : 0.05647 min    - [Info] The checkpoint file has been updated.
[ Epoch 21 ]  - Training     loss : 0.05083 , acc : 0.981 , elapse : 0.31538 min  - Validation   loss : 0.05106 , acc : 0.983 , elapse : 0.05621 min
[ Epoch 22 ]  - Training     loss : 0.04987 , acc : 0.981 , elapse : 0.31799 min  - Validation   loss : 0.05077 , acc : 0.983 , elapse : 0.05598 min    - [Info] The checkpoint file has been updated.
[ Epoch 23 ]  - Training     loss : 0.04964 , acc : 0.981 , elapse : 0.31865 min  - Validation   loss : 0.05056 , acc : 0.984 , elapse : 0.05436 min    - [Info] The checkpoint file has been updated.
[ Epoch 24 ]  - Training     loss : 0.05091 , acc : 0.981 , elapse : 0.31806 min  - Validation   loss : 0.05220 , acc : 0.983 , elapse : 0.05665 min
[ Epoch 25 ]  - Training     loss : 0.05221 , acc : 0.980 , elapse : 0.31849 min  - Validation   loss : 0.04946 , acc : 0.984 , elapse : 0.05636 min
[ Epoch 26 ]  - Training     loss : 0.05039 , acc : 0.981 , elapse : 0.31646 min  - Validation   loss : 0.04859 , acc : 0.984 , elapse : 0.05707 min    - [Info] The checkpoint file has been updated.
[ Epoch 27 ]  - Training     loss : 0.04770 , acc : 0.982 , elapse : 0.31638 min  - Validation   loss : 0.04947 , acc : 0.984 , elapse : 0.05555 min
[ Epoch 28 ]  - Training     loss : 0.04613 , acc : 0.982 , elapse : 0.31747 min  - Validation   loss : 0.04646 , acc : 0.985 , elapse : 0.05418 min    - [Info] The checkpoint file has been updated.
[ Epoch 29 ]  - Training     loss : 0.04466 , acc : 0.983 , elapse : 0.32001 min  - Validation   loss : 0.04491 , acc : 0.985 , elapse : 0.05624 min    - [Info] The checkpoint file has been updated.
[ Epoch 30 ]  - Training     loss : 0.04321 , acc : 0.983 , elapse : 0.31669 min  - Validation   loss : 0.04483 , acc : 0.985 , elapse : 0.05697 min
[ Epoch 31 ]  - Training     loss : 0.04137 , acc : 0.983 , elapse : 0.31663 min  - Validation   loss : 0.04411 , acc : 0.985 , elapse : 0.05643 min
[ Epoch 32 ]  - Training     loss : 0.03935 , acc : 0.984 , elapse : 0.31626 min  - Validation   loss : 0.04374 , acc : 0.986 , elapse : 0.05654 min    - [Info] The checkpoint file has been updated.
[ Epoch 33 ]  - Training     loss : 0.03821 , acc : 0.984 , elapse : 0.32001 min  - Validation   loss : 0.04217 , acc : 0.986 , elapse : 0.05493 min    - [Info] The checkpoint file has been updated.
[ Epoch 34 ]  - Training     loss : 0.03712 , acc : 0.985 , elapse : 0.32028 min  - Validation   loss : 0.04234 , acc : 0.986 , elapse : 0.05565 min
[ Epoch 35 ]  - Training     loss : 0.03555 , acc : 0.985 , elapse : 0.31760 min  - Validation   loss : 0.04155 , acc : 0.986 , elapse : 0.05633 min    - [Info] The checkpoint file has been updated.
[ Epoch 36 ]  - Training     loss : 0.03433 , acc : 0.985 , elapse : 0.31584 min  - Validation   loss : 0.04055 , acc : 0.987 , elapse : 0.05664 min    - [Info] The checkpoint file has been updated.
[ Epoch 37 ]  - Training     loss : 0.03340 , acc : 0.986 , elapse : 0.31630 min  - Validation   loss : 0.04121 , acc : 0.987 , elapse : 0.05703 min
[ Epoch 38 ]  - Training     loss : 0.03212 , acc : 0.986 , elapse : 0.31612 min  - Validation   loss : 0.04012 , acc : 0.987 , elapse : 0.05542 min    - [Info] The checkpoint file has been updated.
[ Epoch 39 ]  - Training     loss : 0.03119 , acc : 0.986 , elapse : 0.31877 min  - Validation   loss : 0.04071 , acc : 0.987 , elapse : 0.05363 min
[ Epoch 40 ]  - Training     loss : 0.03019 , acc : 0.987 , elapse : 0.31856 min  - Validation   loss : 0.03998 , acc : 0.987 , elapse : 0.05599 min    - [Info] The checkpoint file has been updated.
[ Epoch 41 ]  - Training     loss : 0.02957 , acc : 0.987 , elapse : 0.31550 min  - Validation   loss : 0.03964 , acc : 0.987 , elapse : 0.05654 min    - [Info] The checkpoint file has been updated.
[ Epoch 42 ]  - Training     loss : 0.02964 , acc : 0.987 , elapse : 0.31615 min  - Validation   loss : 0.03929 , acc : 0.988 , elapse : 0.05667 min    - [Info] The checkpoint file has been updated.
[ Epoch 43 ]  - Training     loss : 0.02870 , acc : 0.987 , elapse : 0.31713 min  - Validation   loss : 0.03935 , acc : 0.988 , elapse : 0.05532 min
[ Epoch 44 ]  - Training     loss : 0.02884 , acc : 0.987 , elapse : 0.31943 min  - Validation   loss : 0.03962 , acc : 0.988 , elapse : 0.05491 min
[ Epoch 45 ]  - Training     loss : 0.02850 , acc : 0.987 , elapse : 0.31775 min  - Validation   loss : 0.03960 , acc : 0.988 , elapse : 0.05588 min
[ Epoch 46 ]  - Training     loss : 0.02811 , acc : 0.987 , elapse : 0.31520 min  - Validation   loss : 0.03945 , acc : 0.988 , elapse : 0.05614 min
[ Epoch 47 ]  - Training     loss : 0.02826 , acc : 0.987 , elapse : 0.31589 min  - Validation   loss : 0.03944 , acc : 0.988 , elapse : 0.05688 min
[ Epoch 48 ]  - Training     loss : 0.02789 , acc : 0.987 , elapse : 0.31707 min  - Validation   loss : 0.03942 , acc : 0.988 , elapse : 0.05485 min
[ Epoch 49 ]  - Training     loss : 0.03061 , acc : 0.987 , elapse : 0.31958 min  - Validation   loss : 0.04110 , acc : 0.987 , elapse : 0.05463 min
[ Epoch 50 ]  - Training     loss : 0.03257 , acc : 0.986 , elapse : 0.31824 min  - Validation   loss : 0.04050 , acc : 0.987 , elapse : 0.05648 min
[ Epoch 51 ]  - Training     loss : 0.03099 , acc : 0.986 , elapse : 0.31775 min  - Validation   loss : 0.03963 , acc : 0.987 , elapse : 0.05641 min
[ Epoch 52 ]  - Training     loss : 0.03067 , acc : 0.987 , elapse : 0.31639 min  - Validation   loss : 0.03980 , acc : 0.987 , elapse : 0.05659 min
[ Epoch 53 ]  - Training     loss : 0.02975 , acc : 0.987 , elapse : 0.31819 min  - Validation   loss : 0.03941 , acc : 0.988 , elapse : 0.05436 min
[ Epoch 54 ]  - Training     loss : 0.02903 , acc : 0.987 , elapse : 0.31834 min  - Validation   loss : 0.04035 , acc : 0.988 , elapse : 0.05481 min
[ Epoch 55 ]  - Training     loss : 0.02812 , acc : 0.987 , elapse : 0.31795 min  - Validation   loss : 0.03988 , acc : 0.988 , elapse : 0.05658 min
[ Epoch 56 ]  - Training     loss : 0.02601 , acc : 0.988 , elapse : 0.31718 min  - Validation   loss : 0.03813 , acc : 0.988 , elapse : 0.05601 min    - [Info] The checkpoint file has been updated.
[ Epoch 57 ]  - Training     loss : 0.02546 , acc : 0.988 , elapse : 0.31732 min  - Validation   loss : 0.03788 , acc : 0.988 , elapse : 0.05643 min
[ Epoch 58 ]  - Training     loss : 0.02540 , acc : 0.988 , elapse : 0.31834 min  - Validation   loss : 0.03769 , acc : 0.988 , elapse : 0.05575 min    - [Info] The checkpoint file has been updated.
[ Epoch 59 ]  - Training     loss : 0.02424 , acc : 0.989 , elapse : 0.31971 min  - Validation   loss : 0.03798 , acc : 0.988 , elapse : 0.05440 min
[ Epoch 60 ]  - Training     loss : 0.02374 , acc : 0.989 , elapse : 0.31867 min  - Validation   loss : 0.03806 , acc : 0.988 , elapse : 0.05524 min
[ Epoch 61 ]  - Training     loss : 0.02317 , acc : 0.989 , elapse : 0.31702 min  - Validation   loss : 0.03842 , acc : 0.988 , elapse : 0.05625 min
[ Epoch 62 ]  - Training     loss : 0.02252 , acc : 0.989 , elapse : 0.31580 min  - Validation   loss : 0.03662 , acc : 0.988 , elapse : 0.05663 min
[ Epoch 63 ]  - Training     loss : 0.02168 , acc : 0.989 , elapse : 0.31751 min  - Validation   loss : 0.03653 , acc : 0.989 , elapse : 0.05464 min    - [Info] The checkpoint file has been updated.
[ Epoch 64 ]  - Training     loss : 0.02113 , acc : 0.990 , elapse : 0.31911 min  - Validation   loss : 0.03722 , acc : 0.989 , elapse : 0.05496 min
[ Epoch 65 ]  - Training     loss : 0.01988 , acc : 0.990 , elapse : 0.31902 min  - Validation   loss : 0.03671 , acc : 0.989 , elapse : 0.05650 min
[ Epoch 66 ]  - Training     loss : 0.02040 , acc : 0.990 , elapse : 0.31560 min  - Validation   loss : 0.03724 , acc : 0.989 , elapse : 0.05607 min
[ Epoch 67 ]  - Training     loss : 0.01993 , acc : 0.990 , elapse : 0.31582 min  - Validation   loss : 0.03753 , acc : 0.989 , elapse : 0.05654 min
[ Epoch 68 ]  - Training     loss : 0.01899 , acc : 0.991 , elapse : 0.31760 min  - Validation   loss : 0.03612 , acc : 0.989 , elapse : 0.05511 min    - [Info] The checkpoint file has been updated.
[ Epoch 69 ]  - Training     loss : 0.01850 , acc : 0.991 , elapse : 0.31947 min  - Validation   loss : 0.03549 , acc : 0.989 , elapse : 0.05403 min    - [Info] The checkpoint file has been updated.
[ Epoch 70 ]  - Training     loss : 0.01780 , acc : 0.991 , elapse : 0.31803 min  - Validation   loss : 0.03584 , acc : 0.989 , elapse : 0.05551 min
[ Epoch 71 ]  - Training     loss : 0.01750 , acc : 0.991 , elapse : 0.31678 min  - Validation   loss : 0.03494 , acc : 0.989 , elapse : 0.05700 min    - [Info] The checkpoint file has been updated.
[ Epoch 72 ]  - Training     loss : 0.01701 , acc : 0.991 , elapse : 0.31547 min  - Validation   loss : 0.03484 , acc : 0.990 , elapse : 0.05621 min    - [Info] The checkpoint file has been updated.
[ Epoch 73 ]  - Training     loss : 0.01690 , acc : 0.991 , elapse : 0.31728 min  - Validation   loss : 0.03590 , acc : 0.989 , elapse : 0.05423 min
[ Epoch 74 ]  - Training     loss : 0.01708 , acc : 0.991 , elapse : 0.31921 min  - Validation   loss : 0.03575 , acc : 0.990 , elapse : 0.05524 min
[ Epoch 75 ]  - Training     loss : 0.01637 , acc : 0.992 , elapse : 0.31805 min  - Validation   loss : 0.03557 , acc : 0.990 , elapse : 0.05704 min
[ Epoch 76 ]  - Training     loss : 0.01556 , acc : 0.992 , elapse : 0.31658 min  - Validation   loss : 0.03471 , acc : 0.990 , elapse : 0.05659 min
[ Epoch 77 ]  - Training     loss : 0.01560 , acc : 0.992 , elapse : 0.31761 min  - Validation   loss : 0.03449 , acc : 0.990 , elapse : 0.05659 min    - [Info] The checkpoint file has been updated.
[ Epoch 78 ]  - Training     loss : 0.01513 , acc : 0.992 , elapse : 0.31585 min  - Validation   loss : 0.03544 , acc : 0.990 , elapse : 0.05469 min
[ Epoch 79 ]  - Training     loss : 0.01486 , acc : 0.992 , elapse : 0.31986 min  - Validation   loss : 0.03521 , acc : 0.990 , elapse : 0.05409 min
[ Epoch 80 ]  - Training     loss : 0.01448 , acc : 0.992 , elapse : 0.31726 min  - Validation   loss : 0.03457 , acc : 0.990 , elapse : 0.05681 min
[ Epoch 81 ]  - Training     loss : 0.01424 , acc : 0.993 , elapse : 0.31618 min  - Validation   loss : 0.03497 , acc : 0.990 , elapse : 0.05661 min
[ Epoch 82 ]  - Training     loss : 0.01425 , acc : 0.993 , elapse : 0.31628 min  - Validation   loss : 0.03480 , acc : 0.990 , elapse : 0.05641 min
[ Epoch 83 ]  - Training     loss : 0.01397 , acc : 0.993 , elapse : 0.31875 min  - Validation   loss : 0.03444 , acc : 0.990 , elapse : 0.05397 min    - [Info] The checkpoint file has been updated.
[ Epoch 84 ]  - Training     loss : 0.01364 , acc : 0.993 , elapse : 0.31820 min  - Validation   loss : 0.03431 , acc : 0.990 , elapse : 0.05487 min    - [Info] The checkpoint file has been updated.
[ Epoch 85 ]  - Training     loss : 0.01355 , acc : 0.993 , elapse : 0.31630 min  - Validation   loss : 0.03434 , acc : 0.990 , elapse : 0.05647 min
[ Epoch 86 ]  - Training     loss : 0.01322 , acc : 0.993 , elapse : 0.31677 min  - Validation   loss : 0.03442 , acc : 0.990 , elapse : 0.05653 min
[ Epoch 87 ]  - Training     loss : 0.01313 , acc : 0.993 , elapse : 0.31524 min  - Validation   loss : 0.03461 , acc : 0.990 , elapse : 0.05715 min
[ Epoch 88 ]  - Training     loss : 0.01328 , acc : 0.993 , elapse : 0.31775 min  - Validation   loss : 0.03405 , acc : 0.990 , elapse : 0.05443 min    - [Info] The checkpoint file has been updated.
[ Epoch 89 ]  - Training     loss : 0.01284 , acc : 0.993 , elapse : 0.31985 min  - Validation   loss : 0.03411 , acc : 0.990 , elapse : 0.05441 min
[ Epoch 90 ]  - Training     loss : 0.01290 , acc : 0.993 , elapse : 0.31960 min  - Validation   loss : 0.03404 , acc : 0.990 , elapse : 0.05883 min
[ Epoch 91 ]  - Training     loss : 0.01247 , acc : 0.993 , elapse : 0.31863 min  - Validation   loss : 0.03427 , acc : 0.990 , elapse : 0.05637 min
[ Epoch 92 ]  - Training     loss : 0.01266 , acc : 0.993 , elapse : 0.31722 min  - Validation   loss : 0.03441 , acc : 0.990 , elapse : 0.05690 min
[ Epoch 93 ]  - Training     loss : 0.01281 , acc : 0.993 , elapse : 0.31644 min  - Validation   loss : 0.03434 , acc : 0.990 , elapse : 0.05682 min
[ Epoch 94 ]  - Training     loss : 0.01311 , acc : 0.993 , elapse : 0.31728 min  - Validation   loss : 0.03426 , acc : 0.990 , elapse : 0.05531 min
[ Epoch 95 ]  - Training     loss : 0.01254 , acc : 0.993 , elapse : 0.31936 min  - Validation   loss : 0.03419 , acc : 0.990 , elapse : 0.05461 min
[ Epoch 96 ]  - Training     loss : 0.01272 , acc : 0.993 , elapse : 0.31989 min  - Validation   loss : 0.03420 , acc : 0.990 , elapse : 0.05658 min
[ Epoch 97 ]  - Training     loss : 0.01250 , acc : 0.993 , elapse : 0.31633 min  - Validation   loss : 0.03420 , acc : 0.990 , elapse : 0.05701 min
[ Epoch 98 ]  - Training     loss : 0.01440 , acc : 0.992 , elapse : 0.31661 min  - Validation   loss : 0.03793 , acc : 0.989 , elapse : 0.05644 min
[ Epoch 99 ]  - Training     loss : 0.01580 , acc : 0.992 , elapse : 0.31594 min  - Validation   loss : 0.03782 , acc : 0.989 , elapse : 0.05696 min
Finish training ~ v ~
~~~~~~~~~~~~~~~~~~~~~~~~~~~~~
3th fold (total : 5)
Create model...
Start training...
[ Epoch 0 ]  - Training     loss : 0.25907 , acc : 0.916 , elapse : 0.31487 min  - Validation   loss : 0.21469 , acc : 0.928 , elapse : 0.05554 min    - [Info] The checkpoint file has been updated.
[ Epoch 1 ]  - Training     loss : 0.19880 , acc : 0.937 , elapse : 0.31812 min  - Validation   loss : 0.17341 , acc : 0.945 , elapse : 0.05453 min    - [Info] The checkpoint file has been updated.
[ Epoch 2 ]  - Training     loss : 0.16717 , acc : 0.946 , elapse : 0.31889 min  - Validation   loss : 0.16274 , acc : 0.946 , elapse : 0.05555 min    - [Info] The checkpoint file has been updated.
[ Epoch 3 ]  - Training     loss : 0.15208 , acc : 0.950 , elapse : 0.31633 min  - Validation   loss : 0.13441 , acc : 0.955 , elapse : 0.05636 min    - [Info] The checkpoint file has been updated.
[ Epoch 4 ]  - Training     loss : 0.12711 , acc : 0.956 , elapse : 0.31524 min  - Validation   loss : 0.11878 , acc : 0.960 , elapse : 0.05659 min    - [Info] The checkpoint file has been updated.
[ Epoch 5 ]  - Training     loss : 0.11799 , acc : 0.959 , elapse : 0.31596 min  - Validation   loss : 0.11506 , acc : 0.962 , elapse : 0.05565 min    - [Info] The checkpoint file has been updated.
[ Epoch 6 ]  - Training     loss : 0.11256 , acc : 0.961 , elapse : 0.31756 min  - Validation   loss : 0.10003 , acc : 0.966 , elapse : 0.05385 min    - [Info] The checkpoint file has been updated.
[ Epoch 7 ]  - Training     loss : 0.09951 , acc : 0.965 , elapse : 0.31852 min  - Validation   loss : 0.08870 , acc : 0.972 , elapse : 0.05502 min    - [Info] The checkpoint file has been updated.
[ Epoch 8 ]  - Training     loss : 0.09090 , acc : 0.968 , elapse : 0.31598 min  - Validation   loss : 0.08175 , acc : 0.974 , elapse : 0.05645 min    - [Info] The checkpoint file has been updated.
[ Epoch 9 ]  - Training     loss : 0.08499 , acc : 0.970 , elapse : 0.31637 min  - Validation   loss : 0.07784 , acc : 0.975 , elapse : 0.05681 min    - [Info] The checkpoint file has been updated.
[ Epoch 10 ]  - Training     loss : 0.08149 , acc : 0.971 , elapse : 0.31498 min  - Validation   loss : 0.07628 , acc : 0.975 , elapse : 0.05599 min    - [Info] The checkpoint file has been updated.
[ Epoch 11 ]  - Training     loss : 0.07920 , acc : 0.972 , elapse : 0.31651 min  - Validation   loss : 0.07526 , acc : 0.976 , elapse : 0.05537 min    - [Info] The checkpoint file has been updated.
[ Epoch 12 ]  - Training     loss : 0.08034 , acc : 0.972 , elapse : 0.31806 min  - Validation   loss : 0.07251 , acc : 0.976 , elapse : 0.05343 min    - [Info] The checkpoint file has been updated.
[ Epoch 13 ]  - Training     loss : 0.07530 , acc : 0.973 , elapse : 0.31878 min  - Validation   loss : 0.06887 , acc : 0.978 , elapse : 0.05540 min    - [Info] The checkpoint file has been updated.
[ Epoch 14 ]  - Training     loss : 0.07145 , acc : 0.974 , elapse : 0.31747 min  - Validation   loss : 0.06474 , acc : 0.979 , elapse : 0.05658 min    - [Info] The checkpoint file has been updated.
[ Epoch 15 ]  - Training     loss : 0.06688 , acc : 0.976 , elapse : 0.31403 min  - Validation   loss : 0.06270 , acc : 0.980 , elapse : 0.05622 min    - [Info] The checkpoint file has been updated.
[ Epoch 16 ]  - Training     loss : 0.06429 , acc : 0.977 , elapse : 0.31419 min  - Validation   loss : 0.05985 , acc : 0.981 , elapse : 0.05539 min    - [Info] The checkpoint file has been updated.
[ Epoch 17 ]  - Training     loss : 0.06176 , acc : 0.977 , elapse : 0.31821 min  - Validation   loss : 0.05749 , acc : 0.982 , elapse : 0.05423 min    - [Info] The checkpoint file has been updated.
[ Epoch 18 ]  - Training     loss : 0.05871 , acc : 0.978 , elapse : 0.31711 min  - Validation   loss : 0.05606 , acc : 0.982 , elapse : 0.05602 min    - [Info] The checkpoint file has been updated.
[ Epoch 19 ]  - Training     loss : 0.05830 , acc : 0.979 , elapse : 0.31595 min  - Validation   loss : 0.05451 , acc : 0.982 , elapse : 0.05663 min    - [Info] The checkpoint file has been updated.
[ Epoch 20 ]  - Training     loss : 0.05494 , acc : 0.979 , elapse : 0.31444 min  - Validation   loss : 0.05374 , acc : 0.983 , elapse : 0.05649 min    - [Info] The checkpoint file has been updated.
[ Epoch 21 ]  - Training     loss : 0.05453 , acc : 0.980 , elapse : 0.31434 min  - Validation   loss : 0.05298 , acc : 0.983 , elapse : 0.05617 min    - [Info] The checkpoint file has been updated.
[ Epoch 22 ]  - Training     loss : 0.05312 , acc : 0.980 , elapse : 0.31944 min  - Validation   loss : 0.05290 , acc : 0.983 , elapse : 0.05404 min    - [Info] The checkpoint file has been updated.
[ Epoch 23 ]  - Training     loss : 0.05262 , acc : 0.980 , elapse : 0.31942 min  - Validation   loss : 0.05278 , acc : 0.983 , elapse : 0.05484 min
[ Epoch 24 ]  - Training     loss : 0.05497 , acc : 0.980 , elapse : 0.31763 min  - Validation   loss : 0.05445 , acc : 0.983 , elapse : 0.05680 min
[ Epoch 25 ]  - Training     loss : 0.05611 , acc : 0.979 , elapse : 0.31520 min  - Validation   loss : 0.05282 , acc : 0.983 , elapse : 0.05697 min
[ Epoch 26 ]  - Training     loss : 0.05435 , acc : 0.980 , elapse : 0.31503 min  - Validation   loss : 0.05118 , acc : 0.983 , elapse : 0.05570 min    - [Info] The checkpoint file has been updated.
[ Epoch 27 ]  - Training     loss : 0.05127 , acc : 0.980 , elapse : 0.31738 min  - Validation   loss : 0.04962 , acc : 0.984 , elapse : 0.05390 min    - [Info] The checkpoint file has been updated.
[ Epoch 28 ]  - Training     loss : 0.04985 , acc : 0.981 , elapse : 0.31889 min  - Validation   loss : 0.04962 , acc : 0.984 , elapse : 0.05559 min    - [Info] The checkpoint file has been updated.
[ Epoch 29 ]  - Training     loss : 0.04792 , acc : 0.981 , elapse : 0.31512 min  - Validation   loss : 0.04685 , acc : 0.985 , elapse : 0.05660 min    - [Info] The checkpoint file has been updated.
[ Epoch 30 ]  - Training     loss : 0.04569 , acc : 0.982 , elapse : 0.31380 min  - Validation   loss : 0.04577 , acc : 0.985 , elapse : 0.05710 min    - [Info] The checkpoint file has been updated.
[ Epoch 31 ]  - Training     loss : 0.04409 , acc : 0.983 , elapse : 0.31652 min  - Validation   loss : 0.04576 , acc : 0.985 , elapse : 0.05541 min    - [Info] The checkpoint file has been updated.
[ Epoch 32 ]  - Training     loss : 0.04221 , acc : 0.983 , elapse : 0.31728 min  - Validation   loss : 0.04434 , acc : 0.986 , elapse : 0.05396 min    - [Info] The checkpoint file has been updated.
[ Epoch 33 ]  - Training     loss : 0.04117 , acc : 0.984 , elapse : 0.31757 min  - Validation   loss : 0.04368 , acc : 0.986 , elapse : 0.05677 min    - [Info] The checkpoint file has been updated.
[ Epoch 34 ]  - Training     loss : 0.03916 , acc : 0.984 , elapse : 0.31534 min  - Validation   loss : 0.04259 , acc : 0.986 , elapse : 0.05646 min    - [Info] The checkpoint file has been updated.
[ Epoch 35 ]  - Training     loss : 0.03897 , acc : 0.984 , elapse : 0.31557 min  - Validation   loss : 0.04244 , acc : 0.987 , elapse : 0.05568 min    - [Info] The checkpoint file has been updated.
[ Epoch 36 ]  - Training     loss : 0.03706 , acc : 0.985 , elapse : 0.31877 min  - Validation   loss : 0.04143 , acc : 0.987 , elapse : 0.05404 min    - [Info] The checkpoint file has been updated.
[ Epoch 37 ]  - Training     loss : 0.03647 , acc : 0.985 , elapse : 0.31730 min  - Validation   loss : 0.04140 , acc : 0.987 , elapse : 0.05548 min
[ Epoch 38 ]  - Training     loss : 0.03523 , acc : 0.985 , elapse : 0.31757 min  - Validation   loss : 0.04057 , acc : 0.987 , elapse : 0.05648 min    - [Info] The checkpoint file has been updated.
[ Epoch 39 ]  - Training     loss : 0.03461 , acc : 0.985 , elapse : 0.31505 min  - Validation   loss : 0.04048 , acc : 0.987 , elapse : 0.05646 min
[ Epoch 40 ]  - Training     loss : 0.03387 , acc : 0.985 , elapse : 0.31481 min  - Validation   loss : 0.03942 , acc : 0.987 , elapse : 0.05657 min    - [Info] The checkpoint file has been updated.
[ Epoch 41 ]  - Training     loss : 0.03355 , acc : 0.986 , elapse : 0.31774 min  - Validation   loss : 0.03910 , acc : 0.988 , elapse : 0.05504 min    - [Info] The checkpoint file has been updated.
[ Epoch 42 ]  - Training     loss : 0.03233 , acc : 0.986 , elapse : 0.31822 min  - Validation   loss : 0.03891 , acc : 0.988 , elapse : 0.05451 min    - [Info] The checkpoint file has been updated.
[ Epoch 43 ]  - Training     loss : 0.03253 , acc : 0.986 , elapse : 0.31767 min  - Validation   loss : 0.03888 , acc : 0.988 , elapse : 0.05562 min
[ Epoch 44 ]  - Training     loss : 0.03211 , acc : 0.986 , elapse : 0.31627 min  - Validation   loss : 0.03855 , acc : 0.988 , elapse : 0.05656 min
[ Epoch 45 ]  - Training     loss : 0.03141 , acc : 0.986 , elapse : 0.31488 min  - Validation   loss : 0.03864 , acc : 0.988 , elapse : 0.05625 min
[ Epoch 46 ]  - Training     loss : 0.03125 , acc : 0.987 , elapse : 0.31717 min  - Validation   loss : 0.03846 , acc : 0.988 , elapse : 0.05514 min    - [Info] The checkpoint file has been updated.
[ Epoch 47 ]  - Training     loss : 0.03119 , acc : 0.987 , elapse : 0.31905 min  - Validation   loss : 0.03844 , acc : 0.988 , elapse : 0.05409 min    - [Info] The checkpoint file has been updated.
[ Epoch 48 ]  - Training     loss : 0.03123 , acc : 0.986 , elapse : 0.31813 min  - Validation   loss : 0.03843 , acc : 0.988 , elapse : 0.05583 min    - [Info] The checkpoint file has been updated.
[ Epoch 49 ]  - Training     loss : 0.03538 , acc : 0.985 , elapse : 0.31436 min  - Validation   loss : 0.04117 , acc : 0.987 , elapse : 0.05714 min
[ Epoch 50 ]  - Training     loss : 0.03564 , acc : 0.985 , elapse : 0.31584 min  - Validation   loss : 0.03935 , acc : 0.987 , elapse : 0.05617 min
[ Epoch 51 ]  - Training     loss : 0.03431 , acc : 0.985 , elapse : 0.31737 min  - Validation   loss : 0.03856 , acc : 0.987 , elapse : 0.05450 min
[ Epoch 52 ]  - Training     loss : 0.03315 , acc : 0.986 , elapse : 0.31832 min  - Validation   loss : 0.03843 , acc : 0.988 , elapse : 0.05472 min
[ Epoch 53 ]  - Training     loss : 0.03190 , acc : 0.986 , elapse : 0.31661 min  - Validation   loss : 0.03830 , acc : 0.988 , elapse : 0.05661 min
[ Epoch 54 ]  - Training     loss : 0.03138 , acc : 0.986 , elapse : 0.31460 min  - Validation   loss : 0.03719 , acc : 0.988 , elapse : 0.05674 min    - [Info] The checkpoint file has been updated.
[ Epoch 55 ]  - Training     loss : 0.03057 , acc : 0.987 , elapse : 0.31490 min  - Validation   loss : 0.03754 , acc : 0.988 , elapse : 0.05539 min
[ Epoch 56 ]  - Training     loss : 0.02982 , acc : 0.987 , elapse : 0.31846 min  - Validation   loss : 0.03730 , acc : 0.988 , elapse : 0.05428 min
[ Epoch 57 ]  - Training     loss : 0.02898 , acc : 0.987 , elapse : 0.31829 min  - Validation   loss : 0.03660 , acc : 0.989 , elapse : 0.05597 min    - [Info] The checkpoint file has been updated.
[ Epoch 58 ]  - Training     loss : 0.02743 , acc : 0.987 , elapse : 0.31613 min  - Validation   loss : 0.03692 , acc : 0.988 , elapse : 0.05654 min
[ Epoch 59 ]  - Training     loss : 0.02779 , acc : 0.987 , elapse : 0.31475 min  - Validation   loss : 0.03639 , acc : 0.988 , elapse : 0.05622 min
[ Epoch 60 ]  - Training     loss : 0.02670 , acc : 0.988 , elapse : 0.31730 min  - Validation   loss : 0.03562 , acc : 0.989 , elapse : 0.05540 min    - [Info] The checkpoint file has been updated.
[ Epoch 61 ]  - Training     loss : 0.02627 , acc : 0.988 , elapse : 0.31800 min  - Validation   loss : 0.03551 , acc : 0.989 , elapse : 0.05384 min    - [Info] The checkpoint file has been updated.
[ Epoch 62 ]  - Training     loss : 0.02526 , acc : 0.988 , elapse : 0.31821 min  - Validation   loss : 0.03521 , acc : 0.989 , elapse : 0.05588 min    - [Info] The checkpoint file has been updated.
[ Epoch 63 ]  - Training     loss : 0.02517 , acc : 0.988 , elapse : 0.31656 min  - Validation   loss : 0.03436 , acc : 0.989 , elapse : 0.05585 min    - [Info] The checkpoint file has been updated.
[ Epoch 64 ]  - Training     loss : 0.02418 , acc : 0.988 , elapse : 0.31800 min  - Validation   loss : 0.03485 , acc : 0.989 , elapse : 0.05622 min
[ Epoch 65 ]  - Training     loss : 0.02341 , acc : 0.989 , elapse : 0.31847 min  - Validation   loss : 0.03472 , acc : 0.989 , elapse : 0.05414 min
[ Epoch 66 ]  - Training     loss : 0.02262 , acc : 0.989 , elapse : 0.31797 min  - Validation   loss : 0.03522 , acc : 0.990 , elapse : 0.05488 min
[ Epoch 67 ]  - Training     loss : 0.02185 , acc : 0.990 , elapse : 0.31712 min  - Validation   loss : 0.03375 , acc : 0.990 , elapse : 0.05668 min
[ Epoch 68 ]  - Training     loss : 0.02149 , acc : 0.990 , elapse : 0.31544 min  - Validation   loss : 0.03455 , acc : 0.990 , elapse : 0.05672 min
[ Epoch 69 ]  - Training     loss : 0.02099 , acc : 0.990 , elapse : 0.31440 min  - Validation   loss : 0.03394 , acc : 0.990 , elapse : 0.05536 min
[ Epoch 70 ]  - Training     loss : 0.02005 , acc : 0.990 , elapse : 0.31827 min  - Validation   loss : 0.03304 , acc : 0.990 , elapse : 0.05468 min    - [Info] The checkpoint file has been updated.
[ Epoch 71 ]  - Training     loss : 0.01969 , acc : 0.990 , elapse : 0.31891 min  - Validation   loss : 0.03341 , acc : 0.990 , elapse : 0.05575 min
[ Epoch 72 ]  - Training     loss : 0.02006 , acc : 0.990 , elapse : 0.31461 min  - Validation   loss : 0.03321 , acc : 0.990 , elapse : 0.05615 min
[ Epoch 73 ]  - Training     loss : 0.01924 , acc : 0.990 , elapse : 0.31491 min  - Validation   loss : 0.03350 , acc : 0.990 , elapse : 0.05893 min
[ Epoch 74 ]  - Training     loss : 0.01862 , acc : 0.991 , elapse : 0.31715 min  - Validation   loss : 0.03376 , acc : 0.990 , elapse : 0.05432 min
[ Epoch 75 ]  - Training     loss : 0.01880 , acc : 0.991 , elapse : 0.32002 min  - Validation   loss : 0.03367 , acc : 0.990 , elapse : 0.05613 min
[ Epoch 76 ]  - Training     loss : 0.01787 , acc : 0.991 , elapse : 0.31660 min  - Validation   loss : 0.03256 , acc : 0.990 , elapse : 0.05626 min
[ Epoch 77 ]  - Training     loss : 0.01736 , acc : 0.991 , elapse : 0.31532 min  - Validation   loss : 0.03231 , acc : 0.990 , elapse : 0.05624 min
[ Epoch 78 ]  - Training     loss : 0.01672 , acc : 0.992 , elapse : 0.31717 min  - Validation   loss : 0.03223 , acc : 0.990 , elapse : 0.05468 min
[ Epoch 79 ]  - Training     loss : 0.01701 , acc : 0.991 , elapse : 0.31993 min  - Validation   loss : 0.03221 , acc : 0.990 , elapse : 0.05476 min
[ Epoch 80 ]  - Training     loss : 0.01662 , acc : 0.992 , elapse : 0.31642 min  - Validation   loss : 0.03233 , acc : 0.990 , elapse : 0.05685 min
[ Epoch 81 ]  - Training     loss : 0.01654 , acc : 0.991 , elapse : 0.31510 min  - Validation   loss : 0.03251 , acc : 0.990 , elapse : 0.05642 min
[ Epoch 82 ]  - Training     loss : 0.01630 , acc : 0.992 , elapse : 0.31565 min  - Validation   loss : 0.03184 , acc : 0.990 , elapse : 0.05647 min    - [Info] The checkpoint file has been updated.
[ Epoch 83 ]  - Training     loss : 0.01590 , acc : 0.992 , elapse : 0.31667 min  - Validation   loss : 0.03176 , acc : 0.991 , elapse : 0.05473 min    - [Info] The checkpoint file has been updated.
[ Epoch 84 ]  - Training     loss : 0.01568 , acc : 0.992 , elapse : 0.31758 min  - Validation   loss : 0.03186 , acc : 0.990 , elapse : 0.05494 min
[ Epoch 85 ]  - Training     loss : 0.01562 , acc : 0.992 , elapse : 0.31812 min  - Validation   loss : 0.03146 , acc : 0.991 , elapse : 0.05632 min    - [Info] The checkpoint file has been updated.
[ Epoch 86 ]  - Training     loss : 0.01524 , acc : 0.992 , elapse : 0.31582 min  - Validation   loss : 0.03161 , acc : 0.990 , elapse : 0.05625 min
[ Epoch 87 ]  - Training     loss : 0.01504 , acc : 0.992 , elapse : 0.31399 min  - Validation   loss : 0.03196 , acc : 0.990 , elapse : 0.05630 min
[ Epoch 88 ]  - Training     loss : 0.01504 , acc : 0.992 , elapse : 0.31728 min  - Validation   loss : 0.03164 , acc : 0.990 , elapse : 0.05447 min
[ Epoch 89 ]  - Training     loss : 0.01513 , acc : 0.992 , elapse : 0.31912 min  - Validation   loss : 0.03166 , acc : 0.990 , elapse : 0.05508 min
[ Epoch 90 ]  - Training     loss : 0.01511 , acc : 0.992 , elapse : 0.31789 min  - Validation   loss : 0.03175 , acc : 0.990 , elapse : 0.05575 min
[ Epoch 91 ]  - Training     loss : 0.01474 , acc : 0.992 , elapse : 0.31388 min  - Validation   loss : 0.03141 , acc : 0.991 , elapse : 0.05590 min    - [Info] The checkpoint file has been updated.
[ Epoch 92 ]  - Training     loss : 0.01461 , acc : 0.992 , elapse : 0.31906 min  - Validation   loss : 0.03154 , acc : 0.991 , elapse : 0.05384 min
[ Epoch 93 ]  - Training     loss : 0.01455 , acc : 0.992 , elapse : 0.32093 min  - Validation   loss : 0.03140 , acc : 0.991 , elapse : 0.05399 min
[ Epoch 94 ]  - Training     loss : 0.01498 , acc : 0.992 , elapse : 0.31974 min  - Validation   loss : 0.03135 , acc : 0.991 , elapse : 0.05512 min
[ Epoch 95 ]  - Training     loss : 0.01434 , acc : 0.993 , elapse : 0.31686 min  - Validation   loss : 0.03135 , acc : 0.991 , elapse : 0.05654 min
[ Epoch 96 ]  - Training     loss : 0.01463 , acc : 0.992 , elapse : 0.31592 min  - Validation   loss : 0.03134 , acc : 0.991 , elapse : 0.05580 min
[ Epoch 97 ]  - Training     loss : 0.01469 , acc : 0.992 , elapse : 0.31460 min  - Validation   loss : 0.03135 , acc : 0.991 , elapse : 0.05599 min
[ Epoch 98 ]  - Training     loss : 0.01643 , acc : 0.992 , elapse : 0.31792 min  - Validation   loss : 0.03337 , acc : 0.990 , elapse : 0.05448 min
[ Epoch 99 ]  - Training     loss : 0.01805 , acc : 0.991 , elapse : 0.31846 min  - Validation   loss : 0.03327 , acc : 0.990 , elapse : 0.05463 min
Finish training ~ v ~
~~~~~~~~~~~~~~~~~~~~~~~~~~~~~
4th fold (total : 5)
Create model...
Start training...
[ Epoch 0 ]  - Training     loss : 0.25754 , acc : 0.918 , elapse : 0.31757 min  - Validation   loss : 0.21637 , acc : 0.929 , elapse : 0.05550 min    - [Info] The checkpoint file has been updated.
[ Epoch 1 ]  - Training     loss : 0.20160 , acc : 0.935 , elapse : 0.31657 min  - Validation   loss : 0.17004 , acc : 0.947 , elapse : 0.05650 min    - [Info] The checkpoint file has been updated.
[ Epoch 2 ]  - Training     loss : 0.16446 , acc : 0.947 , elapse : 0.31572 min  - Validation   loss : 0.15376 , acc : 0.952 , elapse : 0.05642 min    - [Info] The checkpoint file has been updated.
[ Epoch 3 ]  - Training     loss : 0.14281 , acc : 0.952 , elapse : 0.31949 min  - Validation   loss : 0.11872 , acc : 0.961 , elapse : 0.05478 min    - [Info] The checkpoint file has been updated.
[ Epoch 4 ]  - Training     loss : 0.11991 , acc : 0.960 , elapse : 0.31916 min  - Validation   loss : 0.10367 , acc : 0.967 , elapse : 0.05408 min    - [Info] The checkpoint file has been updated.
[ Epoch 5 ]  - Training     loss : 0.11027 , acc : 0.962 , elapse : 0.31859 min  - Validation   loss : 0.10045 , acc : 0.969 , elapse : 0.05609 min    - [Info] The checkpoint file has been updated.
[ Epoch 6 ]  - Training     loss : 0.10649 , acc : 0.964 , elapse : 0.31537 min  - Validation   loss : 0.09143 , acc : 0.972 , elapse : 0.05600 min    - [Info] The checkpoint file has been updated.
[ Epoch 7 ]  - Training     loss : 0.09549 , acc : 0.968 , elapse : 0.31785 min  - Validation   loss : 0.08191 , acc : 0.975 , elapse : 0.05655 min    - [Info] The checkpoint file has been updated.
[ Epoch 8 ]  - Training     loss : 0.08770 , acc : 0.970 , elapse : 0.31607 min  - Validation   loss : 0.07619 , acc : 0.976 , elapse : 0.05607 min    - [Info] The checkpoint file has been updated.
[ Epoch 9 ]  - Training     loss : 0.08096 , acc : 0.972 , elapse : 0.31822 min  - Validation   loss : 0.07170 , acc : 0.978 , elapse : 0.05521 min    - [Info] The checkpoint file has been updated.
[ Epoch 10 ]  - Training     loss : 0.07830 , acc : 0.973 , elapse : 0.31825 min  - Validation   loss : 0.06994 , acc : 0.978 , elapse : 0.05381 min    - [Info] The checkpoint file has been updated.
[ Epoch 11 ]  - Training     loss : 0.07607 , acc : 0.974 , elapse : 0.31835 min  - Validation   loss : 0.06956 , acc : 0.978 , elapse : 0.05492 min
[ Epoch 12 ]  - Training     loss : 0.07784 , acc : 0.973 , elapse : 0.31781 min  - Validation   loss : 0.06939 , acc : 0.978 , elapse : 0.05633 min    - [Info] The checkpoint file has been updated.
[ Epoch 13 ]  - Training     loss : 0.07371 , acc : 0.974 , elapse : 0.31552 min  - Validation   loss : 0.06529 , acc : 0.979 , elapse : 0.05659 min    - [Info] The checkpoint file has been updated.
[ Epoch 14 ]  - Training     loss : 0.07073 , acc : 0.975 , elapse : 0.31637 min  - Validation   loss : 0.06293 , acc : 0.981 , elapse : 0.05660 min    - [Info] The checkpoint file has been updated.
[ Epoch 15 ]  - Training     loss : 0.06718 , acc : 0.976 , elapse : 0.31631 min  - Validation   loss : 0.05888 , acc : 0.981 , elapse : 0.05559 min    - [Info] The checkpoint file has been updated.
[ Epoch 16 ]  - Training     loss : 0.06308 , acc : 0.977 , elapse : 0.31867 min  - Validation   loss : 0.05737 , acc : 0.982 , elapse : 0.05516 min    - [Info] The checkpoint file has been updated.
[ Epoch 17 ]  - Training     loss : 0.06061 , acc : 0.978 , elapse : 0.32000 min  - Validation   loss : 0.05537 , acc : 0.982 , elapse : 0.05642 min    - [Info] The checkpoint file has been updated.
[ Epoch 18 ]  - Training     loss : 0.05857 , acc : 0.979 , elapse : 0.31639 min  - Validation   loss : 0.05472 , acc : 0.983 , elapse : 0.05625 min    - [Info] The checkpoint file has been updated.
[ Epoch 19 ]  - Training     loss : 0.05619 , acc : 0.979 , elapse : 0.31496 min  - Validation   loss : 0.05319 , acc : 0.983 , elapse : 0.05673 min    - [Info] The checkpoint file has been updated.
[ Epoch 20 ]  - Training     loss : 0.05378 , acc : 0.980 , elapse : 0.31856 min  - Validation   loss : 0.05238 , acc : 0.984 , elapse : 0.05426 min    - [Info] The checkpoint file has been updated.
[ Epoch 21 ]  - Training     loss : 0.05331 , acc : 0.980 , elapse : 0.31922 min  - Validation   loss : 0.05231 , acc : 0.984 , elapse : 0.05496 min    - [Info] The checkpoint file has been updated.
[ Epoch 22 ]  - Training     loss : 0.05251 , acc : 0.980 , elapse : 0.31714 min  - Validation   loss : 0.05208 , acc : 0.984 , elapse : 0.05661 min    - [Info] The checkpoint file has been updated.
[ Epoch 23 ]  - Training     loss : 0.05216 , acc : 0.980 , elapse : 0.31621 min  - Validation   loss : 0.05178 , acc : 0.984 , elapse : 0.05687 min    - [Info] The checkpoint file has been updated.
[ Epoch 24 ]  - Training     loss : 0.05352 , acc : 0.980 , elapse : 0.31633 min  - Validation   loss : 0.05229 , acc : 0.984 , elapse : 0.05644 min
[ Epoch 25 ]  - Training     loss : 0.05649 , acc : 0.979 , elapse : 0.31803 min  - Validation   loss : 0.05095 , acc : 0.984 , elapse : 0.05458 min    - [Info] The checkpoint file has been updated.
[ Epoch 26 ]  - Training     loss : 0.05291 , acc : 0.980 , elapse : 0.31777 min  - Validation   loss : 0.04871 , acc : 0.985 , elapse : 0.05560 min    - [Info] The checkpoint file has been updated.
[ Epoch 27 ]  - Training     loss : 0.05243 , acc : 0.980 , elapse : 0.31672 min  - Validation   loss : 0.04931 , acc : 0.985 , elapse : 0.05683 min
[ Epoch 28 ]  - Training     loss : 0.04891 , acc : 0.981 , elapse : 0.31626 min  - Validation   loss : 0.04736 , acc : 0.985 , elapse : 0.05618 min    - [Info] The checkpoint file has been updated.
[ Epoch 29 ]  - Training     loss : 0.04716 , acc : 0.982 , elapse : 0.31754 min  - Validation   loss : 0.04714 , acc : 0.986 , elapse : 0.05494 min    - [Info] The checkpoint file has been updated.
[ Epoch 30 ]  - Training     loss : 0.04640 , acc : 0.982 , elapse : 0.32006 min  - Validation   loss : 0.04543 , acc : 0.986 , elapse : 0.05471 min    - [Info] The checkpoint file has been updated.
[ Epoch 31 ]  - Training     loss : 0.04476 , acc : 0.983 , elapse : 0.31837 min  - Validation   loss : 0.04488 , acc : 0.986 , elapse : 0.05692 min    - [Info] The checkpoint file has been updated.
[ Epoch 32 ]  - Training     loss : 0.04282 , acc : 0.983 , elapse : 0.31596 min  - Validation   loss : 0.04394 , acc : 0.987 , elapse : 0.05604 min    - [Info] The checkpoint file has been updated.
[ Epoch 33 ]  - Training     loss : 0.04156 , acc : 0.984 , elapse : 0.31495 min  - Validation   loss : 0.04337 , acc : 0.987 , elapse : 0.05718 min
[ Epoch 34 ]  - Training     loss : 0.04010 , acc : 0.984 , elapse : 0.31614 min  - Validation   loss : 0.04246 , acc : 0.987 , elapse : 0.05500 min    - [Info] The checkpoint file has been updated.
[ Epoch 35 ]  - Training     loss : 0.03942 , acc : 0.984 , elapse : 0.31807 min  - Validation   loss : 0.04239 , acc : 0.987 , elapse : 0.05455 min
[ Epoch 36 ]  - Training     loss : 0.03691 , acc : 0.985 , elapse : 0.31754 min  - Validation   loss : 0.04188 , acc : 0.987 , elapse : 0.05643 min    - [Info] The checkpoint file has been updated.
[ Epoch 37 ]  - Training     loss : 0.03625 , acc : 0.985 , elapse : 0.31760 min  - Validation   loss : 0.04075 , acc : 0.987 , elapse : 0.05679 min    - [Info] The checkpoint file has been updated.
[ Epoch 38 ]  - Training     loss : 0.03588 , acc : 0.985 , elapse : 0.31658 min  - Validation   loss : 0.03972 , acc : 0.988 , elapse : 0.05596 min    - [Info] The checkpoint file has been updated.
[ Epoch 39 ]  - Training     loss : 0.03508 , acc : 0.985 , elapse : 0.31774 min  - Validation   loss : 0.03977 , acc : 0.987 , elapse : 0.05440 min
[ Epoch 40 ]  - Training     loss : 0.03392 , acc : 0.986 , elapse : 0.32005 min  - Validation   loss : 0.03917 , acc : 0.988 , elapse : 0.05437 min    - [Info] The checkpoint file has been updated.
[ Epoch 41 ]  - Training     loss : 0.03332 , acc : 0.986 , elapse : 0.31776 min  - Validation   loss : 0.03882 , acc : 0.988 , elapse : 0.05661 min    - [Info] The checkpoint file has been updated.
[ Epoch 42 ]  - Training     loss : 0.03254 , acc : 0.986 , elapse : 0.31725 min  - Validation   loss : 0.03873 , acc : 0.988 , elapse : 0.05666 min    - [Info] The checkpoint file has been updated.
[ Epoch 43 ]  - Training     loss : 0.03215 , acc : 0.986 , elapse : 0.31750 min  - Validation   loss : 0.03825 , acc : 0.988 , elapse : 0.05626 min    - [Info] The checkpoint file has been updated.
[ Epoch 44 ]  - Training     loss : 0.03170 , acc : 0.986 , elapse : 0.31730 min  - Validation   loss : 0.03869 , acc : 0.988 , elapse : 0.05501 min
[ Epoch 45 ]  - Training     loss : 0.03092 , acc : 0.987 , elapse : 0.31986 min  - Validation   loss : 0.03849 , acc : 0.988 , elapse : 0.05436 min
[ Epoch 46 ]  - Training     loss : 0.03160 , acc : 0.987 , elapse : 0.31901 min  - Validation   loss : 0.03832 , acc : 0.988 , elapse : 0.05621 min
[ Epoch 47 ]  - Training     loss : 0.03163 , acc : 0.986 , elapse : 0.31641 min  - Validation   loss : 0.03827 , acc : 0.988 , elapse : 0.05623 min
[ Epoch 48 ]  - Training     loss : 0.03107 , acc : 0.986 , elapse : 0.31594 min  - Validation   loss : 0.03824 , acc : 0.988 , elapse : 0.05696 min
[ Epoch 49 ]  - Training     loss : 0.03507 , acc : 0.985 , elapse : 0.31727 min  - Validation   loss : 0.04015 , acc : 0.988 , elapse : 0.05473 min
[ Epoch 50 ]  - Training     loss : 0.03434 , acc : 0.986 , elapse : 0.31798 min  - Validation   loss : 0.03906 , acc : 0.988 , elapse : 0.05555 min
[ Epoch 51 ]  - Training     loss : 0.03452 , acc : 0.985 , elapse : 0.31802 min  - Validation   loss : 0.04220 , acc : 0.988 , elapse : 0.05615 min
[ Epoch 52 ]  - Training     loss : 0.03320 , acc : 0.986 , elapse : 0.31627 min  - Validation   loss : 0.03842 , acc : 0.988 , elapse : 0.05660 min
[ Epoch 53 ]  - Training     loss : 0.03257 , acc : 0.986 , elapse : 0.31578 min  - Validation   loss : 0.03778 , acc : 0.988 , elapse : 0.05514 min
[ Epoch 54 ]  - Training     loss : 0.03112 , acc : 0.987 , elapse : 0.31906 min  - Validation   loss : 0.03648 , acc : 0.988 , elapse : 0.05467 min    - [Info] The checkpoint file has been updated.
[ Epoch 55 ]  - Training     loss : 0.03055 , acc : 0.987 , elapse : 0.31666 min  - Validation   loss : 0.03732 , acc : 0.988 , elapse : 0.05623 min
[ Epoch 56 ]  - Training     loss : 0.02933 , acc : 0.987 , elapse : 0.31552 min  - Validation   loss : 0.03693 , acc : 0.989 , elapse : 0.05629 min
[ Epoch 57 ]  - Training     loss : 0.02809 , acc : 0.987 , elapse : 0.31846 min  - Validation   loss : 0.03796 , acc : 0.989 , elapse : 0.05590 min
[ Epoch 58 ]  - Training     loss : 0.02727 , acc : 0.988 , elapse : 0.31814 min  - Validation   loss : 0.03577 , acc : 0.989 , elapse : 0.05412 min    - [Info] The checkpoint file has been updated.
[ Epoch 59 ]  - Training     loss : 0.02640 , acc : 0.988 , elapse : 0.31989 min  - Validation   loss : 0.03587 , acc : 0.989 , elapse : 0.05539 min
[ Epoch 60 ]  - Training     loss : 0.02601 , acc : 0.988 , elapse : 0.31798 min  - Validation   loss : 0.03584 , acc : 0.990 , elapse : 0.05670 min
[ Epoch 61 ]  - Training     loss : 0.02515 , acc : 0.989 , elapse : 0.31563 min  - Validation   loss : 0.03520 , acc : 0.989 , elapse : 0.05669 min
[ Epoch 62 ]  - Training     loss : 0.02481 , acc : 0.989 , elapse : 0.31604 min  - Validation   loss : 0.03403 , acc : 0.990 , elapse : 0.05608 min    - [Info] The checkpoint file has been updated.
[ Epoch 63 ]  - Training     loss : 0.02402 , acc : 0.989 , elapse : 0.31743 min  - Validation   loss : 0.03358 , acc : 0.990 , elapse : 0.05485 min
[ Epoch 64 ]  - Training     loss : 0.02321 , acc : 0.989 , elapse : 0.31894 min  - Validation   loss : 0.03331 , acc : 0.990 , elapse : 0.05502 min
[ Epoch 65 ]  - Training     loss : 0.02264 , acc : 0.989 , elapse : 0.31719 min  - Validation   loss : 0.03409 , acc : 0.989 , elapse : 0.05646 min
[ Epoch 66 ]  - Training     loss : 0.02277 , acc : 0.989 , elapse : 0.31403 min  - Validation   loss : 0.03162 , acc : 0.990 , elapse : 0.05603 min    - [Info] The checkpoint file has been updated.
[ Epoch 67 ]  - Training     loss : 0.02104 , acc : 0.990 , elapse : 0.31710 min  - Validation   loss : 0.03200 , acc : 0.990 , elapse : 0.05470 min
[ Epoch 68 ]  - Training     loss : 0.02088 , acc : 0.990 , elapse : 0.31844 min  - Validation   loss : 0.03173 , acc : 0.990 , elapse : 0.05457 min
[ Epoch 69 ]  - Training     loss : 0.02042 , acc : 0.990 , elapse : 0.31587 min  - Validation   loss : 0.03154 , acc : 0.990 , elapse : 0.05636 min    - [Info] The checkpoint file has been updated.
[ Epoch 70 ]  - Training     loss : 0.01932 , acc : 0.990 , elapse : 0.31540 min  - Validation   loss : 0.03159 , acc : 0.990 , elapse : 0.05611 min
[ Epoch 71 ]  - Training     loss : 0.01940 , acc : 0.990 , elapse : 0.31622 min  - Validation   loss : 0.03150 , acc : 0.990 , elapse : 0.05411 min
[ Epoch 72 ]  - Training     loss : 0.01878 , acc : 0.991 , elapse : 0.31821 min  - Validation   loss : 0.03125 , acc : 0.990 , elapse : 0.05681 min
[ Epoch 73 ]  - Training     loss : 0.01802 , acc : 0.991 , elapse : 0.31519 min  - Validation   loss : 0.03045 , acc : 0.991 , elapse : 0.05714 min    - [Info] The checkpoint file has been updated.
[ Epoch 74 ]  - Training     loss : 0.01806 , acc : 0.991 , elapse : 0.31629 min  - Validation   loss : 0.03041 , acc : 0.990 , elapse : 0.05534 min
[ Epoch 75 ]  - Training     loss : 0.01766 , acc : 0.991 , elapse : 0.32011 min  - Validation   loss : 0.03014 , acc : 0.991 , elapse : 0.05520 min
[ Epoch 76 ]  - Training     loss : 0.01756 , acc : 0.991 , elapse : 0.31778 min  - Validation   loss : 0.03024 , acc : 0.991 , elapse : 0.05656 min
[ Epoch 77 ]  - Training     loss : 0.01675 , acc : 0.992 , elapse : 0.31477 min  - Validation   loss : 0.03044 , acc : 0.990 , elapse : 0.05632 min
[ Epoch 78 ]  - Training     loss : 0.01646 , acc : 0.992 , elapse : 0.31445 min  - Validation   loss : 0.03073 , acc : 0.991 , elapse : 0.05568 min
[ Epoch 79 ]  - Training     loss : 0.01612 , acc : 0.992 , elapse : 0.31771 min  - Validation   loss : 0.03088 , acc : 0.991 , elapse : 0.05511 min
[ Epoch 80 ]  - Training     loss : 0.01629 , acc : 0.992 , elapse : 0.31696 min  - Validation   loss : 0.03003 , acc : 0.991 , elapse : 0.05671 min    - [Info] The checkpoint file has been updated.
[ Epoch 81 ]  - Training     loss : 0.01512 , acc : 0.992 , elapse : 0.31742 min  - Validation   loss : 0.02987 , acc : 0.991 , elapse : 0.05657 min    - [Info] The checkpoint file has been updated.
[ Epoch 82 ]  - Training     loss : 0.01523 , acc : 0.992 , elapse : 0.31659 min  - Validation   loss : 0.03019 , acc : 0.991 , elapse : 0.05665 min
[ Epoch 83 ]  - Training     loss : 0.01485 , acc : 0.992 , elapse : 0.31846 min  - Validation   loss : 0.02995 , acc : 0.991 , elapse : 0.05646 min
[ Epoch 84 ]  - Training     loss : 0.01491 , acc : 0.992 , elapse : 0.31921 min  - Validation   loss : 0.03035 , acc : 0.991 , elapse : 0.05626 min
[ Epoch 85 ]  - Training     loss : 0.01465 , acc : 0.992 , elapse : 0.31603 min  - Validation   loss : 0.02985 , acc : 0.991 , elapse : 0.05610 min
[ Epoch 86 ]  - Training     loss : 0.01406 , acc : 0.993 , elapse : 0.31531 min  - Validation   loss : 0.02988 , acc : 0.991 , elapse : 0.05699 min
[ Epoch 87 ]  - Training     loss : 0.01381 , acc : 0.993 , elapse : 0.31587 min  - Validation   loss : 0.03000 , acc : 0.991 , elapse : 0.05460 min
[ Epoch 88 ]  - Training     loss : 0.01423 , acc : 0.993 , elapse : 0.31932 min  - Validation   loss : 0.02985 , acc : 0.991 , elapse : 0.05490 min
[ Epoch 89 ]  - Training     loss : 0.01366 , acc : 0.993 , elapse : 0.31684 min  - Validation   loss : 0.02957 , acc : 0.991 , elapse : 0.05654 min
[ Epoch 90 ]  - Training     loss : 0.01393 , acc : 0.993 , elapse : 0.31497 min  - Validation   loss : 0.02949 , acc : 0.991 , elapse : 0.05641 min
[ Epoch 91 ]  - Training     loss : 0.01380 , acc : 0.993 , elapse : 0.31933 min  - Validation   loss : 0.02958 , acc : 0.991 , elapse : 0.05434 min
[ Epoch 92 ]  - Training     loss : 0.01373 , acc : 0.993 , elapse : 0.31932 min  - Validation   loss : 0.02973 , acc : 0.991 , elapse : 0.05451 min
[ Epoch 93 ]  - Training     loss : 0.01391 , acc : 0.993 , elapse : 0.31782 min  - Validation   loss : 0.02949 , acc : 0.991 , elapse : 0.05593 min
[ Epoch 94 ]  - Training     loss : 0.01339 , acc : 0.993 , elapse : 0.31556 min  - Validation   loss : 0.02959 , acc : 0.991 , elapse : 0.05691 min
[ Epoch 95 ]  - Training     loss : 0.01400 , acc : 0.993 , elapse : 0.31681 min  - Validation   loss : 0.02957 , acc : 0.991 , elapse : 0.05558 min
[ Epoch 96 ]  - Training     loss : 0.01337 , acc : 0.993 , elapse : 0.31955 min  - Validation   loss : 0.02957 , acc : 0.991 , elapse : 0.05424 min
[ Epoch 97 ]  - Training     loss : 0.01345 , acc : 0.993 , elapse : 0.31811 min  - Validation   loss : 0.02957 , acc : 0.991 , elapse : 0.05596 min
[ Epoch 98 ]  - Training     loss : 0.01528 , acc : 0.992 , elapse : 0.31546 min  - Validation   loss : 0.03172 , acc : 0.991 , elapse : 0.05709 min
[ Epoch 99 ]  - Training     loss : 0.01699 , acc : 0.991 , elapse : 0.31614 min  - Validation   loss : 0.03089 , acc : 0.991 , elapse : 0.05354 min
Finish training ~ v ~
min losses: [0.02818555271369405, 0.030840797640848905, 0.03404396219411865, 0.03134320501703769, 0.029492335830582306] mean losses: 0.03078117067925632
max accs: [0.9908657731681034, 0.9896703259698275, 0.990343817349138, 0.9906047952586209, 0.9911941002155173] mean accs: 0.9905357623922415
Empty DataFrame
Columns: [pred, label]
Index: []
